CRITICAL - 2024-05-17 01:45:14 --> CodeIgniter\HTTP\Exceptions\BadRequestException: The URI you submitted has disallowed characters: ";stok="
in SYSTEMPATH/Router/Router.php on line 704.
 1 SYSTEMPATH/Router/Router.php(195): CodeIgniter\Router\Router->checkDisallowedChars()
 2 SYSTEMPATH/CodeIgniter.php(825): CodeIgniter\Router\Router->handle()
 3 SYSTEMPATH/CodeIgniter.php(450): CodeIgniter\CodeIgniter->tryToRouteIt()
 4 SYSTEMPATH/CodeIgniter.php(361): CodeIgniter\CodeIgniter->handleRequest()
 5 FCPATH/index.php(79): CodeIgniter\CodeIgniter->run()
CRITICAL - 2024-05-17 02:06:28 --> CodeIgniter\HTTP\Exceptions\BadRequestException: The URI you submitted has disallowed characters: ";stok="
in SYSTEMPATH/Router/Router.php on line 704.
 1 SYSTEMPATH/Router/Router.php(195): CodeIgniter\Router\Router->checkDisallowedChars()
 2 SYSTEMPATH/CodeIgniter.php(825): CodeIgniter\Router\Router->handle()
 3 SYSTEMPATH/CodeIgniter.php(450): CodeIgniter\CodeIgniter->tryToRouteIt()
 4 SYSTEMPATH/CodeIgniter.php(361): CodeIgniter\CodeIgniter->handleRequest()
 5 FCPATH/index.php(79): CodeIgniter\CodeIgniter->run()
CRITICAL - 2024-05-17 03:32:15 --> CodeIgniter\HTTP\Exceptions\BadRequestException: The URI you submitted has disallowed characters: ";stok="
in SYSTEMPATH/Router/Router.php on line 704.
 1 SYSTEMPATH/Router/Router.php(195): CodeIgniter\Router\Router->checkDisallowedChars()
 2 SYSTEMPATH/CodeIgniter.php(825): CodeIgniter\Router\Router->handle()
 3 SYSTEMPATH/CodeIgniter.php(450): CodeIgniter\CodeIgniter->tryToRouteIt()
 4 SYSTEMPATH/CodeIgniter.php(361): CodeIgniter\CodeIgniter->handleRequest()
 5 FCPATH/index.php(79): CodeIgniter\CodeIgniter->run()
CRITICAL - 2024-05-17 03:48:57 --> CodeIgniter\HTTP\Exceptions\BadRequestException: The URI you submitted has disallowed characters: ";stok="
in SYSTEMPATH/Router/Router.php on line 704.
 1 SYSTEMPATH/Router/Router.php(195): CodeIgniter\Router\Router->checkDisallowedChars()
 2 SYSTEMPATH/CodeIgniter.php(825): CodeIgniter\Router\Router->handle()
 3 SYSTEMPATH/CodeIgniter.php(450): CodeIgniter\CodeIgniter->tryToRouteIt()
 4 SYSTEMPATH/CodeIgniter.php(361): CodeIgniter\CodeIgniter->handleRequest()
 5 FCPATH/index.php(79): CodeIgniter\CodeIgniter->run()
INFO - 2024-05-17 03:53:50 --> Session: Class initialized using 'CodeIgniter\Session\Handlers\FileHandler' driver.
WARNING - 2024-05-17 03:53:50 --> [DEPRECATED] Creation of dynamic property App\Libraries\OwensView::$session is deprecated in APPPATH/Libraries/OwensView.php on line 36.
 1 ROOTPATH/modules/core/Controllers/CoreController.php(48): App\Libraries\OwensView->__construct(Object(Config\View))
 2 ROOTPATH/modules/core/Controllers/CoreController.php(28): Module\core\Controllers\CoreController->loadLibrary()
 3 ROOTPATH/modules/core/Controllers/Errors.php(10): Module\core\Controllers\CoreController->__construct()
 4 SYSTEMPATH/CodeIgniter.php(915): Module\core\Controllers\Errors->__construct()
 5 SYSTEMPATH/CodeIgniter.php(971): CodeIgniter\CodeIgniter->createController()
 6 SYSTEMPATH/CodeIgniter.php(370): CodeIgniter\CodeIgniter->display404errors(Object(CodeIgniter\Exceptions\PageNotFoundException))
 7 FCPATH/index.php(79): CodeIgniter\CodeIgniter->run()
INFO - 2024-05-17 05:08:09 --> Session: Class initialized using 'CodeIgniter\Session\Handlers\FileHandler' driver.
WARNING - 2024-05-17 05:08:09 --> [DEPRECATED] Creation of dynamic property App\Libraries\OwensView::$session is deprecated in APPPATH/Libraries/OwensView.php on line 36.
 1 ROOTPATH/modules/core/Controllers/CoreController.php(48): App\Libraries\OwensView->__construct(Object(Config\View))
 2 ROOTPATH/modules/core/Controllers/CoreController.php(28): Module\core\Controllers\CoreController->loadLibrary()
 3 ROOTPATH/modules/core/Controllers/Errors.php(10): Module\core\Controllers\CoreController->__construct()
 4 SYSTEMPATH/CodeIgniter.php(915): Module\core\Controllers\Errors->__construct()
 5 SYSTEMPATH/CodeIgniter.php(971): CodeIgniter\CodeIgniter->createController()
 6 SYSTEMPATH/CodeIgniter.php(370): CodeIgniter\CodeIgniter->display404errors(Object(CodeIgniter\Exceptions\PageNotFoundException))
 7 FCPATH/index.php(79): CodeIgniter\CodeIgniter->run()
INFO - 2024-05-17 05:30:52 --> Session: Class initialized using 'CodeIgniter\Session\Handlers\FileHandler' driver.
WARNING - 2024-05-17 05:30:52 --> [DEPRECATED] Creation of dynamic property App\Libraries\OwensView::$session is deprecated in APPPATH/Libraries/OwensView.php on line 36.
 1 ROOTPATH/modules/core/Controllers/CoreController.php(48): App\Libraries\OwensView->__construct(Object(Config\View))
 2 ROOTPATH/modules/core/Controllers/CoreController.php(28): Module\core\Controllers\CoreController->loadLibrary()
 3 ROOTPATH/modules/core/Controllers/Errors.php(10): Module\core\Controllers\CoreController->__construct()
 4 SYSTEMPATH/CodeIgniter.php(915): Module\core\Controllers\Errors->__construct()
 5 SYSTEMPATH/CodeIgniter.php(971): CodeIgniter\CodeIgniter->createController()
 6 SYSTEMPATH/CodeIgniter.php(370): CodeIgniter\CodeIgniter->display404errors(Object(CodeIgniter\Exceptions\PageNotFoundException))
 7 FCPATH/index.php(79): CodeIgniter\CodeIgniter->run()
CRITICAL - 2024-05-17 05:30:53 --> CodeIgniter\HTTP\Exceptions\BadRequestException: The URI you submitted has disallowed characters: ";stok="
in SYSTEMPATH/Router/Router.php on line 704.
 1 SYSTEMPATH/Router/Router.php(195): CodeIgniter\Router\Router->checkDisallowedChars()
 2 SYSTEMPATH/CodeIgniter.php(825): CodeIgniter\Router\Router->handle()
 3 SYSTEMPATH/CodeIgniter.php(450): CodeIgniter\CodeIgniter->tryToRouteIt()
 4 SYSTEMPATH/CodeIgniter.php(361): CodeIgniter\CodeIgniter->handleRequest()
 5 FCPATH/index.php(79): CodeIgniter\CodeIgniter->run()
CRITICAL - 2024-05-17 06:14:14 --> CodeIgniter\HTTP\Exceptions\BadRequestException: The URI you submitted has disallowed characters: ";stok="
in SYSTEMPATH/Router/Router.php on line 704.
 1 SYSTEMPATH/Router/Router.php(195): CodeIgniter\Router\Router->checkDisallowedChars()
 2 SYSTEMPATH/CodeIgniter.php(825): CodeIgniter\Router\Router->handle()
 3 SYSTEMPATH/CodeIgniter.php(450): CodeIgniter\CodeIgniter->tryToRouteIt()
 4 SYSTEMPATH/CodeIgniter.php(361): CodeIgniter\CodeIgniter->handleRequest()
 5 FCPATH/index.php(79): CodeIgniter\CodeIgniter->run()
INFO - 2024-05-17 06:17:00 --> Session: Class initialized using 'CodeIgniter\Session\Handlers\FileHandler' driver.
WARNING - 2024-05-17 06:17:00 --> [DEPRECATED] Creation of dynamic property App\Libraries\OwensView::$session is deprecated in APPPATH/Libraries/OwensView.php on line 36.
 1 ROOTPATH/modules/core/Controllers/CoreController.php(48): App\Libraries\OwensView->__construct(Object(Config\View))
 2 ROOTPATH/modules/core/Controllers/CoreController.php(28): Module\core\Controllers\CoreController->loadLibrary()
 3 ROOTPATH/modules/core/Controllers/Errors.php(10): Module\core\Controllers\CoreController->__construct()
 4 SYSTEMPATH/CodeIgniter.php(915): Module\core\Controllers\Errors->__construct()
 5 SYSTEMPATH/CodeIgniter.php(971): CodeIgniter\CodeIgniter->createController()
 6 SYSTEMPATH/CodeIgniter.php(370): CodeIgniter\CodeIgniter->display404errors(Object(CodeIgniter\Exceptions\PageNotFoundException))
 7 FCPATH/index.php(79): CodeIgniter\CodeIgniter->run()
INFO - 2024-05-17 06:17:03 --> Session: Class initialized using 'CodeIgniter\Session\Handlers\FileHandler' driver.
WARNING - 2024-05-17 06:17:03 --> [DEPRECATED] Creation of dynamic property App\Libraries\OwensView::$session is deprecated in APPPATH/Libraries/OwensView.php on line 36.
 1 ROOTPATH/modules/core/Controllers/CoreController.php(48): App\Libraries\OwensView->__construct(Object(Config\View))
 2 ROOTPATH/modules/core/Controllers/CoreController.php(28): Module\core\Controllers\CoreController->loadLibrary()
 3 ROOTPATH/modules/core/Controllers/Errors.php(10): Module\core\Controllers\CoreController->__construct()
 4 SYSTEMPATH/CodeIgniter.php(915): Module\core\Controllers\Errors->__construct()
 5 SYSTEMPATH/CodeIgniter.php(971): CodeIgniter\CodeIgniter->createController()
 6 SYSTEMPATH/CodeIgniter.php(370): CodeIgniter\CodeIgniter->display404errors(Object(CodeIgniter\Exceptions\PageNotFoundException))
 7 FCPATH/index.php(79): CodeIgniter\CodeIgniter->run()
INFO - 2024-05-17 06:17:06 --> Session: Class initialized using 'CodeIgniter\Session\Handlers\FileHandler' driver.
WARNING - 2024-05-17 06:17:06 --> [DEPRECATED] Creation of dynamic property App\Libraries\OwensView::$session is deprecated in APPPATH/Libraries/OwensView.php on line 36.
 1 ROOTPATH/modules/core/Controllers/CoreController.php(48): App\Libraries\OwensView->__construct(Object(Config\View))
 2 ROOTPATH/modules/core/Controllers/CoreController.php(28): Module\core\Controllers\CoreController->loadLibrary()
 3 ROOTPATH/modules/core/Controllers/Errors.php(10): Module\core\Controllers\CoreController->__construct()
 4 SYSTEMPATH/CodeIgniter.php(915): Module\core\Controllers\Errors->__construct()
 5 SYSTEMPATH/CodeIgniter.php(971): CodeIgniter\CodeIgniter->createController()
 6 SYSTEMPATH/CodeIgniter.php(370): CodeIgniter\CodeIgniter->display404errors(Object(CodeIgniter\Exceptions\PageNotFoundException))
 7 FCPATH/index.php(79): CodeIgniter\CodeIgniter->run()
INFO - 2024-05-17 06:17:09 --> Session: Class initialized using 'CodeIgniter\Session\Handlers\FileHandler' driver.
WARNING - 2024-05-17 06:17:09 --> [DEPRECATED] Creation of dynamic property App\Libraries\OwensView::$session is deprecated in APPPATH/Libraries/OwensView.php on line 36.
 1 ROOTPATH/modules/core/Controllers/CoreController.php(48): App\Libraries\OwensView->__construct(Object(Config\View))
 2 ROOTPATH/modules/core/Controllers/CoreController.php(28): Module\core\Controllers\CoreController->loadLibrary()
 3 ROOTPATH/modules/core/Controllers/Errors.php(10): Module\core\Controllers\CoreController->__construct()
 4 SYSTEMPATH/CodeIgniter.php(915): Module\core\Controllers\Errors->__construct()
 5 SYSTEMPATH/CodeIgniter.php(971): CodeIgniter\CodeIgniter->createController()
 6 SYSTEMPATH/CodeIgniter.php(370): CodeIgniter\CodeIgniter->display404errors(Object(CodeIgniter\Exceptions\PageNotFoundException))
 7 FCPATH/index.php(79): CodeIgniter\CodeIgniter->run()
INFO - 2024-05-17 06:17:13 --> Session: Class initialized using 'CodeIgniter\Session\Handlers\FileHandler' driver.
WARNING - 2024-05-17 06:17:13 --> [DEPRECATED] Creation of dynamic property App\Libraries\OwensView::$session is deprecated in APPPATH/Libraries/OwensView.php on line 36.
 1 ROOTPATH/modules/core/Controllers/CoreController.php(48): App\Libraries\OwensView->__construct(Object(Config\View))
 2 ROOTPATH/modules/core/Controllers/CoreController.php(28): Module\core\Controllers\CoreController->loadLibrary()
 3 ROOTPATH/modules/core/Controllers/Errors.php(10): Module\core\Controllers\CoreController->__construct()
 4 SYSTEMPATH/CodeIgniter.php(915): Module\core\Controllers\Errors->__construct()
 5 SYSTEMPATH/CodeIgniter.php(971): CodeIgniter\CodeIgniter->createController()
 6 SYSTEMPATH/CodeIgniter.php(370): CodeIgniter\CodeIgniter->display404errors(Object(CodeIgniter\Exceptions\PageNotFoundException))
 7 FCPATH/index.php(79): CodeIgniter\CodeIgniter->run()
INFO - 2024-05-17 06:17:16 --> Session: Class initialized using 'CodeIgniter\Session\Handlers\FileHandler' driver.
WARNING - 2024-05-17 06:17:16 --> [DEPRECATED] Creation of dynamic property App\Libraries\OwensView::$session is deprecated in APPPATH/Libraries/OwensView.php on line 36.
 1 ROOTPATH/modules/core/Controllers/CoreController.php(48): App\Libraries\OwensView->__construct(Object(Config\View))
 2 ROOTPATH/modules/core/Controllers/CoreController.php(28): Module\core\Controllers\CoreController->loadLibrary()
 3 ROOTPATH/modules/core/Controllers/Errors.php(10): Module\core\Controllers\CoreController->__construct()
 4 SYSTEMPATH/CodeIgniter.php(915): Module\core\Controllers\Errors->__construct()
 5 SYSTEMPATH/CodeIgniter.php(971): CodeIgniter\CodeIgniter->createController()
 6 SYSTEMPATH/CodeIgniter.php(370): CodeIgniter\CodeIgniter->display404errors(Object(CodeIgniter\Exceptions\PageNotFoundException))
 7 FCPATH/index.php(79): CodeIgniter\CodeIgniter->run()
INFO - 2024-05-17 06:17:19 --> Session: Class initialized using 'CodeIgniter\Session\Handlers\FileHandler' driver.
WARNING - 2024-05-17 06:17:19 --> [DEPRECATED] Creation of dynamic property App\Libraries\OwensView::$session is deprecated in APPPATH/Libraries/OwensView.php on line 36.
 1 ROOTPATH/modules/core/Controllers/CoreController.php(48): App\Libraries\OwensView->__construct(Object(Config\View))
 2 ROOTPATH/modules/core/Controllers/CoreController.php(28): Module\core\Controllers\CoreController->loadLibrary()
 3 ROOTPATH/modules/core/Controllers/Errors.php(10): Module\core\Controllers\CoreController->__construct()
 4 SYSTEMPATH/CodeIgniter.php(915): Module\core\Controllers\Errors->__construct()
 5 SYSTEMPATH/CodeIgniter.php(971): CodeIgniter\CodeIgniter->createController()
 6 SYSTEMPATH/CodeIgniter.php(370): CodeIgniter\CodeIgniter->display404errors(Object(CodeIgniter\Exceptions\PageNotFoundException))
 7 FCPATH/index.php(79): CodeIgniter\CodeIgniter->run()
CRITICAL - 2024-05-17 07:12:38 --> CodeIgniter\HTTP\Exceptions\BadRequestException: The URI you submitted has disallowed characters: ";stok="
in SYSTEMPATH/Router/Router.php on line 704.
 1 SYSTEMPATH/Router/Router.php(195): CodeIgniter\Router\Router->checkDisallowedChars()
 2 SYSTEMPATH/CodeIgniter.php(825): CodeIgniter\Router\Router->handle()
 3 SYSTEMPATH/CodeIgniter.php(450): CodeIgniter\CodeIgniter->tryToRouteIt()
 4 SYSTEMPATH/CodeIgniter.php(361): CodeIgniter\CodeIgniter->handleRequest()
 5 FCPATH/index.php(79): CodeIgniter\CodeIgniter->run()
INFO - 2024-05-17 07:33:40 --> Session: Class initialized using 'CodeIgniter\Session\Handlers\FileHandler' driver.
WARNING - 2024-05-17 07:33:40 --> [DEPRECATED] Creation of dynamic property App\Libraries\OwensView::$session is deprecated in APPPATH/Libraries/OwensView.php on line 36.
 1 ROOTPATH/modules/core/Controllers/CoreController.php(48): App\Libraries\OwensView->__construct(Object(Config\View))
 2 ROOTPATH/modules/core/Controllers/CoreController.php(28): Module\core\Controllers\CoreController->loadLibrary()
 3 ROOTPATH/modules/core/Controllers/Errors.php(10): Module\core\Controllers\CoreController->__construct()
 4 SYSTEMPATH/CodeIgniter.php(915): Module\core\Controllers\Errors->__construct()
 5 SYSTEMPATH/CodeIgniter.php(971): CodeIgniter\CodeIgniter->createController()
 6 SYSTEMPATH/CodeIgniter.php(370): CodeIgniter\CodeIgniter->display404errors(Object(CodeIgniter\Exceptions\PageNotFoundException))
 7 FCPATH/index.php(79): CodeIgniter\CodeIgniter->run()
INFO - 2024-05-17 07:53:09 --> Session: Class initialized using 'CodeIgniter\Session\Handlers\FileHandler' driver.
WARNING - 2024-05-17 07:53:09 --> [DEPRECATED] Creation of dynamic property App\Libraries\OwensView::$session is deprecated in APPPATH/Libraries/OwensView.php on line 36.
 1 ROOTPATH/modules/core/Controllers/CoreController.php(48): App\Libraries\OwensView->__construct(Object(Config\View))
 2 ROOTPATH/modules/core/Controllers/CoreController.php(28): Module\core\Controllers\CoreController->loadLibrary()
 3 ROOTPATH/modules/core/Controllers/Errors.php(10): Module\core\Controllers\CoreController->__construct()
 4 SYSTEMPATH/CodeIgniter.php(915): Module\core\Controllers\Errors->__construct()
 5 SYSTEMPATH/CodeIgniter.php(971): CodeIgniter\CodeIgniter->createController()
 6 SYSTEMPATH/CodeIgniter.php(370): CodeIgniter\CodeIgniter->display404errors(Object(CodeIgniter\Exceptions\PageNotFoundException))
 7 FCPATH/index.php(79): CodeIgniter\CodeIgniter->run()
CRITICAL - 2024-05-17 08:19:19 --> CodeIgniter\HTTP\Exceptions\BadRequestException: The URI you submitted has disallowed characters: ";stok="
in SYSTEMPATH/Router/Router.php on line 704.
 1 SYSTEMPATH/Router/Router.php(195): CodeIgniter\Router\Router->checkDisallowedChars()
 2 SYSTEMPATH/CodeIgniter.php(825): CodeIgniter\Router\Router->handle()
 3 SYSTEMPATH/CodeIgniter.php(450): CodeIgniter\CodeIgniter->tryToRouteIt()
 4 SYSTEMPATH/CodeIgniter.php(361): CodeIgniter\CodeIgniter->handleRequest()
 5 FCPATH/index.php(79): CodeIgniter\CodeIgniter->run()
CRITICAL - 2024-05-17 08:32:14 --> CodeIgniter\HTTP\Exceptions\BadRequestException: The URI you submitted has disallowed characters: ";stok="
in SYSTEMPATH/Router/Router.php on line 704.
 1 SYSTEMPATH/Router/Router.php(195): CodeIgniter\Router\Router->checkDisallowedChars()
 2 SYSTEMPATH/CodeIgniter.php(825): CodeIgniter\Router\Router->handle()
 3 SYSTEMPATH/CodeIgniter.php(450): CodeIgniter\CodeIgniter->tryToRouteIt()
 4 SYSTEMPATH/CodeIgniter.php(361): CodeIgniter\CodeIgniter->handleRequest()
 5 FCPATH/index.php(79): CodeIgniter\CodeIgniter->run()
CRITICAL - 2024-05-17 08:51:34 --> CodeIgniter\HTTP\Exceptions\BadRequestException: The URI you submitted has disallowed characters: ";stok="
in SYSTEMPATH/Router/Router.php on line 704.
 1 SYSTEMPATH/Router/Router.php(195): CodeIgniter\Router\Router->checkDisallowedChars()
 2 SYSTEMPATH/CodeIgniter.php(825): CodeIgniter\Router\Router->handle()
 3 SYSTEMPATH/CodeIgniter.php(450): CodeIgniter\CodeIgniter->tryToRouteIt()
 4 SYSTEMPATH/CodeIgniter.php(361): CodeIgniter\CodeIgniter->handleRequest()
 5 FCPATH/index.php(79): CodeIgniter\CodeIgniter->run()
INFO - 2024-05-17 09:11:00 --> Session: Class initialized using 'CodeIgniter\Session\Handlers\FileHandler' driver.
INFO - 2024-05-17 09:15:29 --> Session: Class initialized using 'CodeIgniter\Session\Handlers\FileHandler' driver.
INFO - 2024-05-17 09:39:00 --> Session: Class initialized using 'CodeIgniter\Session\Handlers\FileHandler' driver.
INFO - 2024-05-17 09:39:13 --> Session: Class initialized using 'CodeIgniter\Session\Handlers\FileHandler' driver.
INFO - 2024-05-17 09:39:17 --> Session: Class initialized using 'CodeIgniter\Session\Handlers\FileHandler' driver.
INFO - 2024-05-17 09:39:47 --> Session: Class initialized using 'CodeIgniter\Session\Handlers\FileHandler' driver.
ERROR - 2024-05-17 09:39:47 --> mysqli_sql_exception: Table 'timber.MEMBERSIP' doesn't exist in /home/api/vendor/codeigniter4/framework/system/Database/MySQLi/Connection.php:306
Stack trace:
#0 /home/api/vendor/codeigniter4/framework/system/Database/MySQLi/Connection.php(306): mysqli->query()
#1 /home/api/vendor/codeigniter4/framework/system/Database/BaseConnection.php(693): CodeIgniter\Database\MySQLi\Connection->execute()
#2 /home/api/vendor/codeigniter4/framework/system/Database/BaseConnection.php(607): CodeIgniter\Database\BaseConnection->simpleQuery()
#3 /home/api/vendor/codeigniter4/framework/system/Database/BaseBuilder.php(1616): CodeIgniter\Database\BaseConnection->query()
#4 /home/api/modules/member/Models/MemberModel.php(78): CodeIgniter\Database\BaseBuilder->get()
#5 /home/api/modules/member/Controllers/Member.php(80): Module\member\Models\MemberModel->findUserByMobile()
#6 /home/api/vendor/codeigniter4/framework/system/CodeIgniter.php(943): Module\member\Controllers\Member->findUserId()
#7 /home/api/vendor/codeigniter4/framework/system/CodeIgniter.php(503): CodeIgniter\CodeIgniter->runController()
#8 /home/api/vendor/codeigniter4/framework/system/CodeIgniter.php(361): CodeIgniter\CodeIgniter->handleRequest()
#9 /home/api/public/index.php(79): CodeIgniter\CodeIgniter->run()
#10 {main}
CRITICAL - 2024-05-17 09:39:47 --> CodeIgniter\Database\Exceptions\DatabaseException: Table 'timber.MEMBERSIP' doesn't exist
in SYSTEMPATH/Database/BaseConnection.php on line 647.
 1 SYSTEMPATH/Database/BaseBuilder.php(1616): CodeIgniter\Database\BaseConnection->query()
 2 ROOTPATH/modules/member/Models/MemberModel.php(78): CodeIgniter\Database\BaseBuilder->get()
 3 ROOTPATH/modules/member/Controllers/Member.php(80): Module\member\Models\MemberModel->findUserByMobile()
 4 SYSTEMPATH/CodeIgniter.php(943): Module\member\Controllers\Member->findUserId()
 5 SYSTEMPATH/CodeIgniter.php(503): CodeIgniter\CodeIgniter->runController()
 6 SYSTEMPATH/CodeIgniter.php(361): CodeIgniter\CodeIgniter->handleRequest()
 7 FCPATH/index.php(79): CodeIgniter\CodeIgniter->run()
CRITICAL - 2024-05-17 09:39:47 --> [Caused by] CodeIgniter\Database\Exceptions\DatabaseException: Table 'timber.MEMBERSIP' doesn't exist
in SYSTEMPATH/Database/MySQLi/Connection.php on line 311.
 1 SYSTEMPATH/Database/BaseConnection.php(693): CodeIgniter\Database\MySQLi\Connection->execute()
 2 SYSTEMPATH/Database/BaseConnection.php(607): CodeIgniter\Database\BaseConnection->simpleQuery()
 3 SYSTEMPATH/Database/BaseBuilder.php(1616): CodeIgniter\Database\BaseConnection->query()
 4 ROOTPATH/modules/member/Models/MemberModel.php(78): CodeIgniter\Database\BaseBuilder->get()
 5 ROOTPATH/modules/member/Controllers/Member.php(80): Module\member\Models\MemberModel->findUserByMobile()
 6 SYSTEMPATH/CodeIgniter.php(943): Module\member\Controllers\Member->findUserId()
 7 SYSTEMPATH/CodeIgniter.php(503): CodeIgniter\CodeIgniter->runController()
 8 SYSTEMPATH/CodeIgniter.php(361): CodeIgniter\CodeIgniter->handleRequest()
 9 FCPATH/index.php(79): CodeIgniter\CodeIgniter->run()
CRITICAL - 2024-05-17 09:39:47 --> [Caused by] mysqli_sql_exception: Table 'timber.MEMBERSIP' doesn't exist
in SYSTEMPATH/Database/MySQLi/Connection.php on line 306.
 1 SYSTEMPATH/Database/MySQLi/Connection.php(306): mysqli->query()
 2 SYSTEMPATH/Database/BaseConnection.php(693): CodeIgniter\Database\MySQLi\Connection->execute()
 3 SYSTEMPATH/Database/BaseConnection.php(607): CodeIgniter\Database\BaseConnection->simpleQuery()
 4 SYSTEMPATH/Database/BaseBuilder.php(1616): CodeIgniter\Database\BaseConnection->query()
 5 ROOTPATH/modules/member/Models/MemberModel.php(78): CodeIgniter\Database\BaseBuilder->get()
 6 ROOTPATH/modules/member/Controllers/Member.php(80): Module\member\Models\MemberModel->findUserByMobile()
 7 SYSTEMPATH/CodeIgniter.php(943): Module\member\Controllers\Member->findUserId()
 8 SYSTEMPATH/CodeIgniter.php(503): CodeIgniter\CodeIgniter->runController()
 9 SYSTEMPATH/CodeIgniter.php(361): CodeIgniter\CodeIgniter->handleRequest()
10 FCPATH/index.php(79): CodeIgniter\CodeIgniter->run()
INFO - 2024-05-17 09:39:58 --> Session: Class initialized using 'CodeIgniter\Session\Handlers\FileHandler' driver.
INFO - 2024-05-17 09:40:27 --> Session: Class initialized using 'CodeIgniter\Session\Handlers\FileHandler' driver.
INFO - 2024-05-17 09:56:55 --> Session: Class initialized using 'CodeIgniter\Session\Handlers\FileHandler' driver.
INFO - 2024-05-17 09:57:16 --> Session: Class initialized using 'CodeIgniter\Session\Handlers\FileHandler' driver.
INFO - 2024-05-17 09:58:43 --> Session: Class initialized using 'CodeIgniter\Session\Handlers\FileHandler' driver.
INFO - 2024-05-17 10:08:01 --> Session: Class initialized using 'CodeIgniter\Session\Handlers\FileHandler' driver.
INFO - 2024-05-17 10:08:04 --> Session: Class initialized using 'CodeIgniter\Session\Handlers\FileHandler' driver.
CRITICAL - 2024-05-17 10:33:46 --> CodeIgniter\HTTP\Exceptions\BadRequestException: The URI you submitted has disallowed characters: ";stok="
in SYSTEMPATH/Router/Router.php on line 704.
 1 SYSTEMPATH/Router/Router.php(195): CodeIgniter\Router\Router->checkDisallowedChars()
 2 SYSTEMPATH/CodeIgniter.php(825): CodeIgniter\Router\Router->handle()
 3 SYSTEMPATH/CodeIgniter.php(450): CodeIgniter\CodeIgniter->tryToRouteIt()
 4 SYSTEMPATH/CodeIgniter.php(361): CodeIgniter\CodeIgniter->handleRequest()
 5 FCPATH/index.php(79): CodeIgniter\CodeIgniter->run()
INFO - 2024-05-17 10:36:27 --> Session: Class initialized using 'CodeIgniter\Session\Handlers\FileHandler' driver.
INFO - 2024-05-17 10:39:39 --> Session: Class initialized using 'CodeIgniter\Session\Handlers\FileHandler' driver.
INFO - 2024-05-17 10:43:20 --> Session: Class initialized using 'CodeIgniter\Session\Handlers\FileHandler' driver.
CRITICAL - 2024-05-17 10:47:52 --> ErrorException: preg_match(): Compilation failed: PCRE2 does not support \F, \L, \l, \N{name}, \U, or \u at offset 7
in SYSTEMPATH/Router/Router.php on line 440.
 1 [internal function]: CodeIgniter\Debug\Exceptions->errorHandler()
 2 SYSTEMPATH/Router/Router.php(440): preg_match()
 3 SYSTEMPATH/Router/Router.php(202): CodeIgniter\Router\Router->checkRoutes()
 4 SYSTEMPATH/CodeIgniter.php(825): CodeIgniter\Router\Router->handle()
 5 SYSTEMPATH/CodeIgniter.php(450): CodeIgniter\CodeIgniter->tryToRouteIt()
 6 SYSTEMPATH/CodeIgniter.php(361): CodeIgniter\CodeIgniter->handleRequest()
 7 FCPATH/index.php(79): CodeIgniter\CodeIgniter->run()
