INFO - 2024-06-11 01:48:32 --> Session: Class initialized using 'CodeIgniter\Session\Handlers\FileHandler' driver.
WARNING - 2024-06-11 01:48:32 --> [DEPRECATED] Creation of dynamic property App\Libraries\OwensView::$session is deprecated in APPPATH/Libraries/OwensView.php on line 36.
 1 ROOTPATH/modules/core/Controllers/CoreController.php(48): App\Libraries\OwensView->__construct(Object(Config\View))
 2 ROOTPATH/modules/core/Controllers/CoreController.php(28): Module\core\Controllers\CoreController->loadLibrary()
 3 ROOTPATH/modules/core/Controllers/Errors.php(10): Module\core\Controllers\CoreController->__construct()
 4 SYSTEMPATH/CodeIgniter.php(915): Module\core\Controllers\Errors->__construct()
 5 SYSTEMPATH/CodeIgniter.php(971): CodeIgniter\CodeIgniter->createController()
 6 SYSTEMPATH/CodeIgniter.php(370): CodeIgniter\CodeIgniter->display404errors(Object(CodeIgniter\Exceptions\PageNotFoundException))
 7 FCPATH/index.php(79): CodeIgniter\CodeIgniter->run()
INFO - 2024-06-11 01:48:46 --> Session: Class initialized using 'CodeIgniter\Session\Handlers\FileHandler' driver.
WARNING - 2024-06-11 01:48:46 --> [DEPRECATED] Creation of dynamic property App\Libraries\OwensView::$session is deprecated in APPPATH/Libraries/OwensView.php on line 36.
 1 ROOTPATH/modules/core/Controllers/CoreController.php(48): App\Libraries\OwensView->__construct(Object(Config\View))
 2 ROOTPATH/modules/core/Controllers/CoreController.php(28): Module\core\Controllers\CoreController->loadLibrary()
 3 ROOTPATH/modules/core/Controllers/Errors.php(10): Module\core\Controllers\CoreController->__construct()
 4 SYSTEMPATH/CodeIgniter.php(915): Module\core\Controllers\Errors->__construct()
 5 SYSTEMPATH/CodeIgniter.php(971): CodeIgniter\CodeIgniter->createController()
 6 SYSTEMPATH/CodeIgniter.php(370): CodeIgniter\CodeIgniter->display404errors(Object(CodeIgniter\Exceptions\PageNotFoundException))
 7 FCPATH/index.php(79): CodeIgniter\CodeIgniter->run()
INFO - 2024-06-11 06:05:07 --> Session: Class initialized using 'CodeIgniter\Session\Handlers\FileHandler' driver.
WARNING - 2024-06-11 06:05:07 --> [DEPRECATED] Creation of dynamic property App\Libraries\OwensView::$session is deprecated in APPPATH/Libraries/OwensView.php on line 36.
 1 ROOTPATH/modules/core/Controllers/CoreController.php(48): App\Libraries\OwensView->__construct(Object(Config\View))
 2 ROOTPATH/modules/core/Controllers/CoreController.php(28): Module\core\Controllers\CoreController->loadLibrary()
 3 ROOTPATH/modules/core/Controllers/Errors.php(10): Module\core\Controllers\CoreController->__construct()
 4 SYSTEMPATH/CodeIgniter.php(915): Module\core\Controllers\Errors->__construct()
 5 SYSTEMPATH/CodeIgniter.php(971): CodeIgniter\CodeIgniter->createController()
 6 SYSTEMPATH/CodeIgniter.php(370): CodeIgniter\CodeIgniter->display404errors(Object(CodeIgniter\Exceptions\PageNotFoundException))
 7 FCPATH/index.php(79): CodeIgniter\CodeIgniter->run()
CRITICAL - 2024-06-11 06:58:59 --> CodeIgniter\HTTP\Exceptions\BadRequestException: The URI you submitted has disallowed characters: ";stok="
in SYSTEMPATH/Router/Router.php on line 704.
 1 SYSTEMPATH/Router/Router.php(195): CodeIgniter\Router\Router->checkDisallowedChars()
 2 SYSTEMPATH/CodeIgniter.php(825): CodeIgniter\Router\Router->handle()
 3 SYSTEMPATH/CodeIgniter.php(450): CodeIgniter\CodeIgniter->tryToRouteIt()
 4 SYSTEMPATH/CodeIgniter.php(361): CodeIgniter\CodeIgniter->handleRequest()
 5 FCPATH/index.php(79): CodeIgniter\CodeIgniter->run()
INFO - 2024-06-11 09:32:33 --> Session: Class initialized using 'CodeIgniter\Session\Handlers\FileHandler' driver.
INFO - 2024-06-11 09:35:41 --> Session: Class initialized using 'CodeIgniter\Session\Handlers\FileHandler' driver.
WARNING - 2024-06-11 09:35:41 --> [DEPRECATED] Creation of dynamic property App\Libraries\OwensView::$session is deprecated in APPPATH/Libraries/OwensView.php on line 36.
 1 ROOTPATH/modules/core/Controllers/CoreController.php(48): App\Libraries\OwensView->__construct(Object(Config\View))
 2 ROOTPATH/modules/core/Controllers/CoreController.php(28): Module\core\Controllers\CoreController->loadLibrary()
 3 ROOTPATH/modules/core/Controllers/Errors.php(10): Module\core\Controllers\CoreController->__construct()
 4 SYSTEMPATH/CodeIgniter.php(915): Module\core\Controllers\Errors->__construct()
 5 SYSTEMPATH/CodeIgniter.php(971): CodeIgniter\CodeIgniter->createController()
 6 SYSTEMPATH/CodeIgniter.php(370): CodeIgniter\CodeIgniter->display404errors(Object(CodeIgniter\Exceptions\PageNotFoundException))
 7 FCPATH/index.php(79): CodeIgniter\CodeIgniter->run()
INFO - 2024-06-11 09:35:41 --> Session: Class initialized using 'CodeIgniter\Session\Handlers\FileHandler' driver.
WARNING - 2024-06-11 09:35:41 --> [DEPRECATED] Creation of dynamic property App\Libraries\OwensView::$session is deprecated in APPPATH/Libraries/OwensView.php on line 36.
 1 ROOTPATH/modules/core/Controllers/CoreController.php(48): App\Libraries\OwensView->__construct(Object(Config\View))
 2 ROOTPATH/modules/core/Controllers/CoreController.php(28): Module\core\Controllers\CoreController->loadLibrary()
 3 ROOTPATH/modules/core/Controllers/Errors.php(10): Module\core\Controllers\CoreController->__construct()
 4 SYSTEMPATH/CodeIgniter.php(915): Module\core\Controllers\Errors->__construct()
 5 SYSTEMPATH/CodeIgniter.php(971): CodeIgniter\CodeIgniter->createController()
 6 SYSTEMPATH/CodeIgniter.php(370): CodeIgniter\CodeIgniter->display404errors(Object(CodeIgniter\Exceptions\PageNotFoundException))
 7 FCPATH/index.php(79): CodeIgniter\CodeIgniter->run()
INFO - 2024-06-11 09:36:01 --> Session: Class initialized using 'CodeIgniter\Session\Handlers\FileHandler' driver.
INFO - 2024-06-11 09:36:01 --> Session: Class initialized using 'CodeIgniter\Session\Handlers\FileHandler' driver.
WARNING - 2024-06-11 09:36:01 --> [DEPRECATED] Creation of dynamic property App\Libraries\OwensView::$session is deprecated in APPPATH/Libraries/OwensView.php on line 36.
 1 ROOTPATH/modules/core/Controllers/CoreController.php(48): App\Libraries\OwensView->__construct(Object(Config\View))
 2 ROOTPATH/modules/core/Controllers/CoreController.php(28): Module\core\Controllers\CoreController->loadLibrary()
 3 ROOTPATH/modules/core/Controllers/Errors.php(10): Module\core\Controllers\CoreController->__construct()
 4 SYSTEMPATH/CodeIgniter.php(915): Module\core\Controllers\Errors->__construct()
 5 SYSTEMPATH/CodeIgniter.php(971): CodeIgniter\CodeIgniter->createController()
 6 SYSTEMPATH/CodeIgniter.php(370): CodeIgniter\CodeIgniter->display404errors(Object(CodeIgniter\Exceptions\PageNotFoundException))
 7 FCPATH/index.php(79): CodeIgniter\CodeIgniter->run()
WARNING - 2024-06-11 09:36:01 --> [DEPRECATED] Creation of dynamic property App\Libraries\OwensView::$session is deprecated in APPPATH/Libraries/OwensView.php on line 36.
 1 ROOTPATH/modules/core/Controllers/CoreController.php(48): App\Libraries\OwensView->__construct(Object(Config\View))
 2 ROOTPATH/modules/core/Controllers/CoreController.php(28): Module\core\Controllers\CoreController->loadLibrary()
 3 ROOTPATH/modules/core/Controllers/Errors.php(10): Module\core\Controllers\CoreController->__construct()
 4 SYSTEMPATH/CodeIgniter.php(915): Module\core\Controllers\Errors->__construct()
 5 SYSTEMPATH/CodeIgniter.php(971): CodeIgniter\CodeIgniter->createController()
 6 SYSTEMPATH/CodeIgniter.php(370): CodeIgniter\CodeIgniter->display404errors(Object(CodeIgniter\Exceptions\PageNotFoundException))
 7 FCPATH/index.php(79): CodeIgniter\CodeIgniter->run()
INFO - 2024-06-11 09:52:38 --> Session: Class initialized using 'CodeIgniter\Session\Handlers\FileHandler' driver.
INFO - 2024-06-11 10:08:41 --> Session: Class initialized using 'CodeIgniter\Session\Handlers\FileHandler' driver.
WARNING - 2024-06-11 10:08:41 --> [DEPRECATED] Creation of dynamic property App\Libraries\OwensView::$session is deprecated in APPPATH/Libraries/OwensView.php on line 36.
 1 ROOTPATH/modules/core/Controllers/CoreController.php(48): App\Libraries\OwensView->__construct(Object(Config\View))
 2 ROOTPATH/modules/core/Controllers/CoreController.php(28): Module\core\Controllers\CoreController->loadLibrary()
 3 ROOTPATH/modules/core/Controllers/Errors.php(10): Module\core\Controllers\CoreController->__construct()
 4 SYSTEMPATH/CodeIgniter.php(915): Module\core\Controllers\Errors->__construct()
 5 SYSTEMPATH/CodeIgniter.php(971): CodeIgniter\CodeIgniter->createController()
 6 SYSTEMPATH/CodeIgniter.php(370): CodeIgniter\CodeIgniter->display404errors(Object(CodeIgniter\Exceptions\PageNotFoundException))
 7 FCPATH/index.php(79): CodeIgniter\CodeIgniter->run()
INFO - 2024-06-11 10:08:41 --> Session: Class initialized using 'CodeIgniter\Session\Handlers\FileHandler' driver.
WARNING - 2024-06-11 10:08:41 --> [DEPRECATED] Creation of dynamic property App\Libraries\OwensView::$session is deprecated in APPPATH/Libraries/OwensView.php on line 36.
 1 ROOTPATH/modules/core/Controllers/CoreController.php(48): App\Libraries\OwensView->__construct(Object(Config\View))
 2 ROOTPATH/modules/core/Controllers/CoreController.php(28): Module\core\Controllers\CoreController->loadLibrary()
 3 ROOTPATH/modules/core/Controllers/Errors.php(10): Module\core\Controllers\CoreController->__construct()
 4 SYSTEMPATH/CodeIgniter.php(915): Module\core\Controllers\Errors->__construct()
 5 SYSTEMPATH/CodeIgniter.php(971): CodeIgniter\CodeIgniter->createController()
 6 SYSTEMPATH/CodeIgniter.php(370): CodeIgniter\CodeIgniter->display404errors(Object(CodeIgniter\Exceptions\PageNotFoundException))
 7 FCPATH/index.php(79): CodeIgniter\CodeIgniter->run()
CRITICAL - 2024-06-11 11:23:14 --> CodeIgniter\Exceptions\ConfigException: Config\App::$baseURL ":/" is not a valid URL.
in SYSTEMPATH/HTTP/SiteURI.php on line 201.
 1 SYSTEMPATH/HTTP/SiteURI.php(145): CodeIgniter\HTTP\SiteURI->normalizeBaseURL()
 2 SYSTEMPATH/HTTP/SiteURI.php(100): CodeIgniter\HTTP\SiteURI->determineBaseURL()
 3 SYSTEMPATH/HTTP/CLIRequest.php(78): CodeIgniter\HTTP\SiteURI->__construct()
 4 SYSTEMPATH/Config/Services.php(144): CodeIgniter\HTTP\CLIRequest->__construct()
 5 SYSTEMPATH/Config/BaseService.php(258): CodeIgniter\Config\Services::clirequest()
 6 SYSTEMPATH/Config/BaseService.php(199): CodeIgniter\Config\BaseService::__callStatic()
 7 SYSTEMPATH/Config/Services.php(139): CodeIgniter\Config\BaseService::getSharedInstance()
 8 SYSTEMPATH/Config/BaseService.php(258): CodeIgniter\Config\Services::clirequest()
 9 SYSTEMPATH/Config/Services.php(537): CodeIgniter\Config\BaseService::__callStatic()
10 SYSTEMPATH/Config/BaseService.php(258): CodeIgniter\Config\Services::createRequest()
11 SYSTEMPATH/CLI/Console.php(37): CodeIgniter\Config\BaseService::__callStatic()
12 ROOTPATH/spark(102): CodeIgniter\CLI\Console->run()
CRITICAL - 2024-06-11 11:23:14 --> ErrorException: Uncaught CodeIgniter\Exceptions\ConfigException: Config\App::$baseURL ":/" is not a valid URL. in /home/api/vendor/codeigniter4/framework/system/HTTP/SiteURI.php:201
Stack trace:
#0 /home/api/vendor/codeigniter4/framework/system/HTTP/SiteURI.php(145): CodeIgniter\HTTP\SiteURI->normalizeBaseURL()
#1 /home/api/vendor/codeigniter4/framework/system/HTTP/SiteURI.php(100): CodeIgniter\HTTP\SiteURI->determineBaseURL()
#2 /home/api/vendor/codeigniter4/framework/system/HTTP/SiteURIFactory.php(224): CodeIgniter\HTTP\SiteURI->__construct()
#3 /home/api/vendor/codeigniter4/framework/system/HTTP/SiteURIFactory.php(45): CodeIgniter\HTTP\SiteURIFactory->createURIFromRoutePath()
#4 /home/api/vendor/codeigniter4/framework/system/Config/Services.php(805): CodeIgniter\HTTP\SiteURIFactory->createFromGlobals()
#5 /home/api/vendor/codeigniter4/framework/system/Config/BaseService.php(258): CodeIgniter\Config\Services::uri()
#6 /home/api/vendor/codeigniter4/framework/system/Config/BaseService.php(199): CodeIgniter\Config\BaseService::__callStatic()
#7 /home/api/vendor/codeigniter4/framework/system/Config/Services.php(798): CodeIgniter\Config\BaseService::getSharedInstance()
#8 /home/api/vendor/codeigniter4/framework/system/Config/BaseService.php(258): CodeIgniter\Config\Services::uri()
#9 /home/api/vendor/codeigniter4/framework/system/Config/Services.php(566): CodeIgniter\Config\BaseService::__callStatic()
#10 /home/api/vendor/codeigniter4/framework/system/Config/BaseService.php(258): CodeIgniter\Config\Services::incomingrequest()
#11 /home/api/vendor/codeigniter4/framework/system/Config/Services.php(524): CodeIgniter\Config\BaseService::__callStatic()
#12 /home/api/vendor/codeigniter4/framework/system/Config/BaseService.php(258): CodeIgniter\Config\Services::request()
#13 /home/api/vendor/codeigniter4/framework/system/Config/BaseService.php(199): CodeIgniter\Config\BaseService::__callStatic()
#14 /home/api/vendor/codeigniter4/framework/system/Config/Services.php(520): CodeIgniter\Config\BaseService::getSharedInstance()
#15 /home/api/vendor/codeigniter4/framework/system/Config/BaseService.php(258): CodeIgniter\Config\Services::request()
#16 /home/api/vendor/codeigniter4/framework/system/Debug/Exceptions.php(150): CodeIgniter\Config\BaseService::__callStatic()
#17 [internal function]: CodeIgniter\Debug\Exceptions->exceptionHandler()
#18 {main}
  thrown
【Previous Exception】
CodeIgniter\Exceptions\ConfigException
Config\App::$baseURL ":/" is not a valid URL.
#0 /home/api/vendor/codeigniter4/framework/system/HTTP/SiteURI.php(145): CodeIgniter\HTTP\SiteURI->normalizeBaseURL()
#1 /home/api/vendor/codeigniter4/framework/system/HTTP/SiteURI.php(100): CodeIgniter\HTTP\SiteURI->determineBaseURL()
#2 /home/api/vendor/codeigniter4/framework/system/HTTP/CLIRequest.php(78): CodeIgniter\HTTP\SiteURI->__construct()
#3 /home/api/vendor/codeigniter4/framework/system/Config/Services.php(144): CodeIgniter\HTTP\CLIRequest->__construct()
#4 /home/api/vendor/codeigniter4/framework/system/Config/BaseService.php(258): CodeIgniter\Config\Services::clirequest()
#5 /home/api/vendor/codeigniter4/framework/system/Config/BaseService.php(199): CodeIgniter\Config\BaseService::__callStatic()
#6 /home/api/vendor/codeigniter4/framework/system/Config/Services.php(139): CodeIgniter\Config\BaseService::getSharedInstance()
#7 /home/api/vendor/codeigniter4/framework/system/Config/BaseService.php(258): CodeIgniter\Config\Services::clirequest()
#8 /home/api/vendor/codeigniter4/framework/system/Config/Services.php(537): CodeIgniter\Config\BaseService::__callStatic()
#9 /home/api/vendor/codeigniter4/framework/system/Config/BaseService.php(258): CodeIgniter\Config\Services::createRequest()
#10 /home/api/vendor/codeigniter4/framework/system/CLI/Console.php(37): CodeIgniter\Config\BaseService::__callStatic()
#11 /home/api/spark(102): CodeIgniter\CLI\Console->run()
#12 {main}
in SYSTEMPATH/HTTP/SiteURI.php on line 201.
 1 [internal function]: CodeIgniter\Debug\Exceptions->shutdownHandler()
CRITICAL - 2024-06-11 11:23:14 --> CodeIgniter\Exceptions\ConfigException: Config\App::$baseURL ":/" is not a valid URL.
in SYSTEMPATH/HTTP/SiteURI.php on line 201.
 1 SYSTEMPATH/HTTP/SiteURI.php(145): CodeIgniter\HTTP\SiteURI->normalizeBaseURL()
 2 SYSTEMPATH/HTTP/SiteURI.php(100): CodeIgniter\HTTP\SiteURI->determineBaseURL()
 3 SYSTEMPATH/HTTP/CLIRequest.php(78): CodeIgniter\HTTP\SiteURI->__construct()
 4 SYSTEMPATH/Config/Services.php(144): CodeIgniter\HTTP\CLIRequest->__construct()
 5 SYSTEMPATH/Config/BaseService.php(258): CodeIgniter\Config\Services::clirequest()
 6 SYSTEMPATH/Config/BaseService.php(199): CodeIgniter\Config\BaseService::__callStatic()
 7 SYSTEMPATH/Config/Services.php(139): CodeIgniter\Config\BaseService::getSharedInstance()
 8 SYSTEMPATH/Config/BaseService.php(258): CodeIgniter\Config\Services::clirequest()
 9 SYSTEMPATH/Config/Services.php(537): CodeIgniter\Config\BaseService::__callStatic()
10 SYSTEMPATH/Config/BaseService.php(258): CodeIgniter\Config\Services::createRequest()
11 SYSTEMPATH/CLI/Console.php(37): CodeIgniter\Config\BaseService::__callStatic()
12 ROOTPATH/spark(102): CodeIgniter\CLI\Console->run()
CRITICAL - 2024-06-11 11:23:14 --> ErrorException: Uncaught CodeIgniter\Exceptions\ConfigException: Config\App::$baseURL ":/" is not a valid URL. in /home/api/vendor/codeigniter4/framework/system/HTTP/SiteURI.php:201
Stack trace:
#0 /home/api/vendor/codeigniter4/framework/system/HTTP/SiteURI.php(145): CodeIgniter\HTTP\SiteURI->normalizeBaseURL()
#1 /home/api/vendor/codeigniter4/framework/system/HTTP/SiteURI.php(100): CodeIgniter\HTTP\SiteURI->determineBaseURL()
#2 /home/api/vendor/codeigniter4/framework/system/HTTP/SiteURIFactory.php(224): CodeIgniter\HTTP\SiteURI->__construct()
#3 /home/api/vendor/codeigniter4/framework/system/HTTP/SiteURIFactory.php(45): CodeIgniter\HTTP\SiteURIFactory->createURIFromRoutePath()
#4 /home/api/vendor/codeigniter4/framework/system/Config/Services.php(805): CodeIgniter\HTTP\SiteURIFactory->createFromGlobals()
#5 /home/api/vendor/codeigniter4/framework/system/Config/BaseService.php(258): CodeIgniter\Config\Services::uri()
#6 /home/api/vendor/codeigniter4/framework/system/Config/BaseService.php(199): CodeIgniter\Config\BaseService::__callStatic()
#7 /home/api/vendor/codeigniter4/framework/system/Config/Services.php(798): CodeIgniter\Config\BaseService::getSharedInstance()
#8 /home/api/vendor/codeigniter4/framework/system/Config/BaseService.php(258): CodeIgniter\Config\Services::uri()
#9 /home/api/vendor/codeigniter4/framework/system/Config/Services.php(566): CodeIgniter\Config\BaseService::__callStatic()
#10 /home/api/vendor/codeigniter4/framework/system/Config/BaseService.php(258): CodeIgniter\Config\Services::incomingrequest()
#11 /home/api/vendor/codeigniter4/framework/system/Config/Services.php(524): CodeIgniter\Config\BaseService::__callStatic()
#12 /home/api/vendor/codeigniter4/framework/system/Config/BaseService.php(258): CodeIgniter\Config\Services::request()
#13 /home/api/vendor/codeigniter4/framework/system/Config/BaseService.php(199): CodeIgniter\Config\BaseService::__callStatic()
#14 /home/api/vendor/codeigniter4/framework/system/Config/Services.php(520): CodeIgniter\Config\BaseService::getSharedInstance()
#15 /home/api/vendor/codeigniter4/framework/system/Config/BaseService.php(258): CodeIgniter\Config\Services::request()
#16 /home/api/vendor/codeigniter4/framework/system/Debug/Exceptions.php(150): CodeIgniter\Config\BaseService::__callStatic()
#17 [internal function]: CodeIgniter\Debug\Exceptions->exceptionHandler()
#18 {main}
  thrown
【Previous Exception】
CodeIgniter\Exceptions\ConfigException
Config\App::$baseURL ":/" is not a valid URL.
#0 /home/api/vendor/codeigniter4/framework/system/HTTP/SiteURI.php(145): CodeIgniter\HTTP\SiteURI->normalizeBaseURL()
#1 /home/api/vendor/codeigniter4/framework/system/HTTP/SiteURI.php(100): CodeIgniter\HTTP\SiteURI->determineBaseURL()
#2 /home/api/vendor/codeigniter4/framework/system/HTTP/CLIRequest.php(78): CodeIgniter\HTTP\SiteURI->__construct()
#3 /home/api/vendor/codeigniter4/framework/system/Config/Services.php(144): CodeIgniter\HTTP\CLIRequest->__construct()
#4 /home/api/vendor/codeigniter4/framework/system/Config/BaseService.php(258): CodeIgniter\Config\Services::clirequest()
#5 /home/api/vendor/codeigniter4/framework/system/Config/BaseService.php(199): CodeIgniter\Config\BaseService::__callStatic()
#6 /home/api/vendor/codeigniter4/framework/system/Config/Services.php(139): CodeIgniter\Config\BaseService::getSharedInstance()
#7 /home/api/vendor/codeigniter4/framework/system/Config/BaseService.php(258): CodeIgniter\Config\Services::clirequest()
#8 /home/api/vendor/codeigniter4/framework/system/Config/Services.php(537): CodeIgniter\Config\BaseService::__callStatic()
#9 /home/api/vendor/codeigniter4/framework/system/Config/BaseService.php(258): CodeIgniter\Config\Services::createRequest()
#10 /home/api/vendor/codeigniter4/framework/system/CLI/Console.php(37): CodeIgniter\Config\BaseService::__callStatic()
#11 /home/api/spark(102): CodeIgniter\CLI\Console->run()
#12 {main}
in SYSTEMPATH/HTTP/SiteURI.php on line 201.
 1 [internal function]: CodeIgniter\Debug\Exceptions->shutdownHandler()
CRITICAL - 2024-06-11 11:23:14 --> CodeIgniter\Exceptions\ConfigException: Config\App::$baseURL ":/" is not a valid URL.
in SYSTEMPATH/HTTP/SiteURI.php on line 201.
 1 SYSTEMPATH/HTTP/SiteURI.php(145): CodeIgniter\HTTP\SiteURI->normalizeBaseURL()
 2 SYSTEMPATH/HTTP/SiteURI.php(100): CodeIgniter\HTTP\SiteURI->determineBaseURL()
 3 SYSTEMPATH/HTTP/CLIRequest.php(78): CodeIgniter\HTTP\SiteURI->__construct()
 4 SYSTEMPATH/Config/Services.php(144): CodeIgniter\HTTP\CLIRequest->__construct()
 5 SYSTEMPATH/Config/BaseService.php(258): CodeIgniter\Config\Services::clirequest()
 6 SYSTEMPATH/Config/BaseService.php(199): CodeIgniter\Config\BaseService::__callStatic()
 7 SYSTEMPATH/Config/Services.php(139): CodeIgniter\Config\BaseService::getSharedInstance()
 8 SYSTEMPATH/Config/BaseService.php(258): CodeIgniter\Config\Services::clirequest()
 9 SYSTEMPATH/Config/Services.php(537): CodeIgniter\Config\BaseService::__callStatic()
10 SYSTEMPATH/Config/BaseService.php(258): CodeIgniter\Config\Services::createRequest()
11 SYSTEMPATH/CLI/Console.php(37): CodeIgniter\Config\BaseService::__callStatic()
12 ROOTPATH/spark(102): CodeIgniter\CLI\Console->run()
CRITICAL - 2024-06-11 11:23:14 --> ErrorException: Uncaught CodeIgniter\Exceptions\ConfigException: Config\App::$baseURL ":/" is not a valid URL. in /home/api/vendor/codeigniter4/framework/system/HTTP/SiteURI.php:201
Stack trace:
#0 /home/api/vendor/codeigniter4/framework/system/HTTP/SiteURI.php(145): CodeIgniter\HTTP\SiteURI->normalizeBaseURL()
#1 /home/api/vendor/codeigniter4/framework/system/HTTP/SiteURI.php(100): CodeIgniter\HTTP\SiteURI->determineBaseURL()
#2 /home/api/vendor/codeigniter4/framework/system/HTTP/SiteURIFactory.php(224): CodeIgniter\HTTP\SiteURI->__construct()
#3 /home/api/vendor/codeigniter4/framework/system/HTTP/SiteURIFactory.php(45): CodeIgniter\HTTP\SiteURIFactory->createURIFromRoutePath()
#4 /home/api/vendor/codeigniter4/framework/system/Config/Services.php(805): CodeIgniter\HTTP\SiteURIFactory->createFromGlobals()
#5 /home/api/vendor/codeigniter4/framework/system/Config/BaseService.php(258): CodeIgniter\Config\Services::uri()
#6 /home/api/vendor/codeigniter4/framework/system/Config/BaseService.php(199): CodeIgniter\Config\BaseService::__callStatic()
#7 /home/api/vendor/codeigniter4/framework/system/Config/Services.php(798): CodeIgniter\Config\BaseService::getSharedInstance()
#8 /home/api/vendor/codeigniter4/framework/system/Config/BaseService.php(258): CodeIgniter\Config\Services::uri()
#9 /home/api/vendor/codeigniter4/framework/system/Config/Services.php(566): CodeIgniter\Config\BaseService::__callStatic()
#10 /home/api/vendor/codeigniter4/framework/system/Config/BaseService.php(258): CodeIgniter\Config\Services::incomingrequest()
#11 /home/api/vendor/codeigniter4/framework/system/Config/Services.php(524): CodeIgniter\Config\BaseService::__callStatic()
#12 /home/api/vendor/codeigniter4/framework/system/Config/BaseService.php(258): CodeIgniter\Config\Services::request()
#13 /home/api/vendor/codeigniter4/framework/system/Config/BaseService.php(199): CodeIgniter\Config\BaseService::__callStatic()
#14 /home/api/vendor/codeigniter4/framework/system/Config/Services.php(520): CodeIgniter\Config\BaseService::getSharedInstance()
#15 /home/api/vendor/codeigniter4/framework/system/Config/BaseService.php(258): CodeIgniter\Config\Services::request()
#16 /home/api/vendor/codeigniter4/framework/system/Debug/Exceptions.php(150): CodeIgniter\Config\BaseService::__callStatic()
#17 [internal function]: CodeIgniter\Debug\Exceptions->exceptionHandler()
#18 {main}
  thrown
【Previous Exception】
CodeIgniter\Exceptions\ConfigException
Config\App::$baseURL ":/" is not a valid URL.
#0 /home/api/vendor/codeigniter4/framework/system/HTTP/SiteURI.php(145): CodeIgniter\HTTP\SiteURI->normalizeBaseURL()
#1 /home/api/vendor/codeigniter4/framework/system/HTTP/SiteURI.php(100): CodeIgniter\HTTP\SiteURI->determineBaseURL()
#2 /home/api/vendor/codeigniter4/framework/system/HTTP/CLIRequest.php(78): CodeIgniter\HTTP\SiteURI->__construct()
#3 /home/api/vendor/codeigniter4/framework/system/Config/Services.php(144): CodeIgniter\HTTP\CLIRequest->__construct()
#4 /home/api/vendor/codeigniter4/framework/system/Config/BaseService.php(258): CodeIgniter\Config\Services::clirequest()
#5 /home/api/vendor/codeigniter4/framework/system/Config/BaseService.php(199): CodeIgniter\Config\BaseService::__callStatic()
#6 /home/api/vendor/codeigniter4/framework/system/Config/Services.php(139): CodeIgniter\Config\BaseService::getSharedInstance()
#7 /home/api/vendor/codeigniter4/framework/system/Config/BaseService.php(258): CodeIgniter\Config\Services::clirequest()
#8 /home/api/vendor/codeigniter4/framework/system/Config/Services.php(537): CodeIgniter\Config\BaseService::__callStatic()
#9 /home/api/vendor/codeigniter4/framework/system/Config/BaseService.php(258): CodeIgniter\Config\Services::createRequest()
#10 /home/api/vendor/codeigniter4/framework/system/CLI/Console.php(37): CodeIgniter\Config\BaseService::__callStatic()
#11 /home/api/spark(102): CodeIgniter\CLI\Console->run()
#12 {main}
in SYSTEMPATH/HTTP/SiteURI.php on line 201.
 1 [internal function]: CodeIgniter\Debug\Exceptions->shutdownHandler()
CRITICAL - 2024-06-11 11:23:15 --> CodeIgniter\Exceptions\ConfigException: Config\App::$baseURL ":/" is not a valid URL.
in SYSTEMPATH/HTTP/SiteURI.php on line 201.
 1 SYSTEMPATH/HTTP/SiteURI.php(145): CodeIgniter\HTTP\SiteURI->normalizeBaseURL()
 2 SYSTEMPATH/HTTP/SiteURI.php(100): CodeIgniter\HTTP\SiteURI->determineBaseURL()
 3 SYSTEMPATH/HTTP/CLIRequest.php(78): CodeIgniter\HTTP\SiteURI->__construct()
 4 SYSTEMPATH/Config/Services.php(144): CodeIgniter\HTTP\CLIRequest->__construct()
 5 SYSTEMPATH/Config/BaseService.php(258): CodeIgniter\Config\Services::clirequest()
 6 SYSTEMPATH/Config/BaseService.php(199): CodeIgniter\Config\BaseService::__callStatic()
 7 SYSTEMPATH/Config/Services.php(139): CodeIgniter\Config\BaseService::getSharedInstance()
 8 SYSTEMPATH/Config/BaseService.php(258): CodeIgniter\Config\Services::clirequest()
 9 SYSTEMPATH/Config/Services.php(537): CodeIgniter\Config\BaseService::__callStatic()
10 SYSTEMPATH/Config/BaseService.php(258): CodeIgniter\Config\Services::createRequest()
11 SYSTEMPATH/CLI/Console.php(37): CodeIgniter\Config\BaseService::__callStatic()
12 ROOTPATH/spark(102): CodeIgniter\CLI\Console->run()
CRITICAL - 2024-06-11 11:23:15 --> ErrorException: Uncaught CodeIgniter\Exceptions\ConfigException: Config\App::$baseURL ":/" is not a valid URL. in /home/api/vendor/codeigniter4/framework/system/HTTP/SiteURI.php:201
Stack trace:
#0 /home/api/vendor/codeigniter4/framework/system/HTTP/SiteURI.php(145): CodeIgniter\HTTP\SiteURI->normalizeBaseURL()
#1 /home/api/vendor/codeigniter4/framework/system/HTTP/SiteURI.php(100): CodeIgniter\HTTP\SiteURI->determineBaseURL()
#2 /home/api/vendor/codeigniter4/framework/system/HTTP/SiteURIFactory.php(224): CodeIgniter\HTTP\SiteURI->__construct()
#3 /home/api/vendor/codeigniter4/framework/system/HTTP/SiteURIFactory.php(45): CodeIgniter\HTTP\SiteURIFactory->createURIFromRoutePath()
#4 /home/api/vendor/codeigniter4/framework/system/Config/Services.php(805): CodeIgniter\HTTP\SiteURIFactory->createFromGlobals()
#5 /home/api/vendor/codeigniter4/framework/system/Config/BaseService.php(258): CodeIgniter\Config\Services::uri()
#6 /home/api/vendor/codeigniter4/framework/system/Config/BaseService.php(199): CodeIgniter\Config\BaseService::__callStatic()
#7 /home/api/vendor/codeigniter4/framework/system/Config/Services.php(798): CodeIgniter\Config\BaseService::getSharedInstance()
#8 /home/api/vendor/codeigniter4/framework/system/Config/BaseService.php(258): CodeIgniter\Config\Services::uri()
#9 /home/api/vendor/codeigniter4/framework/system/Config/Services.php(566): CodeIgniter\Config\BaseService::__callStatic()
#10 /home/api/vendor/codeigniter4/framework/system/Config/BaseService.php(258): CodeIgniter\Config\Services::incomingrequest()
#11 /home/api/vendor/codeigniter4/framework/system/Config/Services.php(524): CodeIgniter\Config\BaseService::__callStatic()
#12 /home/api/vendor/codeigniter4/framework/system/Config/BaseService.php(258): CodeIgniter\Config\Services::request()
#13 /home/api/vendor/codeigniter4/framework/system/Config/BaseService.php(199): CodeIgniter\Config\BaseService::__callStatic()
#14 /home/api/vendor/codeigniter4/framework/system/Config/Services.php(520): CodeIgniter\Config\BaseService::getSharedInstance()
#15 /home/api/vendor/codeigniter4/framework/system/Config/BaseService.php(258): CodeIgniter\Config\Services::request()
#16 /home/api/vendor/codeigniter4/framework/system/Debug/Exceptions.php(150): CodeIgniter\Config\BaseService::__callStatic()
#17 [internal function]: CodeIgniter\Debug\Exceptions->exceptionHandler()
#18 {main}
  thrown
【Previous Exception】
CodeIgniter\Exceptions\ConfigException
Config\App::$baseURL ":/" is not a valid URL.
#0 /home/api/vendor/codeigniter4/framework/system/HTTP/SiteURI.php(145): CodeIgniter\HTTP\SiteURI->normalizeBaseURL()
#1 /home/api/vendor/codeigniter4/framework/system/HTTP/SiteURI.php(100): CodeIgniter\HTTP\SiteURI->determineBaseURL()
#2 /home/api/vendor/codeigniter4/framework/system/HTTP/CLIRequest.php(78): CodeIgniter\HTTP\SiteURI->__construct()
#3 /home/api/vendor/codeigniter4/framework/system/Config/Services.php(144): CodeIgniter\HTTP\CLIRequest->__construct()
#4 /home/api/vendor/codeigniter4/framework/system/Config/BaseService.php(258): CodeIgniter\Config\Services::clirequest()
#5 /home/api/vendor/codeigniter4/framework/system/Config/BaseService.php(199): CodeIgniter\Config\BaseService::__callStatic()
#6 /home/api/vendor/codeigniter4/framework/system/Config/Services.php(139): CodeIgniter\Config\BaseService::getSharedInstance()
#7 /home/api/vendor/codeigniter4/framework/system/Config/BaseService.php(258): CodeIgniter\Config\Services::clirequest()
#8 /home/api/vendor/codeigniter4/framework/system/Config/Services.php(537): CodeIgniter\Config\BaseService::__callStatic()
#9 /home/api/vendor/codeigniter4/framework/system/Config/BaseService.php(258): CodeIgniter\Config\Services::createRequest()
#10 /home/api/vendor/codeigniter4/framework/system/CLI/Console.php(37): CodeIgniter\Config\BaseService::__callStatic()
#11 /home/api/spark(102): CodeIgniter\CLI\Console->run()
#12 {main}
in SYSTEMPATH/HTTP/SiteURI.php on line 201.
 1 [internal function]: CodeIgniter\Debug\Exceptions->shutdownHandler()
CRITICAL - 2024-06-11 11:23:15 --> CodeIgniter\Exceptions\ConfigException: Config\App::$baseURL ":/" is not a valid URL.
in SYSTEMPATH/HTTP/SiteURI.php on line 201.
 1 SYSTEMPATH/HTTP/SiteURI.php(145): CodeIgniter\HTTP\SiteURI->normalizeBaseURL()
 2 SYSTEMPATH/HTTP/SiteURI.php(100): CodeIgniter\HTTP\SiteURI->determineBaseURL()
 3 SYSTEMPATH/HTTP/CLIRequest.php(78): CodeIgniter\HTTP\SiteURI->__construct()
 4 SYSTEMPATH/Config/Services.php(144): CodeIgniter\HTTP\CLIRequest->__construct()
 5 SYSTEMPATH/Config/BaseService.php(258): CodeIgniter\Config\Services::clirequest()
 6 SYSTEMPATH/Config/BaseService.php(199): CodeIgniter\Config\BaseService::__callStatic()
 7 SYSTEMPATH/Config/Services.php(139): CodeIgniter\Config\BaseService::getSharedInstance()
 8 SYSTEMPATH/Config/BaseService.php(258): CodeIgniter\Config\Services::clirequest()
 9 SYSTEMPATH/Config/Services.php(537): CodeIgniter\Config\BaseService::__callStatic()
10 SYSTEMPATH/Config/BaseService.php(258): CodeIgniter\Config\Services::createRequest()
11 SYSTEMPATH/CLI/Console.php(37): CodeIgniter\Config\BaseService::__callStatic()
12 ROOTPATH/spark(102): CodeIgniter\CLI\Console->run()
CRITICAL - 2024-06-11 11:23:15 --> ErrorException: Uncaught CodeIgniter\Exceptions\ConfigException: Config\App::$baseURL ":/" is not a valid URL. in /home/api/vendor/codeigniter4/framework/system/HTTP/SiteURI.php:201
Stack trace:
#0 /home/api/vendor/codeigniter4/framework/system/HTTP/SiteURI.php(145): CodeIgniter\HTTP\SiteURI->normalizeBaseURL()
#1 /home/api/vendor/codeigniter4/framework/system/HTTP/SiteURI.php(100): CodeIgniter\HTTP\SiteURI->determineBaseURL()
#2 /home/api/vendor/codeigniter4/framework/system/HTTP/SiteURIFactory.php(224): CodeIgniter\HTTP\SiteURI->__construct()
#3 /home/api/vendor/codeigniter4/framework/system/HTTP/SiteURIFactory.php(45): CodeIgniter\HTTP\SiteURIFactory->createURIFromRoutePath()
#4 /home/api/vendor/codeigniter4/framework/system/Config/Services.php(805): CodeIgniter\HTTP\SiteURIFactory->createFromGlobals()
#5 /home/api/vendor/codeigniter4/framework/system/Config/BaseService.php(258): CodeIgniter\Config\Services::uri()
#6 /home/api/vendor/codeigniter4/framework/system/Config/BaseService.php(199): CodeIgniter\Config\BaseService::__callStatic()
#7 /home/api/vendor/codeigniter4/framework/system/Config/Services.php(798): CodeIgniter\Config\BaseService::getSharedInstance()
#8 /home/api/vendor/codeigniter4/framework/system/Config/BaseService.php(258): CodeIgniter\Config\Services::uri()
#9 /home/api/vendor/codeigniter4/framework/system/Config/Services.php(566): CodeIgniter\Config\BaseService::__callStatic()
#10 /home/api/vendor/codeigniter4/framework/system/Config/BaseService.php(258): CodeIgniter\Config\Services::incomingrequest()
#11 /home/api/vendor/codeigniter4/framework/system/Config/Services.php(524): CodeIgniter\Config\BaseService::__callStatic()
#12 /home/api/vendor/codeigniter4/framework/system/Config/BaseService.php(258): CodeIgniter\Config\Services::request()
#13 /home/api/vendor/codeigniter4/framework/system/Config/BaseService.php(199): CodeIgniter\Config\BaseService::__callStatic()
#14 /home/api/vendor/codeigniter4/framework/system/Config/Services.php(520): CodeIgniter\Config\BaseService::getSharedInstance()
#15 /home/api/vendor/codeigniter4/framework/system/Config/BaseService.php(258): CodeIgniter\Config\Services::request()
#16 /home/api/vendor/codeigniter4/framework/system/Debug/Exceptions.php(150): CodeIgniter\Config\BaseService::__callStatic()
#17 [internal function]: CodeIgniter\Debug\Exceptions->exceptionHandler()
#18 {main}
  thrown
【Previous Exception】
CodeIgniter\Exceptions\ConfigException
Config\App::$baseURL ":/" is not a valid URL.
#0 /home/api/vendor/codeigniter4/framework/system/HTTP/SiteURI.php(145): CodeIgniter\HTTP\SiteURI->normalizeBaseURL()
#1 /home/api/vendor/codeigniter4/framework/system/HTTP/SiteURI.php(100): CodeIgniter\HTTP\SiteURI->determineBaseURL()
#2 /home/api/vendor/codeigniter4/framework/system/HTTP/CLIRequest.php(78): CodeIgniter\HTTP\SiteURI->__construct()
#3 /home/api/vendor/codeigniter4/framework/system/Config/Services.php(144): CodeIgniter\HTTP\CLIRequest->__construct()
#4 /home/api/vendor/codeigniter4/framework/system/Config/BaseService.php(258): CodeIgniter\Config\Services::clirequest()
#5 /home/api/vendor/codeigniter4/framework/system/Config/BaseService.php(199): CodeIgniter\Config\BaseService::__callStatic()
#6 /home/api/vendor/codeigniter4/framework/system/Config/Services.php(139): CodeIgniter\Config\BaseService::getSharedInstance()
#7 /home/api/vendor/codeigniter4/framework/system/Config/BaseService.php(258): CodeIgniter\Config\Services::clirequest()
#8 /home/api/vendor/codeigniter4/framework/system/Config/Services.php(537): CodeIgniter\Config\BaseService::__callStatic()
#9 /home/api/vendor/codeigniter4/framework/system/Config/BaseService.php(258): CodeIgniter\Config\Services::createRequest()
#10 /home/api/vendor/codeigniter4/framework/system/CLI/Console.php(37): CodeIgniter\Config\BaseService::__callStatic()
#11 /home/api/spark(102): CodeIgniter\CLI\Console->run()
#12 {main}
in SYSTEMPATH/HTTP/SiteURI.php on line 201.
 1 [internal function]: CodeIgniter\Debug\Exceptions->shutdownHandler()
CRITICAL - 2024-06-11 11:23:15 --> CodeIgniter\Exceptions\ConfigException: Config\App::$baseURL ":/" is not a valid URL.
in SYSTEMPATH/HTTP/SiteURI.php on line 201.
 1 SYSTEMPATH/HTTP/SiteURI.php(145): CodeIgniter\HTTP\SiteURI->normalizeBaseURL()
 2 SYSTEMPATH/HTTP/SiteURI.php(100): CodeIgniter\HTTP\SiteURI->determineBaseURL()
 3 SYSTEMPATH/HTTP/CLIRequest.php(78): CodeIgniter\HTTP\SiteURI->__construct()
 4 SYSTEMPATH/Config/Services.php(144): CodeIgniter\HTTP\CLIRequest->__construct()
 5 SYSTEMPATH/Config/BaseService.php(258): CodeIgniter\Config\Services::clirequest()
 6 SYSTEMPATH/Config/BaseService.php(199): CodeIgniter\Config\BaseService::__callStatic()
 7 SYSTEMPATH/Config/Services.php(139): CodeIgniter\Config\BaseService::getSharedInstance()
 8 SYSTEMPATH/Config/BaseService.php(258): CodeIgniter\Config\Services::clirequest()
 9 SYSTEMPATH/Config/Services.php(537): CodeIgniter\Config\BaseService::__callStatic()
10 SYSTEMPATH/Config/BaseService.php(258): CodeIgniter\Config\Services::createRequest()
11 SYSTEMPATH/CLI/Console.php(37): CodeIgniter\Config\BaseService::__callStatic()
12 ROOTPATH/spark(102): CodeIgniter\CLI\Console->run()
CRITICAL - 2024-06-11 11:23:15 --> ErrorException: Uncaught CodeIgniter\Exceptions\ConfigException: Config\App::$baseURL ":/" is not a valid URL. in /home/api/vendor/codeigniter4/framework/system/HTTP/SiteURI.php:201
Stack trace:
#0 /home/api/vendor/codeigniter4/framework/system/HTTP/SiteURI.php(145): CodeIgniter\HTTP\SiteURI->normalizeBaseURL()
#1 /home/api/vendor/codeigniter4/framework/system/HTTP/SiteURI.php(100): CodeIgniter\HTTP\SiteURI->determineBaseURL()
#2 /home/api/vendor/codeigniter4/framework/system/HTTP/SiteURIFactory.php(224): CodeIgniter\HTTP\SiteURI->__construct()
#3 /home/api/vendor/codeigniter4/framework/system/HTTP/SiteURIFactory.php(45): CodeIgniter\HTTP\SiteURIFactory->createURIFromRoutePath()
#4 /home/api/vendor/codeigniter4/framework/system/Config/Services.php(805): CodeIgniter\HTTP\SiteURIFactory->createFromGlobals()
#5 /home/api/vendor/codeigniter4/framework/system/Config/BaseService.php(258): CodeIgniter\Config\Services::uri()
#6 /home/api/vendor/codeigniter4/framework/system/Config/BaseService.php(199): CodeIgniter\Config\BaseService::__callStatic()
#7 /home/api/vendor/codeigniter4/framework/system/Config/Services.php(798): CodeIgniter\Config\BaseService::getSharedInstance()
#8 /home/api/vendor/codeigniter4/framework/system/Config/BaseService.php(258): CodeIgniter\Config\Services::uri()
#9 /home/api/vendor/codeigniter4/framework/system/Config/Services.php(566): CodeIgniter\Config\BaseService::__callStatic()
#10 /home/api/vendor/codeigniter4/framework/system/Config/BaseService.php(258): CodeIgniter\Config\Services::incomingrequest()
#11 /home/api/vendor/codeigniter4/framework/system/Config/Services.php(524): CodeIgniter\Config\BaseService::__callStatic()
#12 /home/api/vendor/codeigniter4/framework/system/Config/BaseService.php(258): CodeIgniter\Config\Services::request()
#13 /home/api/vendor/codeigniter4/framework/system/Config/BaseService.php(199): CodeIgniter\Config\BaseService::__callStatic()
#14 /home/api/vendor/codeigniter4/framework/system/Config/Services.php(520): CodeIgniter\Config\BaseService::getSharedInstance()
#15 /home/api/vendor/codeigniter4/framework/system/Config/BaseService.php(258): CodeIgniter\Config\Services::request()
#16 /home/api/vendor/codeigniter4/framework/system/Debug/Exceptions.php(150): CodeIgniter\Config\BaseService::__callStatic()
#17 [internal function]: CodeIgniter\Debug\Exceptions->exceptionHandler()
#18 {main}
  thrown
【Previous Exception】
CodeIgniter\Exceptions\ConfigException
Config\App::$baseURL ":/" is not a valid URL.
#0 /home/api/vendor/codeigniter4/framework/system/HTTP/SiteURI.php(145): CodeIgniter\HTTP\SiteURI->normalizeBaseURL()
#1 /home/api/vendor/codeigniter4/framework/system/HTTP/SiteURI.php(100): CodeIgniter\HTTP\SiteURI->determineBaseURL()
#2 /home/api/vendor/codeigniter4/framework/system/HTTP/CLIRequest.php(78): CodeIgniter\HTTP\SiteURI->__construct()
#3 /home/api/vendor/codeigniter4/framework/system/Config/Services.php(144): CodeIgniter\HTTP\CLIRequest->__construct()
#4 /home/api/vendor/codeigniter4/framework/system/Config/BaseService.php(258): CodeIgniter\Config\Services::clirequest()
#5 /home/api/vendor/codeigniter4/framework/system/Config/BaseService.php(199): CodeIgniter\Config\BaseService::__callStatic()
#6 /home/api/vendor/codeigniter4/framework/system/Config/Services.php(139): CodeIgniter\Config\BaseService::getSharedInstance()
#7 /home/api/vendor/codeigniter4/framework/system/Config/BaseService.php(258): CodeIgniter\Config\Services::clirequest()
#8 /home/api/vendor/codeigniter4/framework/system/Config/Services.php(537): CodeIgniter\Config\BaseService::__callStatic()
#9 /home/api/vendor/codeigniter4/framework/system/Config/BaseService.php(258): CodeIgniter\Config\Services::createRequest()
#10 /home/api/vendor/codeigniter4/framework/system/CLI/Console.php(37): CodeIgniter\Config\BaseService::__callStatic()
#11 /home/api/spark(102): CodeIgniter\CLI\Console->run()
#12 {main}
in SYSTEMPATH/HTTP/SiteURI.php on line 201.
 1 [internal function]: CodeIgniter\Debug\Exceptions->shutdownHandler()
CRITICAL - 2024-06-11 11:23:16 --> CodeIgniter\Exceptions\ConfigException: Config\App::$baseURL ":/" is not a valid URL.
in SYSTEMPATH/HTTP/SiteURI.php on line 201.
 1 SYSTEMPATH/HTTP/SiteURI.php(145): CodeIgniter\HTTP\SiteURI->normalizeBaseURL()
 2 SYSTEMPATH/HTTP/SiteURI.php(100): CodeIgniter\HTTP\SiteURI->determineBaseURL()
 3 SYSTEMPATH/HTTP/CLIRequest.php(78): CodeIgniter\HTTP\SiteURI->__construct()
 4 SYSTEMPATH/Config/Services.php(144): CodeIgniter\HTTP\CLIRequest->__construct()
 5 SYSTEMPATH/Config/BaseService.php(258): CodeIgniter\Config\Services::clirequest()
 6 SYSTEMPATH/Config/BaseService.php(199): CodeIgniter\Config\BaseService::__callStatic()
 7 SYSTEMPATH/Config/Services.php(139): CodeIgniter\Config\BaseService::getSharedInstance()
 8 SYSTEMPATH/Config/BaseService.php(258): CodeIgniter\Config\Services::clirequest()
 9 SYSTEMPATH/Config/Services.php(537): CodeIgniter\Config\BaseService::__callStatic()
10 SYSTEMPATH/Config/BaseService.php(258): CodeIgniter\Config\Services::createRequest()
11 SYSTEMPATH/CLI/Console.php(37): CodeIgniter\Config\BaseService::__callStatic()
12 ROOTPATH/spark(102): CodeIgniter\CLI\Console->run()
CRITICAL - 2024-06-11 11:23:16 --> ErrorException: Uncaught CodeIgniter\Exceptions\ConfigException: Config\App::$baseURL ":/" is not a valid URL. in /home/api/vendor/codeigniter4/framework/system/HTTP/SiteURI.php:201
Stack trace:
#0 /home/api/vendor/codeigniter4/framework/system/HTTP/SiteURI.php(145): CodeIgniter\HTTP\SiteURI->normalizeBaseURL()
#1 /home/api/vendor/codeigniter4/framework/system/HTTP/SiteURI.php(100): CodeIgniter\HTTP\SiteURI->determineBaseURL()
#2 /home/api/vendor/codeigniter4/framework/system/HTTP/SiteURIFactory.php(224): CodeIgniter\HTTP\SiteURI->__construct()
#3 /home/api/vendor/codeigniter4/framework/system/HTTP/SiteURIFactory.php(45): CodeIgniter\HTTP\SiteURIFactory->createURIFromRoutePath()
#4 /home/api/vendor/codeigniter4/framework/system/Config/Services.php(805): CodeIgniter\HTTP\SiteURIFactory->createFromGlobals()
#5 /home/api/vendor/codeigniter4/framework/system/Config/BaseService.php(258): CodeIgniter\Config\Services::uri()
#6 /home/api/vendor/codeigniter4/framework/system/Config/BaseService.php(199): CodeIgniter\Config\BaseService::__callStatic()
#7 /home/api/vendor/codeigniter4/framework/system/Config/Services.php(798): CodeIgniter\Config\BaseService::getSharedInstance()
#8 /home/api/vendor/codeigniter4/framework/system/Config/BaseService.php(258): CodeIgniter\Config\Services::uri()
#9 /home/api/vendor/codeigniter4/framework/system/Config/Services.php(566): CodeIgniter\Config\BaseService::__callStatic()
#10 /home/api/vendor/codeigniter4/framework/system/Config/BaseService.php(258): CodeIgniter\Config\Services::incomingrequest()
#11 /home/api/vendor/codeigniter4/framework/system/Config/Services.php(524): CodeIgniter\Config\BaseService::__callStatic()
#12 /home/api/vendor/codeigniter4/framework/system/Config/BaseService.php(258): CodeIgniter\Config\Services::request()
#13 /home/api/vendor/codeigniter4/framework/system/Config/BaseService.php(199): CodeIgniter\Config\BaseService::__callStatic()
#14 /home/api/vendor/codeigniter4/framework/system/Config/Services.php(520): CodeIgniter\Config\BaseService::getSharedInstance()
#15 /home/api/vendor/codeigniter4/framework/system/Config/BaseService.php(258): CodeIgniter\Config\Services::request()
#16 /home/api/vendor/codeigniter4/framework/system/Debug/Exceptions.php(150): CodeIgniter\Config\BaseService::__callStatic()
#17 [internal function]: CodeIgniter\Debug\Exceptions->exceptionHandler()
#18 {main}
  thrown
【Previous Exception】
CodeIgniter\Exceptions\ConfigException
Config\App::$baseURL ":/" is not a valid URL.
#0 /home/api/vendor/codeigniter4/framework/system/HTTP/SiteURI.php(145): CodeIgniter\HTTP\SiteURI->normalizeBaseURL()
#1 /home/api/vendor/codeigniter4/framework/system/HTTP/SiteURI.php(100): CodeIgniter\HTTP\SiteURI->determineBaseURL()
#2 /home/api/vendor/codeigniter4/framework/system/HTTP/CLIRequest.php(78): CodeIgniter\HTTP\SiteURI->__construct()
#3 /home/api/vendor/codeigniter4/framework/system/Config/Services.php(144): CodeIgniter\HTTP\CLIRequest->__construct()
#4 /home/api/vendor/codeigniter4/framework/system/Config/BaseService.php(258): CodeIgniter\Config\Services::clirequest()
#5 /home/api/vendor/codeigniter4/framework/system/Config/BaseService.php(199): CodeIgniter\Config\BaseService::__callStatic()
#6 /home/api/vendor/codeigniter4/framework/system/Config/Services.php(139): CodeIgniter\Config\BaseService::getSharedInstance()
#7 /home/api/vendor/codeigniter4/framework/system/Config/BaseService.php(258): CodeIgniter\Config\Services::clirequest()
#8 /home/api/vendor/codeigniter4/framework/system/Config/Services.php(537): CodeIgniter\Config\BaseService::__callStatic()
#9 /home/api/vendor/codeigniter4/framework/system/Config/BaseService.php(258): CodeIgniter\Config\Services::createRequest()
#10 /home/api/vendor/codeigniter4/framework/system/CLI/Console.php(37): CodeIgniter\Config\BaseService::__callStatic()
#11 /home/api/spark(102): CodeIgniter\CLI\Console->run()
#12 {main}
in SYSTEMPATH/HTTP/SiteURI.php on line 201.
 1 [internal function]: CodeIgniter\Debug\Exceptions->shutdownHandler()
CRITICAL - 2024-06-11 11:23:16 --> CodeIgniter\Exceptions\ConfigException: Config\App::$baseURL ":/" is not a valid URL.
in SYSTEMPATH/HTTP/SiteURI.php on line 201.
 1 SYSTEMPATH/HTTP/SiteURI.php(145): CodeIgniter\HTTP\SiteURI->normalizeBaseURL()
 2 SYSTEMPATH/HTTP/SiteURI.php(100): CodeIgniter\HTTP\SiteURI->determineBaseURL()
 3 SYSTEMPATH/HTTP/CLIRequest.php(78): CodeIgniter\HTTP\SiteURI->__construct()
 4 SYSTEMPATH/Config/Services.php(144): CodeIgniter\HTTP\CLIRequest->__construct()
 5 SYSTEMPATH/Config/BaseService.php(258): CodeIgniter\Config\Services::clirequest()
 6 SYSTEMPATH/Config/BaseService.php(199): CodeIgniter\Config\BaseService::__callStatic()
 7 SYSTEMPATH/Config/Services.php(139): CodeIgniter\Config\BaseService::getSharedInstance()
 8 SYSTEMPATH/Config/BaseService.php(258): CodeIgniter\Config\Services::clirequest()
 9 SYSTEMPATH/Config/Services.php(537): CodeIgniter\Config\BaseService::__callStatic()
10 SYSTEMPATH/Config/BaseService.php(258): CodeIgniter\Config\Services::createRequest()
11 SYSTEMPATH/CLI/Console.php(37): CodeIgniter\Config\BaseService::__callStatic()
12 ROOTPATH/spark(102): CodeIgniter\CLI\Console->run()
CRITICAL - 2024-06-11 11:23:16 --> ErrorException: Uncaught CodeIgniter\Exceptions\ConfigException: Config\App::$baseURL ":/" is not a valid URL. in /home/api/vendor/codeigniter4/framework/system/HTTP/SiteURI.php:201
Stack trace:
#0 /home/api/vendor/codeigniter4/framework/system/HTTP/SiteURI.php(145): CodeIgniter\HTTP\SiteURI->normalizeBaseURL()
#1 /home/api/vendor/codeigniter4/framework/system/HTTP/SiteURI.php(100): CodeIgniter\HTTP\SiteURI->determineBaseURL()
#2 /home/api/vendor/codeigniter4/framework/system/HTTP/SiteURIFactory.php(224): CodeIgniter\HTTP\SiteURI->__construct()
#3 /home/api/vendor/codeigniter4/framework/system/HTTP/SiteURIFactory.php(45): CodeIgniter\HTTP\SiteURIFactory->createURIFromRoutePath()
#4 /home/api/vendor/codeigniter4/framework/system/Config/Services.php(805): CodeIgniter\HTTP\SiteURIFactory->createFromGlobals()
#5 /home/api/vendor/codeigniter4/framework/system/Config/BaseService.php(258): CodeIgniter\Config\Services::uri()
#6 /home/api/vendor/codeigniter4/framework/system/Config/BaseService.php(199): CodeIgniter\Config\BaseService::__callStatic()
#7 /home/api/vendor/codeigniter4/framework/system/Config/Services.php(798): CodeIgniter\Config\BaseService::getSharedInstance()
#8 /home/api/vendor/codeigniter4/framework/system/Config/BaseService.php(258): CodeIgniter\Config\Services::uri()
#9 /home/api/vendor/codeigniter4/framework/system/Config/Services.php(566): CodeIgniter\Config\BaseService::__callStatic()
#10 /home/api/vendor/codeigniter4/framework/system/Config/BaseService.php(258): CodeIgniter\Config\Services::incomingrequest()
#11 /home/api/vendor/codeigniter4/framework/system/Config/Services.php(524): CodeIgniter\Config\BaseService::__callStatic()
#12 /home/api/vendor/codeigniter4/framework/system/Config/BaseService.php(258): CodeIgniter\Config\Services::request()
#13 /home/api/vendor/codeigniter4/framework/system/Config/BaseService.php(199): CodeIgniter\Config\BaseService::__callStatic()
#14 /home/api/vendor/codeigniter4/framework/system/Config/Services.php(520): CodeIgniter\Config\BaseService::getSharedInstance()
#15 /home/api/vendor/codeigniter4/framework/system/Config/BaseService.php(258): CodeIgniter\Config\Services::request()
#16 /home/api/vendor/codeigniter4/framework/system/Debug/Exceptions.php(150): CodeIgniter\Config\BaseService::__callStatic()
#17 [internal function]: CodeIgniter\Debug\Exceptions->exceptionHandler()
#18 {main}
  thrown
【Previous Exception】
CodeIgniter\Exceptions\ConfigException
Config\App::$baseURL ":/" is not a valid URL.
#0 /home/api/vendor/codeigniter4/framework/system/HTTP/SiteURI.php(145): CodeIgniter\HTTP\SiteURI->normalizeBaseURL()
#1 /home/api/vendor/codeigniter4/framework/system/HTTP/SiteURI.php(100): CodeIgniter\HTTP\SiteURI->determineBaseURL()
#2 /home/api/vendor/codeigniter4/framework/system/HTTP/CLIRequest.php(78): CodeIgniter\HTTP\SiteURI->__construct()
#3 /home/api/vendor/codeigniter4/framework/system/Config/Services.php(144): CodeIgniter\HTTP\CLIRequest->__construct()
#4 /home/api/vendor/codeigniter4/framework/system/Config/BaseService.php(258): CodeIgniter\Config\Services::clirequest()
#5 /home/api/vendor/codeigniter4/framework/system/Config/BaseService.php(199): CodeIgniter\Config\BaseService::__callStatic()
#6 /home/api/vendor/codeigniter4/framework/system/Config/Services.php(139): CodeIgniter\Config\BaseService::getSharedInstance()
#7 /home/api/vendor/codeigniter4/framework/system/Config/BaseService.php(258): CodeIgniter\Config\Services::clirequest()
#8 /home/api/vendor/codeigniter4/framework/system/Config/Services.php(537): CodeIgniter\Config\BaseService::__callStatic()
#9 /home/api/vendor/codeigniter4/framework/system/Config/BaseService.php(258): CodeIgniter\Config\Services::createRequest()
#10 /home/api/vendor/codeigniter4/framework/system/CLI/Console.php(37): CodeIgniter\Config\BaseService::__callStatic()
#11 /home/api/spark(102): CodeIgniter\CLI\Console->run()
#12 {main}
in SYSTEMPATH/HTTP/SiteURI.php on line 201.
 1 [internal function]: CodeIgniter\Debug\Exceptions->shutdownHandler()
CRITICAL - 2024-06-11 11:23:17 --> CodeIgniter\Exceptions\ConfigException: Config\App::$baseURL ":/" is not a valid URL.
in SYSTEMPATH/HTTP/SiteURI.php on line 201.
 1 SYSTEMPATH/HTTP/SiteURI.php(145): CodeIgniter\HTTP\SiteURI->normalizeBaseURL()
 2 SYSTEMPATH/HTTP/SiteURI.php(100): CodeIgniter\HTTP\SiteURI->determineBaseURL()
 3 SYSTEMPATH/HTTP/CLIRequest.php(78): CodeIgniter\HTTP\SiteURI->__construct()
 4 SYSTEMPATH/Config/Services.php(144): CodeIgniter\HTTP\CLIRequest->__construct()
 5 SYSTEMPATH/Config/BaseService.php(258): CodeIgniter\Config\Services::clirequest()
 6 SYSTEMPATH/Config/BaseService.php(199): CodeIgniter\Config\BaseService::__callStatic()
 7 SYSTEMPATH/Config/Services.php(139): CodeIgniter\Config\BaseService::getSharedInstance()
 8 SYSTEMPATH/Config/BaseService.php(258): CodeIgniter\Config\Services::clirequest()
 9 SYSTEMPATH/Config/Services.php(537): CodeIgniter\Config\BaseService::__callStatic()
10 SYSTEMPATH/Config/BaseService.php(258): CodeIgniter\Config\Services::createRequest()
11 SYSTEMPATH/CLI/Console.php(37): CodeIgniter\Config\BaseService::__callStatic()
12 ROOTPATH/spark(102): CodeIgniter\CLI\Console->run()
CRITICAL - 2024-06-11 11:23:17 --> ErrorException: Uncaught CodeIgniter\Exceptions\ConfigException: Config\App::$baseURL ":/" is not a valid URL. in /home/api/vendor/codeigniter4/framework/system/HTTP/SiteURI.php:201
Stack trace:
#0 /home/api/vendor/codeigniter4/framework/system/HTTP/SiteURI.php(145): CodeIgniter\HTTP\SiteURI->normalizeBaseURL()
#1 /home/api/vendor/codeigniter4/framework/system/HTTP/SiteURI.php(100): CodeIgniter\HTTP\SiteURI->determineBaseURL()
#2 /home/api/vendor/codeigniter4/framework/system/HTTP/SiteURIFactory.php(224): CodeIgniter\HTTP\SiteURI->__construct()
#3 /home/api/vendor/codeigniter4/framework/system/HTTP/SiteURIFactory.php(45): CodeIgniter\HTTP\SiteURIFactory->createURIFromRoutePath()
#4 /home/api/vendor/codeigniter4/framework/system/Config/Services.php(805): CodeIgniter\HTTP\SiteURIFactory->createFromGlobals()
#5 /home/api/vendor/codeigniter4/framework/system/Config/BaseService.php(258): CodeIgniter\Config\Services::uri()
#6 /home/api/vendor/codeigniter4/framework/system/Config/BaseService.php(199): CodeIgniter\Config\BaseService::__callStatic()
#7 /home/api/vendor/codeigniter4/framework/system/Config/Services.php(798): CodeIgniter\Config\BaseService::getSharedInstance()
#8 /home/api/vendor/codeigniter4/framework/system/Config/BaseService.php(258): CodeIgniter\Config\Services::uri()
#9 /home/api/vendor/codeigniter4/framework/system/Config/Services.php(566): CodeIgniter\Config\BaseService::__callStatic()
#10 /home/api/vendor/codeigniter4/framework/system/Config/BaseService.php(258): CodeIgniter\Config\Services::incomingrequest()
#11 /home/api/vendor/codeigniter4/framework/system/Config/Services.php(524): CodeIgniter\Config\BaseService::__callStatic()
#12 /home/api/vendor/codeigniter4/framework/system/Config/BaseService.php(258): CodeIgniter\Config\Services::request()
#13 /home/api/vendor/codeigniter4/framework/system/Config/BaseService.php(199): CodeIgniter\Config\BaseService::__callStatic()
#14 /home/api/vendor/codeigniter4/framework/system/Config/Services.php(520): CodeIgniter\Config\BaseService::getSharedInstance()
#15 /home/api/vendor/codeigniter4/framework/system/Config/BaseService.php(258): CodeIgniter\Config\Services::request()
#16 /home/api/vendor/codeigniter4/framework/system/Debug/Exceptions.php(150): CodeIgniter\Config\BaseService::__callStatic()
#17 [internal function]: CodeIgniter\Debug\Exceptions->exceptionHandler()
#18 {main}
  thrown
【Previous Exception】
CodeIgniter\Exceptions\ConfigException
Config\App::$baseURL ":/" is not a valid URL.
#0 /home/api/vendor/codeigniter4/framework/system/HTTP/SiteURI.php(145): CodeIgniter\HTTP\SiteURI->normalizeBaseURL()
#1 /home/api/vendor/codeigniter4/framework/system/HTTP/SiteURI.php(100): CodeIgniter\HTTP\SiteURI->determineBaseURL()
#2 /home/api/vendor/codeigniter4/framework/system/HTTP/CLIRequest.php(78): CodeIgniter\HTTP\SiteURI->__construct()
#3 /home/api/vendor/codeigniter4/framework/system/Config/Services.php(144): CodeIgniter\HTTP\CLIRequest->__construct()
#4 /home/api/vendor/codeigniter4/framework/system/Config/BaseService.php(258): CodeIgniter\Config\Services::clirequest()
#5 /home/api/vendor/codeigniter4/framework/system/Config/BaseService.php(199): CodeIgniter\Config\BaseService::__callStatic()
#6 /home/api/vendor/codeigniter4/framework/system/Config/Services.php(139): CodeIgniter\Config\BaseService::getSharedInstance()
#7 /home/api/vendor/codeigniter4/framework/system/Config/BaseService.php(258): CodeIgniter\Config\Services::clirequest()
#8 /home/api/vendor/codeigniter4/framework/system/Config/Services.php(537): CodeIgniter\Config\BaseService::__callStatic()
#9 /home/api/vendor/codeigniter4/framework/system/Config/BaseService.php(258): CodeIgniter\Config\Services::createRequest()
#10 /home/api/vendor/codeigniter4/framework/system/CLI/Console.php(37): CodeIgniter\Config\BaseService::__callStatic()
#11 /home/api/spark(102): CodeIgniter\CLI\Console->run()
#12 {main}
in SYSTEMPATH/HTTP/SiteURI.php on line 201.
 1 [internal function]: CodeIgniter\Debug\Exceptions->shutdownHandler()
CRITICAL - 2024-06-11 11:23:17 --> CodeIgniter\Exceptions\ConfigException: Config\App::$baseURL ":/" is not a valid URL.
in SYSTEMPATH/HTTP/SiteURI.php on line 201.
 1 SYSTEMPATH/HTTP/SiteURI.php(145): CodeIgniter\HTTP\SiteURI->normalizeBaseURL()
 2 SYSTEMPATH/HTTP/SiteURI.php(100): CodeIgniter\HTTP\SiteURI->determineBaseURL()
 3 SYSTEMPATH/HTTP/CLIRequest.php(78): CodeIgniter\HTTP\SiteURI->__construct()
 4 SYSTEMPATH/Config/Services.php(144): CodeIgniter\HTTP\CLIRequest->__construct()
 5 SYSTEMPATH/Config/BaseService.php(258): CodeIgniter\Config\Services::clirequest()
 6 SYSTEMPATH/Config/BaseService.php(199): CodeIgniter\Config\BaseService::__callStatic()
 7 SYSTEMPATH/Config/Services.php(139): CodeIgniter\Config\BaseService::getSharedInstance()
 8 SYSTEMPATH/Config/BaseService.php(258): CodeIgniter\Config\Services::clirequest()
 9 SYSTEMPATH/Config/Services.php(537): CodeIgniter\Config\BaseService::__callStatic()
10 SYSTEMPATH/Config/BaseService.php(258): CodeIgniter\Config\Services::createRequest()
11 SYSTEMPATH/CLI/Console.php(37): CodeIgniter\Config\BaseService::__callStatic()
12 ROOTPATH/spark(102): CodeIgniter\CLI\Console->run()
CRITICAL - 2024-06-11 11:23:17 --> ErrorException: Uncaught CodeIgniter\Exceptions\ConfigException: Config\App::$baseURL ":/" is not a valid URL. in /home/api/vendor/codeigniter4/framework/system/HTTP/SiteURI.php:201
Stack trace:
#0 /home/api/vendor/codeigniter4/framework/system/HTTP/SiteURI.php(145): CodeIgniter\HTTP\SiteURI->normalizeBaseURL()
#1 /home/api/vendor/codeigniter4/framework/system/HTTP/SiteURI.php(100): CodeIgniter\HTTP\SiteURI->determineBaseURL()
#2 /home/api/vendor/codeigniter4/framework/system/HTTP/SiteURIFactory.php(224): CodeIgniter\HTTP\SiteURI->__construct()
#3 /home/api/vendor/codeigniter4/framework/system/HTTP/SiteURIFactory.php(45): CodeIgniter\HTTP\SiteURIFactory->createURIFromRoutePath()
#4 /home/api/vendor/codeigniter4/framework/system/Config/Services.php(805): CodeIgniter\HTTP\SiteURIFactory->createFromGlobals()
#5 /home/api/vendor/codeigniter4/framework/system/Config/BaseService.php(258): CodeIgniter\Config\Services::uri()
#6 /home/api/vendor/codeigniter4/framework/system/Config/BaseService.php(199): CodeIgniter\Config\BaseService::__callStatic()
#7 /home/api/vendor/codeigniter4/framework/system/Config/Services.php(798): CodeIgniter\Config\BaseService::getSharedInstance()
#8 /home/api/vendor/codeigniter4/framework/system/Config/BaseService.php(258): CodeIgniter\Config\Services::uri()
#9 /home/api/vendor/codeigniter4/framework/system/Config/Services.php(566): CodeIgniter\Config\BaseService::__callStatic()
#10 /home/api/vendor/codeigniter4/framework/system/Config/BaseService.php(258): CodeIgniter\Config\Services::incomingrequest()
#11 /home/api/vendor/codeigniter4/framework/system/Config/Services.php(524): CodeIgniter\Config\BaseService::__callStatic()
#12 /home/api/vendor/codeigniter4/framework/system/Config/BaseService.php(258): CodeIgniter\Config\Services::request()
#13 /home/api/vendor/codeigniter4/framework/system/Config/BaseService.php(199): CodeIgniter\Config\BaseService::__callStatic()
#14 /home/api/vendor/codeigniter4/framework/system/Config/Services.php(520): CodeIgniter\Config\BaseService::getSharedInstance()
#15 /home/api/vendor/codeigniter4/framework/system/Config/BaseService.php(258): CodeIgniter\Config\Services::request()
#16 /home/api/vendor/codeigniter4/framework/system/Debug/Exceptions.php(150): CodeIgniter\Config\BaseService::__callStatic()
#17 [internal function]: CodeIgniter\Debug\Exceptions->exceptionHandler()
#18 {main}
  thrown
【Previous Exception】
CodeIgniter\Exceptions\ConfigException
Config\App::$baseURL ":/" is not a valid URL.
#0 /home/api/vendor/codeigniter4/framework/system/HTTP/SiteURI.php(145): CodeIgniter\HTTP\SiteURI->normalizeBaseURL()
#1 /home/api/vendor/codeigniter4/framework/system/HTTP/SiteURI.php(100): CodeIgniter\HTTP\SiteURI->determineBaseURL()
#2 /home/api/vendor/codeigniter4/framework/system/HTTP/CLIRequest.php(78): CodeIgniter\HTTP\SiteURI->__construct()
#3 /home/api/vendor/codeigniter4/framework/system/Config/Services.php(144): CodeIgniter\HTTP\CLIRequest->__construct()
#4 /home/api/vendor/codeigniter4/framework/system/Config/BaseService.php(258): CodeIgniter\Config\Services::clirequest()
#5 /home/api/vendor/codeigniter4/framework/system/Config/BaseService.php(199): CodeIgniter\Config\BaseService::__callStatic()
#6 /home/api/vendor/codeigniter4/framework/system/Config/Services.php(139): CodeIgniter\Config\BaseService::getSharedInstance()
#7 /home/api/vendor/codeigniter4/framework/system/Config/BaseService.php(258): CodeIgniter\Config\Services::clirequest()
#8 /home/api/vendor/codeigniter4/framework/system/Config/Services.php(537): CodeIgniter\Config\BaseService::__callStatic()
#9 /home/api/vendor/codeigniter4/framework/system/Config/BaseService.php(258): CodeIgniter\Config\Services::createRequest()
#10 /home/api/vendor/codeigniter4/framework/system/CLI/Console.php(37): CodeIgniter\Config\BaseService::__callStatic()
#11 /home/api/spark(102): CodeIgniter\CLI\Console->run()
#12 {main}
in SYSTEMPATH/HTTP/SiteURI.php on line 201.
 1 [internal function]: CodeIgniter\Debug\Exceptions->shutdownHandler()
CRITICAL - 2024-06-11 11:23:17 --> CodeIgniter\Exceptions\ConfigException: Config\App::$baseURL ":/" is not a valid URL.
in SYSTEMPATH/HTTP/SiteURI.php on line 201.
 1 SYSTEMPATH/HTTP/SiteURI.php(145): CodeIgniter\HTTP\SiteURI->normalizeBaseURL()
 2 SYSTEMPATH/HTTP/SiteURI.php(100): CodeIgniter\HTTP\SiteURI->determineBaseURL()
 3 SYSTEMPATH/HTTP/CLIRequest.php(78): CodeIgniter\HTTP\SiteURI->__construct()
 4 SYSTEMPATH/Config/Services.php(144): CodeIgniter\HTTP\CLIRequest->__construct()
 5 SYSTEMPATH/Config/BaseService.php(258): CodeIgniter\Config\Services::clirequest()
 6 SYSTEMPATH/Config/BaseService.php(199): CodeIgniter\Config\BaseService::__callStatic()
 7 SYSTEMPATH/Config/Services.php(139): CodeIgniter\Config\BaseService::getSharedInstance()
 8 SYSTEMPATH/Config/BaseService.php(258): CodeIgniter\Config\Services::clirequest()
 9 SYSTEMPATH/Config/Services.php(537): CodeIgniter\Config\BaseService::__callStatic()
10 SYSTEMPATH/Config/BaseService.php(258): CodeIgniter\Config\Services::createRequest()
11 SYSTEMPATH/CLI/Console.php(37): CodeIgniter\Config\BaseService::__callStatic()
12 ROOTPATH/spark(102): CodeIgniter\CLI\Console->run()
CRITICAL - 2024-06-11 11:23:17 --> ErrorException: Uncaught CodeIgniter\Exceptions\ConfigException: Config\App::$baseURL ":/" is not a valid URL. in /home/api/vendor/codeigniter4/framework/system/HTTP/SiteURI.php:201
Stack trace:
#0 /home/api/vendor/codeigniter4/framework/system/HTTP/SiteURI.php(145): CodeIgniter\HTTP\SiteURI->normalizeBaseURL()
#1 /home/api/vendor/codeigniter4/framework/system/HTTP/SiteURI.php(100): CodeIgniter\HTTP\SiteURI->determineBaseURL()
#2 /home/api/vendor/codeigniter4/framework/system/HTTP/SiteURIFactory.php(224): CodeIgniter\HTTP\SiteURI->__construct()
#3 /home/api/vendor/codeigniter4/framework/system/HTTP/SiteURIFactory.php(45): CodeIgniter\HTTP\SiteURIFactory->createURIFromRoutePath()
#4 /home/api/vendor/codeigniter4/framework/system/Config/Services.php(805): CodeIgniter\HTTP\SiteURIFactory->createFromGlobals()
#5 /home/api/vendor/codeigniter4/framework/system/Config/BaseService.php(258): CodeIgniter\Config\Services::uri()
#6 /home/api/vendor/codeigniter4/framework/system/Config/BaseService.php(199): CodeIgniter\Config\BaseService::__callStatic()
#7 /home/api/vendor/codeigniter4/framework/system/Config/Services.php(798): CodeIgniter\Config\BaseService::getSharedInstance()
#8 /home/api/vendor/codeigniter4/framework/system/Config/BaseService.php(258): CodeIgniter\Config\Services::uri()
#9 /home/api/vendor/codeigniter4/framework/system/Config/Services.php(566): CodeIgniter\Config\BaseService::__callStatic()
#10 /home/api/vendor/codeigniter4/framework/system/Config/BaseService.php(258): CodeIgniter\Config\Services::incomingrequest()
#11 /home/api/vendor/codeigniter4/framework/system/Config/Services.php(524): CodeIgniter\Config\BaseService::__callStatic()
#12 /home/api/vendor/codeigniter4/framework/system/Config/BaseService.php(258): CodeIgniter\Config\Services::request()
#13 /home/api/vendor/codeigniter4/framework/system/Config/BaseService.php(199): CodeIgniter\Config\BaseService::__callStatic()
#14 /home/api/vendor/codeigniter4/framework/system/Config/Services.php(520): CodeIgniter\Config\BaseService::getSharedInstance()
#15 /home/api/vendor/codeigniter4/framework/system/Config/BaseService.php(258): CodeIgniter\Config\Services::request()
#16 /home/api/vendor/codeigniter4/framework/system/Debug/Exceptions.php(150): CodeIgniter\Config\BaseService::__callStatic()
#17 [internal function]: CodeIgniter\Debug\Exceptions->exceptionHandler()
#18 {main}
  thrown
【Previous Exception】
CodeIgniter\Exceptions\ConfigException
Config\App::$baseURL ":/" is not a valid URL.
#0 /home/api/vendor/codeigniter4/framework/system/HTTP/SiteURI.php(145): CodeIgniter\HTTP\SiteURI->normalizeBaseURL()
#1 /home/api/vendor/codeigniter4/framework/system/HTTP/SiteURI.php(100): CodeIgniter\HTTP\SiteURI->determineBaseURL()
#2 /home/api/vendor/codeigniter4/framework/system/HTTP/CLIRequest.php(78): CodeIgniter\HTTP\SiteURI->__construct()
#3 /home/api/vendor/codeigniter4/framework/system/Config/Services.php(144): CodeIgniter\HTTP\CLIRequest->__construct()
#4 /home/api/vendor/codeigniter4/framework/system/Config/BaseService.php(258): CodeIgniter\Config\Services::clirequest()
#5 /home/api/vendor/codeigniter4/framework/system/Config/BaseService.php(199): CodeIgniter\Config\BaseService::__callStatic()
#6 /home/api/vendor/codeigniter4/framework/system/Config/Services.php(139): CodeIgniter\Config\BaseService::getSharedInstance()
#7 /home/api/vendor/codeigniter4/framework/system/Config/BaseService.php(258): CodeIgniter\Config\Services::clirequest()
#8 /home/api/vendor/codeigniter4/framework/system/Config/Services.php(537): CodeIgniter\Config\BaseService::__callStatic()
#9 /home/api/vendor/codeigniter4/framework/system/Config/BaseService.php(258): CodeIgniter\Config\Services::createRequest()
#10 /home/api/vendor/codeigniter4/framework/system/CLI/Console.php(37): CodeIgniter\Config\BaseService::__callStatic()
#11 /home/api/spark(102): CodeIgniter\CLI\Console->run()
#12 {main}
in SYSTEMPATH/HTTP/SiteURI.php on line 201.
 1 [internal function]: CodeIgniter\Debug\Exceptions->shutdownHandler()
CRITICAL - 2024-06-11 11:23:17 --> CodeIgniter\Exceptions\ConfigException: Config\App::$baseURL ":/" is not a valid URL.
in SYSTEMPATH/HTTP/SiteURI.php on line 201.
 1 SYSTEMPATH/HTTP/SiteURI.php(145): CodeIgniter\HTTP\SiteURI->normalizeBaseURL()
 2 SYSTEMPATH/HTTP/SiteURI.php(100): CodeIgniter\HTTP\SiteURI->determineBaseURL()
 3 SYSTEMPATH/HTTP/CLIRequest.php(78): CodeIgniter\HTTP\SiteURI->__construct()
 4 SYSTEMPATH/Config/Services.php(144): CodeIgniter\HTTP\CLIRequest->__construct()
 5 SYSTEMPATH/Config/BaseService.php(258): CodeIgniter\Config\Services::clirequest()
 6 SYSTEMPATH/Config/BaseService.php(199): CodeIgniter\Config\BaseService::__callStatic()
 7 SYSTEMPATH/Config/Services.php(139): CodeIgniter\Config\BaseService::getSharedInstance()
 8 SYSTEMPATH/Config/BaseService.php(258): CodeIgniter\Config\Services::clirequest()
 9 SYSTEMPATH/Config/Services.php(537): CodeIgniter\Config\BaseService::__callStatic()
10 SYSTEMPATH/Config/BaseService.php(258): CodeIgniter\Config\Services::createRequest()
11 SYSTEMPATH/CLI/Console.php(37): CodeIgniter\Config\BaseService::__callStatic()
12 ROOTPATH/spark(102): CodeIgniter\CLI\Console->run()
CRITICAL - 2024-06-11 11:23:17 --> ErrorException: Uncaught CodeIgniter\Exceptions\ConfigException: Config\App::$baseURL ":/" is not a valid URL. in /home/api/vendor/codeigniter4/framework/system/HTTP/SiteURI.php:201
Stack trace:
#0 /home/api/vendor/codeigniter4/framework/system/HTTP/SiteURI.php(145): CodeIgniter\HTTP\SiteURI->normalizeBaseURL()
#1 /home/api/vendor/codeigniter4/framework/system/HTTP/SiteURI.php(100): CodeIgniter\HTTP\SiteURI->determineBaseURL()
#2 /home/api/vendor/codeigniter4/framework/system/HTTP/SiteURIFactory.php(224): CodeIgniter\HTTP\SiteURI->__construct()
#3 /home/api/vendor/codeigniter4/framework/system/HTTP/SiteURIFactory.php(45): CodeIgniter\HTTP\SiteURIFactory->createURIFromRoutePath()
#4 /home/api/vendor/codeigniter4/framework/system/Config/Services.php(805): CodeIgniter\HTTP\SiteURIFactory->createFromGlobals()
#5 /home/api/vendor/codeigniter4/framework/system/Config/BaseService.php(258): CodeIgniter\Config\Services::uri()
#6 /home/api/vendor/codeigniter4/framework/system/Config/BaseService.php(199): CodeIgniter\Config\BaseService::__callStatic()
#7 /home/api/vendor/codeigniter4/framework/system/Config/Services.php(798): CodeIgniter\Config\BaseService::getSharedInstance()
#8 /home/api/vendor/codeigniter4/framework/system/Config/BaseService.php(258): CodeIgniter\Config\Services::uri()
#9 /home/api/vendor/codeigniter4/framework/system/Config/Services.php(566): CodeIgniter\Config\BaseService::__callStatic()
#10 /home/api/vendor/codeigniter4/framework/system/Config/BaseService.php(258): CodeIgniter\Config\Services::incomingrequest()
#11 /home/api/vendor/codeigniter4/framework/system/Config/Services.php(524): CodeIgniter\Config\BaseService::__callStatic()
#12 /home/api/vendor/codeigniter4/framework/system/Config/BaseService.php(258): CodeIgniter\Config\Services::request()
#13 /home/api/vendor/codeigniter4/framework/system/Config/BaseService.php(199): CodeIgniter\Config\BaseService::__callStatic()
#14 /home/api/vendor/codeigniter4/framework/system/Config/Services.php(520): CodeIgniter\Config\BaseService::getSharedInstance()
#15 /home/api/vendor/codeigniter4/framework/system/Config/BaseService.php(258): CodeIgniter\Config\Services::request()
#16 /home/api/vendor/codeigniter4/framework/system/Debug/Exceptions.php(150): CodeIgniter\Config\BaseService::__callStatic()
#17 [internal function]: CodeIgniter\Debug\Exceptions->exceptionHandler()
#18 {main}
  thrown
【Previous Exception】
CodeIgniter\Exceptions\ConfigException
Config\App::$baseURL ":/" is not a valid URL.
#0 /home/api/vendor/codeigniter4/framework/system/HTTP/SiteURI.php(145): CodeIgniter\HTTP\SiteURI->normalizeBaseURL()
#1 /home/api/vendor/codeigniter4/framework/system/HTTP/SiteURI.php(100): CodeIgniter\HTTP\SiteURI->determineBaseURL()
#2 /home/api/vendor/codeigniter4/framework/system/HTTP/CLIRequest.php(78): CodeIgniter\HTTP\SiteURI->__construct()
#3 /home/api/vendor/codeigniter4/framework/system/Config/Services.php(144): CodeIgniter\HTTP\CLIRequest->__construct()
#4 /home/api/vendor/codeigniter4/framework/system/Config/BaseService.php(258): CodeIgniter\Config\Services::clirequest()
#5 /home/api/vendor/codeigniter4/framework/system/Config/BaseService.php(199): CodeIgniter\Config\BaseService::__callStatic()
#6 /home/api/vendor/codeigniter4/framework/system/Config/Services.php(139): CodeIgniter\Config\BaseService::getSharedInstance()
#7 /home/api/vendor/codeigniter4/framework/system/Config/BaseService.php(258): CodeIgniter\Config\Services::clirequest()
#8 /home/api/vendor/codeigniter4/framework/system/Config/Services.php(537): CodeIgniter\Config\BaseService::__callStatic()
#9 /home/api/vendor/codeigniter4/framework/system/Config/BaseService.php(258): CodeIgniter\Config\Services::createRequest()
#10 /home/api/vendor/codeigniter4/framework/system/CLI/Console.php(37): CodeIgniter\Config\BaseService::__callStatic()
#11 /home/api/spark(102): CodeIgniter\CLI\Console->run()
#12 {main}
in SYSTEMPATH/HTTP/SiteURI.php on line 201.
 1 [internal function]: CodeIgniter\Debug\Exceptions->shutdownHandler()
CRITICAL - 2024-06-11 11:23:18 --> CodeIgniter\Exceptions\ConfigException: Config\App::$baseURL ":/" is not a valid URL.
in SYSTEMPATH/HTTP/SiteURI.php on line 201.
 1 SYSTEMPATH/HTTP/SiteURI.php(145): CodeIgniter\HTTP\SiteURI->normalizeBaseURL()
 2 SYSTEMPATH/HTTP/SiteURI.php(100): CodeIgniter\HTTP\SiteURI->determineBaseURL()
 3 SYSTEMPATH/HTTP/CLIRequest.php(78): CodeIgniter\HTTP\SiteURI->__construct()
 4 SYSTEMPATH/Config/Services.php(144): CodeIgniter\HTTP\CLIRequest->__construct()
 5 SYSTEMPATH/Config/BaseService.php(258): CodeIgniter\Config\Services::clirequest()
 6 SYSTEMPATH/Config/BaseService.php(199): CodeIgniter\Config\BaseService::__callStatic()
 7 SYSTEMPATH/Config/Services.php(139): CodeIgniter\Config\BaseService::getSharedInstance()
 8 SYSTEMPATH/Config/BaseService.php(258): CodeIgniter\Config\Services::clirequest()
 9 SYSTEMPATH/Config/Services.php(537): CodeIgniter\Config\BaseService::__callStatic()
10 SYSTEMPATH/Config/BaseService.php(258): CodeIgniter\Config\Services::createRequest()
11 SYSTEMPATH/CLI/Console.php(37): CodeIgniter\Config\BaseService::__callStatic()
12 ROOTPATH/spark(102): CodeIgniter\CLI\Console->run()
CRITICAL - 2024-06-11 11:23:18 --> ErrorException: Uncaught CodeIgniter\Exceptions\ConfigException: Config\App::$baseURL ":/" is not a valid URL. in /home/api/vendor/codeigniter4/framework/system/HTTP/SiteURI.php:201
Stack trace:
#0 /home/api/vendor/codeigniter4/framework/system/HTTP/SiteURI.php(145): CodeIgniter\HTTP\SiteURI->normalizeBaseURL()
#1 /home/api/vendor/codeigniter4/framework/system/HTTP/SiteURI.php(100): CodeIgniter\HTTP\SiteURI->determineBaseURL()
#2 /home/api/vendor/codeigniter4/framework/system/HTTP/SiteURIFactory.php(224): CodeIgniter\HTTP\SiteURI->__construct()
#3 /home/api/vendor/codeigniter4/framework/system/HTTP/SiteURIFactory.php(45): CodeIgniter\HTTP\SiteURIFactory->createURIFromRoutePath()
#4 /home/api/vendor/codeigniter4/framework/system/Config/Services.php(805): CodeIgniter\HTTP\SiteURIFactory->createFromGlobals()
#5 /home/api/vendor/codeigniter4/framework/system/Config/BaseService.php(258): CodeIgniter\Config\Services::uri()
#6 /home/api/vendor/codeigniter4/framework/system/Config/BaseService.php(199): CodeIgniter\Config\BaseService::__callStatic()
#7 /home/api/vendor/codeigniter4/framework/system/Config/Services.php(798): CodeIgniter\Config\BaseService::getSharedInstance()
#8 /home/api/vendor/codeigniter4/framework/system/Config/BaseService.php(258): CodeIgniter\Config\Services::uri()
#9 /home/api/vendor/codeigniter4/framework/system/Config/Services.php(566): CodeIgniter\Config\BaseService::__callStatic()
#10 /home/api/vendor/codeigniter4/framework/system/Config/BaseService.php(258): CodeIgniter\Config\Services::incomingrequest()
#11 /home/api/vendor/codeigniter4/framework/system/Config/Services.php(524): CodeIgniter\Config\BaseService::__callStatic()
#12 /home/api/vendor/codeigniter4/framework/system/Config/BaseService.php(258): CodeIgniter\Config\Services::request()
#13 /home/api/vendor/codeigniter4/framework/system/Config/BaseService.php(199): CodeIgniter\Config\BaseService::__callStatic()
#14 /home/api/vendor/codeigniter4/framework/system/Config/Services.php(520): CodeIgniter\Config\BaseService::getSharedInstance()
#15 /home/api/vendor/codeigniter4/framework/system/Config/BaseService.php(258): CodeIgniter\Config\Services::request()
#16 /home/api/vendor/codeigniter4/framework/system/Debug/Exceptions.php(150): CodeIgniter\Config\BaseService::__callStatic()
#17 [internal function]: CodeIgniter\Debug\Exceptions->exceptionHandler()
#18 {main}
  thrown
【Previous Exception】
CodeIgniter\Exceptions\ConfigException
Config\App::$baseURL ":/" is not a valid URL.
#0 /home/api/vendor/codeigniter4/framework/system/HTTP/SiteURI.php(145): CodeIgniter\HTTP\SiteURI->normalizeBaseURL()
#1 /home/api/vendor/codeigniter4/framework/system/HTTP/SiteURI.php(100): CodeIgniter\HTTP\SiteURI->determineBaseURL()
#2 /home/api/vendor/codeigniter4/framework/system/HTTP/CLIRequest.php(78): CodeIgniter\HTTP\SiteURI->__construct()
#3 /home/api/vendor/codeigniter4/framework/system/Config/Services.php(144): CodeIgniter\HTTP\CLIRequest->__construct()
#4 /home/api/vendor/codeigniter4/framework/system/Config/BaseService.php(258): CodeIgniter\Config\Services::clirequest()
#5 /home/api/vendor/codeigniter4/framework/system/Config/BaseService.php(199): CodeIgniter\Config\BaseService::__callStatic()
#6 /home/api/vendor/codeigniter4/framework/system/Config/Services.php(139): CodeIgniter\Config\BaseService::getSharedInstance()
#7 /home/api/vendor/codeigniter4/framework/system/Config/BaseService.php(258): CodeIgniter\Config\Services::clirequest()
#8 /home/api/vendor/codeigniter4/framework/system/Config/Services.php(537): CodeIgniter\Config\BaseService::__callStatic()
#9 /home/api/vendor/codeigniter4/framework/system/Config/BaseService.php(258): CodeIgniter\Config\Services::createRequest()
#10 /home/api/vendor/codeigniter4/framework/system/CLI/Console.php(37): CodeIgniter\Config\BaseService::__callStatic()
#11 /home/api/spark(102): CodeIgniter\CLI\Console->run()
#12 {main}
in SYSTEMPATH/HTTP/SiteURI.php on line 201.
 1 [internal function]: CodeIgniter\Debug\Exceptions->shutdownHandler()
CRITICAL - 2024-06-11 11:23:18 --> CodeIgniter\Exceptions\ConfigException: Config\App::$baseURL ":/" is not a valid URL.
in SYSTEMPATH/HTTP/SiteURI.php on line 201.
 1 SYSTEMPATH/HTTP/SiteURI.php(145): CodeIgniter\HTTP\SiteURI->normalizeBaseURL()
 2 SYSTEMPATH/HTTP/SiteURI.php(100): CodeIgniter\HTTP\SiteURI->determineBaseURL()
 3 SYSTEMPATH/HTTP/CLIRequest.php(78): CodeIgniter\HTTP\SiteURI->__construct()
 4 SYSTEMPATH/Config/Services.php(144): CodeIgniter\HTTP\CLIRequest->__construct()
 5 SYSTEMPATH/Config/BaseService.php(258): CodeIgniter\Config\Services::clirequest()
 6 SYSTEMPATH/Config/BaseService.php(199): CodeIgniter\Config\BaseService::__callStatic()
 7 SYSTEMPATH/Config/Services.php(139): CodeIgniter\Config\BaseService::getSharedInstance()
 8 SYSTEMPATH/Config/BaseService.php(258): CodeIgniter\Config\Services::clirequest()
 9 SYSTEMPATH/Config/Services.php(537): CodeIgniter\Config\BaseService::__callStatic()
10 SYSTEMPATH/Config/BaseService.php(258): CodeIgniter\Config\Services::createRequest()
11 SYSTEMPATH/CLI/Console.php(37): CodeIgniter\Config\BaseService::__callStatic()
12 ROOTPATH/spark(102): CodeIgniter\CLI\Console->run()
CRITICAL - 2024-06-11 11:23:18 --> ErrorException: Uncaught CodeIgniter\Exceptions\ConfigException: Config\App::$baseURL ":/" is not a valid URL. in /home/api/vendor/codeigniter4/framework/system/HTTP/SiteURI.php:201
Stack trace:
#0 /home/api/vendor/codeigniter4/framework/system/HTTP/SiteURI.php(145): CodeIgniter\HTTP\SiteURI->normalizeBaseURL()
#1 /home/api/vendor/codeigniter4/framework/system/HTTP/SiteURI.php(100): CodeIgniter\HTTP\SiteURI->determineBaseURL()
#2 /home/api/vendor/codeigniter4/framework/system/HTTP/SiteURIFactory.php(224): CodeIgniter\HTTP\SiteURI->__construct()
#3 /home/api/vendor/codeigniter4/framework/system/HTTP/SiteURIFactory.php(45): CodeIgniter\HTTP\SiteURIFactory->createURIFromRoutePath()
#4 /home/api/vendor/codeigniter4/framework/system/Config/Services.php(805): CodeIgniter\HTTP\SiteURIFactory->createFromGlobals()
#5 /home/api/vendor/codeigniter4/framework/system/Config/BaseService.php(258): CodeIgniter\Config\Services::uri()
#6 /home/api/vendor/codeigniter4/framework/system/Config/BaseService.php(199): CodeIgniter\Config\BaseService::__callStatic()
#7 /home/api/vendor/codeigniter4/framework/system/Config/Services.php(798): CodeIgniter\Config\BaseService::getSharedInstance()
#8 /home/api/vendor/codeigniter4/framework/system/Config/BaseService.php(258): CodeIgniter\Config\Services::uri()
#9 /home/api/vendor/codeigniter4/framework/system/Config/Services.php(566): CodeIgniter\Config\BaseService::__callStatic()
#10 /home/api/vendor/codeigniter4/framework/system/Config/BaseService.php(258): CodeIgniter\Config\Services::incomingrequest()
#11 /home/api/vendor/codeigniter4/framework/system/Config/Services.php(524): CodeIgniter\Config\BaseService::__callStatic()
#12 /home/api/vendor/codeigniter4/framework/system/Config/BaseService.php(258): CodeIgniter\Config\Services::request()
#13 /home/api/vendor/codeigniter4/framework/system/Config/BaseService.php(199): CodeIgniter\Config\BaseService::__callStatic()
#14 /home/api/vendor/codeigniter4/framework/system/Config/Services.php(520): CodeIgniter\Config\BaseService::getSharedInstance()
#15 /home/api/vendor/codeigniter4/framework/system/Config/BaseService.php(258): CodeIgniter\Config\Services::request()
#16 /home/api/vendor/codeigniter4/framework/system/Debug/Exceptions.php(150): CodeIgniter\Config\BaseService::__callStatic()
#17 [internal function]: CodeIgniter\Debug\Exceptions->exceptionHandler()
#18 {main}
  thrown
【Previous Exception】
CodeIgniter\Exceptions\ConfigException
Config\App::$baseURL ":/" is not a valid URL.
#0 /home/api/vendor/codeigniter4/framework/system/HTTP/SiteURI.php(145): CodeIgniter\HTTP\SiteURI->normalizeBaseURL()
#1 /home/api/vendor/codeigniter4/framework/system/HTTP/SiteURI.php(100): CodeIgniter\HTTP\SiteURI->determineBaseURL()
#2 /home/api/vendor/codeigniter4/framework/system/HTTP/CLIRequest.php(78): CodeIgniter\HTTP\SiteURI->__construct()
#3 /home/api/vendor/codeigniter4/framework/system/Config/Services.php(144): CodeIgniter\HTTP\CLIRequest->__construct()
#4 /home/api/vendor/codeigniter4/framework/system/Config/BaseService.php(258): CodeIgniter\Config\Services::clirequest()
#5 /home/api/vendor/codeigniter4/framework/system/Config/BaseService.php(199): CodeIgniter\Config\BaseService::__callStatic()
#6 /home/api/vendor/codeigniter4/framework/system/Config/Services.php(139): CodeIgniter\Config\BaseService::getSharedInstance()
#7 /home/api/vendor/codeigniter4/framework/system/Config/BaseService.php(258): CodeIgniter\Config\Services::clirequest()
#8 /home/api/vendor/codeigniter4/framework/system/Config/Services.php(537): CodeIgniter\Config\BaseService::__callStatic()
#9 /home/api/vendor/codeigniter4/framework/system/Config/BaseService.php(258): CodeIgniter\Config\Services::createRequest()
#10 /home/api/vendor/codeigniter4/framework/system/CLI/Console.php(37): CodeIgniter\Config\BaseService::__callStatic()
#11 /home/api/spark(102): CodeIgniter\CLI\Console->run()
#12 {main}
in SYSTEMPATH/HTTP/SiteURI.php on line 201.
 1 [internal function]: CodeIgniter\Debug\Exceptions->shutdownHandler()
CRITICAL - 2024-06-11 11:23:18 --> CodeIgniter\Exceptions\ConfigException: Config\App::$baseURL ":/" is not a valid URL.
in SYSTEMPATH/HTTP/SiteURI.php on line 201.
 1 SYSTEMPATH/HTTP/SiteURI.php(145): CodeIgniter\HTTP\SiteURI->normalizeBaseURL()
 2 SYSTEMPATH/HTTP/SiteURI.php(100): CodeIgniter\HTTP\SiteURI->determineBaseURL()
 3 SYSTEMPATH/HTTP/CLIRequest.php(78): CodeIgniter\HTTP\SiteURI->__construct()
 4 SYSTEMPATH/Config/Services.php(144): CodeIgniter\HTTP\CLIRequest->__construct()
 5 SYSTEMPATH/Config/BaseService.php(258): CodeIgniter\Config\Services::clirequest()
 6 SYSTEMPATH/Config/BaseService.php(199): CodeIgniter\Config\BaseService::__callStatic()
 7 SYSTEMPATH/Config/Services.php(139): CodeIgniter\Config\BaseService::getSharedInstance()
 8 SYSTEMPATH/Config/BaseService.php(258): CodeIgniter\Config\Services::clirequest()
 9 SYSTEMPATH/Config/Services.php(537): CodeIgniter\Config\BaseService::__callStatic()
10 SYSTEMPATH/Config/BaseService.php(258): CodeIgniter\Config\Services::createRequest()
11 SYSTEMPATH/CLI/Console.php(37): CodeIgniter\Config\BaseService::__callStatic()
12 ROOTPATH/spark(102): CodeIgniter\CLI\Console->run()
CRITICAL - 2024-06-11 11:23:18 --> ErrorException: Uncaught CodeIgniter\Exceptions\ConfigException: Config\App::$baseURL ":/" is not a valid URL. in /home/api/vendor/codeigniter4/framework/system/HTTP/SiteURI.php:201
Stack trace:
#0 /home/api/vendor/codeigniter4/framework/system/HTTP/SiteURI.php(145): CodeIgniter\HTTP\SiteURI->normalizeBaseURL()
#1 /home/api/vendor/codeigniter4/framework/system/HTTP/SiteURI.php(100): CodeIgniter\HTTP\SiteURI->determineBaseURL()
#2 /home/api/vendor/codeigniter4/framework/system/HTTP/SiteURIFactory.php(224): CodeIgniter\HTTP\SiteURI->__construct()
#3 /home/api/vendor/codeigniter4/framework/system/HTTP/SiteURIFactory.php(45): CodeIgniter\HTTP\SiteURIFactory->createURIFromRoutePath()
#4 /home/api/vendor/codeigniter4/framework/system/Config/Services.php(805): CodeIgniter\HTTP\SiteURIFactory->createFromGlobals()
#5 /home/api/vendor/codeigniter4/framework/system/Config/BaseService.php(258): CodeIgniter\Config\Services::uri()
#6 /home/api/vendor/codeigniter4/framework/system/Config/BaseService.php(199): CodeIgniter\Config\BaseService::__callStatic()
#7 /home/api/vendor/codeigniter4/framework/system/Config/Services.php(798): CodeIgniter\Config\BaseService::getSharedInstance()
#8 /home/api/vendor/codeigniter4/framework/system/Config/BaseService.php(258): CodeIgniter\Config\Services::uri()
#9 /home/api/vendor/codeigniter4/framework/system/Config/Services.php(566): CodeIgniter\Config\BaseService::__callStatic()
#10 /home/api/vendor/codeigniter4/framework/system/Config/BaseService.php(258): CodeIgniter\Config\Services::incomingrequest()
#11 /home/api/vendor/codeigniter4/framework/system/Config/Services.php(524): CodeIgniter\Config\BaseService::__callStatic()
#12 /home/api/vendor/codeigniter4/framework/system/Config/BaseService.php(258): CodeIgniter\Config\Services::request()
#13 /home/api/vendor/codeigniter4/framework/system/Config/BaseService.php(199): CodeIgniter\Config\BaseService::__callStatic()
#14 /home/api/vendor/codeigniter4/framework/system/Config/Services.php(520): CodeIgniter\Config\BaseService::getSharedInstance()
#15 /home/api/vendor/codeigniter4/framework/system/Config/BaseService.php(258): CodeIgniter\Config\Services::request()
#16 /home/api/vendor/codeigniter4/framework/system/Debug/Exceptions.php(150): CodeIgniter\Config\BaseService::__callStatic()
#17 [internal function]: CodeIgniter\Debug\Exceptions->exceptionHandler()
#18 {main}
  thrown
【Previous Exception】
CodeIgniter\Exceptions\ConfigException
Config\App::$baseURL ":/" is not a valid URL.
#0 /home/api/vendor/codeigniter4/framework/system/HTTP/SiteURI.php(145): CodeIgniter\HTTP\SiteURI->normalizeBaseURL()
#1 /home/api/vendor/codeigniter4/framework/system/HTTP/SiteURI.php(100): CodeIgniter\HTTP\SiteURI->determineBaseURL()
#2 /home/api/vendor/codeigniter4/framework/system/HTTP/CLIRequest.php(78): CodeIgniter\HTTP\SiteURI->__construct()
#3 /home/api/vendor/codeigniter4/framework/system/Config/Services.php(144): CodeIgniter\HTTP\CLIRequest->__construct()
#4 /home/api/vendor/codeigniter4/framework/system/Config/BaseService.php(258): CodeIgniter\Config\Services::clirequest()
#5 /home/api/vendor/codeigniter4/framework/system/Config/BaseService.php(199): CodeIgniter\Config\BaseService::__callStatic()
#6 /home/api/vendor/codeigniter4/framework/system/Config/Services.php(139): CodeIgniter\Config\BaseService::getSharedInstance()
#7 /home/api/vendor/codeigniter4/framework/system/Config/BaseService.php(258): CodeIgniter\Config\Services::clirequest()
#8 /home/api/vendor/codeigniter4/framework/system/Config/Services.php(537): CodeIgniter\Config\BaseService::__callStatic()
#9 /home/api/vendor/codeigniter4/framework/system/Config/BaseService.php(258): CodeIgniter\Config\Services::createRequest()
#10 /home/api/vendor/codeigniter4/framework/system/CLI/Console.php(37): CodeIgniter\Config\BaseService::__callStatic()
#11 /home/api/spark(102): CodeIgniter\CLI\Console->run()
#12 {main}
in SYSTEMPATH/HTTP/SiteURI.php on line 201.
 1 [internal function]: CodeIgniter\Debug\Exceptions->shutdownHandler()
CRITICAL - 2024-06-11 11:23:18 --> CodeIgniter\Exceptions\ConfigException: Config\App::$baseURL ":/" is not a valid URL.
in SYSTEMPATH/HTTP/SiteURI.php on line 201.
 1 SYSTEMPATH/HTTP/SiteURI.php(145): CodeIgniter\HTTP\SiteURI->normalizeBaseURL()
 2 SYSTEMPATH/HTTP/SiteURI.php(100): CodeIgniter\HTTP\SiteURI->determineBaseURL()
 3 SYSTEMPATH/HTTP/CLIRequest.php(78): CodeIgniter\HTTP\SiteURI->__construct()
 4 SYSTEMPATH/Config/Services.php(144): CodeIgniter\HTTP\CLIRequest->__construct()
 5 SYSTEMPATH/Config/BaseService.php(258): CodeIgniter\Config\Services::clirequest()
 6 SYSTEMPATH/Config/BaseService.php(199): CodeIgniter\Config\BaseService::__callStatic()
 7 SYSTEMPATH/Config/Services.php(139): CodeIgniter\Config\BaseService::getSharedInstance()
 8 SYSTEMPATH/Config/BaseService.php(258): CodeIgniter\Config\Services::clirequest()
 9 SYSTEMPATH/Config/Services.php(537): CodeIgniter\Config\BaseService::__callStatic()
10 SYSTEMPATH/Config/BaseService.php(258): CodeIgniter\Config\Services::createRequest()
11 SYSTEMPATH/CLI/Console.php(37): CodeIgniter\Config\BaseService::__callStatic()
12 ROOTPATH/spark(102): CodeIgniter\CLI\Console->run()
CRITICAL - 2024-06-11 11:23:18 --> ErrorException: Uncaught CodeIgniter\Exceptions\ConfigException: Config\App::$baseURL ":/" is not a valid URL. in /home/api/vendor/codeigniter4/framework/system/HTTP/SiteURI.php:201
Stack trace:
#0 /home/api/vendor/codeigniter4/framework/system/HTTP/SiteURI.php(145): CodeIgniter\HTTP\SiteURI->normalizeBaseURL()
#1 /home/api/vendor/codeigniter4/framework/system/HTTP/SiteURI.php(100): CodeIgniter\HTTP\SiteURI->determineBaseURL()
#2 /home/api/vendor/codeigniter4/framework/system/HTTP/SiteURIFactory.php(224): CodeIgniter\HTTP\SiteURI->__construct()
#3 /home/api/vendor/codeigniter4/framework/system/HTTP/SiteURIFactory.php(45): CodeIgniter\HTTP\SiteURIFactory->createURIFromRoutePath()
#4 /home/api/vendor/codeigniter4/framework/system/Config/Services.php(805): CodeIgniter\HTTP\SiteURIFactory->createFromGlobals()
#5 /home/api/vendor/codeigniter4/framework/system/Config/BaseService.php(258): CodeIgniter\Config\Services::uri()
#6 /home/api/vendor/codeigniter4/framework/system/Config/BaseService.php(199): CodeIgniter\Config\BaseService::__callStatic()
#7 /home/api/vendor/codeigniter4/framework/system/Config/Services.php(798): CodeIgniter\Config\BaseService::getSharedInstance()
#8 /home/api/vendor/codeigniter4/framework/system/Config/BaseService.php(258): CodeIgniter\Config\Services::uri()
#9 /home/api/vendor/codeigniter4/framework/system/Config/Services.php(566): CodeIgniter\Config\BaseService::__callStatic()
#10 /home/api/vendor/codeigniter4/framework/system/Config/BaseService.php(258): CodeIgniter\Config\Services::incomingrequest()
#11 /home/api/vendor/codeigniter4/framework/system/Config/Services.php(524): CodeIgniter\Config\BaseService::__callStatic()
#12 /home/api/vendor/codeigniter4/framework/system/Config/BaseService.php(258): CodeIgniter\Config\Services::request()
#13 /home/api/vendor/codeigniter4/framework/system/Config/BaseService.php(199): CodeIgniter\Config\BaseService::__callStatic()
#14 /home/api/vendor/codeigniter4/framework/system/Config/Services.php(520): CodeIgniter\Config\BaseService::getSharedInstance()
#15 /home/api/vendor/codeigniter4/framework/system/Config/BaseService.php(258): CodeIgniter\Config\Services::request()
#16 /home/api/vendor/codeigniter4/framework/system/Debug/Exceptions.php(150): CodeIgniter\Config\BaseService::__callStatic()
#17 [internal function]: CodeIgniter\Debug\Exceptions->exceptionHandler()
#18 {main}
  thrown
【Previous Exception】
CodeIgniter\Exceptions\ConfigException
Config\App::$baseURL ":/" is not a valid URL.
#0 /home/api/vendor/codeigniter4/framework/system/HTTP/SiteURI.php(145): CodeIgniter\HTTP\SiteURI->normalizeBaseURL()
#1 /home/api/vendor/codeigniter4/framework/system/HTTP/SiteURI.php(100): CodeIgniter\HTTP\SiteURI->determineBaseURL()
#2 /home/api/vendor/codeigniter4/framework/system/HTTP/CLIRequest.php(78): CodeIgniter\HTTP\SiteURI->__construct()
#3 /home/api/vendor/codeigniter4/framework/system/Config/Services.php(144): CodeIgniter\HTTP\CLIRequest->__construct()
#4 /home/api/vendor/codeigniter4/framework/system/Config/BaseService.php(258): CodeIgniter\Config\Services::clirequest()
#5 /home/api/vendor/codeigniter4/framework/system/Config/BaseService.php(199): CodeIgniter\Config\BaseService::__callStatic()
#6 /home/api/vendor/codeigniter4/framework/system/Config/Services.php(139): CodeIgniter\Config\BaseService::getSharedInstance()
#7 /home/api/vendor/codeigniter4/framework/system/Config/BaseService.php(258): CodeIgniter\Config\Services::clirequest()
#8 /home/api/vendor/codeigniter4/framework/system/Config/Services.php(537): CodeIgniter\Config\BaseService::__callStatic()
#9 /home/api/vendor/codeigniter4/framework/system/Config/BaseService.php(258): CodeIgniter\Config\Services::createRequest()
#10 /home/api/vendor/codeigniter4/framework/system/CLI/Console.php(37): CodeIgniter\Config\BaseService::__callStatic()
#11 /home/api/spark(102): CodeIgniter\CLI\Console->run()
#12 {main}
in SYSTEMPATH/HTTP/SiteURI.php on line 201.
 1 [internal function]: CodeIgniter\Debug\Exceptions->shutdownHandler()
CRITICAL - 2024-06-11 11:26:28 --> CodeIgniter\Exceptions\ConfigException: Config\App::$baseURL ":/" is not a valid URL.
in SYSTEMPATH/HTTP/SiteURI.php on line 201.
 1 SYSTEMPATH/HTTP/SiteURI.php(145): CodeIgniter\HTTP\SiteURI->normalizeBaseURL()
 2 SYSTEMPATH/HTTP/SiteURI.php(100): CodeIgniter\HTTP\SiteURI->determineBaseURL()
 3 SYSTEMPATH/HTTP/CLIRequest.php(78): CodeIgniter\HTTP\SiteURI->__construct()
 4 SYSTEMPATH/Config/Services.php(144): CodeIgniter\HTTP\CLIRequest->__construct()
 5 SYSTEMPATH/Config/BaseService.php(258): CodeIgniter\Config\Services::clirequest()
 6 SYSTEMPATH/Config/BaseService.php(199): CodeIgniter\Config\BaseService::__callStatic()
 7 SYSTEMPATH/Config/Services.php(139): CodeIgniter\Config\BaseService::getSharedInstance()
 8 SYSTEMPATH/Config/BaseService.php(258): CodeIgniter\Config\Services::clirequest()
 9 SYSTEMPATH/Config/Services.php(537): CodeIgniter\Config\BaseService::__callStatic()
10 SYSTEMPATH/Config/BaseService.php(258): CodeIgniter\Config\Services::createRequest()
11 SYSTEMPATH/CLI/Console.php(37): CodeIgniter\Config\BaseService::__callStatic()
12 ROOTPATH/spark(102): CodeIgniter\CLI\Console->run()
CRITICAL - 2024-06-11 11:26:28 --> ErrorException: Uncaught CodeIgniter\Exceptions\ConfigException: Config\App::$baseURL ":/" is not a valid URL. in /home/api/vendor/codeigniter4/framework/system/HTTP/SiteURI.php:201
Stack trace:
#0 /home/api/vendor/codeigniter4/framework/system/HTTP/SiteURI.php(145): CodeIgniter\HTTP\SiteURI->normalizeBaseURL()
#1 /home/api/vendor/codeigniter4/framework/system/HTTP/SiteURI.php(100): CodeIgniter\HTTP\SiteURI->determineBaseURL()
#2 /home/api/vendor/codeigniter4/framework/system/HTTP/SiteURIFactory.php(224): CodeIgniter\HTTP\SiteURI->__construct()
#3 /home/api/vendor/codeigniter4/framework/system/HTTP/SiteURIFactory.php(45): CodeIgniter\HTTP\SiteURIFactory->createURIFromRoutePath()
#4 /home/api/vendor/codeigniter4/framework/system/Config/Services.php(805): CodeIgniter\HTTP\SiteURIFactory->createFromGlobals()
#5 /home/api/vendor/codeigniter4/framework/system/Config/BaseService.php(258): CodeIgniter\Config\Services::uri()
#6 /home/api/vendor/codeigniter4/framework/system/Config/BaseService.php(199): CodeIgniter\Config\BaseService::__callStatic()
#7 /home/api/vendor/codeigniter4/framework/system/Config/Services.php(798): CodeIgniter\Config\BaseService::getSharedInstance()
#8 /home/api/vendor/codeigniter4/framework/system/Config/BaseService.php(258): CodeIgniter\Config\Services::uri()
#9 /home/api/vendor/codeigniter4/framework/system/Config/Services.php(566): CodeIgniter\Config\BaseService::__callStatic()
#10 /home/api/vendor/codeigniter4/framework/system/Config/BaseService.php(258): CodeIgniter\Config\Services::incomingrequest()
#11 /home/api/vendor/codeigniter4/framework/system/Config/Services.php(524): CodeIgniter\Config\BaseService::__callStatic()
#12 /home/api/vendor/codeigniter4/framework/system/Config/BaseService.php(258): CodeIgniter\Config\Services::request()
#13 /home/api/vendor/codeigniter4/framework/system/Config/BaseService.php(199): CodeIgniter\Config\BaseService::__callStatic()
#14 /home/api/vendor/codeigniter4/framework/system/Config/Services.php(520): CodeIgniter\Config\BaseService::getSharedInstance()
#15 /home/api/vendor/codeigniter4/framework/system/Config/BaseService.php(258): CodeIgniter\Config\Services::request()
#16 /home/api/vendor/codeigniter4/framework/system/Debug/Exceptions.php(150): CodeIgniter\Config\BaseService::__callStatic()
#17 [internal function]: CodeIgniter\Debug\Exceptions->exceptionHandler()
#18 {main}
  thrown
【Previous Exception】
CodeIgniter\Exceptions\ConfigException
Config\App::$baseURL ":/" is not a valid URL.
#0 /home/api/vendor/codeigniter4/framework/system/HTTP/SiteURI.php(145): CodeIgniter\HTTP\SiteURI->normalizeBaseURL()
#1 /home/api/vendor/codeigniter4/framework/system/HTTP/SiteURI.php(100): CodeIgniter\HTTP\SiteURI->determineBaseURL()
#2 /home/api/vendor/codeigniter4/framework/system/HTTP/CLIRequest.php(78): CodeIgniter\HTTP\SiteURI->__construct()
#3 /home/api/vendor/codeigniter4/framework/system/Config/Services.php(144): CodeIgniter\HTTP\CLIRequest->__construct()
#4 /home/api/vendor/codeigniter4/framework/system/Config/BaseService.php(258): CodeIgniter\Config\Services::clirequest()
#5 /home/api/vendor/codeigniter4/framework/system/Config/BaseService.php(199): CodeIgniter\Config\BaseService::__callStatic()
#6 /home/api/vendor/codeigniter4/framework/system/Config/Services.php(139): CodeIgniter\Config\BaseService::getSharedInstance()
#7 /home/api/vendor/codeigniter4/framework/system/Config/BaseService.php(258): CodeIgniter\Config\Services::clirequest()
#8 /home/api/vendor/codeigniter4/framework/system/Config/Services.php(537): CodeIgniter\Config\BaseService::__callStatic()
#9 /home/api/vendor/codeigniter4/framework/system/Config/BaseService.php(258): CodeIgniter\Config\Services::createRequest()
#10 /home/api/vendor/codeigniter4/framework/system/CLI/Console.php(37): CodeIgniter\Config\BaseService::__callStatic()
#11 /home/api/spark(102): CodeIgniter\CLI\Console->run()
#12 {main}
in SYSTEMPATH/HTTP/SiteURI.php on line 201.
 1 [internal function]: CodeIgniter\Debug\Exceptions->shutdownHandler()
CRITICAL - 2024-06-11 11:54:15 --> ErrorException: Uncaught ErrorException: Undefined array key "room_id" in /home/api/app/Commands/WebSocketCommand.php:112
Stack trace:
#0 /home/api/app/Commands/WebSocketCommand.php(112): CodeIgniter\Debug\Exceptions->errorHandler()
#1 /home/api/app/Commands/WebSocketCommand.php(99): App\Commands\WebSocketCommand->notifyClients()
#2 /home/api/app/Commands/WebSocketCommand.php(60): App\Commands\WebSocketCommand->handleAction()
#3 [internal function]: App\Commands\WebSocketCommand->App\Commands\{closure}()
#4 {main}
  thrown
in APPPATH/Commands/WebSocketCommand.php on line 112.
 1 [internal function]: CodeIgniter\Debug\Exceptions->shutdownHandler()
CRITICAL - 2024-06-11 11:54:15 --> Swoole\ExitException: swoole exit
in SYSTEMPATH/Debug/ExceptionHandler.php on line 116.
 1 SYSTEMPATH/Debug/Exceptions.php(156): CodeIgniter\Debug\ExceptionHandler->handle()
 2 SYSTEMPATH/Debug/Exceptions.php(245): CodeIgniter\Debug\Exceptions->exceptionHandler()
 3 [internal function]: CodeIgniter\Debug\Exceptions->shutdownHandler()
