INFO - 2024-04-25 01:24:11 --> Session: Class initialized using 'CodeIgniter\Session\Handlers\FileHandler' driver.
WARNING - 2024-04-25 01:24:11 --> [DEPRECATED] Creation of dynamic property App\Libraries\OwensView::$session is deprecated in APPPATH/Libraries/OwensView.php on line 36.
 1 ROOTPATH/modules/core/Controllers/CoreController.php(48): App\Libraries\OwensView->__construct(Object(Config\View))
 2 ROOTPATH/modules/core/Controllers/CoreController.php(28): Module\core\Controllers\CoreController->loadLibrary()
 3 ROOTPATH/modules/test/Controllers/Test.php(17): Module\core\Controllers\CoreController->__construct()
 4 SYSTEMPATH/CodeIgniter.php(915): Module\test\Controllers\Test->__construct()
 5 SYSTEMPATH/CodeIgniter.php(494): CodeIgniter\CodeIgniter->createController()
 6 SYSTEMPATH/CodeIgniter.php(361): CodeIgniter\CodeIgniter->handleRequest(null, Object(Config\Cache), false)
 7 FCPATH/index.php(79): CodeIgniter\CodeIgniter->run()
INFO - 2024-04-25 01:31:44 --> Session: Class initialized using 'CodeIgniter\Session\Handlers\FileHandler' driver.
WARNING - 2024-04-25 01:31:44 --> [DEPRECATED] Creation of dynamic property App\Libraries\OwensView::$session is deprecated in APPPATH/Libraries/OwensView.php on line 36.
 1 ROOTPATH/modules/core/Controllers/CoreController.php(48): App\Libraries\OwensView->__construct(Object(Config\View))
 2 ROOTPATH/modules/core/Controllers/CoreController.php(28): Module\core\Controllers\CoreController->loadLibrary()
 3 ROOTPATH/modules/core/Controllers/Errors.php(10): Module\core\Controllers\CoreController->__construct()
 4 SYSTEMPATH/CodeIgniter.php(915): Module\core\Controllers\Errors->__construct()
 5 SYSTEMPATH/CodeIgniter.php(971): CodeIgniter\CodeIgniter->createController()
 6 SYSTEMPATH/CodeIgniter.php(370): CodeIgniter\CodeIgniter->display404errors(Object(CodeIgniter\Exceptions\PageNotFoundException))
 7 FCPATH/index.php(79): CodeIgniter\CodeIgniter->run()
CRITICAL - 2024-04-25 01:31:44 --> ErrorException: Attempt to read property "saveData" on null
in APPPATH/Libraries/OwensView.php on line 43.
 1 APPPATH/Libraries/OwensView.php(43): CodeIgniter\Debug\Exceptions->errorHandler()
 2 APPPATH/Libraries/OwensView.php(336): App\Libraries\OwensView->view()
 3 ROOTPATH/modules/core/Controllers/Errors.php(19): App\Libraries\OwensView->loadLayoutView()
 4 SYSTEMPATH/CodeIgniter.php(943): Module\core\Controllers\Errors->show404()
 5 SYSTEMPATH/CodeIgniter.php(972): CodeIgniter\CodeIgniter->runController()
 6 SYSTEMPATH/CodeIgniter.php(370): CodeIgniter\CodeIgniter->display404errors()
 7 FCPATH/index.php(79): CodeIgniter\CodeIgniter->run()
INFO - 2024-04-25 01:31:46 --> Session: Class initialized using 'CodeIgniter\Session\Handlers\FileHandler' driver.
WARNING - 2024-04-25 01:31:46 --> [DEPRECATED] Creation of dynamic property App\Libraries\OwensView::$session is deprecated in APPPATH/Libraries/OwensView.php on line 36.
 1 ROOTPATH/modules/core/Controllers/CoreController.php(48): App\Libraries\OwensView->__construct(Object(Config\View))
 2 ROOTPATH/modules/core/Controllers/CoreController.php(28): Module\core\Controllers\CoreController->loadLibrary()
 3 ROOTPATH/modules/core/Controllers/Errors.php(10): Module\core\Controllers\CoreController->__construct()
 4 SYSTEMPATH/CodeIgniter.php(915): Module\core\Controllers\Errors->__construct()
 5 SYSTEMPATH/CodeIgniter.php(971): CodeIgniter\CodeIgniter->createController()
 6 SYSTEMPATH/CodeIgniter.php(370): CodeIgniter\CodeIgniter->display404errors(Object(CodeIgniter\Exceptions\PageNotFoundException))
 7 FCPATH/index.php(79): CodeIgniter\CodeIgniter->run()
CRITICAL - 2024-04-25 01:31:46 --> ErrorException: Attempt to read property "saveData" on null
in APPPATH/Libraries/OwensView.php on line 43.
 1 APPPATH/Libraries/OwensView.php(43): CodeIgniter\Debug\Exceptions->errorHandler()
 2 APPPATH/Libraries/OwensView.php(336): App\Libraries\OwensView->view()
 3 ROOTPATH/modules/core/Controllers/Errors.php(19): App\Libraries\OwensView->loadLayoutView()
 4 SYSTEMPATH/CodeIgniter.php(943): Module\core\Controllers\Errors->show404()
 5 SYSTEMPATH/CodeIgniter.php(972): CodeIgniter\CodeIgniter->runController()
 6 SYSTEMPATH/CodeIgniter.php(370): CodeIgniter\CodeIgniter->display404errors()
 7 FCPATH/index.php(79): CodeIgniter\CodeIgniter->run()
CRITICAL - 2024-04-25 02:06:56 --> CodeIgniter\HTTP\Exceptions\BadRequestException: The URI you submitted has disallowed characters: ";stok="
in SYSTEMPATH/Router/Router.php on line 704.
 1 SYSTEMPATH/Router/Router.php(195): CodeIgniter\Router\Router->checkDisallowedChars()
 2 SYSTEMPATH/CodeIgniter.php(825): CodeIgniter\Router\Router->handle()
 3 SYSTEMPATH/CodeIgniter.php(450): CodeIgniter\CodeIgniter->tryToRouteIt()
 4 SYSTEMPATH/CodeIgniter.php(361): CodeIgniter\CodeIgniter->handleRequest()
 5 FCPATH/index.php(79): CodeIgniter\CodeIgniter->run()
INFO - 2024-04-25 02:15:20 --> Session: Class initialized using 'CodeIgniter\Session\Handlers\FileHandler' driver.
WARNING - 2024-04-25 02:15:20 --> [DEPRECATED] Creation of dynamic property App\Libraries\OwensView::$session is deprecated in APPPATH/Libraries/OwensView.php on line 36.
 1 ROOTPATH/modules/core/Controllers/CoreController.php(48): App\Libraries\OwensView->__construct(Object(Config\View))
 2 ROOTPATH/modules/core/Controllers/CoreController.php(28): Module\core\Controllers\CoreController->loadLibrary()
 3 ROOTPATH/modules/core/Controllers/Errors.php(10): Module\core\Controllers\CoreController->__construct()
 4 SYSTEMPATH/CodeIgniter.php(915): Module\core\Controllers\Errors->__construct()
 5 SYSTEMPATH/CodeIgniter.php(971): CodeIgniter\CodeIgniter->createController()
 6 SYSTEMPATH/CodeIgniter.php(370): CodeIgniter\CodeIgniter->display404errors(Object(CodeIgniter\Exceptions\PageNotFoundException))
 7 FCPATH/index.php(79): CodeIgniter\CodeIgniter->run()
CRITICAL - 2024-04-25 02:15:20 --> ErrorException: Attempt to read property "saveData" on null
in APPPATH/Libraries/OwensView.php on line 43.
 1 APPPATH/Libraries/OwensView.php(43): CodeIgniter\Debug\Exceptions->errorHandler()
 2 APPPATH/Libraries/OwensView.php(336): App\Libraries\OwensView->view()
 3 ROOTPATH/modules/core/Controllers/Errors.php(19): App\Libraries\OwensView->loadLayoutView()
 4 SYSTEMPATH/CodeIgniter.php(943): Module\core\Controllers\Errors->show404()
 5 SYSTEMPATH/CodeIgniter.php(972): CodeIgniter\CodeIgniter->runController()
 6 SYSTEMPATH/CodeIgniter.php(370): CodeIgniter\CodeIgniter->display404errors()
 7 FCPATH/index.php(79): CodeIgniter\CodeIgniter->run()
INFO - 2024-04-25 02:26:39 --> Session: Class initialized using 'CodeIgniter\Session\Handlers\FileHandler' driver.
WARNING - 2024-04-25 02:26:39 --> [DEPRECATED] Creation of dynamic property App\Libraries\OwensView::$session is deprecated in APPPATH/Libraries/OwensView.php on line 36.
 1 ROOTPATH/modules/core/Controllers/CoreController.php(48): App\Libraries\OwensView->__construct(Object(Config\View))
 2 ROOTPATH/modules/core/Controllers/CoreController.php(28): Module\core\Controllers\CoreController->loadLibrary()
 3 ROOTPATH/modules/core/Controllers/Errors.php(10): Module\core\Controllers\CoreController->__construct()
 4 SYSTEMPATH/CodeIgniter.php(915): Module\core\Controllers\Errors->__construct()
 5 SYSTEMPATH/CodeIgniter.php(971): CodeIgniter\CodeIgniter->createController()
 6 SYSTEMPATH/CodeIgniter.php(370): CodeIgniter\CodeIgniter->display404errors(Object(CodeIgniter\Exceptions\PageNotFoundException))
 7 FCPATH/index.php(79): CodeIgniter\CodeIgniter->run()
CRITICAL - 2024-04-25 02:26:39 --> ErrorException: Attempt to read property "saveData" on null
in APPPATH/Libraries/OwensView.php on line 43.
 1 APPPATH/Libraries/OwensView.php(43): CodeIgniter\Debug\Exceptions->errorHandler()
 2 APPPATH/Libraries/OwensView.php(336): App\Libraries\OwensView->view()
 3 ROOTPATH/modules/core/Controllers/Errors.php(19): App\Libraries\OwensView->loadLayoutView()
 4 SYSTEMPATH/CodeIgniter.php(943): Module\core\Controllers\Errors->show404()
 5 SYSTEMPATH/CodeIgniter.php(972): CodeIgniter\CodeIgniter->runController()
 6 SYSTEMPATH/CodeIgniter.php(370): CodeIgniter\CodeIgniter->display404errors()
 7 FCPATH/index.php(79): CodeIgniter\CodeIgniter->run()
INFO - 2024-04-25 02:59:39 --> Session: Class initialized using 'CodeIgniter\Session\Handlers\FileHandler' driver.
WARNING - 2024-04-25 02:59:39 --> [DEPRECATED] Creation of dynamic property App\Libraries\OwensView::$session is deprecated in APPPATH/Libraries/OwensView.php on line 36.
 1 ROOTPATH/modules/core/Controllers/CoreController.php(48): App\Libraries\OwensView->__construct(Object(Config\View))
 2 ROOTPATH/modules/core/Controllers/CoreController.php(28): Module\core\Controllers\CoreController->loadLibrary()
 3 ROOTPATH/modules/core/Controllers/Errors.php(10): Module\core\Controllers\CoreController->__construct()
 4 SYSTEMPATH/CodeIgniter.php(915): Module\core\Controllers\Errors->__construct()
 5 SYSTEMPATH/CodeIgniter.php(971): CodeIgniter\CodeIgniter->createController()
 6 SYSTEMPATH/CodeIgniter.php(370): CodeIgniter\CodeIgniter->display404errors(Object(CodeIgniter\Exceptions\PageNotFoundException))
 7 FCPATH/index.php(79): CodeIgniter\CodeIgniter->run()
CRITICAL - 2024-04-25 02:59:39 --> ErrorException: Attempt to read property "saveData" on null
in APPPATH/Libraries/OwensView.php on line 43.
 1 APPPATH/Libraries/OwensView.php(43): CodeIgniter\Debug\Exceptions->errorHandler()
 2 APPPATH/Libraries/OwensView.php(336): App\Libraries\OwensView->view()
 3 ROOTPATH/modules/core/Controllers/Errors.php(19): App\Libraries\OwensView->loadLayoutView()
 4 SYSTEMPATH/CodeIgniter.php(943): Module\core\Controllers\Errors->show404()
 5 SYSTEMPATH/CodeIgniter.php(972): CodeIgniter\CodeIgniter->runController()
 6 SYSTEMPATH/CodeIgniter.php(370): CodeIgniter\CodeIgniter->display404errors()
 7 FCPATH/index.php(79): CodeIgniter\CodeIgniter->run()
INFO - 2024-04-25 03:47:28 --> Session: Class initialized using 'CodeIgniter\Session\Handlers\FileHandler' driver.
WARNING - 2024-04-25 03:47:28 --> [DEPRECATED] Creation of dynamic property App\Libraries\OwensView::$session is deprecated in APPPATH/Libraries/OwensView.php on line 36.
 1 ROOTPATH/modules/core/Controllers/CoreController.php(48): App\Libraries\OwensView->__construct(Object(Config\View))
 2 ROOTPATH/modules/core/Controllers/CoreController.php(28): Module\core\Controllers\CoreController->loadLibrary()
 3 ROOTPATH/modules/core/Controllers/Errors.php(10): Module\core\Controllers\CoreController->__construct()
 4 SYSTEMPATH/CodeIgniter.php(915): Module\core\Controllers\Errors->__construct()
 5 SYSTEMPATH/CodeIgniter.php(971): CodeIgniter\CodeIgniter->createController()
 6 SYSTEMPATH/CodeIgniter.php(370): CodeIgniter\CodeIgniter->display404errors(Object(CodeIgniter\Exceptions\PageNotFoundException))
 7 FCPATH/index.php(79): CodeIgniter\CodeIgniter->run()
CRITICAL - 2024-04-25 03:47:28 --> ErrorException: Attempt to read property "saveData" on null
in APPPATH/Libraries/OwensView.php on line 43.
 1 APPPATH/Libraries/OwensView.php(43): CodeIgniter\Debug\Exceptions->errorHandler()
 2 APPPATH/Libraries/OwensView.php(336): App\Libraries\OwensView->view()
 3 ROOTPATH/modules/core/Controllers/Errors.php(19): App\Libraries\OwensView->loadLayoutView()
 4 SYSTEMPATH/CodeIgniter.php(943): Module\core\Controllers\Errors->show404()
 5 SYSTEMPATH/CodeIgniter.php(972): CodeIgniter\CodeIgniter->runController()
 6 SYSTEMPATH/CodeIgniter.php(370): CodeIgniter\CodeIgniter->display404errors()
 7 FCPATH/index.php(79): CodeIgniter\CodeIgniter->run()
INFO - 2024-04-25 03:47:29 --> Session: Class initialized using 'CodeIgniter\Session\Handlers\FileHandler' driver.
WARNING - 2024-04-25 03:47:29 --> [DEPRECATED] Creation of dynamic property App\Libraries\OwensView::$session is deprecated in APPPATH/Libraries/OwensView.php on line 36.
 1 ROOTPATH/modules/core/Controllers/CoreController.php(48): App\Libraries\OwensView->__construct(Object(Config\View))
 2 ROOTPATH/modules/core/Controllers/CoreController.php(28): Module\core\Controllers\CoreController->loadLibrary()
 3 ROOTPATH/modules/core/Controllers/Errors.php(10): Module\core\Controllers\CoreController->__construct()
 4 SYSTEMPATH/CodeIgniter.php(915): Module\core\Controllers\Errors->__construct()
 5 SYSTEMPATH/CodeIgniter.php(971): CodeIgniter\CodeIgniter->createController()
 6 SYSTEMPATH/CodeIgniter.php(370): CodeIgniter\CodeIgniter->display404errors(Object(CodeIgniter\Exceptions\PageNotFoundException))
 7 FCPATH/index.php(79): CodeIgniter\CodeIgniter->run()
CRITICAL - 2024-04-25 03:47:29 --> ErrorException: Attempt to read property "saveData" on null
in APPPATH/Libraries/OwensView.php on line 43.
 1 APPPATH/Libraries/OwensView.php(43): CodeIgniter\Debug\Exceptions->errorHandler()
 2 APPPATH/Libraries/OwensView.php(336): App\Libraries\OwensView->view()
 3 ROOTPATH/modules/core/Controllers/Errors.php(19): App\Libraries\OwensView->loadLayoutView()
 4 SYSTEMPATH/CodeIgniter.php(943): Module\core\Controllers\Errors->show404()
 5 SYSTEMPATH/CodeIgniter.php(972): CodeIgniter\CodeIgniter->runController()
 6 SYSTEMPATH/CodeIgniter.php(370): CodeIgniter\CodeIgniter->display404errors()
 7 FCPATH/index.php(79): CodeIgniter\CodeIgniter->run()
CRITICAL - 2024-04-25 03:47:30 --> CodeIgniter\HTTP\Exceptions\BadRequestException: The URI you submitted has disallowed characters: ";curl http:"
in SYSTEMPATH/Router/Router.php on line 704.
 1 SYSTEMPATH/Router/Router.php(195): CodeIgniter\Router\Router->checkDisallowedChars()
 2 SYSTEMPATH/CodeIgniter.php(825): CodeIgniter\Router\Router->handle()
 3 SYSTEMPATH/CodeIgniter.php(450): CodeIgniter\CodeIgniter->tryToRouteIt()
 4 SYSTEMPATH/CodeIgniter.php(361): CodeIgniter\CodeIgniter->handleRequest()
 5 FCPATH/index.php(79): CodeIgniter\CodeIgniter->run()
INFO - 2024-04-25 04:38:20 --> Session: Class initialized using 'CodeIgniter\Session\Handlers\FileHandler' driver.
WARNING - 2024-04-25 04:38:20 --> [DEPRECATED] Creation of dynamic property App\Libraries\OwensView::$session is deprecated in APPPATH/Libraries/OwensView.php on line 36.
 1 ROOTPATH/modules/core/Controllers/CoreController.php(48): App\Libraries\OwensView->__construct(Object(Config\View))
 2 ROOTPATH/modules/core/Controllers/CoreController.php(28): Module\core\Controllers\CoreController->loadLibrary()
 3 ROOTPATH/modules/core/Controllers/Errors.php(10): Module\core\Controllers\CoreController->__construct()
 4 SYSTEMPATH/CodeIgniter.php(915): Module\core\Controllers\Errors->__construct()
 5 SYSTEMPATH/CodeIgniter.php(971): CodeIgniter\CodeIgniter->createController()
 6 SYSTEMPATH/CodeIgniter.php(370): CodeIgniter\CodeIgniter->display404errors(Object(CodeIgniter\Exceptions\PageNotFoundException))
 7 FCPATH/index.php(79): CodeIgniter\CodeIgniter->run()
CRITICAL - 2024-04-25 04:38:20 --> ErrorException: Attempt to read property "saveData" on null
in APPPATH/Libraries/OwensView.php on line 43.
 1 APPPATH/Libraries/OwensView.php(43): CodeIgniter\Debug\Exceptions->errorHandler()
 2 APPPATH/Libraries/OwensView.php(336): App\Libraries\OwensView->view()
 3 ROOTPATH/modules/core/Controllers/Errors.php(19): App\Libraries\OwensView->loadLayoutView()
 4 SYSTEMPATH/CodeIgniter.php(943): Module\core\Controllers\Errors->show404()
 5 SYSTEMPATH/CodeIgniter.php(972): CodeIgniter\CodeIgniter->runController()
 6 SYSTEMPATH/CodeIgniter.php(370): CodeIgniter\CodeIgniter->display404errors()
 7 FCPATH/index.php(79): CodeIgniter\CodeIgniter->run()
CRITICAL - 2024-04-25 11:13:00 --> CodeIgniter\HTTP\Exceptions\BadRequestException: The URI you submitted has disallowed characters: ";stok="
in SYSTEMPATH/Router/Router.php on line 704.
 1 SYSTEMPATH/Router/Router.php(195): CodeIgniter\Router\Router->checkDisallowedChars()
 2 SYSTEMPATH/CodeIgniter.php(825): CodeIgniter\Router\Router->handle()
 3 SYSTEMPATH/CodeIgniter.php(450): CodeIgniter\CodeIgniter->tryToRouteIt()
 4 SYSTEMPATH/CodeIgniter.php(361): CodeIgniter\CodeIgniter->handleRequest()
 5 FCPATH/index.php(79): CodeIgniter\CodeIgniter->run()
INFO - 2024-04-25 12:01:11 --> Session: Class initialized using 'CodeIgniter\Session\Handlers\FileHandler' driver.
WARNING - 2024-04-25 12:01:11 --> [DEPRECATED] Creation of dynamic property App\Libraries\OwensView::$session is deprecated in APPPATH/Libraries/OwensView.php on line 36.
 1 ROOTPATH/modules/core/Controllers/CoreController.php(48): App\Libraries\OwensView->__construct(Object(Config\View))
 2 ROOTPATH/modules/core/Controllers/CoreController.php(28): Module\core\Controllers\CoreController->loadLibrary()
 3 ROOTPATH/modules/core/Controllers/Errors.php(10): Module\core\Controllers\CoreController->__construct()
 4 SYSTEMPATH/CodeIgniter.php(915): Module\core\Controllers\Errors->__construct()
 5 SYSTEMPATH/CodeIgniter.php(971): CodeIgniter\CodeIgniter->createController()
 6 SYSTEMPATH/CodeIgniter.php(370): CodeIgniter\CodeIgniter->display404errors(Object(CodeIgniter\Exceptions\PageNotFoundException))
 7 FCPATH/index.php(79): CodeIgniter\CodeIgniter->run()
CRITICAL - 2024-04-25 12:01:11 --> ErrorException: Attempt to read property "saveData" on null
in APPPATH/Libraries/OwensView.php on line 43.
 1 APPPATH/Libraries/OwensView.php(43): CodeIgniter\Debug\Exceptions->errorHandler()
 2 APPPATH/Libraries/OwensView.php(336): App\Libraries\OwensView->view()
 3 ROOTPATH/modules/core/Controllers/Errors.php(19): App\Libraries\OwensView->loadLayoutView()
 4 SYSTEMPATH/CodeIgniter.php(943): Module\core\Controllers\Errors->show404()
 5 SYSTEMPATH/CodeIgniter.php(972): CodeIgniter\CodeIgniter->runController()
 6 SYSTEMPATH/CodeIgniter.php(370): CodeIgniter\CodeIgniter->display404errors()
 7 FCPATH/index.php(79): CodeIgniter\CodeIgniter->run()
CRITICAL - 2024-04-25 13:54:17 --> CodeIgniter\HTTP\Exceptions\BadRequestException: The URI you submitted has disallowed characters: ";stok="
in SYSTEMPATH/Router/Router.php on line 704.
 1 SYSTEMPATH/Router/Router.php(195): CodeIgniter\Router\Router->checkDisallowedChars()
 2 SYSTEMPATH/CodeIgniter.php(825): CodeIgniter\Router\Router->handle()
 3 SYSTEMPATH/CodeIgniter.php(450): CodeIgniter\CodeIgniter->tryToRouteIt()
 4 SYSTEMPATH/CodeIgniter.php(361): CodeIgniter\CodeIgniter->handleRequest()
 5 FCPATH/index.php(79): CodeIgniter\CodeIgniter->run()
CRITICAL - 2024-04-25 13:54:17 --> CodeIgniter\HTTP\Exceptions\BadRequestException: The URI you submitted has disallowed characters: ";stok="
in SYSTEMPATH/Router/Router.php on line 704.
 1 SYSTEMPATH/Router/Router.php(195): CodeIgniter\Router\Router->checkDisallowedChars()
 2 SYSTEMPATH/CodeIgniter.php(825): CodeIgniter\Router\Router->handle()
 3 SYSTEMPATH/CodeIgniter.php(450): CodeIgniter\CodeIgniter->tryToRouteIt()
 4 SYSTEMPATH/CodeIgniter.php(361): CodeIgniter\CodeIgniter->handleRequest()
 5 FCPATH/index.php(79): CodeIgniter\CodeIgniter->run()
INFO - 2024-04-25 14:07:47 --> Session: Class initialized using 'CodeIgniter\Session\Handlers\FileHandler' driver.
WARNING - 2024-04-25 14:07:47 --> [DEPRECATED] Creation of dynamic property App\Libraries\OwensView::$session is deprecated in APPPATH/Libraries/OwensView.php on line 36.
 1 ROOTPATH/modules/core/Controllers/CoreController.php(48): App\Libraries\OwensView->__construct(Object(Config\View))
 2 ROOTPATH/modules/core/Controllers/CoreController.php(28): Module\core\Controllers\CoreController->loadLibrary()
 3 ROOTPATH/modules/core/Controllers/Errors.php(10): Module\core\Controllers\CoreController->__construct()
 4 SYSTEMPATH/CodeIgniter.php(915): Module\core\Controllers\Errors->__construct()
 5 SYSTEMPATH/CodeIgniter.php(971): CodeIgniter\CodeIgniter->createController()
 6 SYSTEMPATH/CodeIgniter.php(370): CodeIgniter\CodeIgniter->display404errors(Object(CodeIgniter\Exceptions\PageNotFoundException))
 7 FCPATH/index.php(79): CodeIgniter\CodeIgniter->run()
CRITICAL - 2024-04-25 14:07:47 --> ErrorException: Attempt to read property "saveData" on null
in APPPATH/Libraries/OwensView.php on line 43.
 1 APPPATH/Libraries/OwensView.php(43): CodeIgniter\Debug\Exceptions->errorHandler()
 2 APPPATH/Libraries/OwensView.php(336): App\Libraries\OwensView->view()
 3 ROOTPATH/modules/core/Controllers/Errors.php(19): App\Libraries\OwensView->loadLayoutView()
 4 SYSTEMPATH/CodeIgniter.php(943): Module\core\Controllers\Errors->show404()
 5 SYSTEMPATH/CodeIgniter.php(972): CodeIgniter\CodeIgniter->runController()
 6 SYSTEMPATH/CodeIgniter.php(370): CodeIgniter\CodeIgniter->display404errors()
 7 FCPATH/index.php(79): CodeIgniter\CodeIgniter->run()
INFO - 2024-04-25 14:20:00 --> Session: Class initialized using 'CodeIgniter\Session\Handlers\FileHandler' driver.
WARNING - 2024-04-25 14:20:00 --> [DEPRECATED] Creation of dynamic property App\Libraries\OwensView::$session is deprecated in APPPATH/Libraries/OwensView.php on line 36.
 1 ROOTPATH/modules/core/Controllers/CoreController.php(48): App\Libraries\OwensView->__construct(Object(Config\View))
 2 ROOTPATH/modules/core/Controllers/CoreController.php(28): Module\core\Controllers\CoreController->loadLibrary()
 3 ROOTPATH/modules/core/Controllers/Errors.php(10): Module\core\Controllers\CoreController->__construct()
 4 SYSTEMPATH/CodeIgniter.php(915): Module\core\Controllers\Errors->__construct()
 5 SYSTEMPATH/CodeIgniter.php(971): CodeIgniter\CodeIgniter->createController()
 6 SYSTEMPATH/CodeIgniter.php(370): CodeIgniter\CodeIgniter->display404errors(Object(CodeIgniter\Exceptions\PageNotFoundException))
 7 FCPATH/index.php(79): CodeIgniter\CodeIgniter->run()
CRITICAL - 2024-04-25 14:20:00 --> ErrorException: Attempt to read property "saveData" on null
in APPPATH/Libraries/OwensView.php on line 43.
 1 APPPATH/Libraries/OwensView.php(43): CodeIgniter\Debug\Exceptions->errorHandler()
 2 APPPATH/Libraries/OwensView.php(336): App\Libraries\OwensView->view()
 3 ROOTPATH/modules/core/Controllers/Errors.php(19): App\Libraries\OwensView->loadLayoutView()
 4 SYSTEMPATH/CodeIgniter.php(943): Module\core\Controllers\Errors->show404()
 5 SYSTEMPATH/CodeIgniter.php(972): CodeIgniter\CodeIgniter->runController()
 6 SYSTEMPATH/CodeIgniter.php(370): CodeIgniter\CodeIgniter->display404errors()
 7 FCPATH/index.php(79): CodeIgniter\CodeIgniter->run()
INFO - 2024-04-25 14:20:03 --> Session: Class initialized using 'CodeIgniter\Session\Handlers\FileHandler' driver.
WARNING - 2024-04-25 14:20:03 --> [DEPRECATED] Creation of dynamic property App\Libraries\OwensView::$session is deprecated in APPPATH/Libraries/OwensView.php on line 36.
 1 ROOTPATH/modules/core/Controllers/CoreController.php(48): App\Libraries\OwensView->__construct(Object(Config\View))
 2 ROOTPATH/modules/core/Controllers/CoreController.php(28): Module\core\Controllers\CoreController->loadLibrary()
 3 ROOTPATH/modules/core/Controllers/Errors.php(10): Module\core\Controllers\CoreController->__construct()
 4 SYSTEMPATH/CodeIgniter.php(915): Module\core\Controllers\Errors->__construct()
 5 SYSTEMPATH/CodeIgniter.php(971): CodeIgniter\CodeIgniter->createController()
 6 SYSTEMPATH/CodeIgniter.php(370): CodeIgniter\CodeIgniter->display404errors(Object(CodeIgniter\Exceptions\PageNotFoundException))
 7 FCPATH/index.php(79): CodeIgniter\CodeIgniter->run()
CRITICAL - 2024-04-25 14:20:03 --> ErrorException: Attempt to read property "saveData" on null
in APPPATH/Libraries/OwensView.php on line 43.
 1 APPPATH/Libraries/OwensView.php(43): CodeIgniter\Debug\Exceptions->errorHandler()
 2 APPPATH/Libraries/OwensView.php(336): App\Libraries\OwensView->view()
 3 ROOTPATH/modules/core/Controllers/Errors.php(19): App\Libraries\OwensView->loadLayoutView()
 4 SYSTEMPATH/CodeIgniter.php(943): Module\core\Controllers\Errors->show404()
 5 SYSTEMPATH/CodeIgniter.php(972): CodeIgniter\CodeIgniter->runController()
 6 SYSTEMPATH/CodeIgniter.php(370): CodeIgniter\CodeIgniter->display404errors()
 7 FCPATH/index.php(79): CodeIgniter\CodeIgniter->run()
INFO - 2024-04-25 14:20:17 --> Session: Class initialized using 'CodeIgniter\Session\Handlers\FileHandler' driver.
WARNING - 2024-04-25 14:20:17 --> [DEPRECATED] Creation of dynamic property App\Libraries\OwensView::$session is deprecated in APPPATH/Libraries/OwensView.php on line 36.
 1 ROOTPATH/modules/core/Controllers/CoreController.php(48): App\Libraries\OwensView->__construct(Object(Config\View))
 2 ROOTPATH/modules/core/Controllers/CoreController.php(28): Module\core\Controllers\CoreController->loadLibrary()
 3 ROOTPATH/modules/core/Controllers/Errors.php(10): Module\core\Controllers\CoreController->__construct()
 4 SYSTEMPATH/CodeIgniter.php(915): Module\core\Controllers\Errors->__construct()
 5 SYSTEMPATH/CodeIgniter.php(971): CodeIgniter\CodeIgniter->createController()
 6 SYSTEMPATH/CodeIgniter.php(370): CodeIgniter\CodeIgniter->display404errors(Object(CodeIgniter\Exceptions\PageNotFoundException))
 7 FCPATH/index.php(79): CodeIgniter\CodeIgniter->run()
CRITICAL - 2024-04-25 14:20:17 --> ErrorException: Attempt to read property "saveData" on null
in APPPATH/Libraries/OwensView.php on line 43.
 1 APPPATH/Libraries/OwensView.php(43): CodeIgniter\Debug\Exceptions->errorHandler()
 2 APPPATH/Libraries/OwensView.php(336): App\Libraries\OwensView->view()
 3 ROOTPATH/modules/core/Controllers/Errors.php(19): App\Libraries\OwensView->loadLayoutView()
 4 SYSTEMPATH/CodeIgniter.php(943): Module\core\Controllers\Errors->show404()
 5 SYSTEMPATH/CodeIgniter.php(972): CodeIgniter\CodeIgniter->runController()
 6 SYSTEMPATH/CodeIgniter.php(370): CodeIgniter\CodeIgniter->display404errors()
 7 FCPATH/index.php(79): CodeIgniter\CodeIgniter->run()
INFO - 2024-04-25 14:20:24 --> Session: Class initialized using 'CodeIgniter\Session\Handlers\FileHandler' driver.
WARNING - 2024-04-25 14:20:24 --> [DEPRECATED] Creation of dynamic property App\Libraries\OwensView::$session is deprecated in APPPATH/Libraries/OwensView.php on line 36.
 1 ROOTPATH/modules/core/Controllers/CoreController.php(48): App\Libraries\OwensView->__construct(Object(Config\View))
 2 ROOTPATH/modules/core/Controllers/CoreController.php(28): Module\core\Controllers\CoreController->loadLibrary()
 3 ROOTPATH/modules/core/Controllers/Errors.php(10): Module\core\Controllers\CoreController->__construct()
 4 SYSTEMPATH/CodeIgniter.php(915): Module\core\Controllers\Errors->__construct()
 5 SYSTEMPATH/CodeIgniter.php(971): CodeIgniter\CodeIgniter->createController()
 6 SYSTEMPATH/CodeIgniter.php(370): CodeIgniter\CodeIgniter->display404errors(Object(CodeIgniter\Exceptions\PageNotFoundException))
 7 FCPATH/index.php(79): CodeIgniter\CodeIgniter->run()
CRITICAL - 2024-04-25 14:20:24 --> ErrorException: Attempt to read property "saveData" on null
in APPPATH/Libraries/OwensView.php on line 43.
 1 APPPATH/Libraries/OwensView.php(43): CodeIgniter\Debug\Exceptions->errorHandler()
 2 APPPATH/Libraries/OwensView.php(336): App\Libraries\OwensView->view()
 3 ROOTPATH/modules/core/Controllers/Errors.php(19): App\Libraries\OwensView->loadLayoutView()
 4 SYSTEMPATH/CodeIgniter.php(943): Module\core\Controllers\Errors->show404()
 5 SYSTEMPATH/CodeIgniter.php(972): CodeIgniter\CodeIgniter->runController()
 6 SYSTEMPATH/CodeIgniter.php(370): CodeIgniter\CodeIgniter->display404errors()
 7 FCPATH/index.php(79): CodeIgniter\CodeIgniter->run()
INFO - 2024-04-25 14:29:33 --> Session: Class initialized using 'CodeIgniter\Session\Handlers\FileHandler' driver.
WARNING - 2024-04-25 14:29:33 --> [DEPRECATED] Creation of dynamic property App\Libraries\OwensView::$session is deprecated in APPPATH/Libraries/OwensView.php on line 36.
 1 ROOTPATH/modules/core/Controllers/CoreController.php(48): App\Libraries\OwensView->__construct(Object(Config\View))
 2 ROOTPATH/modules/core/Controllers/CoreController.php(28): Module\core\Controllers\CoreController->loadLibrary()
 3 ROOTPATH/modules/core/Controllers/Errors.php(10): Module\core\Controllers\CoreController->__construct()
 4 SYSTEMPATH/CodeIgniter.php(915): Module\core\Controllers\Errors->__construct()
 5 SYSTEMPATH/CodeIgniter.php(971): CodeIgniter\CodeIgniter->createController()
 6 SYSTEMPATH/CodeIgniter.php(370): CodeIgniter\CodeIgniter->display404errors(Object(CodeIgniter\Exceptions\PageNotFoundException))
 7 FCPATH/index.php(79): CodeIgniter\CodeIgniter->run()
CRITICAL - 2024-04-25 14:29:33 --> ErrorException: Attempt to read property "saveData" on null
in APPPATH/Libraries/OwensView.php on line 43.
 1 APPPATH/Libraries/OwensView.php(43): CodeIgniter\Debug\Exceptions->errorHandler()
 2 APPPATH/Libraries/OwensView.php(336): App\Libraries\OwensView->view()
 3 ROOTPATH/modules/core/Controllers/Errors.php(19): App\Libraries\OwensView->loadLayoutView()
 4 SYSTEMPATH/CodeIgniter.php(943): Module\core\Controllers\Errors->show404()
 5 SYSTEMPATH/CodeIgniter.php(972): CodeIgniter\CodeIgniter->runController()
 6 SYSTEMPATH/CodeIgniter.php(370): CodeIgniter\CodeIgniter->display404errors()
 7 FCPATH/index.php(79): CodeIgniter\CodeIgniter->run()
CRITICAL - 2024-04-25 14:55:41 --> CodeIgniter\HTTP\Exceptions\BadRequestException: The URI you submitted has disallowed characters: ";stok="
in SYSTEMPATH/Router/Router.php on line 704.
 1 SYSTEMPATH/Router/Router.php(195): CodeIgniter\Router\Router->checkDisallowedChars()
 2 SYSTEMPATH/CodeIgniter.php(825): CodeIgniter\Router\Router->handle()
 3 SYSTEMPATH/CodeIgniter.php(450): CodeIgniter\CodeIgniter->tryToRouteIt()
 4 SYSTEMPATH/CodeIgniter.php(361): CodeIgniter\CodeIgniter->handleRequest()
 5 FCPATH/index.php(79): CodeIgniter\CodeIgniter->run()
INFO - 2024-04-25 15:32:17 --> Session: Class initialized using 'CodeIgniter\Session\Handlers\FileHandler' driver.
WARNING - 2024-04-25 15:32:17 --> [DEPRECATED] Creation of dynamic property App\Libraries\OwensView::$session is deprecated in APPPATH/Libraries/OwensView.php on line 36.
 1 ROOTPATH/modules/core/Controllers/CoreController.php(48): App\Libraries\OwensView->__construct(Object(Config\View))
 2 ROOTPATH/modules/core/Controllers/CoreController.php(28): Module\core\Controllers\CoreController->loadLibrary()
 3 ROOTPATH/modules/core/Controllers/Errors.php(10): Module\core\Controllers\CoreController->__construct()
 4 SYSTEMPATH/CodeIgniter.php(915): Module\core\Controllers\Errors->__construct()
 5 SYSTEMPATH/CodeIgniter.php(971): CodeIgniter\CodeIgniter->createController()
 6 SYSTEMPATH/CodeIgniter.php(370): CodeIgniter\CodeIgniter->display404errors(Object(CodeIgniter\Exceptions\PageNotFoundException))
 7 FCPATH/index.php(79): CodeIgniter\CodeIgniter->run()
CRITICAL - 2024-04-25 15:32:17 --> ErrorException: Attempt to read property "saveData" on null
in APPPATH/Libraries/OwensView.php on line 43.
 1 APPPATH/Libraries/OwensView.php(43): CodeIgniter\Debug\Exceptions->errorHandler()
 2 APPPATH/Libraries/OwensView.php(336): App\Libraries\OwensView->view()
 3 ROOTPATH/modules/core/Controllers/Errors.php(19): App\Libraries\OwensView->loadLayoutView()
 4 SYSTEMPATH/CodeIgniter.php(943): Module\core\Controllers\Errors->show404()
 5 SYSTEMPATH/CodeIgniter.php(972): CodeIgniter\CodeIgniter->runController()
 6 SYSTEMPATH/CodeIgniter.php(370): CodeIgniter\CodeIgniter->display404errors()
 7 FCPATH/index.php(79): CodeIgniter\CodeIgniter->run()
INFO - 2024-04-25 16:23:34 --> Session: Class initialized using 'CodeIgniter\Session\Handlers\FileHandler' driver.
WARNING - 2024-04-25 16:23:34 --> [DEPRECATED] Creation of dynamic property App\Libraries\OwensView::$session is deprecated in APPPATH/Libraries/OwensView.php on line 36.
 1 ROOTPATH/modules/core/Controllers/CoreController.php(48): App\Libraries\OwensView->__construct(Object(Config\View))
 2 ROOTPATH/modules/core/Controllers/CoreController.php(28): Module\core\Controllers\CoreController->loadLibrary()
 3 ROOTPATH/modules/core/Controllers/Errors.php(10): Module\core\Controllers\CoreController->__construct()
 4 SYSTEMPATH/CodeIgniter.php(915): Module\core\Controllers\Errors->__construct()
 5 SYSTEMPATH/CodeIgniter.php(971): CodeIgniter\CodeIgniter->createController()
 6 SYSTEMPATH/CodeIgniter.php(370): CodeIgniter\CodeIgniter->display404errors(Object(CodeIgniter\Exceptions\PageNotFoundException))
 7 FCPATH/index.php(79): CodeIgniter\CodeIgniter->run()
CRITICAL - 2024-04-25 16:23:34 --> ErrorException: Attempt to read property "saveData" on null
in APPPATH/Libraries/OwensView.php on line 43.
 1 APPPATH/Libraries/OwensView.php(43): CodeIgniter\Debug\Exceptions->errorHandler()
 2 APPPATH/Libraries/OwensView.php(336): App\Libraries\OwensView->view()
 3 ROOTPATH/modules/core/Controllers/Errors.php(19): App\Libraries\OwensView->loadLayoutView()
 4 SYSTEMPATH/CodeIgniter.php(943): Module\core\Controllers\Errors->show404()
 5 SYSTEMPATH/CodeIgniter.php(972): CodeIgniter\CodeIgniter->runController()
 6 SYSTEMPATH/CodeIgniter.php(370): CodeIgniter\CodeIgniter->display404errors()
 7 FCPATH/index.php(79): CodeIgniter\CodeIgniter->run()
INFO - 2024-04-25 16:47:19 --> Session: Class initialized using 'CodeIgniter\Session\Handlers\FileHandler' driver.
WARNING - 2024-04-25 16:47:19 --> [DEPRECATED] Creation of dynamic property App\Libraries\OwensView::$session is deprecated in APPPATH/Libraries/OwensView.php on line 36.
 1 ROOTPATH/modules/core/Controllers/CoreController.php(48): App\Libraries\OwensView->__construct(Object(Config\View))
 2 ROOTPATH/modules/core/Controllers/CoreController.php(28): Module\core\Controllers\CoreController->loadLibrary()
 3 ROOTPATH/modules/core/Controllers/Errors.php(10): Module\core\Controllers\CoreController->__construct()
 4 SYSTEMPATH/CodeIgniter.php(915): Module\core\Controllers\Errors->__construct()
 5 SYSTEMPATH/CodeIgniter.php(971): CodeIgniter\CodeIgniter->createController()
 6 SYSTEMPATH/CodeIgniter.php(370): CodeIgniter\CodeIgniter->display404errors(Object(CodeIgniter\Exceptions\PageNotFoundException))
 7 FCPATH/index.php(79): CodeIgniter\CodeIgniter->run()
CRITICAL - 2024-04-25 16:47:19 --> ErrorException: Attempt to read property "saveData" on null
in APPPATH/Libraries/OwensView.php on line 43.
 1 APPPATH/Libraries/OwensView.php(43): CodeIgniter\Debug\Exceptions->errorHandler()
 2 APPPATH/Libraries/OwensView.php(336): App\Libraries\OwensView->view()
 3 ROOTPATH/modules/core/Controllers/Errors.php(19): App\Libraries\OwensView->loadLayoutView()
 4 SYSTEMPATH/CodeIgniter.php(943): Module\core\Controllers\Errors->show404()
 5 SYSTEMPATH/CodeIgniter.php(972): CodeIgniter\CodeIgniter->runController()
 6 SYSTEMPATH/CodeIgniter.php(370): CodeIgniter\CodeIgniter->display404errors()
 7 FCPATH/index.php(79): CodeIgniter\CodeIgniter->run()
INFO - 2024-04-25 16:48:39 --> Session: Class initialized using 'CodeIgniter\Session\Handlers\FileHandler' driver.
WARNING - 2024-04-25 16:48:39 --> [DEPRECATED] Creation of dynamic property App\Libraries\OwensView::$session is deprecated in APPPATH/Libraries/OwensView.php on line 36.
 1 ROOTPATH/modules/core/Controllers/CoreController.php(48): App\Libraries\OwensView->__construct(Object(Config\View))
 2 ROOTPATH/modules/core/Controllers/CoreController.php(28): Module\core\Controllers\CoreController->loadLibrary()
 3 ROOTPATH/modules/core/Controllers/Errors.php(10): Module\core\Controllers\CoreController->__construct()
 4 SYSTEMPATH/CodeIgniter.php(915): Module\core\Controllers\Errors->__construct()
 5 SYSTEMPATH/CodeIgniter.php(971): CodeIgniter\CodeIgniter->createController()
 6 SYSTEMPATH/CodeIgniter.php(370): CodeIgniter\CodeIgniter->display404errors(Object(CodeIgniter\Exceptions\PageNotFoundException))
 7 FCPATH/index.php(79): CodeIgniter\CodeIgniter->run()
CRITICAL - 2024-04-25 16:48:39 --> ErrorException: Attempt to read property "saveData" on null
in APPPATH/Libraries/OwensView.php on line 43.
 1 APPPATH/Libraries/OwensView.php(43): CodeIgniter\Debug\Exceptions->errorHandler()
 2 APPPATH/Libraries/OwensView.php(336): App\Libraries\OwensView->view()
 3 ROOTPATH/modules/core/Controllers/Errors.php(19): App\Libraries\OwensView->loadLayoutView()
 4 SYSTEMPATH/CodeIgniter.php(943): Module\core\Controllers\Errors->show404()
 5 SYSTEMPATH/CodeIgniter.php(972): CodeIgniter\CodeIgniter->runController()
 6 SYSTEMPATH/CodeIgniter.php(370): CodeIgniter\CodeIgniter->display404errors()
 7 FCPATH/index.php(79): CodeIgniter\CodeIgniter->run()
INFO - 2024-04-25 17:50:01 --> Session: Class initialized using 'CodeIgniter\Session\Handlers\FileHandler' driver.
WARNING - 2024-04-25 17:50:01 --> [DEPRECATED] Creation of dynamic property App\Libraries\OwensView::$session is deprecated in APPPATH/Libraries/OwensView.php on line 36.
 1 ROOTPATH/modules/core/Controllers/CoreController.php(48): App\Libraries\OwensView->__construct(Object(Config\View))
 2 ROOTPATH/modules/core/Controllers/CoreController.php(28): Module\core\Controllers\CoreController->loadLibrary()
 3 ROOTPATH/modules/core/Controllers/Errors.php(10): Module\core\Controllers\CoreController->__construct()
 4 SYSTEMPATH/CodeIgniter.php(915): Module\core\Controllers\Errors->__construct()
 5 SYSTEMPATH/CodeIgniter.php(971): CodeIgniter\CodeIgniter->createController()
 6 SYSTEMPATH/CodeIgniter.php(370): CodeIgniter\CodeIgniter->display404errors(Object(CodeIgniter\Exceptions\PageNotFoundException))
 7 FCPATH/index.php(79): CodeIgniter\CodeIgniter->run()
CRITICAL - 2024-04-25 17:50:01 --> ErrorException: Attempt to read property "saveData" on null
in APPPATH/Libraries/OwensView.php on line 43.
 1 APPPATH/Libraries/OwensView.php(43): CodeIgniter\Debug\Exceptions->errorHandler()
 2 APPPATH/Libraries/OwensView.php(336): App\Libraries\OwensView->view()
 3 ROOTPATH/modules/core/Controllers/Errors.php(19): App\Libraries\OwensView->loadLayoutView()
 4 SYSTEMPATH/CodeIgniter.php(943): Module\core\Controllers\Errors->show404()
 5 SYSTEMPATH/CodeIgniter.php(972): CodeIgniter\CodeIgniter->runController()
 6 SYSTEMPATH/CodeIgniter.php(370): CodeIgniter\CodeIgniter->display404errors()
 7 FCPATH/index.php(79): CodeIgniter\CodeIgniter->run()
INFO - 2024-04-25 17:50:02 --> Session: Class initialized using 'CodeIgniter\Session\Handlers\FileHandler' driver.
WARNING - 2024-04-25 17:50:02 --> [DEPRECATED] Creation of dynamic property App\Libraries\OwensView::$session is deprecated in APPPATH/Libraries/OwensView.php on line 36.
 1 ROOTPATH/modules/core/Controllers/CoreController.php(48): App\Libraries\OwensView->__construct(Object(Config\View))
 2 ROOTPATH/modules/core/Controllers/CoreController.php(28): Module\core\Controllers\CoreController->loadLibrary()
 3 ROOTPATH/modules/core/Controllers/Errors.php(10): Module\core\Controllers\CoreController->__construct()
 4 SYSTEMPATH/CodeIgniter.php(915): Module\core\Controllers\Errors->__construct()
 5 SYSTEMPATH/CodeIgniter.php(971): CodeIgniter\CodeIgniter->createController()
 6 SYSTEMPATH/CodeIgniter.php(370): CodeIgniter\CodeIgniter->display404errors(Object(CodeIgniter\Exceptions\PageNotFoundException))
 7 FCPATH/index.php(79): CodeIgniter\CodeIgniter->run()
CRITICAL - 2024-04-25 17:50:02 --> ErrorException: Attempt to read property "saveData" on null
in APPPATH/Libraries/OwensView.php on line 43.
 1 APPPATH/Libraries/OwensView.php(43): CodeIgniter\Debug\Exceptions->errorHandler()
 2 APPPATH/Libraries/OwensView.php(336): App\Libraries\OwensView->view()
 3 ROOTPATH/modules/core/Controllers/Errors.php(19): App\Libraries\OwensView->loadLayoutView()
 4 SYSTEMPATH/CodeIgniter.php(943): Module\core\Controllers\Errors->show404()
 5 SYSTEMPATH/CodeIgniter.php(972): CodeIgniter\CodeIgniter->runController()
 6 SYSTEMPATH/CodeIgniter.php(370): CodeIgniter\CodeIgniter->display404errors()
 7 FCPATH/index.php(79): CodeIgniter\CodeIgniter->run()
INFO - 2024-04-25 17:50:03 --> Session: Class initialized using 'CodeIgniter\Session\Handlers\FileHandler' driver.
WARNING - 2024-04-25 17:50:03 --> [DEPRECATED] Creation of dynamic property App\Libraries\OwensView::$session is deprecated in APPPATH/Libraries/OwensView.php on line 36.
 1 ROOTPATH/modules/core/Controllers/CoreController.php(48): App\Libraries\OwensView->__construct(Object(Config\View))
 2 ROOTPATH/modules/core/Controllers/CoreController.php(28): Module\core\Controllers\CoreController->loadLibrary()
 3 ROOTPATH/modules/core/Controllers/Errors.php(10): Module\core\Controllers\CoreController->__construct()
 4 SYSTEMPATH/CodeIgniter.php(915): Module\core\Controllers\Errors->__construct()
 5 SYSTEMPATH/CodeIgniter.php(971): CodeIgniter\CodeIgniter->createController()
 6 SYSTEMPATH/CodeIgniter.php(370): CodeIgniter\CodeIgniter->display404errors(Object(CodeIgniter\Exceptions\PageNotFoundException))
 7 FCPATH/index.php(79): CodeIgniter\CodeIgniter->run()
CRITICAL - 2024-04-25 17:50:03 --> ErrorException: Attempt to read property "saveData" on null
in APPPATH/Libraries/OwensView.php on line 43.
 1 APPPATH/Libraries/OwensView.php(43): CodeIgniter\Debug\Exceptions->errorHandler()
 2 APPPATH/Libraries/OwensView.php(336): App\Libraries\OwensView->view()
 3 ROOTPATH/modules/core/Controllers/Errors.php(19): App\Libraries\OwensView->loadLayoutView()
 4 SYSTEMPATH/CodeIgniter.php(943): Module\core\Controllers\Errors->show404()
 5 SYSTEMPATH/CodeIgniter.php(972): CodeIgniter\CodeIgniter->runController()
 6 SYSTEMPATH/CodeIgniter.php(370): CodeIgniter\CodeIgniter->display404errors()
 7 FCPATH/index.php(79): CodeIgniter\CodeIgniter->run()
INFO - 2024-04-25 17:50:04 --> Session: Class initialized using 'CodeIgniter\Session\Handlers\FileHandler' driver.
WARNING - 2024-04-25 17:50:04 --> [DEPRECATED] Creation of dynamic property App\Libraries\OwensView::$session is deprecated in APPPATH/Libraries/OwensView.php on line 36.
 1 ROOTPATH/modules/core/Controllers/CoreController.php(48): App\Libraries\OwensView->__construct(Object(Config\View))
 2 ROOTPATH/modules/core/Controllers/CoreController.php(28): Module\core\Controllers\CoreController->loadLibrary()
 3 ROOTPATH/modules/core/Controllers/Errors.php(10): Module\core\Controllers\CoreController->__construct()
 4 SYSTEMPATH/CodeIgniter.php(915): Module\core\Controllers\Errors->__construct()
 5 SYSTEMPATH/CodeIgniter.php(971): CodeIgniter\CodeIgniter->createController()
 6 SYSTEMPATH/CodeIgniter.php(370): CodeIgniter\CodeIgniter->display404errors(Object(CodeIgniter\Exceptions\PageNotFoundException))
 7 FCPATH/index.php(79): CodeIgniter\CodeIgniter->run()
CRITICAL - 2024-04-25 17:50:04 --> ErrorException: Attempt to read property "saveData" on null
in APPPATH/Libraries/OwensView.php on line 43.
 1 APPPATH/Libraries/OwensView.php(43): CodeIgniter\Debug\Exceptions->errorHandler()
 2 APPPATH/Libraries/OwensView.php(336): App\Libraries\OwensView->view()
 3 ROOTPATH/modules/core/Controllers/Errors.php(19): App\Libraries\OwensView->loadLayoutView()
 4 SYSTEMPATH/CodeIgniter.php(943): Module\core\Controllers\Errors->show404()
 5 SYSTEMPATH/CodeIgniter.php(972): CodeIgniter\CodeIgniter->runController()
 6 SYSTEMPATH/CodeIgniter.php(370): CodeIgniter\CodeIgniter->display404errors()
 7 FCPATH/index.php(79): CodeIgniter\CodeIgniter->run()
INFO - 2024-04-25 17:50:05 --> Session: Class initialized using 'CodeIgniter\Session\Handlers\FileHandler' driver.
WARNING - 2024-04-25 17:50:05 --> [DEPRECATED] Creation of dynamic property App\Libraries\OwensView::$session is deprecated in APPPATH/Libraries/OwensView.php on line 36.
 1 ROOTPATH/modules/core/Controllers/CoreController.php(48): App\Libraries\OwensView->__construct(Object(Config\View))
 2 ROOTPATH/modules/core/Controllers/CoreController.php(28): Module\core\Controllers\CoreController->loadLibrary()
 3 ROOTPATH/modules/core/Controllers/Errors.php(10): Module\core\Controllers\CoreController->__construct()
 4 SYSTEMPATH/CodeIgniter.php(915): Module\core\Controllers\Errors->__construct()
 5 SYSTEMPATH/CodeIgniter.php(971): CodeIgniter\CodeIgniter->createController()
 6 SYSTEMPATH/CodeIgniter.php(370): CodeIgniter\CodeIgniter->display404errors(Object(CodeIgniter\Exceptions\PageNotFoundException))
 7 FCPATH/index.php(79): CodeIgniter\CodeIgniter->run()
CRITICAL - 2024-04-25 17:50:05 --> ErrorException: Attempt to read property "saveData" on null
in APPPATH/Libraries/OwensView.php on line 43.
 1 APPPATH/Libraries/OwensView.php(43): CodeIgniter\Debug\Exceptions->errorHandler()
 2 APPPATH/Libraries/OwensView.php(336): App\Libraries\OwensView->view()
 3 ROOTPATH/modules/core/Controllers/Errors.php(19): App\Libraries\OwensView->loadLayoutView()
 4 SYSTEMPATH/CodeIgniter.php(943): Module\core\Controllers\Errors->show404()
 5 SYSTEMPATH/CodeIgniter.php(972): CodeIgniter\CodeIgniter->runController()
 6 SYSTEMPATH/CodeIgniter.php(370): CodeIgniter\CodeIgniter->display404errors()
 7 FCPATH/index.php(79): CodeIgniter\CodeIgniter->run()
INFO - 2024-04-25 17:50:06 --> Session: Class initialized using 'CodeIgniter\Session\Handlers\FileHandler' driver.
WARNING - 2024-04-25 17:50:06 --> [DEPRECATED] Creation of dynamic property App\Libraries\OwensView::$session is deprecated in APPPATH/Libraries/OwensView.php on line 36.
 1 ROOTPATH/modules/core/Controllers/CoreController.php(48): App\Libraries\OwensView->__construct(Object(Config\View))
 2 ROOTPATH/modules/core/Controllers/CoreController.php(28): Module\core\Controllers\CoreController->loadLibrary()
 3 ROOTPATH/modules/core/Controllers/Errors.php(10): Module\core\Controllers\CoreController->__construct()
 4 SYSTEMPATH/CodeIgniter.php(915): Module\core\Controllers\Errors->__construct()
 5 SYSTEMPATH/CodeIgniter.php(971): CodeIgniter\CodeIgniter->createController()
 6 SYSTEMPATH/CodeIgniter.php(370): CodeIgniter\CodeIgniter->display404errors(Object(CodeIgniter\Exceptions\PageNotFoundException))
 7 FCPATH/index.php(79): CodeIgniter\CodeIgniter->run()
CRITICAL - 2024-04-25 17:50:06 --> ErrorException: Attempt to read property "saveData" on null
in APPPATH/Libraries/OwensView.php on line 43.
 1 APPPATH/Libraries/OwensView.php(43): CodeIgniter\Debug\Exceptions->errorHandler()
 2 APPPATH/Libraries/OwensView.php(336): App\Libraries\OwensView->view()
 3 ROOTPATH/modules/core/Controllers/Errors.php(19): App\Libraries\OwensView->loadLayoutView()
 4 SYSTEMPATH/CodeIgniter.php(943): Module\core\Controllers\Errors->show404()
 5 SYSTEMPATH/CodeIgniter.php(972): CodeIgniter\CodeIgniter->runController()
 6 SYSTEMPATH/CodeIgniter.php(370): CodeIgniter\CodeIgniter->display404errors()
 7 FCPATH/index.php(79): CodeIgniter\CodeIgniter->run()
INFO - 2024-04-25 17:50:07 --> Session: Class initialized using 'CodeIgniter\Session\Handlers\FileHandler' driver.
WARNING - 2024-04-25 17:50:07 --> [DEPRECATED] Creation of dynamic property App\Libraries\OwensView::$session is deprecated in APPPATH/Libraries/OwensView.php on line 36.
 1 ROOTPATH/modules/core/Controllers/CoreController.php(48): App\Libraries\OwensView->__construct(Object(Config\View))
 2 ROOTPATH/modules/core/Controllers/CoreController.php(28): Module\core\Controllers\CoreController->loadLibrary()
 3 ROOTPATH/modules/core/Controllers/Errors.php(10): Module\core\Controllers\CoreController->__construct()
 4 SYSTEMPATH/CodeIgniter.php(915): Module\core\Controllers\Errors->__construct()
 5 SYSTEMPATH/CodeIgniter.php(971): CodeIgniter\CodeIgniter->createController()
 6 SYSTEMPATH/CodeIgniter.php(370): CodeIgniter\CodeIgniter->display404errors(Object(CodeIgniter\Exceptions\PageNotFoundException))
 7 FCPATH/index.php(79): CodeIgniter\CodeIgniter->run()
CRITICAL - 2024-04-25 17:50:07 --> ErrorException: Attempt to read property "saveData" on null
in APPPATH/Libraries/OwensView.php on line 43.
 1 APPPATH/Libraries/OwensView.php(43): CodeIgniter\Debug\Exceptions->errorHandler()
 2 APPPATH/Libraries/OwensView.php(336): App\Libraries\OwensView->view()
 3 ROOTPATH/modules/core/Controllers/Errors.php(19): App\Libraries\OwensView->loadLayoutView()
 4 SYSTEMPATH/CodeIgniter.php(943): Module\core\Controllers\Errors->show404()
 5 SYSTEMPATH/CodeIgniter.php(972): CodeIgniter\CodeIgniter->runController()
 6 SYSTEMPATH/CodeIgniter.php(370): CodeIgniter\CodeIgniter->display404errors()
 7 FCPATH/index.php(79): CodeIgniter\CodeIgniter->run()
INFO - 2024-04-25 17:50:08 --> Session: Class initialized using 'CodeIgniter\Session\Handlers\FileHandler' driver.
WARNING - 2024-04-25 17:50:08 --> [DEPRECATED] Creation of dynamic property App\Libraries\OwensView::$session is deprecated in APPPATH/Libraries/OwensView.php on line 36.
 1 ROOTPATH/modules/core/Controllers/CoreController.php(48): App\Libraries\OwensView->__construct(Object(Config\View))
 2 ROOTPATH/modules/core/Controllers/CoreController.php(28): Module\core\Controllers\CoreController->loadLibrary()
 3 ROOTPATH/modules/core/Controllers/Errors.php(10): Module\core\Controllers\CoreController->__construct()
 4 SYSTEMPATH/CodeIgniter.php(915): Module\core\Controllers\Errors->__construct()
 5 SYSTEMPATH/CodeIgniter.php(971): CodeIgniter\CodeIgniter->createController()
 6 SYSTEMPATH/CodeIgniter.php(370): CodeIgniter\CodeIgniter->display404errors(Object(CodeIgniter\Exceptions\PageNotFoundException))
 7 FCPATH/index.php(79): CodeIgniter\CodeIgniter->run()
CRITICAL - 2024-04-25 17:50:08 --> ErrorException: Attempt to read property "saveData" on null
in APPPATH/Libraries/OwensView.php on line 43.
 1 APPPATH/Libraries/OwensView.php(43): CodeIgniter\Debug\Exceptions->errorHandler()
 2 APPPATH/Libraries/OwensView.php(336): App\Libraries\OwensView->view()
 3 ROOTPATH/modules/core/Controllers/Errors.php(19): App\Libraries\OwensView->loadLayoutView()
 4 SYSTEMPATH/CodeIgniter.php(943): Module\core\Controllers\Errors->show404()
 5 SYSTEMPATH/CodeIgniter.php(972): CodeIgniter\CodeIgniter->runController()
 6 SYSTEMPATH/CodeIgniter.php(370): CodeIgniter\CodeIgniter->display404errors()
 7 FCPATH/index.php(79): CodeIgniter\CodeIgniter->run()
INFO - 2024-04-25 17:50:08 --> Session: Class initialized using 'CodeIgniter\Session\Handlers\FileHandler' driver.
WARNING - 2024-04-25 17:50:08 --> [DEPRECATED] Creation of dynamic property App\Libraries\OwensView::$session is deprecated in APPPATH/Libraries/OwensView.php on line 36.
 1 ROOTPATH/modules/core/Controllers/CoreController.php(48): App\Libraries\OwensView->__construct(Object(Config\View))
 2 ROOTPATH/modules/core/Controllers/CoreController.php(28): Module\core\Controllers\CoreController->loadLibrary()
 3 ROOTPATH/modules/core/Controllers/Errors.php(10): Module\core\Controllers\CoreController->__construct()
 4 SYSTEMPATH/CodeIgniter.php(915): Module\core\Controllers\Errors->__construct()
 5 SYSTEMPATH/CodeIgniter.php(971): CodeIgniter\CodeIgniter->createController()
 6 SYSTEMPATH/CodeIgniter.php(370): CodeIgniter\CodeIgniter->display404errors(Object(CodeIgniter\Exceptions\PageNotFoundException))
 7 FCPATH/index.php(79): CodeIgniter\CodeIgniter->run()
CRITICAL - 2024-04-25 17:50:08 --> ErrorException: Attempt to read property "saveData" on null
in APPPATH/Libraries/OwensView.php on line 43.
 1 APPPATH/Libraries/OwensView.php(43): CodeIgniter\Debug\Exceptions->errorHandler()
 2 APPPATH/Libraries/OwensView.php(336): App\Libraries\OwensView->view()
 3 ROOTPATH/modules/core/Controllers/Errors.php(19): App\Libraries\OwensView->loadLayoutView()
 4 SYSTEMPATH/CodeIgniter.php(943): Module\core\Controllers\Errors->show404()
 5 SYSTEMPATH/CodeIgniter.php(972): CodeIgniter\CodeIgniter->runController()
 6 SYSTEMPATH/CodeIgniter.php(370): CodeIgniter\CodeIgniter->display404errors()
 7 FCPATH/index.php(79): CodeIgniter\CodeIgniter->run()
INFO - 2024-04-25 17:50:09 --> Session: Class initialized using 'CodeIgniter\Session\Handlers\FileHandler' driver.
WARNING - 2024-04-25 17:50:09 --> [DEPRECATED] Creation of dynamic property App\Libraries\OwensView::$session is deprecated in APPPATH/Libraries/OwensView.php on line 36.
 1 ROOTPATH/modules/core/Controllers/CoreController.php(48): App\Libraries\OwensView->__construct(Object(Config\View))
 2 ROOTPATH/modules/core/Controllers/CoreController.php(28): Module\core\Controllers\CoreController->loadLibrary()
 3 ROOTPATH/modules/core/Controllers/Errors.php(10): Module\core\Controllers\CoreController->__construct()
 4 SYSTEMPATH/CodeIgniter.php(915): Module\core\Controllers\Errors->__construct()
 5 SYSTEMPATH/CodeIgniter.php(971): CodeIgniter\CodeIgniter->createController()
 6 SYSTEMPATH/CodeIgniter.php(370): CodeIgniter\CodeIgniter->display404errors(Object(CodeIgniter\Exceptions\PageNotFoundException))
 7 FCPATH/index.php(79): CodeIgniter\CodeIgniter->run()
CRITICAL - 2024-04-25 17:50:09 --> ErrorException: Attempt to read property "saveData" on null
in APPPATH/Libraries/OwensView.php on line 43.
 1 APPPATH/Libraries/OwensView.php(43): CodeIgniter\Debug\Exceptions->errorHandler()
 2 APPPATH/Libraries/OwensView.php(336): App\Libraries\OwensView->view()
 3 ROOTPATH/modules/core/Controllers/Errors.php(19): App\Libraries\OwensView->loadLayoutView()
 4 SYSTEMPATH/CodeIgniter.php(943): Module\core\Controllers\Errors->show404()
 5 SYSTEMPATH/CodeIgniter.php(972): CodeIgniter\CodeIgniter->runController()
 6 SYSTEMPATH/CodeIgniter.php(370): CodeIgniter\CodeIgniter->display404errors()
 7 FCPATH/index.php(79): CodeIgniter\CodeIgniter->run()
INFO - 2024-04-25 17:50:10 --> Session: Class initialized using 'CodeIgniter\Session\Handlers\FileHandler' driver.
WARNING - 2024-04-25 17:50:10 --> [DEPRECATED] Creation of dynamic property App\Libraries\OwensView::$session is deprecated in APPPATH/Libraries/OwensView.php on line 36.
 1 ROOTPATH/modules/core/Controllers/CoreController.php(48): App\Libraries\OwensView->__construct(Object(Config\View))
 2 ROOTPATH/modules/core/Controllers/CoreController.php(28): Module\core\Controllers\CoreController->loadLibrary()
 3 ROOTPATH/modules/core/Controllers/Errors.php(10): Module\core\Controllers\CoreController->__construct()
 4 SYSTEMPATH/CodeIgniter.php(915): Module\core\Controllers\Errors->__construct()
 5 SYSTEMPATH/CodeIgniter.php(971): CodeIgniter\CodeIgniter->createController()
 6 SYSTEMPATH/CodeIgniter.php(370): CodeIgniter\CodeIgniter->display404errors(Object(CodeIgniter\Exceptions\PageNotFoundException))
 7 FCPATH/index.php(79): CodeIgniter\CodeIgniter->run()
CRITICAL - 2024-04-25 17:50:10 --> ErrorException: Attempt to read property "saveData" on null
in APPPATH/Libraries/OwensView.php on line 43.
 1 APPPATH/Libraries/OwensView.php(43): CodeIgniter\Debug\Exceptions->errorHandler()
 2 APPPATH/Libraries/OwensView.php(336): App\Libraries\OwensView->view()
 3 ROOTPATH/modules/core/Controllers/Errors.php(19): App\Libraries\OwensView->loadLayoutView()
 4 SYSTEMPATH/CodeIgniter.php(943): Module\core\Controllers\Errors->show404()
 5 SYSTEMPATH/CodeIgniter.php(972): CodeIgniter\CodeIgniter->runController()
 6 SYSTEMPATH/CodeIgniter.php(370): CodeIgniter\CodeIgniter->display404errors()
 7 FCPATH/index.php(79): CodeIgniter\CodeIgniter->run()
INFO - 2024-04-25 17:50:11 --> Session: Class initialized using 'CodeIgniter\Session\Handlers\FileHandler' driver.
WARNING - 2024-04-25 17:50:11 --> [DEPRECATED] Creation of dynamic property App\Libraries\OwensView::$session is deprecated in APPPATH/Libraries/OwensView.php on line 36.
 1 ROOTPATH/modules/core/Controllers/CoreController.php(48): App\Libraries\OwensView->__construct(Object(Config\View))
 2 ROOTPATH/modules/core/Controllers/CoreController.php(28): Module\core\Controllers\CoreController->loadLibrary()
 3 ROOTPATH/modules/core/Controllers/Errors.php(10): Module\core\Controllers\CoreController->__construct()
 4 SYSTEMPATH/CodeIgniter.php(915): Module\core\Controllers\Errors->__construct()
 5 SYSTEMPATH/CodeIgniter.php(971): CodeIgniter\CodeIgniter->createController()
 6 SYSTEMPATH/CodeIgniter.php(370): CodeIgniter\CodeIgniter->display404errors(Object(CodeIgniter\Exceptions\PageNotFoundException))
 7 FCPATH/index.php(79): CodeIgniter\CodeIgniter->run()
CRITICAL - 2024-04-25 17:50:11 --> ErrorException: Attempt to read property "saveData" on null
in APPPATH/Libraries/OwensView.php on line 43.
 1 APPPATH/Libraries/OwensView.php(43): CodeIgniter\Debug\Exceptions->errorHandler()
 2 APPPATH/Libraries/OwensView.php(336): App\Libraries\OwensView->view()
 3 ROOTPATH/modules/core/Controllers/Errors.php(19): App\Libraries\OwensView->loadLayoutView()
 4 SYSTEMPATH/CodeIgniter.php(943): Module\core\Controllers\Errors->show404()
 5 SYSTEMPATH/CodeIgniter.php(972): CodeIgniter\CodeIgniter->runController()
 6 SYSTEMPATH/CodeIgniter.php(370): CodeIgniter\CodeIgniter->display404errors()
 7 FCPATH/index.php(79): CodeIgniter\CodeIgniter->run()
CRITICAL - 2024-04-25 17:50:12 --> CodeIgniter\HTTP\Exceptions\BadRequestException: The URI you submitted has disallowed characters: ";"
in SYSTEMPATH/Router/Router.php on line 704.
 1 SYSTEMPATH/Router/Router.php(195): CodeIgniter\Router\Router->checkDisallowedChars()
 2 SYSTEMPATH/CodeIgniter.php(825): CodeIgniter\Router\Router->handle()
 3 SYSTEMPATH/CodeIgniter.php(450): CodeIgniter\CodeIgniter->tryToRouteIt()
 4 SYSTEMPATH/CodeIgniter.php(361): CodeIgniter\CodeIgniter->handleRequest()
 5 FCPATH/index.php(79): CodeIgniter\CodeIgniter->run()
INFO - 2024-04-25 17:50:13 --> Session: Class initialized using 'CodeIgniter\Session\Handlers\FileHandler' driver.
WARNING - 2024-04-25 17:50:13 --> [DEPRECATED] Creation of dynamic property App\Libraries\OwensView::$session is deprecated in APPPATH/Libraries/OwensView.php on line 36.
 1 ROOTPATH/modules/core/Controllers/CoreController.php(48): App\Libraries\OwensView->__construct(Object(Config\View))
 2 ROOTPATH/modules/core/Controllers/CoreController.php(28): Module\core\Controllers\CoreController->loadLibrary()
 3 ROOTPATH/modules/core/Controllers/Errors.php(10): Module\core\Controllers\CoreController->__construct()
 4 SYSTEMPATH/CodeIgniter.php(915): Module\core\Controllers\Errors->__construct()
 5 SYSTEMPATH/CodeIgniter.php(971): CodeIgniter\CodeIgniter->createController()
 6 SYSTEMPATH/CodeIgniter.php(370): CodeIgniter\CodeIgniter->display404errors(Object(CodeIgniter\Exceptions\PageNotFoundException))
 7 FCPATH/index.php(79): CodeIgniter\CodeIgniter->run()
CRITICAL - 2024-04-25 17:50:13 --> ErrorException: Attempt to read property "saveData" on null
in APPPATH/Libraries/OwensView.php on line 43.
 1 APPPATH/Libraries/OwensView.php(43): CodeIgniter\Debug\Exceptions->errorHandler()
 2 APPPATH/Libraries/OwensView.php(336): App\Libraries\OwensView->view()
 3 ROOTPATH/modules/core/Controllers/Errors.php(19): App\Libraries\OwensView->loadLayoutView()
 4 SYSTEMPATH/CodeIgniter.php(943): Module\core\Controllers\Errors->show404()
 5 SYSTEMPATH/CodeIgniter.php(972): CodeIgniter\CodeIgniter->runController()
 6 SYSTEMPATH/CodeIgniter.php(370): CodeIgniter\CodeIgniter->display404errors()
 7 FCPATH/index.php(79): CodeIgniter\CodeIgniter->run()
INFO - 2024-04-25 17:50:14 --> Session: Class initialized using 'CodeIgniter\Session\Handlers\FileHandler' driver.
WARNING - 2024-04-25 17:50:14 --> [DEPRECATED] Creation of dynamic property App\Libraries\OwensView::$session is deprecated in APPPATH/Libraries/OwensView.php on line 36.
 1 ROOTPATH/modules/core/Controllers/CoreController.php(48): App\Libraries\OwensView->__construct(Object(Config\View))
 2 ROOTPATH/modules/core/Controllers/CoreController.php(28): Module\core\Controllers\CoreController->loadLibrary()
 3 ROOTPATH/modules/core/Controllers/Errors.php(10): Module\core\Controllers\CoreController->__construct()
 4 SYSTEMPATH/CodeIgniter.php(915): Module\core\Controllers\Errors->__construct()
 5 SYSTEMPATH/CodeIgniter.php(971): CodeIgniter\CodeIgniter->createController()
 6 SYSTEMPATH/CodeIgniter.php(370): CodeIgniter\CodeIgniter->display404errors(Object(CodeIgniter\Exceptions\PageNotFoundException))
 7 FCPATH/index.php(79): CodeIgniter\CodeIgniter->run()
CRITICAL - 2024-04-25 17:50:14 --> ErrorException: Attempt to read property "saveData" on null
in APPPATH/Libraries/OwensView.php on line 43.
 1 APPPATH/Libraries/OwensView.php(43): CodeIgniter\Debug\Exceptions->errorHandler()
 2 APPPATH/Libraries/OwensView.php(336): App\Libraries\OwensView->view()
 3 ROOTPATH/modules/core/Controllers/Errors.php(19): App\Libraries\OwensView->loadLayoutView()
 4 SYSTEMPATH/CodeIgniter.php(943): Module\core\Controllers\Errors->show404()
 5 SYSTEMPATH/CodeIgniter.php(972): CodeIgniter\CodeIgniter->runController()
 6 SYSTEMPATH/CodeIgniter.php(370): CodeIgniter\CodeIgniter->display404errors()
 7 FCPATH/index.php(79): CodeIgniter\CodeIgniter->run()
INFO - 2024-04-25 18:17:21 --> Session: Class initialized using 'CodeIgniter\Session\Handlers\FileHandler' driver.
WARNING - 2024-04-25 18:17:21 --> [DEPRECATED] Creation of dynamic property App\Libraries\OwensView::$session is deprecated in APPPATH/Libraries/OwensView.php on line 36.
 1 ROOTPATH/modules/core/Controllers/CoreController.php(48): App\Libraries\OwensView->__construct(Object(Config\View))
 2 ROOTPATH/modules/core/Controllers/CoreController.php(28): Module\core\Controllers\CoreController->loadLibrary()
 3 ROOTPATH/modules/core/Controllers/Errors.php(10): Module\core\Controllers\CoreController->__construct()
 4 SYSTEMPATH/CodeIgniter.php(915): Module\core\Controllers\Errors->__construct()
 5 SYSTEMPATH/CodeIgniter.php(971): CodeIgniter\CodeIgniter->createController()
 6 SYSTEMPATH/CodeIgniter.php(370): CodeIgniter\CodeIgniter->display404errors(Object(CodeIgniter\Exceptions\PageNotFoundException))
 7 FCPATH/index.php(79): CodeIgniter\CodeIgniter->run()
CRITICAL - 2024-04-25 18:17:21 --> ErrorException: Attempt to read property "saveData" on null
in APPPATH/Libraries/OwensView.php on line 43.
 1 APPPATH/Libraries/OwensView.php(43): CodeIgniter\Debug\Exceptions->errorHandler()
 2 APPPATH/Libraries/OwensView.php(336): App\Libraries\OwensView->view()
 3 ROOTPATH/modules/core/Controllers/Errors.php(19): App\Libraries\OwensView->loadLayoutView()
 4 SYSTEMPATH/CodeIgniter.php(943): Module\core\Controllers\Errors->show404()
 5 SYSTEMPATH/CodeIgniter.php(972): CodeIgniter\CodeIgniter->runController()
 6 SYSTEMPATH/CodeIgniter.php(370): CodeIgniter\CodeIgniter->display404errors()
 7 FCPATH/index.php(79): CodeIgniter\CodeIgniter->run()
CRITICAL - 2024-04-25 18:57:12 --> CodeIgniter\HTTP\Exceptions\BadRequestException: The URI you submitted has disallowed characters: ";stok="
in SYSTEMPATH/Router/Router.php on line 704.
 1 SYSTEMPATH/Router/Router.php(195): CodeIgniter\Router\Router->checkDisallowedChars()
 2 SYSTEMPATH/CodeIgniter.php(825): CodeIgniter\Router\Router->handle()
 3 SYSTEMPATH/CodeIgniter.php(450): CodeIgniter\CodeIgniter->tryToRouteIt()
 4 SYSTEMPATH/CodeIgniter.php(361): CodeIgniter\CodeIgniter->handleRequest()
 5 FCPATH/index.php(79): CodeIgniter\CodeIgniter->run()
INFO - 2024-04-25 20:33:28 --> Session: Class initialized using 'CodeIgniter\Session\Handlers\FileHandler' driver.
WARNING - 2024-04-25 20:33:28 --> [DEPRECATED] Creation of dynamic property App\Libraries\OwensView::$session is deprecated in APPPATH/Libraries/OwensView.php on line 36.
 1 ROOTPATH/modules/core/Controllers/CoreController.php(48): App\Libraries\OwensView->__construct(Object(Config\View))
 2 ROOTPATH/modules/core/Controllers/CoreController.php(28): Module\core\Controllers\CoreController->loadLibrary()
 3 ROOTPATH/modules/core/Controllers/Errors.php(10): Module\core\Controllers\CoreController->__construct()
 4 SYSTEMPATH/CodeIgniter.php(915): Module\core\Controllers\Errors->__construct()
 5 SYSTEMPATH/CodeIgniter.php(971): CodeIgniter\CodeIgniter->createController()
 6 SYSTEMPATH/CodeIgniter.php(370): CodeIgniter\CodeIgniter->display404errors(Object(CodeIgniter\Exceptions\PageNotFoundException))
 7 FCPATH/index.php(79): CodeIgniter\CodeIgniter->run()
CRITICAL - 2024-04-25 20:33:28 --> ErrorException: Attempt to read property "saveData" on null
in APPPATH/Libraries/OwensView.php on line 43.
 1 APPPATH/Libraries/OwensView.php(43): CodeIgniter\Debug\Exceptions->errorHandler()
 2 APPPATH/Libraries/OwensView.php(336): App\Libraries\OwensView->view()
 3 ROOTPATH/modules/core/Controllers/Errors.php(19): App\Libraries\OwensView->loadLayoutView()
 4 SYSTEMPATH/CodeIgniter.php(943): Module\core\Controllers\Errors->show404()
 5 SYSTEMPATH/CodeIgniter.php(972): CodeIgniter\CodeIgniter->runController()
 6 SYSTEMPATH/CodeIgniter.php(370): CodeIgniter\CodeIgniter->display404errors()
 7 FCPATH/index.php(79): CodeIgniter\CodeIgniter->run()
