INFO - 2024-04-08 00:05:34 --> Session: Class initialized using 'CodeIgniter\Session\Handlers\FileHandler' driver.
WARNING - 2024-04-08 00:05:34 --> [DEPRECATED] Creation of dynamic property App\Libraries\OwensView::$session is deprecated in APPPATH/Libraries/OwensView.php on line 36.
 1 ROOTPATH/modules/core/Controllers/CoreController.php(48): App\Libraries\OwensView->__construct(Object(Config\View))
 2 ROOTPATH/modules/core/Controllers/CoreController.php(28): Module\core\Controllers\CoreController->loadLibrary()
 3 ROOTPATH/modules/test/Controllers/Test.php(15): Module\core\Controllers\CoreController->__construct()
 4 SYSTEMPATH/CodeIgniter.php(915): Module\test\Controllers\Test->__construct()
 5 SYSTEMPATH/CodeIgniter.php(494): CodeIgniter\CodeIgniter->createController()
 6 SYSTEMPATH/CodeIgniter.php(361): CodeIgniter\CodeIgniter->handleRequest(null, Object(Config\Cache), false)
 7 FCPATH/index.php(79): CodeIgniter\CodeIgniter->run()
ERROR - 2024-04-08 00:05:34 --> Error connecting to the database: mysqli_sql_exception: No such file or directory in /Users/timber/workspace/web/admin/vendor/codeigniter4/framework/system/Database/MySQLi/Connection.php:184
Stack trace:
#0 /Users/timber/workspace/web/admin/vendor/codeigniter4/framework/system/Database/MySQLi/Connection.php(184): mysqli->real_connect('localhost', 'root', Object(SensitiveParameterValue), 'timbertr1401_go...', 3306, '', 0)
#1 /Users/timber/workspace/web/admin/vendor/codeigniter4/framework/system/Database/BaseConnection.php(392): CodeIgniter\Database\MySQLi\Connection->connect(false)
#2 /Users/timber/workspace/web/admin/vendor/codeigniter4/framework/system/Database/BaseConnection.php(575): CodeIgniter\Database\BaseConnection->initialize()
#3 /Users/timber/workspace/web/admin/vendor/codeigniter4/framework/system/Database/BaseBuilder.php(1700): CodeIgniter\Database\BaseConnection->query('SELECT COUNT(*)...', Array, false)
#4 /Users/timber/workspace/web/admin/modules/test/Models/TestModel.php(58): CodeIgniter\Database\BaseBuilder->countAllResults(false)
#5 /Users/timber/workspace/web/admin/modules/test/Controllers/Test.php(63): Module\test\Models\TestModel->sameChecked(Array)
#6 /Users/timber/workspace/web/admin/vendor/codeigniter4/framework/system/CodeIgniter.php(943): Module\test\Controllers\Test->index()
#7 /Users/timber/workspace/web/admin/vendor/codeigniter4/framework/system/CodeIgniter.php(503): CodeIgniter\CodeIgniter->runController(Object(Module\test\Controllers\Test))
#8 /Users/timber/workspace/web/admin/vendor/codeigniter4/framework/system/CodeIgniter.php(361): CodeIgniter\CodeIgniter->handleRequest(NULL, Object(Config\Cache), false)
#9 /Users/timber/workspace/web/admin/public/index.php(79): CodeIgniter\CodeIgniter->run()
#10 {main}

Next CodeIgniter\Database\Exceptions\DatabaseException: No such file or directory in /Users/timber/workspace/web/admin/vendor/codeigniter4/framework/system/Database/MySQLi/Connection.php:229
Stack trace:
#0 /Users/timber/workspace/web/admin/vendor/codeigniter4/framework/system/Database/BaseConnection.php(392): CodeIgniter\Database\MySQLi\Connection->connect(false)
#1 /Users/timber/workspace/web/admin/vendor/codeigniter4/framework/system/Database/BaseConnection.php(575): CodeIgniter\Database\BaseConnection->initialize()
#2 /Users/timber/workspace/web/admin/vendor/codeigniter4/framework/system/Database/BaseBuilder.php(1700): CodeIgniter\Database\BaseConnection->query('SELECT COUNT(*)...', Array, false)
#3 /Users/timber/workspace/web/admin/modules/test/Models/TestModel.php(58): CodeIgniter\Database\BaseBuilder->countAllResults(false)
#4 /Users/timber/workspace/web/admin/modules/test/Controllers/Test.php(63): Module\test\Models\TestModel->sameChecked(Array)
#5 /Users/timber/workspace/web/admin/vendor/codeigniter4/framework/system/CodeIgniter.php(943): Module\test\Controllers\Test->index()
#6 /Users/timber/workspace/web/admin/vendor/codeigniter4/framework/system/CodeIgniter.php(503): CodeIgniter\CodeIgniter->runController(Object(Module\test\Controllers\Test))
#7 /Users/timber/workspace/web/admin/vendor/codeigniter4/framework/system/CodeIgniter.php(361): CodeIgniter\CodeIgniter->handleRequest(NULL, Object(Config\Cache), false)
#8 /Users/timber/workspace/web/admin/public/index.php(79): CodeIgniter\CodeIgniter->run()
#9 {main}
CRITICAL - 2024-04-08 00:05:34 --> CodeIgniter\Database\Exceptions\DatabaseException: Unable to connect to the database.
Main connection [MySQLi]: No such file or directory
in SYSTEMPATH/Database/BaseConnection.php on line 428.
 1 SYSTEMPATH/Database/BaseConnection.php(575): CodeIgniter\Database\BaseConnection->initialize()
 2 SYSTEMPATH/Database/BaseBuilder.php(1700): CodeIgniter\Database\BaseConnection->query('SELECT COUNT(*) AS `numrows`
FROM `EXCHANGE_DATA`
WHERE `F_DATE` = :F_DATE:
AND `F_LOC` = :F_LOC:', [...], false)
 3 ROOTPATH/modules/test/Models/TestModel.php(58): CodeIgniter\Database\BaseBuilder->countAllResults(false)
 4 ROOTPATH/modules/test/Controllers/Test.php(63): Module\test\Models\TestModel->sameChecked([...])
 5 SYSTEMPATH/CodeIgniter.php(943): Module\test\Controllers\Test->index()
 6 SYSTEMPATH/CodeIgniter.php(503): CodeIgniter\CodeIgniter->runController(Object(Module\test\Controllers\Test))
 7 SYSTEMPATH/CodeIgniter.php(361): CodeIgniter\CodeIgniter->handleRequest(null, Object(Config\Cache), false)
 8 FCPATH/index.php(79): CodeIgniter\CodeIgniter->run()
INFO - 2024-04-08 00:05:47 --> Session: Class initialized using 'CodeIgniter\Session\Handlers\FileHandler' driver.
WARNING - 2024-04-08 00:05:47 --> [DEPRECATED] Creation of dynamic property App\Libraries\OwensView::$session is deprecated in APPPATH/Libraries/OwensView.php on line 36.
 1 ROOTPATH/modules/core/Controllers/CoreController.php(48): App\Libraries\OwensView->__construct(Object(Config\View))
 2 ROOTPATH/modules/core/Controllers/CoreController.php(28): Module\core\Controllers\CoreController->loadLibrary()
 3 ROOTPATH/modules/test/Controllers/Test.php(15): Module\core\Controllers\CoreController->__construct()
 4 SYSTEMPATH/CodeIgniter.php(915): Module\test\Controllers\Test->__construct()
 5 SYSTEMPATH/CodeIgniter.php(494): CodeIgniter\CodeIgniter->createController()
 6 SYSTEMPATH/CodeIgniter.php(361): CodeIgniter\CodeIgniter->handleRequest(null, Object(Config\Cache), false)
 7 FCPATH/index.php(79): CodeIgniter\CodeIgniter->run()
ERROR - 2024-04-08 00:05:47 --> Error connecting to the database: mysqli_sql_exception: Access denied for user 'root'@'localhost' (using password: YES) in /Users/timber/workspace/web/admin/vendor/codeigniter4/framework/system/Database/MySQLi/Connection.php:184
Stack trace:
#0 /Users/timber/workspace/web/admin/vendor/codeigniter4/framework/system/Database/MySQLi/Connection.php(184): mysqli->real_connect('localhost', 'root', Object(SensitiveParameterValue), 'timbertr1401_go...', 3306, '', 0)
#1 /Users/timber/workspace/web/admin/vendor/codeigniter4/framework/system/Database/BaseConnection.php(392): CodeIgniter\Database\MySQLi\Connection->connect(false)
#2 /Users/timber/workspace/web/admin/vendor/codeigniter4/framework/system/Database/BaseConnection.php(575): CodeIgniter\Database\BaseConnection->initialize()
#3 /Users/timber/workspace/web/admin/vendor/codeigniter4/framework/system/Database/BaseBuilder.php(1700): CodeIgniter\Database\BaseConnection->query('SELECT COUNT(*)...', Array, false)
#4 /Users/timber/workspace/web/admin/modules/test/Models/TestModel.php(58): CodeIgniter\Database\BaseBuilder->countAllResults(false)
#5 /Users/timber/workspace/web/admin/modules/test/Controllers/Test.php(63): Module\test\Models\TestModel->sameChecked(Array)
#6 /Users/timber/workspace/web/admin/vendor/codeigniter4/framework/system/CodeIgniter.php(943): Module\test\Controllers\Test->index()
#7 /Users/timber/workspace/web/admin/vendor/codeigniter4/framework/system/CodeIgniter.php(503): CodeIgniter\CodeIgniter->runController(Object(Module\test\Controllers\Test))
#8 /Users/timber/workspace/web/admin/vendor/codeigniter4/framework/system/CodeIgniter.php(361): CodeIgniter\CodeIgniter->handleRequest(NULL, Object(Config\Cache), false)
#9 /Users/timber/workspace/web/admin/public/index.php(79): CodeIgniter\CodeIgniter->run()
#10 {main}

Next CodeIgniter\Database\Exceptions\DatabaseException: Access denied for user '****'@'localhost' (using password: YES) in /Users/timber/workspace/web/admin/vendor/codeigniter4/framework/system/Database/MySQLi/Connection.php:229
Stack trace:
#0 /Users/timber/workspace/web/admin/vendor/codeigniter4/framework/system/Database/BaseConnection.php(392): CodeIgniter\Database\MySQLi\Connection->connect(false)
#1 /Users/timber/workspace/web/admin/vendor/codeigniter4/framework/system/Database/BaseConnection.php(575): CodeIgniter\Database\BaseConnection->initialize()
#2 /Users/timber/workspace/web/admin/vendor/codeigniter4/framework/system/Database/BaseBuilder.php(1700): CodeIgniter\Database\BaseConnection->query('SELECT COUNT(*)...', Array, false)
#3 /Users/timber/workspace/web/admin/modules/test/Models/TestModel.php(58): CodeIgniter\Database\BaseBuilder->countAllResults(false)
#4 /Users/timber/workspace/web/admin/modules/test/Controllers/Test.php(63): Module\test\Models\TestModel->sameChecked(Array)
#5 /Users/timber/workspace/web/admin/vendor/codeigniter4/framework/system/CodeIgniter.php(943): Module\test\Controllers\Test->index()
#6 /Users/timber/workspace/web/admin/vendor/codeigniter4/framework/system/CodeIgniter.php(503): CodeIgniter\CodeIgniter->runController(Object(Module\test\Controllers\Test))
#7 /Users/timber/workspace/web/admin/vendor/codeigniter4/framework/system/CodeIgniter.php(361): CodeIgniter\CodeIgniter->handleRequest(NULL, Object(Config\Cache), false)
#8 /Users/timber/workspace/web/admin/public/index.php(79): CodeIgniter\CodeIgniter->run()
#9 {main}
CRITICAL - 2024-04-08 00:05:47 --> CodeIgniter\Database\Exceptions\DatabaseException: Unable to connect to the database.
Main connection [MySQLi]: Access denied for user '****'@'localhost' (using password: YES)
in SYSTEMPATH/Database/BaseConnection.php on line 428.
 1 SYSTEMPATH/Database/BaseConnection.php(575): CodeIgniter\Database\BaseConnection->initialize()
 2 SYSTEMPATH/Database/BaseBuilder.php(1700): CodeIgniter\Database\BaseConnection->query('SELECT COUNT(*) AS `numrows`
FROM `EXCHANGE_DATA`
WHERE `F_DATE` = :F_DATE:
AND `F_LOC` = :F_LOC:', [...], false)
 3 ROOTPATH/modules/test/Models/TestModel.php(58): CodeIgniter\Database\BaseBuilder->countAllResults(false)
 4 ROOTPATH/modules/test/Controllers/Test.php(63): Module\test\Models\TestModel->sameChecked([...])
 5 SYSTEMPATH/CodeIgniter.php(943): Module\test\Controllers\Test->index()
 6 SYSTEMPATH/CodeIgniter.php(503): CodeIgniter\CodeIgniter->runController(Object(Module\test\Controllers\Test))
 7 SYSTEMPATH/CodeIgniter.php(361): CodeIgniter\CodeIgniter->handleRequest(null, Object(Config\Cache), false)
 8 FCPATH/index.php(79): CodeIgniter\CodeIgniter->run()
INFO - 2024-04-08 00:05:47 --> Session: Class initialized using 'CodeIgniter\Session\Handlers\FileHandler' driver.
WARNING - 2024-04-08 00:05:47 --> [DEPRECATED] Creation of dynamic property App\Libraries\OwensView::$session is deprecated in APPPATH/Libraries/OwensView.php on line 36.
 1 ROOTPATH/modules/core/Controllers/CoreController.php(48): App\Libraries\OwensView->__construct(Object(Config\View))
 2 ROOTPATH/modules/core/Controllers/CoreController.php(28): Module\core\Controllers\CoreController->loadLibrary()
 3 ROOTPATH/modules/test/Controllers/Test.php(15): Module\core\Controllers\CoreController->__construct()
 4 SYSTEMPATH/CodeIgniter.php(915): Module\test\Controllers\Test->__construct()
 5 SYSTEMPATH/CodeIgniter.php(494): CodeIgniter\CodeIgniter->createController()
 6 SYSTEMPATH/CodeIgniter.php(361): CodeIgniter\CodeIgniter->handleRequest(null, Object(Config\Cache), false)
 7 FCPATH/index.php(79): CodeIgniter\CodeIgniter->run()
ERROR - 2024-04-08 00:05:47 --> Error connecting to the database: mysqli_sql_exception: Access denied for user 'root'@'localhost' (using password: YES) in /Users/timber/workspace/web/admin/vendor/codeigniter4/framework/system/Database/MySQLi/Connection.php:184
Stack trace:
#0 /Users/timber/workspace/web/admin/vendor/codeigniter4/framework/system/Database/MySQLi/Connection.php(184): mysqli->real_connect('localhost', 'root', Object(SensitiveParameterValue), 'timbertr1401_go...', 3306, '', 0)
#1 /Users/timber/workspace/web/admin/vendor/codeigniter4/framework/system/Database/BaseConnection.php(392): CodeIgniter\Database\MySQLi\Connection->connect(false)
#2 /Users/timber/workspace/web/admin/vendor/codeigniter4/framework/system/Database/BaseConnection.php(575): CodeIgniter\Database\BaseConnection->initialize()
#3 /Users/timber/workspace/web/admin/vendor/codeigniter4/framework/system/Database/BaseBuilder.php(1700): CodeIgniter\Database\BaseConnection->query('SELECT COUNT(*)...', Array, false)
#4 /Users/timber/workspace/web/admin/modules/test/Models/TestModel.php(58): CodeIgniter\Database\BaseBuilder->countAllResults(false)
#5 /Users/timber/workspace/web/admin/modules/test/Controllers/Test.php(63): Module\test\Models\TestModel->sameChecked(Array)
#6 /Users/timber/workspace/web/admin/vendor/codeigniter4/framework/system/CodeIgniter.php(943): Module\test\Controllers\Test->index()
#7 /Users/timber/workspace/web/admin/vendor/codeigniter4/framework/system/CodeIgniter.php(503): CodeIgniter\CodeIgniter->runController(Object(Module\test\Controllers\Test))
#8 /Users/timber/workspace/web/admin/vendor/codeigniter4/framework/system/CodeIgniter.php(361): CodeIgniter\CodeIgniter->handleRequest(NULL, Object(Config\Cache), false)
#9 /Users/timber/workspace/web/admin/public/index.php(79): CodeIgniter\CodeIgniter->run()
#10 {main}

Next CodeIgniter\Database\Exceptions\DatabaseException: Access denied for user '****'@'localhost' (using password: YES) in /Users/timber/workspace/web/admin/vendor/codeigniter4/framework/system/Database/MySQLi/Connection.php:229
Stack trace:
#0 /Users/timber/workspace/web/admin/vendor/codeigniter4/framework/system/Database/BaseConnection.php(392): CodeIgniter\Database\MySQLi\Connection->connect(false)
#1 /Users/timber/workspace/web/admin/vendor/codeigniter4/framework/system/Database/BaseConnection.php(575): CodeIgniter\Database\BaseConnection->initialize()
#2 /Users/timber/workspace/web/admin/vendor/codeigniter4/framework/system/Database/BaseBuilder.php(1700): CodeIgniter\Database\BaseConnection->query('SELECT COUNT(*)...', Array, false)
#3 /Users/timber/workspace/web/admin/modules/test/Models/TestModel.php(58): CodeIgniter\Database\BaseBuilder->countAllResults(false)
#4 /Users/timber/workspace/web/admin/modules/test/Controllers/Test.php(63): Module\test\Models\TestModel->sameChecked(Array)
#5 /Users/timber/workspace/web/admin/vendor/codeigniter4/framework/system/CodeIgniter.php(943): Module\test\Controllers\Test->index()
#6 /Users/timber/workspace/web/admin/vendor/codeigniter4/framework/system/CodeIgniter.php(503): CodeIgniter\CodeIgniter->runController(Object(Module\test\Controllers\Test))
#7 /Users/timber/workspace/web/admin/vendor/codeigniter4/framework/system/CodeIgniter.php(361): CodeIgniter\CodeIgniter->handleRequest(NULL, Object(Config\Cache), false)
#8 /Users/timber/workspace/web/admin/public/index.php(79): CodeIgniter\CodeIgniter->run()
#9 {main}
CRITICAL - 2024-04-08 00:05:47 --> CodeIgniter\Database\Exceptions\DatabaseException: Unable to connect to the database.
Main connection [MySQLi]: Access denied for user '****'@'localhost' (using password: YES)
in SYSTEMPATH/Database/BaseConnection.php on line 428.
 1 SYSTEMPATH/Database/BaseConnection.php(575): CodeIgniter\Database\BaseConnection->initialize()
 2 SYSTEMPATH/Database/BaseBuilder.php(1700): CodeIgniter\Database\BaseConnection->query('SELECT COUNT(*) AS `numrows`
FROM `EXCHANGE_DATA`
WHERE `F_DATE` = :F_DATE:
AND `F_LOC` = :F_LOC:', [...], false)
 3 ROOTPATH/modules/test/Models/TestModel.php(58): CodeIgniter\Database\BaseBuilder->countAllResults(false)
 4 ROOTPATH/modules/test/Controllers/Test.php(63): Module\test\Models\TestModel->sameChecked([...])
 5 SYSTEMPATH/CodeIgniter.php(943): Module\test\Controllers\Test->index()
 6 SYSTEMPATH/CodeIgniter.php(503): CodeIgniter\CodeIgniter->runController(Object(Module\test\Controllers\Test))
 7 SYSTEMPATH/CodeIgniter.php(361): CodeIgniter\CodeIgniter->handleRequest(null, Object(Config\Cache), false)
 8 FCPATH/index.php(79): CodeIgniter\CodeIgniter->run()
INFO - 2024-04-08 00:06:14 --> Session: Class initialized using 'CodeIgniter\Session\Handlers\FileHandler' driver.
WARNING - 2024-04-08 00:06:14 --> [DEPRECATED] Creation of dynamic property App\Libraries\OwensView::$session is deprecated in APPPATH/Libraries/OwensView.php on line 36.
 1 ROOTPATH/modules/core/Controllers/CoreController.php(48): App\Libraries\OwensView->__construct(Object(Config\View))
 2 ROOTPATH/modules/core/Controllers/CoreController.php(28): Module\core\Controllers\CoreController->loadLibrary()
 3 ROOTPATH/modules/test/Controllers/Test.php(15): Module\core\Controllers\CoreController->__construct()
 4 SYSTEMPATH/CodeIgniter.php(915): Module\test\Controllers\Test->__construct()
 5 SYSTEMPATH/CodeIgniter.php(494): CodeIgniter\CodeIgniter->createController()
 6 SYSTEMPATH/CodeIgniter.php(361): CodeIgniter\CodeIgniter->handleRequest(null, Object(Config\Cache), false)
 7 FCPATH/index.php(79): CodeIgniter\CodeIgniter->run()
ERROR - 2024-04-08 00:06:14 --> Error connecting to the database: mysqli_sql_exception: No such file or directory in /Users/timber/workspace/web/admin/vendor/codeigniter4/framework/system/Database/MySQLi/Connection.php:184
Stack trace:
#0 /Users/timber/workspace/web/admin/vendor/codeigniter4/framework/system/Database/MySQLi/Connection.php(184): mysqli->real_connect('localhost', 'root', Object(SensitiveParameterValue), 'timbertr1401_go...', 3306, '', 0)
#1 /Users/timber/workspace/web/admin/vendor/codeigniter4/framework/system/Database/BaseConnection.php(392): CodeIgniter\Database\MySQLi\Connection->connect(false)
#2 /Users/timber/workspace/web/admin/vendor/codeigniter4/framework/system/Database/BaseConnection.php(575): CodeIgniter\Database\BaseConnection->initialize()
#3 /Users/timber/workspace/web/admin/vendor/codeigniter4/framework/system/Database/BaseBuilder.php(1700): CodeIgniter\Database\BaseConnection->query('SELECT COUNT(*)...', Array, false)
#4 /Users/timber/workspace/web/admin/modules/test/Models/TestModel.php(58): CodeIgniter\Database\BaseBuilder->countAllResults(false)
#5 /Users/timber/workspace/web/admin/modules/test/Controllers/Test.php(63): Module\test\Models\TestModel->sameChecked(Array)
#6 /Users/timber/workspace/web/admin/vendor/codeigniter4/framework/system/CodeIgniter.php(943): Module\test\Controllers\Test->index()
#7 /Users/timber/workspace/web/admin/vendor/codeigniter4/framework/system/CodeIgniter.php(503): CodeIgniter\CodeIgniter->runController(Object(Module\test\Controllers\Test))
#8 /Users/timber/workspace/web/admin/vendor/codeigniter4/framework/system/CodeIgniter.php(361): CodeIgniter\CodeIgniter->handleRequest(NULL, Object(Config\Cache), false)
#9 /Users/timber/workspace/web/admin/public/index.php(79): CodeIgniter\CodeIgniter->run()
#10 {main}

Next CodeIgniter\Database\Exceptions\DatabaseException: No such file or directory in /Users/timber/workspace/web/admin/vendor/codeigniter4/framework/system/Database/MySQLi/Connection.php:229
Stack trace:
#0 /Users/timber/workspace/web/admin/vendor/codeigniter4/framework/system/Database/BaseConnection.php(392): CodeIgniter\Database\MySQLi\Connection->connect(false)
#1 /Users/timber/workspace/web/admin/vendor/codeigniter4/framework/system/Database/BaseConnection.php(575): CodeIgniter\Database\BaseConnection->initialize()
#2 /Users/timber/workspace/web/admin/vendor/codeigniter4/framework/system/Database/BaseBuilder.php(1700): CodeIgniter\Database\BaseConnection->query('SELECT COUNT(*)...', Array, false)
#3 /Users/timber/workspace/web/admin/modules/test/Models/TestModel.php(58): CodeIgniter\Database\BaseBuilder->countAllResults(false)
#4 /Users/timber/workspace/web/admin/modules/test/Controllers/Test.php(63): Module\test\Models\TestModel->sameChecked(Array)
#5 /Users/timber/workspace/web/admin/vendor/codeigniter4/framework/system/CodeIgniter.php(943): Module\test\Controllers\Test->index()
#6 /Users/timber/workspace/web/admin/vendor/codeigniter4/framework/system/CodeIgniter.php(503): CodeIgniter\CodeIgniter->runController(Object(Module\test\Controllers\Test))
#7 /Users/timber/workspace/web/admin/vendor/codeigniter4/framework/system/CodeIgniter.php(361): CodeIgniter\CodeIgniter->handleRequest(NULL, Object(Config\Cache), false)
#8 /Users/timber/workspace/web/admin/public/index.php(79): CodeIgniter\CodeIgniter->run()
#9 {main}
CRITICAL - 2024-04-08 00:06:14 --> CodeIgniter\Database\Exceptions\DatabaseException: Unable to connect to the database.
Main connection [MySQLi]: No such file or directory
in SYSTEMPATH/Database/BaseConnection.php on line 428.
 1 SYSTEMPATH/Database/BaseConnection.php(575): CodeIgniter\Database\BaseConnection->initialize()
 2 SYSTEMPATH/Database/BaseBuilder.php(1700): CodeIgniter\Database\BaseConnection->query('SELECT COUNT(*) AS `numrows`
FROM `EXCHANGE_DATA`
WHERE `F_DATE` = :F_DATE:
AND `F_LOC` = :F_LOC:', [...], false)
 3 ROOTPATH/modules/test/Models/TestModel.php(58): CodeIgniter\Database\BaseBuilder->countAllResults(false)
 4 ROOTPATH/modules/test/Controllers/Test.php(63): Module\test\Models\TestModel->sameChecked([...])
 5 SYSTEMPATH/CodeIgniter.php(943): Module\test\Controllers\Test->index()
 6 SYSTEMPATH/CodeIgniter.php(503): CodeIgniter\CodeIgniter->runController(Object(Module\test\Controllers\Test))
 7 SYSTEMPATH/CodeIgniter.php(361): CodeIgniter\CodeIgniter->handleRequest(null, Object(Config\Cache), false)
 8 FCPATH/index.php(79): CodeIgniter\CodeIgniter->run()
INFO - 2024-04-08 00:06:15 --> Session: Class initialized using 'CodeIgniter\Session\Handlers\FileHandler' driver.
WARNING - 2024-04-08 00:06:15 --> [DEPRECATED] Creation of dynamic property App\Libraries\OwensView::$session is deprecated in APPPATH/Libraries/OwensView.php on line 36.
 1 ROOTPATH/modules/core/Controllers/CoreController.php(48): App\Libraries\OwensView->__construct(Object(Config\View))
 2 ROOTPATH/modules/core/Controllers/CoreController.php(28): Module\core\Controllers\CoreController->loadLibrary()
 3 ROOTPATH/modules/test/Controllers/Test.php(15): Module\core\Controllers\CoreController->__construct()
 4 SYSTEMPATH/CodeIgniter.php(915): Module\test\Controllers\Test->__construct()
 5 SYSTEMPATH/CodeIgniter.php(494): CodeIgniter\CodeIgniter->createController()
 6 SYSTEMPATH/CodeIgniter.php(361): CodeIgniter\CodeIgniter->handleRequest(null, Object(Config\Cache), false)
 7 FCPATH/index.php(79): CodeIgniter\CodeIgniter->run()
ERROR - 2024-04-08 00:06:15 --> Error connecting to the database: mysqli_sql_exception: No such file or directory in /Users/timber/workspace/web/admin/vendor/codeigniter4/framework/system/Database/MySQLi/Connection.php:184
Stack trace:
#0 /Users/timber/workspace/web/admin/vendor/codeigniter4/framework/system/Database/MySQLi/Connection.php(184): mysqli->real_connect('localhost', 'root', Object(SensitiveParameterValue), 'timbertr1401_go...', 3306, '', 0)
#1 /Users/timber/workspace/web/admin/vendor/codeigniter4/framework/system/Database/BaseConnection.php(392): CodeIgniter\Database\MySQLi\Connection->connect(false)
#2 /Users/timber/workspace/web/admin/vendor/codeigniter4/framework/system/Database/BaseConnection.php(575): CodeIgniter\Database\BaseConnection->initialize()
#3 /Users/timber/workspace/web/admin/vendor/codeigniter4/framework/system/Database/BaseBuilder.php(1700): CodeIgniter\Database\BaseConnection->query('SELECT COUNT(*)...', Array, false)
#4 /Users/timber/workspace/web/admin/modules/test/Models/TestModel.php(58): CodeIgniter\Database\BaseBuilder->countAllResults(false)
#5 /Users/timber/workspace/web/admin/modules/test/Controllers/Test.php(63): Module\test\Models\TestModel->sameChecked(Array)
#6 /Users/timber/workspace/web/admin/vendor/codeigniter4/framework/system/CodeIgniter.php(943): Module\test\Controllers\Test->index()
#7 /Users/timber/workspace/web/admin/vendor/codeigniter4/framework/system/CodeIgniter.php(503): CodeIgniter\CodeIgniter->runController(Object(Module\test\Controllers\Test))
#8 /Users/timber/workspace/web/admin/vendor/codeigniter4/framework/system/CodeIgniter.php(361): CodeIgniter\CodeIgniter->handleRequest(NULL, Object(Config\Cache), false)
#9 /Users/timber/workspace/web/admin/public/index.php(79): CodeIgniter\CodeIgniter->run()
#10 {main}

Next CodeIgniter\Database\Exceptions\DatabaseException: No such file or directory in /Users/timber/workspace/web/admin/vendor/codeigniter4/framework/system/Database/MySQLi/Connection.php:229
Stack trace:
#0 /Users/timber/workspace/web/admin/vendor/codeigniter4/framework/system/Database/BaseConnection.php(392): CodeIgniter\Database\MySQLi\Connection->connect(false)
#1 /Users/timber/workspace/web/admin/vendor/codeigniter4/framework/system/Database/BaseConnection.php(575): CodeIgniter\Database\BaseConnection->initialize()
#2 /Users/timber/workspace/web/admin/vendor/codeigniter4/framework/system/Database/BaseBuilder.php(1700): CodeIgniter\Database\BaseConnection->query('SELECT COUNT(*)...', Array, false)
#3 /Users/timber/workspace/web/admin/modules/test/Models/TestModel.php(58): CodeIgniter\Database\BaseBuilder->countAllResults(false)
#4 /Users/timber/workspace/web/admin/modules/test/Controllers/Test.php(63): Module\test\Models\TestModel->sameChecked(Array)
#5 /Users/timber/workspace/web/admin/vendor/codeigniter4/framework/system/CodeIgniter.php(943): Module\test\Controllers\Test->index()
#6 /Users/timber/workspace/web/admin/vendor/codeigniter4/framework/system/CodeIgniter.php(503): CodeIgniter\CodeIgniter->runController(Object(Module\test\Controllers\Test))
#7 /Users/timber/workspace/web/admin/vendor/codeigniter4/framework/system/CodeIgniter.php(361): CodeIgniter\CodeIgniter->handleRequest(NULL, Object(Config\Cache), false)
#8 /Users/timber/workspace/web/admin/public/index.php(79): CodeIgniter\CodeIgniter->run()
#9 {main}
CRITICAL - 2024-04-08 00:06:15 --> CodeIgniter\Database\Exceptions\DatabaseException: Unable to connect to the database.
Main connection [MySQLi]: No such file or directory
in SYSTEMPATH/Database/BaseConnection.php on line 428.
 1 SYSTEMPATH/Database/BaseConnection.php(575): CodeIgniter\Database\BaseConnection->initialize()
 2 SYSTEMPATH/Database/BaseBuilder.php(1700): CodeIgniter\Database\BaseConnection->query('SELECT COUNT(*) AS `numrows`
FROM `EXCHANGE_DATA`
WHERE `F_DATE` = :F_DATE:
AND `F_LOC` = :F_LOC:', [...], false)
 3 ROOTPATH/modules/test/Models/TestModel.php(58): CodeIgniter\Database\BaseBuilder->countAllResults(false)
 4 ROOTPATH/modules/test/Controllers/Test.php(63): Module\test\Models\TestModel->sameChecked([...])
 5 SYSTEMPATH/CodeIgniter.php(943): Module\test\Controllers\Test->index()
 6 SYSTEMPATH/CodeIgniter.php(503): CodeIgniter\CodeIgniter->runController(Object(Module\test\Controllers\Test))
 7 SYSTEMPATH/CodeIgniter.php(361): CodeIgniter\CodeIgniter->handleRequest(null, Object(Config\Cache), false)
 8 FCPATH/index.php(79): CodeIgniter\CodeIgniter->run()
INFO - 2024-04-08 00:06:15 --> Session: Class initialized using 'CodeIgniter\Session\Handlers\FileHandler' driver.
WARNING - 2024-04-08 00:06:15 --> [DEPRECATED] Creation of dynamic property App\Libraries\OwensView::$session is deprecated in APPPATH/Libraries/OwensView.php on line 36.
 1 ROOTPATH/modules/core/Controllers/CoreController.php(48): App\Libraries\OwensView->__construct(Object(Config\View))
 2 ROOTPATH/modules/core/Controllers/CoreController.php(28): Module\core\Controllers\CoreController->loadLibrary()
 3 ROOTPATH/modules/test/Controllers/Test.php(15): Module\core\Controllers\CoreController->__construct()
 4 SYSTEMPATH/CodeIgniter.php(915): Module\test\Controllers\Test->__construct()
 5 SYSTEMPATH/CodeIgniter.php(494): CodeIgniter\CodeIgniter->createController()
 6 SYSTEMPATH/CodeIgniter.php(361): CodeIgniter\CodeIgniter->handleRequest(null, Object(Config\Cache), false)
 7 FCPATH/index.php(79): CodeIgniter\CodeIgniter->run()
ERROR - 2024-04-08 00:06:15 --> Error connecting to the database: mysqli_sql_exception: No such file or directory in /Users/timber/workspace/web/admin/vendor/codeigniter4/framework/system/Database/MySQLi/Connection.php:184
Stack trace:
#0 /Users/timber/workspace/web/admin/vendor/codeigniter4/framework/system/Database/MySQLi/Connection.php(184): mysqli->real_connect('localhost', 'root', Object(SensitiveParameterValue), 'timbertr1401_go...', 3306, '', 0)
#1 /Users/timber/workspace/web/admin/vendor/codeigniter4/framework/system/Database/BaseConnection.php(392): CodeIgniter\Database\MySQLi\Connection->connect(false)
#2 /Users/timber/workspace/web/admin/vendor/codeigniter4/framework/system/Database/BaseConnection.php(575): CodeIgniter\Database\BaseConnection->initialize()
#3 /Users/timber/workspace/web/admin/vendor/codeigniter4/framework/system/Database/BaseBuilder.php(1700): CodeIgniter\Database\BaseConnection->query('SELECT COUNT(*)...', Array, false)
#4 /Users/timber/workspace/web/admin/modules/test/Models/TestModel.php(58): CodeIgniter\Database\BaseBuilder->countAllResults(false)
#5 /Users/timber/workspace/web/admin/modules/test/Controllers/Test.php(63): Module\test\Models\TestModel->sameChecked(Array)
#6 /Users/timber/workspace/web/admin/vendor/codeigniter4/framework/system/CodeIgniter.php(943): Module\test\Controllers\Test->index()
#7 /Users/timber/workspace/web/admin/vendor/codeigniter4/framework/system/CodeIgniter.php(503): CodeIgniter\CodeIgniter->runController(Object(Module\test\Controllers\Test))
#8 /Users/timber/workspace/web/admin/vendor/codeigniter4/framework/system/CodeIgniter.php(361): CodeIgniter\CodeIgniter->handleRequest(NULL, Object(Config\Cache), false)
#9 /Users/timber/workspace/web/admin/public/index.php(79): CodeIgniter\CodeIgniter->run()
#10 {main}

Next CodeIgniter\Database\Exceptions\DatabaseException: No such file or directory in /Users/timber/workspace/web/admin/vendor/codeigniter4/framework/system/Database/MySQLi/Connection.php:229
Stack trace:
#0 /Users/timber/workspace/web/admin/vendor/codeigniter4/framework/system/Database/BaseConnection.php(392): CodeIgniter\Database\MySQLi\Connection->connect(false)
#1 /Users/timber/workspace/web/admin/vendor/codeigniter4/framework/system/Database/BaseConnection.php(575): CodeIgniter\Database\BaseConnection->initialize()
#2 /Users/timber/workspace/web/admin/vendor/codeigniter4/framework/system/Database/BaseBuilder.php(1700): CodeIgniter\Database\BaseConnection->query('SELECT COUNT(*)...', Array, false)
#3 /Users/timber/workspace/web/admin/modules/test/Models/TestModel.php(58): CodeIgniter\Database\BaseBuilder->countAllResults(false)
#4 /Users/timber/workspace/web/admin/modules/test/Controllers/Test.php(63): Module\test\Models\TestModel->sameChecked(Array)
#5 /Users/timber/workspace/web/admin/vendor/codeigniter4/framework/system/CodeIgniter.php(943): Module\test\Controllers\Test->index()
#6 /Users/timber/workspace/web/admin/vendor/codeigniter4/framework/system/CodeIgniter.php(503): CodeIgniter\CodeIgniter->runController(Object(Module\test\Controllers\Test))
#7 /Users/timber/workspace/web/admin/vendor/codeigniter4/framework/system/CodeIgniter.php(361): CodeIgniter\CodeIgniter->handleRequest(NULL, Object(Config\Cache), false)
#8 /Users/timber/workspace/web/admin/public/index.php(79): CodeIgniter\CodeIgniter->run()
#9 {main}
CRITICAL - 2024-04-08 00:06:15 --> CodeIgniter\Database\Exceptions\DatabaseException: Unable to connect to the database.
Main connection [MySQLi]: No such file or directory
in SYSTEMPATH/Database/BaseConnection.php on line 428.
 1 SYSTEMPATH/Database/BaseConnection.php(575): CodeIgniter\Database\BaseConnection->initialize()
 2 SYSTEMPATH/Database/BaseBuilder.php(1700): CodeIgniter\Database\BaseConnection->query('SELECT COUNT(*) AS `numrows`
FROM `EXCHANGE_DATA`
WHERE `F_DATE` = :F_DATE:
AND `F_LOC` = :F_LOC:', [...], false)
 3 ROOTPATH/modules/test/Models/TestModel.php(58): CodeIgniter\Database\BaseBuilder->countAllResults(false)
 4 ROOTPATH/modules/test/Controllers/Test.php(63): Module\test\Models\TestModel->sameChecked([...])
 5 SYSTEMPATH/CodeIgniter.php(943): Module\test\Controllers\Test->index()
 6 SYSTEMPATH/CodeIgniter.php(503): CodeIgniter\CodeIgniter->runController(Object(Module\test\Controllers\Test))
 7 SYSTEMPATH/CodeIgniter.php(361): CodeIgniter\CodeIgniter->handleRequest(null, Object(Config\Cache), false)
 8 FCPATH/index.php(79): CodeIgniter\CodeIgniter->run()
INFO - 2024-04-08 00:06:16 --> Session: Class initialized using 'CodeIgniter\Session\Handlers\FileHandler' driver.
WARNING - 2024-04-08 00:06:16 --> [DEPRECATED] Creation of dynamic property App\Libraries\OwensView::$session is deprecated in APPPATH/Libraries/OwensView.php on line 36.
 1 ROOTPATH/modules/core/Controllers/CoreController.php(48): App\Libraries\OwensView->__construct(Object(Config\View))
 2 ROOTPATH/modules/core/Controllers/CoreController.php(28): Module\core\Controllers\CoreController->loadLibrary()
 3 ROOTPATH/modules/test/Controllers/Test.php(15): Module\core\Controllers\CoreController->__construct()
 4 SYSTEMPATH/CodeIgniter.php(915): Module\test\Controllers\Test->__construct()
 5 SYSTEMPATH/CodeIgniter.php(494): CodeIgniter\CodeIgniter->createController()
 6 SYSTEMPATH/CodeIgniter.php(361): CodeIgniter\CodeIgniter->handleRequest(null, Object(Config\Cache), false)
 7 FCPATH/index.php(79): CodeIgniter\CodeIgniter->run()
ERROR - 2024-04-08 00:06:16 --> Error connecting to the database: mysqli_sql_exception: No such file or directory in /Users/timber/workspace/web/admin/vendor/codeigniter4/framework/system/Database/MySQLi/Connection.php:184
Stack trace:
#0 /Users/timber/workspace/web/admin/vendor/codeigniter4/framework/system/Database/MySQLi/Connection.php(184): mysqli->real_connect('localhost', 'root', Object(SensitiveParameterValue), 'timbertr1401_go...', 3306, '', 0)
#1 /Users/timber/workspace/web/admin/vendor/codeigniter4/framework/system/Database/BaseConnection.php(392): CodeIgniter\Database\MySQLi\Connection->connect(false)
#2 /Users/timber/workspace/web/admin/vendor/codeigniter4/framework/system/Database/BaseConnection.php(575): CodeIgniter\Database\BaseConnection->initialize()
#3 /Users/timber/workspace/web/admin/vendor/codeigniter4/framework/system/Database/BaseBuilder.php(1700): CodeIgniter\Database\BaseConnection->query('SELECT COUNT(*)...', Array, false)
#4 /Users/timber/workspace/web/admin/modules/test/Models/TestModel.php(58): CodeIgniter\Database\BaseBuilder->countAllResults(false)
#5 /Users/timber/workspace/web/admin/modules/test/Controllers/Test.php(63): Module\test\Models\TestModel->sameChecked(Array)
#6 /Users/timber/workspace/web/admin/vendor/codeigniter4/framework/system/CodeIgniter.php(943): Module\test\Controllers\Test->index()
#7 /Users/timber/workspace/web/admin/vendor/codeigniter4/framework/system/CodeIgniter.php(503): CodeIgniter\CodeIgniter->runController(Object(Module\test\Controllers\Test))
#8 /Users/timber/workspace/web/admin/vendor/codeigniter4/framework/system/CodeIgniter.php(361): CodeIgniter\CodeIgniter->handleRequest(NULL, Object(Config\Cache), false)
#9 /Users/timber/workspace/web/admin/public/index.php(79): CodeIgniter\CodeIgniter->run()
#10 {main}

Next CodeIgniter\Database\Exceptions\DatabaseException: No such file or directory in /Users/timber/workspace/web/admin/vendor/codeigniter4/framework/system/Database/MySQLi/Connection.php:229
Stack trace:
#0 /Users/timber/workspace/web/admin/vendor/codeigniter4/framework/system/Database/BaseConnection.php(392): CodeIgniter\Database\MySQLi\Connection->connect(false)
#1 /Users/timber/workspace/web/admin/vendor/codeigniter4/framework/system/Database/BaseConnection.php(575): CodeIgniter\Database\BaseConnection->initialize()
#2 /Users/timber/workspace/web/admin/vendor/codeigniter4/framework/system/Database/BaseBuilder.php(1700): CodeIgniter\Database\BaseConnection->query('SELECT COUNT(*)...', Array, false)
#3 /Users/timber/workspace/web/admin/modules/test/Models/TestModel.php(58): CodeIgniter\Database\BaseBuilder->countAllResults(false)
#4 /Users/timber/workspace/web/admin/modules/test/Controllers/Test.php(63): Module\test\Models\TestModel->sameChecked(Array)
#5 /Users/timber/workspace/web/admin/vendor/codeigniter4/framework/system/CodeIgniter.php(943): Module\test\Controllers\Test->index()
#6 /Users/timber/workspace/web/admin/vendor/codeigniter4/framework/system/CodeIgniter.php(503): CodeIgniter\CodeIgniter->runController(Object(Module\test\Controllers\Test))
#7 /Users/timber/workspace/web/admin/vendor/codeigniter4/framework/system/CodeIgniter.php(361): CodeIgniter\CodeIgniter->handleRequest(NULL, Object(Config\Cache), false)
#8 /Users/timber/workspace/web/admin/public/index.php(79): CodeIgniter\CodeIgniter->run()
#9 {main}
CRITICAL - 2024-04-08 00:06:16 --> CodeIgniter\Database\Exceptions\DatabaseException: Unable to connect to the database.
Main connection [MySQLi]: No such file or directory
in SYSTEMPATH/Database/BaseConnection.php on line 428.
 1 SYSTEMPATH/Database/BaseConnection.php(575): CodeIgniter\Database\BaseConnection->initialize()
 2 SYSTEMPATH/Database/BaseBuilder.php(1700): CodeIgniter\Database\BaseConnection->query('SELECT COUNT(*) AS `numrows`
FROM `EXCHANGE_DATA`
WHERE `F_DATE` = :F_DATE:
AND `F_LOC` = :F_LOC:', [...], false)
 3 ROOTPATH/modules/test/Models/TestModel.php(58): CodeIgniter\Database\BaseBuilder->countAllResults(false)
 4 ROOTPATH/modules/test/Controllers/Test.php(63): Module\test\Models\TestModel->sameChecked([...])
 5 SYSTEMPATH/CodeIgniter.php(943): Module\test\Controllers\Test->index()
 6 SYSTEMPATH/CodeIgniter.php(503): CodeIgniter\CodeIgniter->runController(Object(Module\test\Controllers\Test))
 7 SYSTEMPATH/CodeIgniter.php(361): CodeIgniter\CodeIgniter->handleRequest(null, Object(Config\Cache), false)
 8 FCPATH/index.php(79): CodeIgniter\CodeIgniter->run()
INFO - 2024-04-08 00:07:05 --> Session: Class initialized using 'CodeIgniter\Session\Handlers\FileHandler' driver.
WARNING - 2024-04-08 00:07:05 --> [DEPRECATED] Creation of dynamic property App\Libraries\OwensView::$session is deprecated in APPPATH/Libraries/OwensView.php on line 36.
 1 ROOTPATH/modules/core/Controllers/CoreController.php(48): App\Libraries\OwensView->__construct(Object(Config\View))
 2 ROOTPATH/modules/core/Controllers/CoreController.php(28): Module\core\Controllers\CoreController->loadLibrary()
 3 ROOTPATH/modules/test/Controllers/Test.php(15): Module\core\Controllers\CoreController->__construct()
 4 SYSTEMPATH/CodeIgniter.php(915): Module\test\Controllers\Test->__construct()
 5 SYSTEMPATH/CodeIgniter.php(494): CodeIgniter\CodeIgniter->createController()
 6 SYSTEMPATH/CodeIgniter.php(361): CodeIgniter\CodeIgniter->handleRequest(null, Object(Config\Cache), false)
 7 FCPATH/index.php(79): CodeIgniter\CodeIgniter->run()
INFO - 2024-04-08 00:46:18 --> Session: Class initialized using 'CodeIgniter\Session\Handlers\FileHandler' driver.
WARNING - 2024-04-08 00:46:18 --> [DEPRECATED] Creation of dynamic property App\Libraries\OwensView::$session is deprecated in APPPATH/Libraries/OwensView.php on line 36.
 1 ROOTPATH/modules/core/Controllers/CoreController.php(48): App\Libraries\OwensView->__construct(Object(Config\View))
 2 ROOTPATH/modules/core/Controllers/CoreController.php(28): Module\core\Controllers\CoreController->loadLibrary()
 3 ROOTPATH/modules/test/Controllers/Test.php(15): Module\core\Controllers\CoreController->__construct()
 4 SYSTEMPATH/CodeIgniter.php(915): Module\test\Controllers\Test->__construct()
 5 SYSTEMPATH/CodeIgniter.php(494): CodeIgniter\CodeIgniter->createController()
 6 SYSTEMPATH/CodeIgniter.php(361): CodeIgniter\CodeIgniter->handleRequest(null, Object(Config\Cache), false)
 7 FCPATH/index.php(79): CodeIgniter\CodeIgniter->run()
INFO - 2024-04-08 00:46:52 --> Session: Class initialized using 'CodeIgniter\Session\Handlers\FileHandler' driver.
WARNING - 2024-04-08 00:46:52 --> [DEPRECATED] Creation of dynamic property App\Libraries\OwensView::$session is deprecated in APPPATH/Libraries/OwensView.php on line 36.
 1 ROOTPATH/modules/core/Controllers/CoreController.php(48): App\Libraries\OwensView->__construct(Object(Config\View))
 2 ROOTPATH/modules/core/Controllers/CoreController.php(28): Module\core\Controllers\CoreController->loadLibrary()
 3 ROOTPATH/modules/test/Controllers/Test.php(15): Module\core\Controllers\CoreController->__construct()
 4 SYSTEMPATH/CodeIgniter.php(915): Module\test\Controllers\Test->__construct()
 5 SYSTEMPATH/CodeIgniter.php(494): CodeIgniter\CodeIgniter->createController()
 6 SYSTEMPATH/CodeIgniter.php(361): CodeIgniter\CodeIgniter->handleRequest(null, Object(Config\Cache), false)
 7 FCPATH/index.php(79): CodeIgniter\CodeIgniter->run()
INFO - 2024-04-08 02:20:58 --> Session: Class initialized using 'CodeIgniter\Session\Handlers\FileHandler' driver.
WARNING - 2024-04-08 02:20:58 --> [DEPRECATED] Creation of dynamic property App\Libraries\OwensView::$session is deprecated in APPPATH/Libraries/OwensView.php on line 36.
 1 ROOTPATH/modules/core/Controllers/CoreController.php(48): App\Libraries\OwensView->__construct(Object(Config\View))
 2 ROOTPATH/modules/core/Controllers/CoreController.php(28): Module\core\Controllers\CoreController->loadLibrary()
 3 ROOTPATH/modules/test/Controllers/Test.php(15): Module\core\Controllers\CoreController->__construct()
 4 SYSTEMPATH/CodeIgniter.php(915): Module\test\Controllers\Test->__construct()
 5 SYSTEMPATH/CodeIgniter.php(494): CodeIgniter\CodeIgniter->createController()
 6 SYSTEMPATH/CodeIgniter.php(361): CodeIgniter\CodeIgniter->handleRequest(null, Object(Config\Cache), false)
 7 FCPATH/index.php(79): CodeIgniter\CodeIgniter->run()
INFO - 2024-04-08 02:20:58 --> Session: Class initialized using 'CodeIgniter\Session\Handlers\FileHandler' driver.
WARNING - 2024-04-08 02:20:58 --> [DEPRECATED] Creation of dynamic property App\Libraries\OwensView::$session is deprecated in APPPATH/Libraries/OwensView.php on line 36.
 1 ROOTPATH/modules/core/Controllers/CoreController.php(48): App\Libraries\OwensView->__construct(Object(Config\View))
 2 ROOTPATH/modules/core/Controllers/CoreController.php(28): Module\core\Controllers\CoreController->loadLibrary()
 3 ROOTPATH/modules/core/Controllers/Errors.php(10): Module\core\Controllers\CoreController->__construct()
 4 SYSTEMPATH/CodeIgniter.php(915): Module\core\Controllers\Errors->__construct()
 5 SYSTEMPATH/CodeIgniter.php(971): CodeIgniter\CodeIgniter->createController()
 6 SYSTEMPATH/CodeIgniter.php(370): CodeIgniter\CodeIgniter->display404errors(Object(CodeIgniter\Exceptions\PageNotFoundException))
 7 FCPATH/index.php(79): CodeIgniter\CodeIgniter->run()
CRITICAL - 2024-04-08 02:20:58 --> ErrorException: Attempt to read property "saveData" on null
in APPPATH/Libraries/OwensView.php on line 43.
 1 APPPATH/Libraries/OwensView.php(43): CodeIgniter\Debug\Exceptions->errorHandler(2, 'Attempt to read property "saveData" on null', '/Users/timber/workspace/web/admin/app/Libraries/OwensView.php', 43)
 2 APPPATH/Libraries/OwensView.php(336): App\Libraries\OwensView->view('\\Module\\core\\Views\\layouts\\default\\layout_blank', [...])
 3 ROOTPATH/modules/core/Controllers/Errors.php(19): App\Libraries\OwensView->loadLayoutView([...])
 4 SYSTEMPATH/CodeIgniter.php(943): Module\core\Controllers\Errors->show404()
 5 SYSTEMPATH/CodeIgniter.php(972): CodeIgniter\CodeIgniter->runController(Object(Module\core\Controllers\Errors))
 6 SYSTEMPATH/CodeIgniter.php(370): CodeIgniter\CodeIgniter->display404errors(Object(CodeIgniter\Exceptions\PageNotFoundException))
 7 FCPATH/index.php(79): CodeIgniter\CodeIgniter->run()
INFO - 2024-04-08 02:22:15 --> Session: Class initialized using 'CodeIgniter\Session\Handlers\FileHandler' driver.
WARNING - 2024-04-08 02:22:15 --> [DEPRECATED] Creation of dynamic property App\Libraries\OwensView::$session is deprecated in APPPATH/Libraries/OwensView.php on line 36.
 1 ROOTPATH/modules/core/Controllers/CoreController.php(48): App\Libraries\OwensView->__construct(Object(Config\View))
 2 ROOTPATH/modules/core/Controllers/CoreController.php(28): Module\core\Controllers\CoreController->loadLibrary()
 3 ROOTPATH/modules/test/Controllers/Test.php(15): Module\core\Controllers\CoreController->__construct()
 4 SYSTEMPATH/CodeIgniter.php(915): Module\test\Controllers\Test->__construct()
 5 SYSTEMPATH/CodeIgniter.php(494): CodeIgniter\CodeIgniter->createController()
 6 SYSTEMPATH/CodeIgniter.php(361): CodeIgniter\CodeIgniter->handleRequest(null, Object(Config\Cache), false)
 7 FCPATH/index.php(79): CodeIgniter\CodeIgniter->run()
INFO - 2024-04-08 02:22:15 --> Session: Class initialized using 'CodeIgniter\Session\Handlers\FileHandler' driver.
WARNING - 2024-04-08 02:22:15 --> [DEPRECATED] Creation of dynamic property App\Libraries\OwensView::$session is deprecated in APPPATH/Libraries/OwensView.php on line 36.
 1 ROOTPATH/modules/core/Controllers/CoreController.php(48): App\Libraries\OwensView->__construct(Object(Config\View))
 2 ROOTPATH/modules/core/Controllers/CoreController.php(28): Module\core\Controllers\CoreController->loadLibrary()
 3 ROOTPATH/modules/core/Controllers/Errors.php(10): Module\core\Controllers\CoreController->__construct()
 4 SYSTEMPATH/CodeIgniter.php(915): Module\core\Controllers\Errors->__construct()
 5 SYSTEMPATH/CodeIgniter.php(971): CodeIgniter\CodeIgniter->createController()
 6 SYSTEMPATH/CodeIgniter.php(370): CodeIgniter\CodeIgniter->display404errors(Object(CodeIgniter\Exceptions\PageNotFoundException))
 7 FCPATH/index.php(79): CodeIgniter\CodeIgniter->run()
CRITICAL - 2024-04-08 02:22:15 --> ErrorException: Attempt to read property "saveData" on null
in APPPATH/Libraries/OwensView.php on line 43.
 1 APPPATH/Libraries/OwensView.php(43): CodeIgniter\Debug\Exceptions->errorHandler(2, 'Attempt to read property "saveData" on null', '/Users/timber/workspace/web/admin/app/Libraries/OwensView.php', 43)
 2 APPPATH/Libraries/OwensView.php(336): App\Libraries\OwensView->view('\\Module\\core\\Views\\layouts\\default\\layout_blank', [...])
 3 ROOTPATH/modules/core/Controllers/Errors.php(19): App\Libraries\OwensView->loadLayoutView([...])
 4 SYSTEMPATH/CodeIgniter.php(943): Module\core\Controllers\Errors->show404()
 5 SYSTEMPATH/CodeIgniter.php(972): CodeIgniter\CodeIgniter->runController(Object(Module\core\Controllers\Errors))
 6 SYSTEMPATH/CodeIgniter.php(370): CodeIgniter\CodeIgniter->display404errors(Object(CodeIgniter\Exceptions\PageNotFoundException))
 7 FCPATH/index.php(79): CodeIgniter\CodeIgniter->run()
INFO - 2024-04-08 02:23:12 --> Session: Class initialized using 'CodeIgniter\Session\Handlers\FileHandler' driver.
WARNING - 2024-04-08 02:23:12 --> [DEPRECATED] Creation of dynamic property App\Libraries\OwensView::$session is deprecated in APPPATH/Libraries/OwensView.php on line 36.
 1 ROOTPATH/modules/core/Controllers/CoreController.php(48): App\Libraries\OwensView->__construct(Object(Config\View))
 2 ROOTPATH/modules/core/Controllers/CoreController.php(28): Module\core\Controllers\CoreController->loadLibrary()
 3 ROOTPATH/modules/test/Controllers/Test.php(15): Module\core\Controllers\CoreController->__construct()
 4 SYSTEMPATH/CodeIgniter.php(915): Module\test\Controllers\Test->__construct()
 5 SYSTEMPATH/CodeIgniter.php(494): CodeIgniter\CodeIgniter->createController()
 6 SYSTEMPATH/CodeIgniter.php(361): CodeIgniter\CodeIgniter->handleRequest(null, Object(Config\Cache), false)
 7 FCPATH/index.php(79): CodeIgniter\CodeIgniter->run()
INFO - 2024-04-08 02:23:27 --> Session: Class initialized using 'CodeIgniter\Session\Handlers\FileHandler' driver.
WARNING - 2024-04-08 02:23:27 --> [DEPRECATED] Creation of dynamic property App\Libraries\OwensView::$session is deprecated in APPPATH/Libraries/OwensView.php on line 36.
 1 ROOTPATH/modules/core/Controllers/CoreController.php(48): App\Libraries\OwensView->__construct(Object(Config\View))
 2 ROOTPATH/modules/core/Controllers/CoreController.php(28): Module\core\Controllers\CoreController->loadLibrary()
 3 ROOTPATH/modules/test/Controllers/Test.php(15): Module\core\Controllers\CoreController->__construct()
 4 SYSTEMPATH/CodeIgniter.php(915): Module\test\Controllers\Test->__construct()
 5 SYSTEMPATH/CodeIgniter.php(494): CodeIgniter\CodeIgniter->createController()
 6 SYSTEMPATH/CodeIgniter.php(361): CodeIgniter\CodeIgniter->handleRequest(null, Object(Config\Cache), false)
 7 FCPATH/index.php(79): CodeIgniter\CodeIgniter->run()
INFO - 2024-04-08 02:23:36 --> Session: Class initialized using 'CodeIgniter\Session\Handlers\FileHandler' driver.
WARNING - 2024-04-08 02:23:36 --> [DEPRECATED] Creation of dynamic property App\Libraries\OwensView::$session is deprecated in APPPATH/Libraries/OwensView.php on line 36.
 1 ROOTPATH/modules/core/Controllers/CoreController.php(48): App\Libraries\OwensView->__construct(Object(Config\View))
 2 ROOTPATH/modules/core/Controllers/CoreController.php(28): Module\core\Controllers\CoreController->loadLibrary()
 3 ROOTPATH/modules/test/Controllers/Test.php(15): Module\core\Controllers\CoreController->__construct()
 4 SYSTEMPATH/CodeIgniter.php(915): Module\test\Controllers\Test->__construct()
 5 SYSTEMPATH/CodeIgniter.php(494): CodeIgniter\CodeIgniter->createController()
 6 SYSTEMPATH/CodeIgniter.php(361): CodeIgniter\CodeIgniter->handleRequest(null, Object(Config\Cache), false)
 7 FCPATH/index.php(79): CodeIgniter\CodeIgniter->run()
INFO - 2024-04-08 02:26:12 --> Session: Class initialized using 'CodeIgniter\Session\Handlers\FileHandler' driver.
WARNING - 2024-04-08 02:26:12 --> [DEPRECATED] Creation of dynamic property App\Libraries\OwensView::$session is deprecated in APPPATH/Libraries/OwensView.php on line 36.
 1 ROOTPATH/modules/core/Controllers/CoreController.php(48): App\Libraries\OwensView->__construct(Object(Config\View))
 2 ROOTPATH/modules/core/Controllers/CoreController.php(28): Module\core\Controllers\CoreController->loadLibrary()
 3 ROOTPATH/modules/test/Controllers/Test.php(15): Module\core\Controllers\CoreController->__construct()
 4 SYSTEMPATH/CodeIgniter.php(915): Module\test\Controllers\Test->__construct()
 5 SYSTEMPATH/CodeIgniter.php(494): CodeIgniter\CodeIgniter->createController()
 6 SYSTEMPATH/CodeIgniter.php(361): CodeIgniter\CodeIgniter->handleRequest(null, Object(Config\Cache), false)
 7 FCPATH/index.php(79): CodeIgniter\CodeIgniter->run()
CRITICAL - 2024-04-08 02:26:12 --> Error: Class "Module\test\Controllers\DOMDocument" not found
in ROOTPATH/modules/test/Controllers/Test.php on line 83.
 1 SYSTEMPATH/CodeIgniter.php(943): Module\test\Controllers\Test->exchangeShinhan()
 2 SYSTEMPATH/CodeIgniter.php(503): CodeIgniter\CodeIgniter->runController(Object(Module\test\Controllers\Test))
 3 SYSTEMPATH/CodeIgniter.php(361): CodeIgniter\CodeIgniter->handleRequest(null, Object(Config\Cache), false)
 4 FCPATH/index.php(79): CodeIgniter\CodeIgniter->run()
INFO - 2024-04-08 02:27:08 --> Session: Class initialized using 'CodeIgniter\Session\Handlers\FileHandler' driver.
WARNING - 2024-04-08 02:27:08 --> [DEPRECATED] Creation of dynamic property App\Libraries\OwensView::$session is deprecated in APPPATH/Libraries/OwensView.php on line 36.
 1 ROOTPATH/modules/core/Controllers/CoreController.php(48): App\Libraries\OwensView->__construct(Object(Config\View))
 2 ROOTPATH/modules/core/Controllers/CoreController.php(28): Module\core\Controllers\CoreController->loadLibrary()
 3 ROOTPATH/modules/test/Controllers/Test.php(17): Module\core\Controllers\CoreController->__construct()
 4 SYSTEMPATH/CodeIgniter.php(915): Module\test\Controllers\Test->__construct()
 5 SYSTEMPATH/CodeIgniter.php(494): CodeIgniter\CodeIgniter->createController()
 6 SYSTEMPATH/CodeIgniter.php(361): CodeIgniter\CodeIgniter->handleRequest(null, Object(Config\Cache), false)
 7 FCPATH/index.php(79): CodeIgniter\CodeIgniter->run()
INFO - 2024-04-08 02:27:34 --> Session: Class initialized using 'CodeIgniter\Session\Handlers\FileHandler' driver.
WARNING - 2024-04-08 02:27:34 --> [DEPRECATED] Creation of dynamic property App\Libraries\OwensView::$session is deprecated in APPPATH/Libraries/OwensView.php on line 36.
 1 ROOTPATH/modules/core/Controllers/CoreController.php(48): App\Libraries\OwensView->__construct(Object(Config\View))
 2 ROOTPATH/modules/core/Controllers/CoreController.php(28): Module\core\Controllers\CoreController->loadLibrary()
 3 ROOTPATH/modules/test/Controllers/Test.php(17): Module\core\Controllers\CoreController->__construct()
 4 SYSTEMPATH/CodeIgniter.php(915): Module\test\Controllers\Test->__construct()
 5 SYSTEMPATH/CodeIgniter.php(494): CodeIgniter\CodeIgniter->createController()
 6 SYSTEMPATH/CodeIgniter.php(361): CodeIgniter\CodeIgniter->handleRequest(null, Object(Config\Cache), false)
 7 FCPATH/index.php(79): CodeIgniter\CodeIgniter->run()
INFO - 2024-04-08 02:27:59 --> Session: Class initialized using 'CodeIgniter\Session\Handlers\FileHandler' driver.
WARNING - 2024-04-08 02:27:59 --> [DEPRECATED] Creation of dynamic property App\Libraries\OwensView::$session is deprecated in APPPATH/Libraries/OwensView.php on line 36.
 1 ROOTPATH/modules/core/Controllers/CoreController.php(48): App\Libraries\OwensView->__construct(Object(Config\View))
 2 ROOTPATH/modules/core/Controllers/CoreController.php(28): Module\core\Controllers\CoreController->loadLibrary()
 3 ROOTPATH/modules/test/Controllers/Test.php(17): Module\core\Controllers\CoreController->__construct()
 4 SYSTEMPATH/CodeIgniter.php(915): Module\test\Controllers\Test->__construct()
 5 SYSTEMPATH/CodeIgniter.php(494): CodeIgniter\CodeIgniter->createController()
 6 SYSTEMPATH/CodeIgniter.php(361): CodeIgniter\CodeIgniter->handleRequest(null, Object(Config\Cache), false)
 7 FCPATH/index.php(79): CodeIgniter\CodeIgniter->run()
INFO - 2024-04-08 02:30:05 --> Session: Class initialized using 'CodeIgniter\Session\Handlers\FileHandler' driver.
WARNING - 2024-04-08 02:30:05 --> [DEPRECATED] Creation of dynamic property App\Libraries\OwensView::$session is deprecated in APPPATH/Libraries/OwensView.php on line 36.
 1 ROOTPATH/modules/core/Controllers/CoreController.php(48): App\Libraries\OwensView->__construct(Object(Config\View))
 2 ROOTPATH/modules/core/Controllers/CoreController.php(28): Module\core\Controllers\CoreController->loadLibrary()
 3 ROOTPATH/modules/test/Controllers/Test.php(17): Module\core\Controllers\CoreController->__construct()
 4 SYSTEMPATH/CodeIgniter.php(915): Module\test\Controllers\Test->__construct()
 5 SYSTEMPATH/CodeIgniter.php(494): CodeIgniter\CodeIgniter->createController()
 6 SYSTEMPATH/CodeIgniter.php(361): CodeIgniter\CodeIgniter->handleRequest(null, Object(Config\Cache), false)
 7 FCPATH/index.php(79): CodeIgniter\CodeIgniter->run()
