INFO - 2024-05-08 00:29:31 --> Session: Class initialized using 'CodeIgniter\Session\Handlers\FileHandler' driver.
WARNING - 2024-05-08 00:29:31 --> [DEPRECATED] Creation of dynamic property App\Libraries\OwensView::$session is deprecated in APPPATH/Libraries/OwensView.php on line 36.
 1 ROOTPATH/modules/core/Controllers/CoreController.php(48): App\Libraries\OwensView->__construct(Object(Config\View))
 2 ROOTPATH/modules/core/Controllers/CoreController.php(28): Module\core\Controllers\CoreController->loadLibrary()
 3 ROOTPATH/modules/core/Controllers/Errors.php(10): Module\core\Controllers\CoreController->__construct()
 4 SYSTEMPATH/CodeIgniter.php(915): Module\core\Controllers\Errors->__construct()
 5 SYSTEMPATH/CodeIgniter.php(971): CodeIgniter\CodeIgniter->createController()
 6 SYSTEMPATH/CodeIgniter.php(370): CodeIgniter\CodeIgniter->display404errors(Object(CodeIgniter\Exceptions\PageNotFoundException))
 7 FCPATH/index.php(79): CodeIgniter\CodeIgniter->run()
CRITICAL - 2024-05-08 00:29:31 --> ErrorException: Attempt to read property "saveData" on null
in APPPATH/Libraries/OwensView.php on line 43.
 1 APPPATH/Libraries/OwensView.php(43): CodeIgniter\Debug\Exceptions->errorHandler()
 2 APPPATH/Libraries/OwensView.php(336): App\Libraries\OwensView->view()
 3 ROOTPATH/modules/core/Controllers/Errors.php(19): App\Libraries\OwensView->loadLayoutView()
 4 SYSTEMPATH/CodeIgniter.php(943): Module\core\Controllers\Errors->show404()
 5 SYSTEMPATH/CodeIgniter.php(972): CodeIgniter\CodeIgniter->runController()
 6 SYSTEMPATH/CodeIgniter.php(370): CodeIgniter\CodeIgniter->display404errors()
 7 FCPATH/index.php(79): CodeIgniter\CodeIgniter->run()
INFO - 2024-05-08 02:44:23 --> Session: Class initialized using 'CodeIgniter\Session\Handlers\FileHandler' driver.
WARNING - 2024-05-08 02:44:23 --> [DEPRECATED] Creation of dynamic property App\Libraries\OwensView::$session is deprecated in APPPATH/Libraries/OwensView.php on line 36.
 1 ROOTPATH/modules/core/Controllers/CoreController.php(48): App\Libraries\OwensView->__construct(Object(Config\View))
 2 ROOTPATH/modules/core/Controllers/CoreController.php(28): Module\core\Controllers\CoreController->loadLibrary()
 3 ROOTPATH/modules/core/Controllers/Errors.php(10): Module\core\Controllers\CoreController->__construct()
 4 SYSTEMPATH/CodeIgniter.php(915): Module\core\Controllers\Errors->__construct()
 5 SYSTEMPATH/CodeIgniter.php(971): CodeIgniter\CodeIgniter->createController()
 6 SYSTEMPATH/CodeIgniter.php(370): CodeIgniter\CodeIgniter->display404errors(Object(CodeIgniter\Exceptions\PageNotFoundException))
 7 FCPATH/index.php(79): CodeIgniter\CodeIgniter->run()
CRITICAL - 2024-05-08 02:44:23 --> ErrorException: Attempt to read property "saveData" on null
in APPPATH/Libraries/OwensView.php on line 43.
 1 APPPATH/Libraries/OwensView.php(43): CodeIgniter\Debug\Exceptions->errorHandler()
 2 APPPATH/Libraries/OwensView.php(336): App\Libraries\OwensView->view()
 3 ROOTPATH/modules/core/Controllers/Errors.php(19): App\Libraries\OwensView->loadLayoutView()
 4 SYSTEMPATH/CodeIgniter.php(943): Module\core\Controllers\Errors->show404()
 5 SYSTEMPATH/CodeIgniter.php(972): CodeIgniter\CodeIgniter->runController()
 6 SYSTEMPATH/CodeIgniter.php(370): CodeIgniter\CodeIgniter->display404errors()
 7 FCPATH/index.php(79): CodeIgniter\CodeIgniter->run()
INFO - 2024-05-08 04:41:36 --> Session: Class initialized using 'CodeIgniter\Session\Handlers\FileHandler' driver.
WARNING - 2024-05-08 04:41:36 --> [DEPRECATED] Creation of dynamic property App\Libraries\OwensView::$session is deprecated in APPPATH/Libraries/OwensView.php on line 36.
 1 ROOTPATH/modules/core/Controllers/CoreController.php(48): App\Libraries\OwensView->__construct(Object(Config\View))
 2 ROOTPATH/modules/core/Controllers/CoreController.php(28): Module\core\Controllers\CoreController->loadLibrary()
 3 ROOTPATH/modules/core/Controllers/Errors.php(10): Module\core\Controllers\CoreController->__construct()
 4 SYSTEMPATH/CodeIgniter.php(915): Module\core\Controllers\Errors->__construct()
 5 SYSTEMPATH/CodeIgniter.php(971): CodeIgniter\CodeIgniter->createController()
 6 SYSTEMPATH/CodeIgniter.php(370): CodeIgniter\CodeIgniter->display404errors(Object(CodeIgniter\Exceptions\PageNotFoundException))
 7 FCPATH/index.php(79): CodeIgniter\CodeIgniter->run()
CRITICAL - 2024-05-08 04:41:36 --> ErrorException: Attempt to read property "saveData" on null
in APPPATH/Libraries/OwensView.php on line 43.
 1 APPPATH/Libraries/OwensView.php(43): CodeIgniter\Debug\Exceptions->errorHandler()
 2 APPPATH/Libraries/OwensView.php(336): App\Libraries\OwensView->view()
 3 ROOTPATH/modules/core/Controllers/Errors.php(19): App\Libraries\OwensView->loadLayoutView()
 4 SYSTEMPATH/CodeIgniter.php(943): Module\core\Controllers\Errors->show404()
 5 SYSTEMPATH/CodeIgniter.php(972): CodeIgniter\CodeIgniter->runController()
 6 SYSTEMPATH/CodeIgniter.php(370): CodeIgniter\CodeIgniter->display404errors()
 7 FCPATH/index.php(79): CodeIgniter\CodeIgniter->run()
INFO - 2024-05-08 04:43:20 --> Session: Class initialized using 'CodeIgniter\Session\Handlers\FileHandler' driver.
WARNING - 2024-05-08 04:43:20 --> [DEPRECATED] Creation of dynamic property App\Libraries\OwensView::$session is deprecated in APPPATH/Libraries/OwensView.php on line 36.
 1 ROOTPATH/modules/core/Controllers/CoreController.php(48): App\Libraries\OwensView->__construct(Object(Config\View))
 2 ROOTPATH/modules/core/Controllers/CoreController.php(28): Module\core\Controllers\CoreController->loadLibrary()
 3 ROOTPATH/modules/core/Controllers/Errors.php(10): Module\core\Controllers\CoreController->__construct()
 4 SYSTEMPATH/CodeIgniter.php(915): Module\core\Controllers\Errors->__construct()
 5 SYSTEMPATH/CodeIgniter.php(971): CodeIgniter\CodeIgniter->createController()
 6 SYSTEMPATH/CodeIgniter.php(370): CodeIgniter\CodeIgniter->display404errors(Object(CodeIgniter\Exceptions\PageNotFoundException))
 7 FCPATH/index.php(79): CodeIgniter\CodeIgniter->run()
CRITICAL - 2024-05-08 04:43:20 --> ErrorException: Attempt to read property "saveData" on null
in APPPATH/Libraries/OwensView.php on line 43.
 1 APPPATH/Libraries/OwensView.php(43): CodeIgniter\Debug\Exceptions->errorHandler()
 2 APPPATH/Libraries/OwensView.php(336): App\Libraries\OwensView->view()
 3 ROOTPATH/modules/core/Controllers/Errors.php(19): App\Libraries\OwensView->loadLayoutView()
 4 SYSTEMPATH/CodeIgniter.php(943): Module\core\Controllers\Errors->show404()
 5 SYSTEMPATH/CodeIgniter.php(972): CodeIgniter\CodeIgniter->runController()
 6 SYSTEMPATH/CodeIgniter.php(370): CodeIgniter\CodeIgniter->display404errors()
 7 FCPATH/index.php(79): CodeIgniter\CodeIgniter->run()
INFO - 2024-05-08 04:46:05 --> Session: Class initialized using 'CodeIgniter\Session\Handlers\FileHandler' driver.
WARNING - 2024-05-08 04:46:05 --> [DEPRECATED] Creation of dynamic property App\Libraries\OwensView::$session is deprecated in APPPATH/Libraries/OwensView.php on line 36.
 1 ROOTPATH/modules/core/Controllers/CoreController.php(48): App\Libraries\OwensView->__construct(Object(Config\View))
 2 ROOTPATH/modules/core/Controllers/CoreController.php(28): Module\core\Controllers\CoreController->loadLibrary()
 3 ROOTPATH/modules/core/Controllers/Errors.php(10): Module\core\Controllers\CoreController->__construct()
 4 SYSTEMPATH/CodeIgniter.php(915): Module\core\Controllers\Errors->__construct()
 5 SYSTEMPATH/CodeIgniter.php(971): CodeIgniter\CodeIgniter->createController()
 6 SYSTEMPATH/CodeIgniter.php(370): CodeIgniter\CodeIgniter->display404errors(Object(CodeIgniter\Exceptions\PageNotFoundException))
 7 FCPATH/index.php(79): CodeIgniter\CodeIgniter->run()
CRITICAL - 2024-05-08 04:46:05 --> ErrorException: Attempt to read property "saveData" on null
in APPPATH/Libraries/OwensView.php on line 43.
 1 APPPATH/Libraries/OwensView.php(43): CodeIgniter\Debug\Exceptions->errorHandler()
 2 APPPATH/Libraries/OwensView.php(336): App\Libraries\OwensView->view()
 3 ROOTPATH/modules/core/Controllers/Errors.php(19): App\Libraries\OwensView->loadLayoutView()
 4 SYSTEMPATH/CodeIgniter.php(943): Module\core\Controllers\Errors->show404()
 5 SYSTEMPATH/CodeIgniter.php(972): CodeIgniter\CodeIgniter->runController()
 6 SYSTEMPATH/CodeIgniter.php(370): CodeIgniter\CodeIgniter->display404errors()
 7 FCPATH/index.php(79): CodeIgniter\CodeIgniter->run()
INFO - 2024-05-08 05:11:26 --> Session: Class initialized using 'CodeIgniter\Session\Handlers\FileHandler' driver.
WARNING - 2024-05-08 05:11:26 --> [DEPRECATED] Creation of dynamic property App\Libraries\OwensView::$session is deprecated in APPPATH/Libraries/OwensView.php on line 36.
 1 ROOTPATH/modules/core/Controllers/CoreController.php(48): App\Libraries\OwensView->__construct(Object(Config\View))
 2 ROOTPATH/modules/core/Controllers/CoreController.php(28): Module\core\Controllers\CoreController->loadLibrary()
 3 ROOTPATH/modules/core/Controllers/Errors.php(10): Module\core\Controllers\CoreController->__construct()
 4 SYSTEMPATH/CodeIgniter.php(915): Module\core\Controllers\Errors->__construct()
 5 SYSTEMPATH/CodeIgniter.php(971): CodeIgniter\CodeIgniter->createController()
 6 SYSTEMPATH/CodeIgniter.php(370): CodeIgniter\CodeIgniter->display404errors(Object(CodeIgniter\Exceptions\PageNotFoundException))
 7 FCPATH/index.php(79): CodeIgniter\CodeIgniter->run()
CRITICAL - 2024-05-08 05:11:26 --> ErrorException: Attempt to read property "saveData" on null
in APPPATH/Libraries/OwensView.php on line 43.
 1 APPPATH/Libraries/OwensView.php(43): CodeIgniter\Debug\Exceptions->errorHandler()
 2 APPPATH/Libraries/OwensView.php(336): App\Libraries\OwensView->view()
 3 ROOTPATH/modules/core/Controllers/Errors.php(19): App\Libraries\OwensView->loadLayoutView()
 4 SYSTEMPATH/CodeIgniter.php(943): Module\core\Controllers\Errors->show404()
 5 SYSTEMPATH/CodeIgniter.php(972): CodeIgniter\CodeIgniter->runController()
 6 SYSTEMPATH/CodeIgniter.php(370): CodeIgniter\CodeIgniter->display404errors()
 7 FCPATH/index.php(79): CodeIgniter\CodeIgniter->run()
INFO - 2024-05-08 08:36:03 --> Session: Class initialized using 'CodeIgniter\Session\Handlers\FileHandler' driver.
WARNING - 2024-05-08 08:36:03 --> [DEPRECATED] Creation of dynamic property App\Libraries\OwensView::$session is deprecated in APPPATH/Libraries/OwensView.php on line 36.
 1 ROOTPATH/modules/core/Controllers/CoreController.php(48): App\Libraries\OwensView->__construct(Object(Config\View))
 2 ROOTPATH/modules/core/Controllers/CoreController.php(28): Module\core\Controllers\CoreController->loadLibrary()
 3 ROOTPATH/modules/core/Controllers/Errors.php(10): Module\core\Controllers\CoreController->__construct()
 4 SYSTEMPATH/CodeIgniter.php(915): Module\core\Controllers\Errors->__construct()
 5 SYSTEMPATH/CodeIgniter.php(971): CodeIgniter\CodeIgniter->createController()
 6 SYSTEMPATH/CodeIgniter.php(370): CodeIgniter\CodeIgniter->display404errors(Object(CodeIgniter\Exceptions\PageNotFoundException))
 7 FCPATH/index.php(79): CodeIgniter\CodeIgniter->run()
CRITICAL - 2024-05-08 08:36:03 --> ErrorException: Attempt to read property "saveData" on null
in APPPATH/Libraries/OwensView.php on line 43.
 1 APPPATH/Libraries/OwensView.php(43): CodeIgniter\Debug\Exceptions->errorHandler()
 2 APPPATH/Libraries/OwensView.php(336): App\Libraries\OwensView->view()
 3 ROOTPATH/modules/core/Controllers/Errors.php(19): App\Libraries\OwensView->loadLayoutView()
 4 SYSTEMPATH/CodeIgniter.php(943): Module\core\Controllers\Errors->show404()
 5 SYSTEMPATH/CodeIgniter.php(972): CodeIgniter\CodeIgniter->runController()
 6 SYSTEMPATH/CodeIgniter.php(370): CodeIgniter\CodeIgniter->display404errors()
 7 FCPATH/index.php(79): CodeIgniter\CodeIgniter->run()
INFO - 2024-05-08 08:36:05 --> Session: Class initialized using 'CodeIgniter\Session\Handlers\FileHandler' driver.
WARNING - 2024-05-08 08:36:05 --> [DEPRECATED] Creation of dynamic property App\Libraries\OwensView::$session is deprecated in APPPATH/Libraries/OwensView.php on line 36.
 1 ROOTPATH/modules/core/Controllers/CoreController.php(48): App\Libraries\OwensView->__construct(Object(Config\View))
 2 ROOTPATH/modules/core/Controllers/CoreController.php(28): Module\core\Controllers\CoreController->loadLibrary()
 3 ROOTPATH/modules/core/Controllers/Errors.php(10): Module\core\Controllers\CoreController->__construct()
 4 SYSTEMPATH/CodeIgniter.php(915): Module\core\Controllers\Errors->__construct()
 5 SYSTEMPATH/CodeIgniter.php(971): CodeIgniter\CodeIgniter->createController()
 6 SYSTEMPATH/CodeIgniter.php(370): CodeIgniter\CodeIgniter->display404errors(Object(CodeIgniter\Exceptions\PageNotFoundException))
 7 FCPATH/index.php(79): CodeIgniter\CodeIgniter->run()
CRITICAL - 2024-05-08 08:36:05 --> ErrorException: Attempt to read property "saveData" on null
in APPPATH/Libraries/OwensView.php on line 43.
 1 APPPATH/Libraries/OwensView.php(43): CodeIgniter\Debug\Exceptions->errorHandler()
 2 APPPATH/Libraries/OwensView.php(336): App\Libraries\OwensView->view()
 3 ROOTPATH/modules/core/Controllers/Errors.php(19): App\Libraries\OwensView->loadLayoutView()
 4 SYSTEMPATH/CodeIgniter.php(943): Module\core\Controllers\Errors->show404()
 5 SYSTEMPATH/CodeIgniter.php(972): CodeIgniter\CodeIgniter->runController()
 6 SYSTEMPATH/CodeIgniter.php(370): CodeIgniter\CodeIgniter->display404errors()
 7 FCPATH/index.php(79): CodeIgniter\CodeIgniter->run()
INFO - 2024-05-08 09:52:51 --> Session: Class initialized using 'CodeIgniter\Session\Handlers\FileHandler' driver.
WARNING - 2024-05-08 09:52:51 --> [DEPRECATED] Creation of dynamic property App\Libraries\OwensView::$session is deprecated in APPPATH/Libraries/OwensView.php on line 36.
 1 ROOTPATH/modules/core/Controllers/CoreController.php(48): App\Libraries\OwensView->__construct(Object(Config\View))
 2 ROOTPATH/modules/core/Controllers/CoreController.php(28): Module\core\Controllers\CoreController->loadLibrary()
 3 ROOTPATH/modules/core/Controllers/Errors.php(10): Module\core\Controllers\CoreController->__construct()
 4 SYSTEMPATH/CodeIgniter.php(915): Module\core\Controllers\Errors->__construct()
 5 SYSTEMPATH/CodeIgniter.php(971): CodeIgniter\CodeIgniter->createController()
 6 SYSTEMPATH/CodeIgniter.php(370): CodeIgniter\CodeIgniter->display404errors(Object(CodeIgniter\Exceptions\PageNotFoundException))
 7 FCPATH/index.php(79): CodeIgniter\CodeIgniter->run()
CRITICAL - 2024-05-08 09:52:51 --> ErrorException: Attempt to read property "saveData" on null
in APPPATH/Libraries/OwensView.php on line 43.
 1 APPPATH/Libraries/OwensView.php(43): CodeIgniter\Debug\Exceptions->errorHandler()
 2 APPPATH/Libraries/OwensView.php(336): App\Libraries\OwensView->view()
 3 ROOTPATH/modules/core/Controllers/Errors.php(19): App\Libraries\OwensView->loadLayoutView()
 4 SYSTEMPATH/CodeIgniter.php(943): Module\core\Controllers\Errors->show404()
 5 SYSTEMPATH/CodeIgniter.php(972): CodeIgniter\CodeIgniter->runController()
 6 SYSTEMPATH/CodeIgniter.php(370): CodeIgniter\CodeIgniter->display404errors()
 7 FCPATH/index.php(79): CodeIgniter\CodeIgniter->run()
INFO - 2024-05-08 09:53:06 --> Session: Class initialized using 'CodeIgniter\Session\Handlers\FileHandler' driver.
WARNING - 2024-05-08 09:53:06 --> [DEPRECATED] Creation of dynamic property App\Libraries\OwensView::$session is deprecated in APPPATH/Libraries/OwensView.php on line 36.
 1 ROOTPATH/modules/core/Controllers/CoreController.php(48): App\Libraries\OwensView->__construct(Object(Config\View))
 2 ROOTPATH/modules/core/Controllers/CoreController.php(28): Module\core\Controllers\CoreController->loadLibrary()
 3 ROOTPATH/modules/core/Controllers/Errors.php(10): Module\core\Controllers\CoreController->__construct()
 4 SYSTEMPATH/CodeIgniter.php(915): Module\core\Controllers\Errors->__construct()
 5 SYSTEMPATH/CodeIgniter.php(971): CodeIgniter\CodeIgniter->createController()
 6 SYSTEMPATH/CodeIgniter.php(370): CodeIgniter\CodeIgniter->display404errors(Object(CodeIgniter\Exceptions\PageNotFoundException))
 7 FCPATH/index.php(79): CodeIgniter\CodeIgniter->run()
CRITICAL - 2024-05-08 09:53:06 --> ErrorException: Attempt to read property "saveData" on null
in APPPATH/Libraries/OwensView.php on line 43.
 1 APPPATH/Libraries/OwensView.php(43): CodeIgniter\Debug\Exceptions->errorHandler()
 2 APPPATH/Libraries/OwensView.php(336): App\Libraries\OwensView->view()
 3 ROOTPATH/modules/core/Controllers/Errors.php(19): App\Libraries\OwensView->loadLayoutView()
 4 SYSTEMPATH/CodeIgniter.php(943): Module\core\Controllers\Errors->show404()
 5 SYSTEMPATH/CodeIgniter.php(972): CodeIgniter\CodeIgniter->runController()
 6 SYSTEMPATH/CodeIgniter.php(370): CodeIgniter\CodeIgniter->display404errors()
 7 FCPATH/index.php(79): CodeIgniter\CodeIgniter->run()
CRITICAL - 2024-05-08 10:17:51 --> CodeIgniter\HTTP\Exceptions\BadRequestException: The URI you submitted has disallowed characters: ";stok="
in SYSTEMPATH/Router/Router.php on line 704.
 1 SYSTEMPATH/Router/Router.php(195): CodeIgniter\Router\Router->checkDisallowedChars()
 2 SYSTEMPATH/CodeIgniter.php(825): CodeIgniter\Router\Router->handle()
 3 SYSTEMPATH/CodeIgniter.php(450): CodeIgniter\CodeIgniter->tryToRouteIt()
 4 SYSTEMPATH/CodeIgniter.php(361): CodeIgniter\CodeIgniter->handleRequest()
 5 FCPATH/index.php(79): CodeIgniter\CodeIgniter->run()
INFO - 2024-05-08 10:35:53 --> Session: Class initialized using 'CodeIgniter\Session\Handlers\FileHandler' driver.
WARNING - 2024-05-08 10:35:53 --> [DEPRECATED] Creation of dynamic property App\Libraries\OwensView::$session is deprecated in APPPATH/Libraries/OwensView.php on line 36.
 1 ROOTPATH/modules/core/Controllers/CoreController.php(48): App\Libraries\OwensView->__construct(Object(Config\View))
 2 ROOTPATH/modules/core/Controllers/CoreController.php(28): Module\core\Controllers\CoreController->loadLibrary()
 3 ROOTPATH/modules/core/Controllers/Errors.php(10): Module\core\Controllers\CoreController->__construct()
 4 SYSTEMPATH/CodeIgniter.php(915): Module\core\Controllers\Errors->__construct()
 5 SYSTEMPATH/CodeIgniter.php(971): CodeIgniter\CodeIgniter->createController()
 6 SYSTEMPATH/CodeIgniter.php(370): CodeIgniter\CodeIgniter->display404errors(Object(CodeIgniter\Exceptions\PageNotFoundException))
 7 FCPATH/index.php(79): CodeIgniter\CodeIgniter->run()
CRITICAL - 2024-05-08 10:35:53 --> ErrorException: Attempt to read property "saveData" on null
in APPPATH/Libraries/OwensView.php on line 43.
 1 APPPATH/Libraries/OwensView.php(43): CodeIgniter\Debug\Exceptions->errorHandler()
 2 APPPATH/Libraries/OwensView.php(336): App\Libraries\OwensView->view()
 3 ROOTPATH/modules/core/Controllers/Errors.php(19): App\Libraries\OwensView->loadLayoutView()
 4 SYSTEMPATH/CodeIgniter.php(943): Module\core\Controllers\Errors->show404()
 5 SYSTEMPATH/CodeIgniter.php(972): CodeIgniter\CodeIgniter->runController()
 6 SYSTEMPATH/CodeIgniter.php(370): CodeIgniter\CodeIgniter->display404errors()
 7 FCPATH/index.php(79): CodeIgniter\CodeIgniter->run()
INFO - 2024-05-08 10:59:43 --> Session: Class initialized using 'CodeIgniter\Session\Handlers\FileHandler' driver.
WARNING - 2024-05-08 10:59:43 --> [DEPRECATED] Creation of dynamic property App\Libraries\OwensView::$session is deprecated in APPPATH/Libraries/OwensView.php on line 36.
 1 ROOTPATH/modules/core/Controllers/CoreController.php(48): App\Libraries\OwensView->__construct(Object(Config\View))
 2 ROOTPATH/modules/core/Controllers/CoreController.php(28): Module\core\Controllers\CoreController->loadLibrary()
 3 ROOTPATH/modules/core/Controllers/Errors.php(10): Module\core\Controllers\CoreController->__construct()
 4 SYSTEMPATH/CodeIgniter.php(915): Module\core\Controllers\Errors->__construct()
 5 SYSTEMPATH/CodeIgniter.php(971): CodeIgniter\CodeIgniter->createController()
 6 SYSTEMPATH/CodeIgniter.php(370): CodeIgniter\CodeIgniter->display404errors(Object(CodeIgniter\Exceptions\PageNotFoundException))
 7 FCPATH/index.php(79): CodeIgniter\CodeIgniter->run()
CRITICAL - 2024-05-08 10:59:43 --> ErrorException: Attempt to read property "saveData" on null
in APPPATH/Libraries/OwensView.php on line 43.
 1 APPPATH/Libraries/OwensView.php(43): CodeIgniter\Debug\Exceptions->errorHandler()
 2 APPPATH/Libraries/OwensView.php(336): App\Libraries\OwensView->view()
 3 ROOTPATH/modules/core/Controllers/Errors.php(19): App\Libraries\OwensView->loadLayoutView()
 4 SYSTEMPATH/CodeIgniter.php(943): Module\core\Controllers\Errors->show404()
 5 SYSTEMPATH/CodeIgniter.php(972): CodeIgniter\CodeIgniter->runController()
 6 SYSTEMPATH/CodeIgniter.php(370): CodeIgniter\CodeIgniter->display404errors()
 7 FCPATH/index.php(79): CodeIgniter\CodeIgniter->run()
INFO - 2024-05-08 10:59:46 --> Session: Class initialized using 'CodeIgniter\Session\Handlers\FileHandler' driver.
WARNING - 2024-05-08 10:59:46 --> [DEPRECATED] Creation of dynamic property App\Libraries\OwensView::$session is deprecated in APPPATH/Libraries/OwensView.php on line 36.
 1 ROOTPATH/modules/core/Controllers/CoreController.php(48): App\Libraries\OwensView->__construct(Object(Config\View))
 2 ROOTPATH/modules/core/Controllers/CoreController.php(28): Module\core\Controllers\CoreController->loadLibrary()
 3 ROOTPATH/modules/core/Controllers/Errors.php(10): Module\core\Controllers\CoreController->__construct()
 4 SYSTEMPATH/CodeIgniter.php(915): Module\core\Controllers\Errors->__construct()
 5 SYSTEMPATH/CodeIgniter.php(971): CodeIgniter\CodeIgniter->createController()
 6 SYSTEMPATH/CodeIgniter.php(370): CodeIgniter\CodeIgniter->display404errors(Object(CodeIgniter\Exceptions\PageNotFoundException))
 7 FCPATH/index.php(79): CodeIgniter\CodeIgniter->run()
CRITICAL - 2024-05-08 10:59:46 --> ErrorException: Attempt to read property "saveData" on null
in APPPATH/Libraries/OwensView.php on line 43.
 1 APPPATH/Libraries/OwensView.php(43): CodeIgniter\Debug\Exceptions->errorHandler()
 2 APPPATH/Libraries/OwensView.php(336): App\Libraries\OwensView->view()
 3 ROOTPATH/modules/core/Controllers/Errors.php(19): App\Libraries\OwensView->loadLayoutView()
 4 SYSTEMPATH/CodeIgniter.php(943): Module\core\Controllers\Errors->show404()
 5 SYSTEMPATH/CodeIgniter.php(972): CodeIgniter\CodeIgniter->runController()
 6 SYSTEMPATH/CodeIgniter.php(370): CodeIgniter\CodeIgniter->display404errors()
 7 FCPATH/index.php(79): CodeIgniter\CodeIgniter->run()
INFO - 2024-05-08 10:59:46 --> Session: Class initialized using 'CodeIgniter\Session\Handlers\FileHandler' driver.
WARNING - 2024-05-08 10:59:46 --> [DEPRECATED] Creation of dynamic property App\Libraries\OwensView::$session is deprecated in APPPATH/Libraries/OwensView.php on line 36.
 1 ROOTPATH/modules/core/Controllers/CoreController.php(48): App\Libraries\OwensView->__construct(Object(Config\View))
 2 ROOTPATH/modules/core/Controllers/CoreController.php(28): Module\core\Controllers\CoreController->loadLibrary()
 3 ROOTPATH/modules/core/Controllers/Errors.php(10): Module\core\Controllers\CoreController->__construct()
 4 SYSTEMPATH/CodeIgniter.php(915): Module\core\Controllers\Errors->__construct()
 5 SYSTEMPATH/CodeIgniter.php(971): CodeIgniter\CodeIgniter->createController()
 6 SYSTEMPATH/CodeIgniter.php(370): CodeIgniter\CodeIgniter->display404errors(Object(CodeIgniter\Exceptions\PageNotFoundException))
 7 FCPATH/index.php(79): CodeIgniter\CodeIgniter->run()
CRITICAL - 2024-05-08 10:59:46 --> ErrorException: Attempt to read property "saveData" on null
in APPPATH/Libraries/OwensView.php on line 43.
 1 APPPATH/Libraries/OwensView.php(43): CodeIgniter\Debug\Exceptions->errorHandler()
 2 APPPATH/Libraries/OwensView.php(336): App\Libraries\OwensView->view()
 3 ROOTPATH/modules/core/Controllers/Errors.php(19): App\Libraries\OwensView->loadLayoutView()
 4 SYSTEMPATH/CodeIgniter.php(943): Module\core\Controllers\Errors->show404()
 5 SYSTEMPATH/CodeIgniter.php(972): CodeIgniter\CodeIgniter->runController()
 6 SYSTEMPATH/CodeIgniter.php(370): CodeIgniter\CodeIgniter->display404errors()
 7 FCPATH/index.php(79): CodeIgniter\CodeIgniter->run()
INFO - 2024-05-08 10:59:47 --> Session: Class initialized using 'CodeIgniter\Session\Handlers\FileHandler' driver.
WARNING - 2024-05-08 10:59:47 --> [DEPRECATED] Creation of dynamic property App\Libraries\OwensView::$session is deprecated in APPPATH/Libraries/OwensView.php on line 36.
 1 ROOTPATH/modules/core/Controllers/CoreController.php(48): App\Libraries\OwensView->__construct(Object(Config\View))
 2 ROOTPATH/modules/core/Controllers/CoreController.php(28): Module\core\Controllers\CoreController->loadLibrary()
 3 ROOTPATH/modules/core/Controllers/Errors.php(10): Module\core\Controllers\CoreController->__construct()
 4 SYSTEMPATH/CodeIgniter.php(915): Module\core\Controllers\Errors->__construct()
 5 SYSTEMPATH/CodeIgniter.php(971): CodeIgniter\CodeIgniter->createController()
 6 SYSTEMPATH/CodeIgniter.php(370): CodeIgniter\CodeIgniter->display404errors(Object(CodeIgniter\Exceptions\PageNotFoundException))
 7 FCPATH/index.php(79): CodeIgniter\CodeIgniter->run()
CRITICAL - 2024-05-08 10:59:47 --> ErrorException: Attempt to read property "saveData" on null
in APPPATH/Libraries/OwensView.php on line 43.
 1 APPPATH/Libraries/OwensView.php(43): CodeIgniter\Debug\Exceptions->errorHandler()
 2 APPPATH/Libraries/OwensView.php(336): App\Libraries\OwensView->view()
 3 ROOTPATH/modules/core/Controllers/Errors.php(19): App\Libraries\OwensView->loadLayoutView()
 4 SYSTEMPATH/CodeIgniter.php(943): Module\core\Controllers\Errors->show404()
 5 SYSTEMPATH/CodeIgniter.php(972): CodeIgniter\CodeIgniter->runController()
 6 SYSTEMPATH/CodeIgniter.php(370): CodeIgniter\CodeIgniter->display404errors()
 7 FCPATH/index.php(79): CodeIgniter\CodeIgniter->run()
INFO - 2024-05-08 10:59:49 --> Session: Class initialized using 'CodeIgniter\Session\Handlers\FileHandler' driver.
WARNING - 2024-05-08 10:59:49 --> [DEPRECATED] Creation of dynamic property App\Libraries\OwensView::$session is deprecated in APPPATH/Libraries/OwensView.php on line 36.
 1 ROOTPATH/modules/core/Controllers/CoreController.php(48): App\Libraries\OwensView->__construct(Object(Config\View))
 2 ROOTPATH/modules/core/Controllers/CoreController.php(28): Module\core\Controllers\CoreController->loadLibrary()
 3 ROOTPATH/modules/core/Controllers/Errors.php(10): Module\core\Controllers\CoreController->__construct()
 4 SYSTEMPATH/CodeIgniter.php(915): Module\core\Controllers\Errors->__construct()
 5 SYSTEMPATH/CodeIgniter.php(971): CodeIgniter\CodeIgniter->createController()
 6 SYSTEMPATH/CodeIgniter.php(370): CodeIgniter\CodeIgniter->display404errors(Object(CodeIgniter\Exceptions\PageNotFoundException))
 7 FCPATH/index.php(79): CodeIgniter\CodeIgniter->run()
CRITICAL - 2024-05-08 10:59:49 --> ErrorException: Attempt to read property "saveData" on null
in APPPATH/Libraries/OwensView.php on line 43.
 1 APPPATH/Libraries/OwensView.php(43): CodeIgniter\Debug\Exceptions->errorHandler()
 2 APPPATH/Libraries/OwensView.php(336): App\Libraries\OwensView->view()
 3 ROOTPATH/modules/core/Controllers/Errors.php(19): App\Libraries\OwensView->loadLayoutView()
 4 SYSTEMPATH/CodeIgniter.php(943): Module\core\Controllers\Errors->show404()
 5 SYSTEMPATH/CodeIgniter.php(972): CodeIgniter\CodeIgniter->runController()
 6 SYSTEMPATH/CodeIgniter.php(370): CodeIgniter\CodeIgniter->display404errors()
 7 FCPATH/index.php(79): CodeIgniter\CodeIgniter->run()
INFO - 2024-05-08 10:59:49 --> Session: Class initialized using 'CodeIgniter\Session\Handlers\FileHandler' driver.
WARNING - 2024-05-08 10:59:49 --> [DEPRECATED] Creation of dynamic property App\Libraries\OwensView::$session is deprecated in APPPATH/Libraries/OwensView.php on line 36.
 1 ROOTPATH/modules/core/Controllers/CoreController.php(48): App\Libraries\OwensView->__construct(Object(Config\View))
 2 ROOTPATH/modules/core/Controllers/CoreController.php(28): Module\core\Controllers\CoreController->loadLibrary()
 3 ROOTPATH/modules/core/Controllers/Errors.php(10): Module\core\Controllers\CoreController->__construct()
 4 SYSTEMPATH/CodeIgniter.php(915): Module\core\Controllers\Errors->__construct()
 5 SYSTEMPATH/CodeIgniter.php(971): CodeIgniter\CodeIgniter->createController()
 6 SYSTEMPATH/CodeIgniter.php(370): CodeIgniter\CodeIgniter->display404errors(Object(CodeIgniter\Exceptions\PageNotFoundException))
 7 FCPATH/index.php(79): CodeIgniter\CodeIgniter->run()
CRITICAL - 2024-05-08 10:59:49 --> ErrorException: Attempt to read property "saveData" on null
in APPPATH/Libraries/OwensView.php on line 43.
 1 APPPATH/Libraries/OwensView.php(43): CodeIgniter\Debug\Exceptions->errorHandler()
 2 APPPATH/Libraries/OwensView.php(336): App\Libraries\OwensView->view()
 3 ROOTPATH/modules/core/Controllers/Errors.php(19): App\Libraries\OwensView->loadLayoutView()
 4 SYSTEMPATH/CodeIgniter.php(943): Module\core\Controllers\Errors->show404()
 5 SYSTEMPATH/CodeIgniter.php(972): CodeIgniter\CodeIgniter->runController()
 6 SYSTEMPATH/CodeIgniter.php(370): CodeIgniter\CodeIgniter->display404errors()
 7 FCPATH/index.php(79): CodeIgniter\CodeIgniter->run()
INFO - 2024-05-08 10:59:50 --> Session: Class initialized using 'CodeIgniter\Session\Handlers\FileHandler' driver.
WARNING - 2024-05-08 10:59:50 --> [DEPRECATED] Creation of dynamic property App\Libraries\OwensView::$session is deprecated in APPPATH/Libraries/OwensView.php on line 36.
 1 ROOTPATH/modules/core/Controllers/CoreController.php(48): App\Libraries\OwensView->__construct(Object(Config\View))
 2 ROOTPATH/modules/core/Controllers/CoreController.php(28): Module\core\Controllers\CoreController->loadLibrary()
 3 ROOTPATH/modules/core/Controllers/Errors.php(10): Module\core\Controllers\CoreController->__construct()
 4 SYSTEMPATH/CodeIgniter.php(915): Module\core\Controllers\Errors->__construct()
 5 SYSTEMPATH/CodeIgniter.php(971): CodeIgniter\CodeIgniter->createController()
 6 SYSTEMPATH/CodeIgniter.php(370): CodeIgniter\CodeIgniter->display404errors(Object(CodeIgniter\Exceptions\PageNotFoundException))
 7 FCPATH/index.php(79): CodeIgniter\CodeIgniter->run()
CRITICAL - 2024-05-08 10:59:50 --> ErrorException: Attempt to read property "saveData" on null
in APPPATH/Libraries/OwensView.php on line 43.
 1 APPPATH/Libraries/OwensView.php(43): CodeIgniter\Debug\Exceptions->errorHandler()
 2 APPPATH/Libraries/OwensView.php(336): App\Libraries\OwensView->view()
 3 ROOTPATH/modules/core/Controllers/Errors.php(19): App\Libraries\OwensView->loadLayoutView()
 4 SYSTEMPATH/CodeIgniter.php(943): Module\core\Controllers\Errors->show404()
 5 SYSTEMPATH/CodeIgniter.php(972): CodeIgniter\CodeIgniter->runController()
 6 SYSTEMPATH/CodeIgniter.php(370): CodeIgniter\CodeIgniter->display404errors()
 7 FCPATH/index.php(79): CodeIgniter\CodeIgniter->run()
INFO - 2024-05-08 10:59:52 --> Session: Class initialized using 'CodeIgniter\Session\Handlers\FileHandler' driver.
WARNING - 2024-05-08 10:59:52 --> [DEPRECATED] Creation of dynamic property App\Libraries\OwensView::$session is deprecated in APPPATH/Libraries/OwensView.php on line 36.
 1 ROOTPATH/modules/core/Controllers/CoreController.php(48): App\Libraries\OwensView->__construct(Object(Config\View))
 2 ROOTPATH/modules/core/Controllers/CoreController.php(28): Module\core\Controllers\CoreController->loadLibrary()
 3 ROOTPATH/modules/core/Controllers/Errors.php(10): Module\core\Controllers\CoreController->__construct()
 4 SYSTEMPATH/CodeIgniter.php(915): Module\core\Controllers\Errors->__construct()
 5 SYSTEMPATH/CodeIgniter.php(971): CodeIgniter\CodeIgniter->createController()
 6 SYSTEMPATH/CodeIgniter.php(370): CodeIgniter\CodeIgniter->display404errors(Object(CodeIgniter\Exceptions\PageNotFoundException))
 7 FCPATH/index.php(79): CodeIgniter\CodeIgniter->run()
CRITICAL - 2024-05-08 10:59:52 --> ErrorException: Attempt to read property "saveData" on null
in APPPATH/Libraries/OwensView.php on line 43.
 1 APPPATH/Libraries/OwensView.php(43): CodeIgniter\Debug\Exceptions->errorHandler()
 2 APPPATH/Libraries/OwensView.php(336): App\Libraries\OwensView->view()
 3 ROOTPATH/modules/core/Controllers/Errors.php(19): App\Libraries\OwensView->loadLayoutView()
 4 SYSTEMPATH/CodeIgniter.php(943): Module\core\Controllers\Errors->show404()
 5 SYSTEMPATH/CodeIgniter.php(972): CodeIgniter\CodeIgniter->runController()
 6 SYSTEMPATH/CodeIgniter.php(370): CodeIgniter\CodeIgniter->display404errors()
 7 FCPATH/index.php(79): CodeIgniter\CodeIgniter->run()
INFO - 2024-05-08 10:59:53 --> Session: Class initialized using 'CodeIgniter\Session\Handlers\FileHandler' driver.
WARNING - 2024-05-08 10:59:53 --> [DEPRECATED] Creation of dynamic property App\Libraries\OwensView::$session is deprecated in APPPATH/Libraries/OwensView.php on line 36.
 1 ROOTPATH/modules/core/Controllers/CoreController.php(48): App\Libraries\OwensView->__construct(Object(Config\View))
 2 ROOTPATH/modules/core/Controllers/CoreController.php(28): Module\core\Controllers\CoreController->loadLibrary()
 3 ROOTPATH/modules/core/Controllers/Errors.php(10): Module\core\Controllers\CoreController->__construct()
 4 SYSTEMPATH/CodeIgniter.php(915): Module\core\Controllers\Errors->__construct()
 5 SYSTEMPATH/CodeIgniter.php(971): CodeIgniter\CodeIgniter->createController()
 6 SYSTEMPATH/CodeIgniter.php(370): CodeIgniter\CodeIgniter->display404errors(Object(CodeIgniter\Exceptions\PageNotFoundException))
 7 FCPATH/index.php(79): CodeIgniter\CodeIgniter->run()
CRITICAL - 2024-05-08 10:59:53 --> ErrorException: Attempt to read property "saveData" on null
in APPPATH/Libraries/OwensView.php on line 43.
 1 APPPATH/Libraries/OwensView.php(43): CodeIgniter\Debug\Exceptions->errorHandler()
 2 APPPATH/Libraries/OwensView.php(336): App\Libraries\OwensView->view()
 3 ROOTPATH/modules/core/Controllers/Errors.php(19): App\Libraries\OwensView->loadLayoutView()
 4 SYSTEMPATH/CodeIgniter.php(943): Module\core\Controllers\Errors->show404()
 5 SYSTEMPATH/CodeIgniter.php(972): CodeIgniter\CodeIgniter->runController()
 6 SYSTEMPATH/CodeIgniter.php(370): CodeIgniter\CodeIgniter->display404errors()
 7 FCPATH/index.php(79): CodeIgniter\CodeIgniter->run()
INFO - 2024-05-08 10:59:54 --> Session: Class initialized using 'CodeIgniter\Session\Handlers\FileHandler' driver.
WARNING - 2024-05-08 10:59:54 --> [DEPRECATED] Creation of dynamic property App\Libraries\OwensView::$session is deprecated in APPPATH/Libraries/OwensView.php on line 36.
 1 ROOTPATH/modules/core/Controllers/CoreController.php(48): App\Libraries\OwensView->__construct(Object(Config\View))
 2 ROOTPATH/modules/core/Controllers/CoreController.php(28): Module\core\Controllers\CoreController->loadLibrary()
 3 ROOTPATH/modules/core/Controllers/Errors.php(10): Module\core\Controllers\CoreController->__construct()
 4 SYSTEMPATH/CodeIgniter.php(915): Module\core\Controllers\Errors->__construct()
 5 SYSTEMPATH/CodeIgniter.php(971): CodeIgniter\CodeIgniter->createController()
 6 SYSTEMPATH/CodeIgniter.php(370): CodeIgniter\CodeIgniter->display404errors(Object(CodeIgniter\Exceptions\PageNotFoundException))
 7 FCPATH/index.php(79): CodeIgniter\CodeIgniter->run()
CRITICAL - 2024-05-08 10:59:54 --> ErrorException: Attempt to read property "saveData" on null
in APPPATH/Libraries/OwensView.php on line 43.
 1 APPPATH/Libraries/OwensView.php(43): CodeIgniter\Debug\Exceptions->errorHandler()
 2 APPPATH/Libraries/OwensView.php(336): App\Libraries\OwensView->view()
 3 ROOTPATH/modules/core/Controllers/Errors.php(19): App\Libraries\OwensView->loadLayoutView()
 4 SYSTEMPATH/CodeIgniter.php(943): Module\core\Controllers\Errors->show404()
 5 SYSTEMPATH/CodeIgniter.php(972): CodeIgniter\CodeIgniter->runController()
 6 SYSTEMPATH/CodeIgniter.php(370): CodeIgniter\CodeIgniter->display404errors()
 7 FCPATH/index.php(79): CodeIgniter\CodeIgniter->run()
INFO - 2024-05-08 10:59:56 --> Session: Class initialized using 'CodeIgniter\Session\Handlers\FileHandler' driver.
WARNING - 2024-05-08 10:59:56 --> [DEPRECATED] Creation of dynamic property App\Libraries\OwensView::$session is deprecated in APPPATH/Libraries/OwensView.php on line 36.
 1 ROOTPATH/modules/core/Controllers/CoreController.php(48): App\Libraries\OwensView->__construct(Object(Config\View))
 2 ROOTPATH/modules/core/Controllers/CoreController.php(28): Module\core\Controllers\CoreController->loadLibrary()
 3 ROOTPATH/modules/core/Controllers/Errors.php(10): Module\core\Controllers\CoreController->__construct()
 4 SYSTEMPATH/CodeIgniter.php(915): Module\core\Controllers\Errors->__construct()
 5 SYSTEMPATH/CodeIgniter.php(971): CodeIgniter\CodeIgniter->createController()
 6 SYSTEMPATH/CodeIgniter.php(370): CodeIgniter\CodeIgniter->display404errors(Object(CodeIgniter\Exceptions\PageNotFoundException))
 7 FCPATH/index.php(79): CodeIgniter\CodeIgniter->run()
CRITICAL - 2024-05-08 10:59:56 --> ErrorException: Attempt to read property "saveData" on null
in APPPATH/Libraries/OwensView.php on line 43.
 1 APPPATH/Libraries/OwensView.php(43): CodeIgniter\Debug\Exceptions->errorHandler()
 2 APPPATH/Libraries/OwensView.php(336): App\Libraries\OwensView->view()
 3 ROOTPATH/modules/core/Controllers/Errors.php(19): App\Libraries\OwensView->loadLayoutView()
 4 SYSTEMPATH/CodeIgniter.php(943): Module\core\Controllers\Errors->show404()
 5 SYSTEMPATH/CodeIgniter.php(972): CodeIgniter\CodeIgniter->runController()
 6 SYSTEMPATH/CodeIgniter.php(370): CodeIgniter\CodeIgniter->display404errors()
 7 FCPATH/index.php(79): CodeIgniter\CodeIgniter->run()
INFO - 2024-05-08 10:59:56 --> Session: Class initialized using 'CodeIgniter\Session\Handlers\FileHandler' driver.
WARNING - 2024-05-08 10:59:56 --> [DEPRECATED] Creation of dynamic property App\Libraries\OwensView::$session is deprecated in APPPATH/Libraries/OwensView.php on line 36.
 1 ROOTPATH/modules/core/Controllers/CoreController.php(48): App\Libraries\OwensView->__construct(Object(Config\View))
 2 ROOTPATH/modules/core/Controllers/CoreController.php(28): Module\core\Controllers\CoreController->loadLibrary()
 3 ROOTPATH/modules/core/Controllers/Errors.php(10): Module\core\Controllers\CoreController->__construct()
 4 SYSTEMPATH/CodeIgniter.php(915): Module\core\Controllers\Errors->__construct()
 5 SYSTEMPATH/CodeIgniter.php(971): CodeIgniter\CodeIgniter->createController()
 6 SYSTEMPATH/CodeIgniter.php(370): CodeIgniter\CodeIgniter->display404errors(Object(CodeIgniter\Exceptions\PageNotFoundException))
 7 FCPATH/index.php(79): CodeIgniter\CodeIgniter->run()
CRITICAL - 2024-05-08 10:59:56 --> ErrorException: Attempt to read property "saveData" on null
in APPPATH/Libraries/OwensView.php on line 43.
 1 APPPATH/Libraries/OwensView.php(43): CodeIgniter\Debug\Exceptions->errorHandler()
 2 APPPATH/Libraries/OwensView.php(336): App\Libraries\OwensView->view()
 3 ROOTPATH/modules/core/Controllers/Errors.php(19): App\Libraries\OwensView->loadLayoutView()
 4 SYSTEMPATH/CodeIgniter.php(943): Module\core\Controllers\Errors->show404()
 5 SYSTEMPATH/CodeIgniter.php(972): CodeIgniter\CodeIgniter->runController()
 6 SYSTEMPATH/CodeIgniter.php(370): CodeIgniter\CodeIgniter->display404errors()
 7 FCPATH/index.php(79): CodeIgniter\CodeIgniter->run()
INFO - 2024-05-08 10:59:57 --> Session: Class initialized using 'CodeIgniter\Session\Handlers\FileHandler' driver.
WARNING - 2024-05-08 10:59:57 --> [DEPRECATED] Creation of dynamic property App\Libraries\OwensView::$session is deprecated in APPPATH/Libraries/OwensView.php on line 36.
 1 ROOTPATH/modules/core/Controllers/CoreController.php(48): App\Libraries\OwensView->__construct(Object(Config\View))
 2 ROOTPATH/modules/core/Controllers/CoreController.php(28): Module\core\Controllers\CoreController->loadLibrary()
 3 ROOTPATH/modules/core/Controllers/Errors.php(10): Module\core\Controllers\CoreController->__construct()
 4 SYSTEMPATH/CodeIgniter.php(915): Module\core\Controllers\Errors->__construct()
 5 SYSTEMPATH/CodeIgniter.php(971): CodeIgniter\CodeIgniter->createController()
 6 SYSTEMPATH/CodeIgniter.php(370): CodeIgniter\CodeIgniter->display404errors(Object(CodeIgniter\Exceptions\PageNotFoundException))
 7 FCPATH/index.php(79): CodeIgniter\CodeIgniter->run()
CRITICAL - 2024-05-08 10:59:57 --> ErrorException: Attempt to read property "saveData" on null
in APPPATH/Libraries/OwensView.php on line 43.
 1 APPPATH/Libraries/OwensView.php(43): CodeIgniter\Debug\Exceptions->errorHandler()
 2 APPPATH/Libraries/OwensView.php(336): App\Libraries\OwensView->view()
 3 ROOTPATH/modules/core/Controllers/Errors.php(19): App\Libraries\OwensView->loadLayoutView()
 4 SYSTEMPATH/CodeIgniter.php(943): Module\core\Controllers\Errors->show404()
 5 SYSTEMPATH/CodeIgniter.php(972): CodeIgniter\CodeIgniter->runController()
 6 SYSTEMPATH/CodeIgniter.php(370): CodeIgniter\CodeIgniter->display404errors()
 7 FCPATH/index.php(79): CodeIgniter\CodeIgniter->run()
INFO - 2024-05-08 11:00:00 --> Session: Class initialized using 'CodeIgniter\Session\Handlers\FileHandler' driver.
WARNING - 2024-05-08 11:00:00 --> [DEPRECATED] Creation of dynamic property App\Libraries\OwensView::$session is deprecated in APPPATH/Libraries/OwensView.php on line 36.
 1 ROOTPATH/modules/core/Controllers/CoreController.php(48): App\Libraries\OwensView->__construct(Object(Config\View))
 2 ROOTPATH/modules/core/Controllers/CoreController.php(28): Module\core\Controllers\CoreController->loadLibrary()
 3 ROOTPATH/modules/core/Controllers/Errors.php(10): Module\core\Controllers\CoreController->__construct()
 4 SYSTEMPATH/CodeIgniter.php(915): Module\core\Controllers\Errors->__construct()
 5 SYSTEMPATH/CodeIgniter.php(971): CodeIgniter\CodeIgniter->createController()
 6 SYSTEMPATH/CodeIgniter.php(370): CodeIgniter\CodeIgniter->display404errors(Object(CodeIgniter\Exceptions\PageNotFoundException))
 7 FCPATH/index.php(79): CodeIgniter\CodeIgniter->run()
CRITICAL - 2024-05-08 11:00:00 --> ErrorException: Attempt to read property "saveData" on null
in APPPATH/Libraries/OwensView.php on line 43.
 1 APPPATH/Libraries/OwensView.php(43): CodeIgniter\Debug\Exceptions->errorHandler()
 2 APPPATH/Libraries/OwensView.php(336): App\Libraries\OwensView->view()
 3 ROOTPATH/modules/core/Controllers/Errors.php(19): App\Libraries\OwensView->loadLayoutView()
 4 SYSTEMPATH/CodeIgniter.php(943): Module\core\Controllers\Errors->show404()
 5 SYSTEMPATH/CodeIgniter.php(972): CodeIgniter\CodeIgniter->runController()
 6 SYSTEMPATH/CodeIgniter.php(370): CodeIgniter\CodeIgniter->display404errors()
 7 FCPATH/index.php(79): CodeIgniter\CodeIgniter->run()
INFO - 2024-05-08 11:00:01 --> Session: Class initialized using 'CodeIgniter\Session\Handlers\FileHandler' driver.
WARNING - 2024-05-08 11:00:01 --> [DEPRECATED] Creation of dynamic property App\Libraries\OwensView::$session is deprecated in APPPATH/Libraries/OwensView.php on line 36.
 1 ROOTPATH/modules/core/Controllers/CoreController.php(48): App\Libraries\OwensView->__construct(Object(Config\View))
 2 ROOTPATH/modules/core/Controllers/CoreController.php(28): Module\core\Controllers\CoreController->loadLibrary()
 3 ROOTPATH/modules/core/Controllers/Errors.php(10): Module\core\Controllers\CoreController->__construct()
 4 SYSTEMPATH/CodeIgniter.php(915): Module\core\Controllers\Errors->__construct()
 5 SYSTEMPATH/CodeIgniter.php(971): CodeIgniter\CodeIgniter->createController()
 6 SYSTEMPATH/CodeIgniter.php(370): CodeIgniter\CodeIgniter->display404errors(Object(CodeIgniter\Exceptions\PageNotFoundException))
 7 FCPATH/index.php(79): CodeIgniter\CodeIgniter->run()
CRITICAL - 2024-05-08 11:00:01 --> ErrorException: Attempt to read property "saveData" on null
in APPPATH/Libraries/OwensView.php on line 43.
 1 APPPATH/Libraries/OwensView.php(43): CodeIgniter\Debug\Exceptions->errorHandler()
 2 APPPATH/Libraries/OwensView.php(336): App\Libraries\OwensView->view()
 3 ROOTPATH/modules/core/Controllers/Errors.php(19): App\Libraries\OwensView->loadLayoutView()
 4 SYSTEMPATH/CodeIgniter.php(943): Module\core\Controllers\Errors->show404()
 5 SYSTEMPATH/CodeIgniter.php(972): CodeIgniter\CodeIgniter->runController()
 6 SYSTEMPATH/CodeIgniter.php(370): CodeIgniter\CodeIgniter->display404errors()
 7 FCPATH/index.php(79): CodeIgniter\CodeIgniter->run()
INFO - 2024-05-08 11:00:02 --> Session: Class initialized using 'CodeIgniter\Session\Handlers\FileHandler' driver.
WARNING - 2024-05-08 11:00:02 --> [DEPRECATED] Creation of dynamic property App\Libraries\OwensView::$session is deprecated in APPPATH/Libraries/OwensView.php on line 36.
 1 ROOTPATH/modules/core/Controllers/CoreController.php(48): App\Libraries\OwensView->__construct(Object(Config\View))
 2 ROOTPATH/modules/core/Controllers/CoreController.php(28): Module\core\Controllers\CoreController->loadLibrary()
 3 ROOTPATH/modules/core/Controllers/Errors.php(10): Module\core\Controllers\CoreController->__construct()
 4 SYSTEMPATH/CodeIgniter.php(915): Module\core\Controllers\Errors->__construct()
 5 SYSTEMPATH/CodeIgniter.php(971): CodeIgniter\CodeIgniter->createController()
 6 SYSTEMPATH/CodeIgniter.php(370): CodeIgniter\CodeIgniter->display404errors(Object(CodeIgniter\Exceptions\PageNotFoundException))
 7 FCPATH/index.php(79): CodeIgniter\CodeIgniter->run()
CRITICAL - 2024-05-08 11:00:02 --> ErrorException: Attempt to read property "saveData" on null
in APPPATH/Libraries/OwensView.php on line 43.
 1 APPPATH/Libraries/OwensView.php(43): CodeIgniter\Debug\Exceptions->errorHandler()
 2 APPPATH/Libraries/OwensView.php(336): App\Libraries\OwensView->view()
 3 ROOTPATH/modules/core/Controllers/Errors.php(19): App\Libraries\OwensView->loadLayoutView()
 4 SYSTEMPATH/CodeIgniter.php(943): Module\core\Controllers\Errors->show404()
 5 SYSTEMPATH/CodeIgniter.php(972): CodeIgniter\CodeIgniter->runController()
 6 SYSTEMPATH/CodeIgniter.php(370): CodeIgniter\CodeIgniter->display404errors()
 7 FCPATH/index.php(79): CodeIgniter\CodeIgniter->run()
INFO - 2024-05-08 11:00:02 --> Session: Class initialized using 'CodeIgniter\Session\Handlers\FileHandler' driver.
WARNING - 2024-05-08 11:00:02 --> [DEPRECATED] Creation of dynamic property App\Libraries\OwensView::$session is deprecated in APPPATH/Libraries/OwensView.php on line 36.
 1 ROOTPATH/modules/core/Controllers/CoreController.php(48): App\Libraries\OwensView->__construct(Object(Config\View))
 2 ROOTPATH/modules/core/Controllers/CoreController.php(28): Module\core\Controllers\CoreController->loadLibrary()
 3 ROOTPATH/modules/core/Controllers/Errors.php(10): Module\core\Controllers\CoreController->__construct()
 4 SYSTEMPATH/CodeIgniter.php(915): Module\core\Controllers\Errors->__construct()
 5 SYSTEMPATH/CodeIgniter.php(971): CodeIgniter\CodeIgniter->createController()
 6 SYSTEMPATH/CodeIgniter.php(370): CodeIgniter\CodeIgniter->display404errors(Object(CodeIgniter\Exceptions\PageNotFoundException))
 7 FCPATH/index.php(79): CodeIgniter\CodeIgniter->run()
CRITICAL - 2024-05-08 11:00:02 --> ErrorException: Attempt to read property "saveData" on null
in APPPATH/Libraries/OwensView.php on line 43.
 1 APPPATH/Libraries/OwensView.php(43): CodeIgniter\Debug\Exceptions->errorHandler()
 2 APPPATH/Libraries/OwensView.php(336): App\Libraries\OwensView->view()
 3 ROOTPATH/modules/core/Controllers/Errors.php(19): App\Libraries\OwensView->loadLayoutView()
 4 SYSTEMPATH/CodeIgniter.php(943): Module\core\Controllers\Errors->show404()
 5 SYSTEMPATH/CodeIgniter.php(972): CodeIgniter\CodeIgniter->runController()
 6 SYSTEMPATH/CodeIgniter.php(370): CodeIgniter\CodeIgniter->display404errors()
 7 FCPATH/index.php(79): CodeIgniter\CodeIgniter->run()
INFO - 2024-05-08 11:00:04 --> Session: Class initialized using 'CodeIgniter\Session\Handlers\FileHandler' driver.
WARNING - 2024-05-08 11:00:04 --> [DEPRECATED] Creation of dynamic property App\Libraries\OwensView::$session is deprecated in APPPATH/Libraries/OwensView.php on line 36.
 1 ROOTPATH/modules/core/Controllers/CoreController.php(48): App\Libraries\OwensView->__construct(Object(Config\View))
 2 ROOTPATH/modules/core/Controllers/CoreController.php(28): Module\core\Controllers\CoreController->loadLibrary()
 3 ROOTPATH/modules/core/Controllers/Errors.php(10): Module\core\Controllers\CoreController->__construct()
 4 SYSTEMPATH/CodeIgniter.php(915): Module\core\Controllers\Errors->__construct()
 5 SYSTEMPATH/CodeIgniter.php(971): CodeIgniter\CodeIgniter->createController()
 6 SYSTEMPATH/CodeIgniter.php(370): CodeIgniter\CodeIgniter->display404errors(Object(CodeIgniter\Exceptions\PageNotFoundException))
 7 FCPATH/index.php(79): CodeIgniter\CodeIgniter->run()
CRITICAL - 2024-05-08 11:00:04 --> ErrorException: Attempt to read property "saveData" on null
in APPPATH/Libraries/OwensView.php on line 43.
 1 APPPATH/Libraries/OwensView.php(43): CodeIgniter\Debug\Exceptions->errorHandler()
 2 APPPATH/Libraries/OwensView.php(336): App\Libraries\OwensView->view()
 3 ROOTPATH/modules/core/Controllers/Errors.php(19): App\Libraries\OwensView->loadLayoutView()
 4 SYSTEMPATH/CodeIgniter.php(943): Module\core\Controllers\Errors->show404()
 5 SYSTEMPATH/CodeIgniter.php(972): CodeIgniter\CodeIgniter->runController()
 6 SYSTEMPATH/CodeIgniter.php(370): CodeIgniter\CodeIgniter->display404errors()
 7 FCPATH/index.php(79): CodeIgniter\CodeIgniter->run()
CRITICAL - 2024-05-08 11:22:39 --> CodeIgniter\HTTP\Exceptions\BadRequestException: The URI you submitted has disallowed characters: ";stok="
in SYSTEMPATH/Router/Router.php on line 704.
 1 SYSTEMPATH/Router/Router.php(195): CodeIgniter\Router\Router->checkDisallowedChars()
 2 SYSTEMPATH/CodeIgniter.php(825): CodeIgniter\Router\Router->handle()
 3 SYSTEMPATH/CodeIgniter.php(450): CodeIgniter\CodeIgniter->tryToRouteIt()
 4 SYSTEMPATH/CodeIgniter.php(361): CodeIgniter\CodeIgniter->handleRequest()
 5 FCPATH/index.php(79): CodeIgniter\CodeIgniter->run()
CRITICAL - 2024-05-08 11:22:39 --> CodeIgniter\HTTP\Exceptions\BadRequestException: The URI you submitted has disallowed characters: ";stok="
in SYSTEMPATH/Router/Router.php on line 704.
 1 SYSTEMPATH/Router/Router.php(195): CodeIgniter\Router\Router->checkDisallowedChars()
 2 SYSTEMPATH/CodeIgniter.php(825): CodeIgniter\Router\Router->handle()
 3 SYSTEMPATH/CodeIgniter.php(450): CodeIgniter\CodeIgniter->tryToRouteIt()
 4 SYSTEMPATH/CodeIgniter.php(361): CodeIgniter\CodeIgniter->handleRequest()
 5 FCPATH/index.php(79): CodeIgniter\CodeIgniter->run()
CRITICAL - 2024-05-08 12:55:09 --> CodeIgniter\HTTP\Exceptions\BadRequestException: The URI you submitted has disallowed characters: ";stok="
in SYSTEMPATH/Router/Router.php on line 704.
 1 SYSTEMPATH/Router/Router.php(195): CodeIgniter\Router\Router->checkDisallowedChars()
 2 SYSTEMPATH/CodeIgniter.php(825): CodeIgniter\Router\Router->handle()
 3 SYSTEMPATH/CodeIgniter.php(450): CodeIgniter\CodeIgniter->tryToRouteIt()
 4 SYSTEMPATH/CodeIgniter.php(361): CodeIgniter\CodeIgniter->handleRequest()
 5 FCPATH/index.php(79): CodeIgniter\CodeIgniter->run()
INFO - 2024-05-08 13:35:44 --> Session: Class initialized using 'CodeIgniter\Session\Handlers\FileHandler' driver.
WARNING - 2024-05-08 13:35:44 --> [DEPRECATED] Creation of dynamic property App\Libraries\OwensView::$session is deprecated in APPPATH/Libraries/OwensView.php on line 36.
 1 ROOTPATH/modules/core/Controllers/CoreController.php(48): App\Libraries\OwensView->__construct(Object(Config\View))
 2 ROOTPATH/modules/core/Controllers/CoreController.php(28): Module\core\Controllers\CoreController->loadLibrary()
 3 ROOTPATH/modules/core/Controllers/Errors.php(10): Module\core\Controllers\CoreController->__construct()
 4 SYSTEMPATH/CodeIgniter.php(915): Module\core\Controllers\Errors->__construct()
 5 SYSTEMPATH/CodeIgniter.php(971): CodeIgniter\CodeIgniter->createController()
 6 SYSTEMPATH/CodeIgniter.php(370): CodeIgniter\CodeIgniter->display404errors(Object(CodeIgniter\Exceptions\PageNotFoundException))
 7 FCPATH/index.php(79): CodeIgniter\CodeIgniter->run()
CRITICAL - 2024-05-08 13:35:44 --> ErrorException: Attempt to read property "saveData" on null
in APPPATH/Libraries/OwensView.php on line 43.
 1 APPPATH/Libraries/OwensView.php(43): CodeIgniter\Debug\Exceptions->errorHandler()
 2 APPPATH/Libraries/OwensView.php(336): App\Libraries\OwensView->view()
 3 ROOTPATH/modules/core/Controllers/Errors.php(19): App\Libraries\OwensView->loadLayoutView()
 4 SYSTEMPATH/CodeIgniter.php(943): Module\core\Controllers\Errors->show404()
 5 SYSTEMPATH/CodeIgniter.php(972): CodeIgniter\CodeIgniter->runController()
 6 SYSTEMPATH/CodeIgniter.php(370): CodeIgniter\CodeIgniter->display404errors()
 7 FCPATH/index.php(79): CodeIgniter\CodeIgniter->run()
INFO - 2024-05-08 14:46:21 --> Session: Class initialized using 'CodeIgniter\Session\Handlers\FileHandler' driver.
WARNING - 2024-05-08 14:46:21 --> [DEPRECATED] Creation of dynamic property App\Libraries\OwensView::$session is deprecated in APPPATH/Libraries/OwensView.php on line 36.
 1 ROOTPATH/modules/core/Controllers/CoreController.php(48): App\Libraries\OwensView->__construct(Object(Config\View))
 2 ROOTPATH/modules/core/Controllers/CoreController.php(28): Module\core\Controllers\CoreController->loadLibrary()
 3 ROOTPATH/modules/core/Controllers/Errors.php(10): Module\core\Controllers\CoreController->__construct()
 4 SYSTEMPATH/CodeIgniter.php(915): Module\core\Controllers\Errors->__construct()
 5 SYSTEMPATH/CodeIgniter.php(971): CodeIgniter\CodeIgniter->createController()
 6 SYSTEMPATH/CodeIgniter.php(370): CodeIgniter\CodeIgniter->display404errors(Object(CodeIgniter\Exceptions\PageNotFoundException))
 7 FCPATH/index.php(79): CodeIgniter\CodeIgniter->run()
CRITICAL - 2024-05-08 14:46:21 --> ErrorException: Attempt to read property "saveData" on null
in APPPATH/Libraries/OwensView.php on line 43.
 1 APPPATH/Libraries/OwensView.php(43): CodeIgniter\Debug\Exceptions->errorHandler()
 2 APPPATH/Libraries/OwensView.php(336): App\Libraries\OwensView->view()
 3 ROOTPATH/modules/core/Controllers/Errors.php(19): App\Libraries\OwensView->loadLayoutView()
 4 SYSTEMPATH/CodeIgniter.php(943): Module\core\Controllers\Errors->show404()
 5 SYSTEMPATH/CodeIgniter.php(972): CodeIgniter\CodeIgniter->runController()
 6 SYSTEMPATH/CodeIgniter.php(370): CodeIgniter\CodeIgniter->display404errors()
 7 FCPATH/index.php(79): CodeIgniter\CodeIgniter->run()
CRITICAL - 2024-05-08 15:22:51 --> CodeIgniter\HTTP\Exceptions\BadRequestException: The URI you submitted has disallowed characters: ";stok="
in SYSTEMPATH/Router/Router.php on line 704.
 1 SYSTEMPATH/Router/Router.php(195): CodeIgniter\Router\Router->checkDisallowedChars()
 2 SYSTEMPATH/CodeIgniter.php(825): CodeIgniter\Router\Router->handle()
 3 SYSTEMPATH/CodeIgniter.php(450): CodeIgniter\CodeIgniter->tryToRouteIt()
 4 SYSTEMPATH/CodeIgniter.php(361): CodeIgniter\CodeIgniter->handleRequest()
 5 FCPATH/index.php(79): CodeIgniter\CodeIgniter->run()
INFO - 2024-05-08 15:51:41 --> Session: Class initialized using 'CodeIgniter\Session\Handlers\FileHandler' driver.
WARNING - 2024-05-08 15:51:41 --> [DEPRECATED] Creation of dynamic property App\Libraries\OwensView::$session is deprecated in APPPATH/Libraries/OwensView.php on line 36.
 1 ROOTPATH/modules/core/Controllers/CoreController.php(48): App\Libraries\OwensView->__construct(Object(Config\View))
 2 ROOTPATH/modules/core/Controllers/CoreController.php(28): Module\core\Controllers\CoreController->loadLibrary()
 3 ROOTPATH/modules/core/Controllers/Errors.php(10): Module\core\Controllers\CoreController->__construct()
 4 SYSTEMPATH/CodeIgniter.php(915): Module\core\Controllers\Errors->__construct()
 5 SYSTEMPATH/CodeIgniter.php(971): CodeIgniter\CodeIgniter->createController()
 6 SYSTEMPATH/CodeIgniter.php(370): CodeIgniter\CodeIgniter->display404errors(Object(CodeIgniter\Exceptions\PageNotFoundException))
 7 FCPATH/index.php(79): CodeIgniter\CodeIgniter->run()
CRITICAL - 2024-05-08 15:51:41 --> ErrorException: Attempt to read property "saveData" on null
in APPPATH/Libraries/OwensView.php on line 43.
 1 APPPATH/Libraries/OwensView.php(43): CodeIgniter\Debug\Exceptions->errorHandler()
 2 APPPATH/Libraries/OwensView.php(336): App\Libraries\OwensView->view()
 3 ROOTPATH/modules/core/Controllers/Errors.php(19): App\Libraries\OwensView->loadLayoutView()
 4 SYSTEMPATH/CodeIgniter.php(943): Module\core\Controllers\Errors->show404()
 5 SYSTEMPATH/CodeIgniter.php(972): CodeIgniter\CodeIgniter->runController()
 6 SYSTEMPATH/CodeIgniter.php(370): CodeIgniter\CodeIgniter->display404errors()
 7 FCPATH/index.php(79): CodeIgniter\CodeIgniter->run()
CRITICAL - 2024-05-08 16:12:00 --> CodeIgniter\HTTP\Exceptions\BadRequestException: The URI you submitted has disallowed characters: ";stok="
in SYSTEMPATH/Router/Router.php on line 704.
 1 SYSTEMPATH/Router/Router.php(195): CodeIgniter\Router\Router->checkDisallowedChars()
 2 SYSTEMPATH/CodeIgniter.php(825): CodeIgniter\Router\Router->handle()
 3 SYSTEMPATH/CodeIgniter.php(450): CodeIgniter\CodeIgniter->tryToRouteIt()
 4 SYSTEMPATH/CodeIgniter.php(361): CodeIgniter\CodeIgniter->handleRequest()
 5 FCPATH/index.php(79): CodeIgniter\CodeIgniter->run()
INFO - 2024-05-08 16:45:34 --> Session: Class initialized using 'CodeIgniter\Session\Handlers\FileHandler' driver.
WARNING - 2024-05-08 16:45:34 --> [DEPRECATED] Creation of dynamic property App\Libraries\OwensView::$session is deprecated in APPPATH/Libraries/OwensView.php on line 36.
 1 ROOTPATH/modules/core/Controllers/CoreController.php(48): App\Libraries\OwensView->__construct(Object(Config\View))
 2 ROOTPATH/modules/core/Controllers/CoreController.php(28): Module\core\Controllers\CoreController->loadLibrary()
 3 ROOTPATH/modules/core/Controllers/Errors.php(10): Module\core\Controllers\CoreController->__construct()
 4 SYSTEMPATH/CodeIgniter.php(915): Module\core\Controllers\Errors->__construct()
 5 SYSTEMPATH/CodeIgniter.php(971): CodeIgniter\CodeIgniter->createController()
 6 SYSTEMPATH/CodeIgniter.php(370): CodeIgniter\CodeIgniter->display404errors(Object(CodeIgniter\Exceptions\PageNotFoundException))
 7 FCPATH/index.php(79): CodeIgniter\CodeIgniter->run()
CRITICAL - 2024-05-08 16:45:34 --> ErrorException: Attempt to read property "saveData" on null
in APPPATH/Libraries/OwensView.php on line 43.
 1 APPPATH/Libraries/OwensView.php(43): CodeIgniter\Debug\Exceptions->errorHandler()
 2 APPPATH/Libraries/OwensView.php(336): App\Libraries\OwensView->view()
 3 ROOTPATH/modules/core/Controllers/Errors.php(19): App\Libraries\OwensView->loadLayoutView()
 4 SYSTEMPATH/CodeIgniter.php(943): Module\core\Controllers\Errors->show404()
 5 SYSTEMPATH/CodeIgniter.php(972): CodeIgniter\CodeIgniter->runController()
 6 SYSTEMPATH/CodeIgniter.php(370): CodeIgniter\CodeIgniter->display404errors()
 7 FCPATH/index.php(79): CodeIgniter\CodeIgniter->run()
INFO - 2024-05-08 17:19:22 --> Session: Class initialized using 'CodeIgniter\Session\Handlers\FileHandler' driver.
WARNING - 2024-05-08 17:19:22 --> [DEPRECATED] Creation of dynamic property App\Libraries\OwensView::$session is deprecated in APPPATH/Libraries/OwensView.php on line 36.
 1 ROOTPATH/modules/core/Controllers/CoreController.php(48): App\Libraries\OwensView->__construct(Object(Config\View))
 2 ROOTPATH/modules/core/Controllers/CoreController.php(28): Module\core\Controllers\CoreController->loadLibrary()
 3 ROOTPATH/modules/core/Controllers/Errors.php(10): Module\core\Controllers\CoreController->__construct()
 4 SYSTEMPATH/CodeIgniter.php(915): Module\core\Controllers\Errors->__construct()
 5 SYSTEMPATH/CodeIgniter.php(971): CodeIgniter\CodeIgniter->createController()
 6 SYSTEMPATH/CodeIgniter.php(370): CodeIgniter\CodeIgniter->display404errors(Object(CodeIgniter\Exceptions\PageNotFoundException))
 7 FCPATH/index.php(79): CodeIgniter\CodeIgniter->run()
CRITICAL - 2024-05-08 17:19:22 --> ErrorException: Attempt to read property "saveData" on null
in APPPATH/Libraries/OwensView.php on line 43.
 1 APPPATH/Libraries/OwensView.php(43): CodeIgniter\Debug\Exceptions->errorHandler()
 2 APPPATH/Libraries/OwensView.php(336): App\Libraries\OwensView->view()
 3 ROOTPATH/modules/core/Controllers/Errors.php(19): App\Libraries\OwensView->loadLayoutView()
 4 SYSTEMPATH/CodeIgniter.php(943): Module\core\Controllers\Errors->show404()
 5 SYSTEMPATH/CodeIgniter.php(972): CodeIgniter\CodeIgniter->runController()
 6 SYSTEMPATH/CodeIgniter.php(370): CodeIgniter\CodeIgniter->display404errors()
 7 FCPATH/index.php(79): CodeIgniter\CodeIgniter->run()
CRITICAL - 2024-05-08 18:02:53 --> CodeIgniter\HTTP\Exceptions\BadRequestException: The URI you submitted has disallowed characters: ";stok="
in SYSTEMPATH/Router/Router.php on line 704.
 1 SYSTEMPATH/Router/Router.php(195): CodeIgniter\Router\Router->checkDisallowedChars()
 2 SYSTEMPATH/CodeIgniter.php(825): CodeIgniter\Router\Router->handle()
 3 SYSTEMPATH/CodeIgniter.php(450): CodeIgniter\CodeIgniter->tryToRouteIt()
 4 SYSTEMPATH/CodeIgniter.php(361): CodeIgniter\CodeIgniter->handleRequest()
 5 FCPATH/index.php(79): CodeIgniter\CodeIgniter->run()
INFO - 2024-05-08 18:15:52 --> Session: Class initialized using 'CodeIgniter\Session\Handlers\FileHandler' driver.
WARNING - 2024-05-08 18:15:52 --> [DEPRECATED] Creation of dynamic property App\Libraries\OwensView::$session is deprecated in APPPATH/Libraries/OwensView.php on line 36.
 1 ROOTPATH/modules/core/Controllers/CoreController.php(48): App\Libraries\OwensView->__construct(Object(Config\View))
 2 ROOTPATH/modules/core/Controllers/CoreController.php(28): Module\core\Controllers\CoreController->loadLibrary()
 3 ROOTPATH/modules/core/Controllers/Errors.php(10): Module\core\Controllers\CoreController->__construct()
 4 SYSTEMPATH/CodeIgniter.php(915): Module\core\Controllers\Errors->__construct()
 5 SYSTEMPATH/CodeIgniter.php(971): CodeIgniter\CodeIgniter->createController()
 6 SYSTEMPATH/CodeIgniter.php(370): CodeIgniter\CodeIgniter->display404errors(Object(CodeIgniter\Exceptions\PageNotFoundException))
 7 FCPATH/index.php(79): CodeIgniter\CodeIgniter->run()
CRITICAL - 2024-05-08 18:15:52 --> ErrorException: Attempt to read property "saveData" on null
in APPPATH/Libraries/OwensView.php on line 43.
 1 APPPATH/Libraries/OwensView.php(43): CodeIgniter\Debug\Exceptions->errorHandler()
 2 APPPATH/Libraries/OwensView.php(336): App\Libraries\OwensView->view()
 3 ROOTPATH/modules/core/Controllers/Errors.php(19): App\Libraries\OwensView->loadLayoutView()
 4 SYSTEMPATH/CodeIgniter.php(943): Module\core\Controllers\Errors->show404()
 5 SYSTEMPATH/CodeIgniter.php(972): CodeIgniter\CodeIgniter->runController()
 6 SYSTEMPATH/CodeIgniter.php(370): CodeIgniter\CodeIgniter->display404errors()
 7 FCPATH/index.php(79): CodeIgniter\CodeIgniter->run()
INFO - 2024-05-08 18:15:57 --> Session: Class initialized using 'CodeIgniter\Session\Handlers\FileHandler' driver.
WARNING - 2024-05-08 18:15:57 --> [DEPRECATED] Creation of dynamic property App\Libraries\OwensView::$session is deprecated in APPPATH/Libraries/OwensView.php on line 36.
 1 ROOTPATH/modules/core/Controllers/CoreController.php(48): App\Libraries\OwensView->__construct(Object(Config\View))
 2 ROOTPATH/modules/core/Controllers/CoreController.php(28): Module\core\Controllers\CoreController->loadLibrary()
 3 ROOTPATH/modules/core/Controllers/Errors.php(10): Module\core\Controllers\CoreController->__construct()
 4 SYSTEMPATH/CodeIgniter.php(915): Module\core\Controllers\Errors->__construct()
 5 SYSTEMPATH/CodeIgniter.php(971): CodeIgniter\CodeIgniter->createController()
 6 SYSTEMPATH/CodeIgniter.php(370): CodeIgniter\CodeIgniter->display404errors(Object(CodeIgniter\Exceptions\PageNotFoundException))
 7 FCPATH/index.php(79): CodeIgniter\CodeIgniter->run()
CRITICAL - 2024-05-08 18:15:57 --> ErrorException: Attempt to read property "saveData" on null
in APPPATH/Libraries/OwensView.php on line 43.
 1 APPPATH/Libraries/OwensView.php(43): CodeIgniter\Debug\Exceptions->errorHandler()
 2 APPPATH/Libraries/OwensView.php(336): App\Libraries\OwensView->view()
 3 ROOTPATH/modules/core/Controllers/Errors.php(19): App\Libraries\OwensView->loadLayoutView()
 4 SYSTEMPATH/CodeIgniter.php(943): Module\core\Controllers\Errors->show404()
 5 SYSTEMPATH/CodeIgniter.php(972): CodeIgniter\CodeIgniter->runController()
 6 SYSTEMPATH/CodeIgniter.php(370): CodeIgniter\CodeIgniter->display404errors()
 7 FCPATH/index.php(79): CodeIgniter\CodeIgniter->run()
CRITICAL - 2024-05-08 20:49:34 --> CodeIgniter\HTTP\Exceptions\BadRequestException: The URI you submitted has disallowed characters: ";stok="
in SYSTEMPATH/Router/Router.php on line 704.
 1 SYSTEMPATH/Router/Router.php(195): CodeIgniter\Router\Router->checkDisallowedChars()
 2 SYSTEMPATH/CodeIgniter.php(825): CodeIgniter\Router\Router->handle()
 3 SYSTEMPATH/CodeIgniter.php(450): CodeIgniter\CodeIgniter->tryToRouteIt()
 4 SYSTEMPATH/CodeIgniter.php(361): CodeIgniter\CodeIgniter->handleRequest()
 5 FCPATH/index.php(79): CodeIgniter\CodeIgniter->run()
INFO - 2024-05-08 22:33:18 --> Session: Class initialized using 'CodeIgniter\Session\Handlers\FileHandler' driver.
WARNING - 2024-05-08 22:33:18 --> [DEPRECATED] Creation of dynamic property App\Libraries\OwensView::$session is deprecated in APPPATH/Libraries/OwensView.php on line 36.
 1 ROOTPATH/modules/core/Controllers/CoreController.php(48): App\Libraries\OwensView->__construct(Object(Config\View))
 2 ROOTPATH/modules/core/Controllers/CoreController.php(28): Module\core\Controllers\CoreController->loadLibrary()
 3 ROOTPATH/modules/core/Controllers/Errors.php(10): Module\core\Controllers\CoreController->__construct()
 4 SYSTEMPATH/CodeIgniter.php(915): Module\core\Controllers\Errors->__construct()
 5 SYSTEMPATH/CodeIgniter.php(971): CodeIgniter\CodeIgniter->createController()
 6 SYSTEMPATH/CodeIgniter.php(370): CodeIgniter\CodeIgniter->display404errors(Object(CodeIgniter\Exceptions\PageNotFoundException))
 7 FCPATH/index.php(79): CodeIgniter\CodeIgniter->run()
CRITICAL - 2024-05-08 22:33:18 --> ErrorException: Attempt to read property "saveData" on null
in APPPATH/Libraries/OwensView.php on line 43.
 1 APPPATH/Libraries/OwensView.php(43): CodeIgniter\Debug\Exceptions->errorHandler()
 2 APPPATH/Libraries/OwensView.php(336): App\Libraries\OwensView->view()
 3 ROOTPATH/modules/core/Controllers/Errors.php(19): App\Libraries\OwensView->loadLayoutView()
 4 SYSTEMPATH/CodeIgniter.php(943): Module\core\Controllers\Errors->show404()
 5 SYSTEMPATH/CodeIgniter.php(972): CodeIgniter\CodeIgniter->runController()
 6 SYSTEMPATH/CodeIgniter.php(370): CodeIgniter\CodeIgniter->display404errors()
 7 FCPATH/index.php(79): CodeIgniter\CodeIgniter->run()
CRITICAL - 2024-05-08 23:13:54 --> CodeIgniter\HTTP\Exceptions\BadRequestException: The URI you submitted has disallowed characters: ";stok="
in SYSTEMPATH/Router/Router.php on line 704.
 1 SYSTEMPATH/Router/Router.php(195): CodeIgniter\Router\Router->checkDisallowedChars()
 2 SYSTEMPATH/CodeIgniter.php(825): CodeIgniter\Router\Router->handle()
 3 SYSTEMPATH/CodeIgniter.php(450): CodeIgniter\CodeIgniter->tryToRouteIt()
 4 SYSTEMPATH/CodeIgniter.php(361): CodeIgniter\CodeIgniter->handleRequest()
 5 FCPATH/index.php(79): CodeIgniter\CodeIgniter->run()
INFO - 2024-05-08 23:43:58 --> Session: Class initialized using 'CodeIgniter\Session\Handlers\FileHandler' driver.
WARNING - 2024-05-08 23:43:58 --> [DEPRECATED] Creation of dynamic property App\Libraries\OwensView::$session is deprecated in APPPATH/Libraries/OwensView.php on line 36.
 1 ROOTPATH/modules/core/Controllers/CoreController.php(48): App\Libraries\OwensView->__construct(Object(Config\View))
 2 ROOTPATH/modules/core/Controllers/CoreController.php(28): Module\core\Controllers\CoreController->loadLibrary()
 3 ROOTPATH/modules/core/Controllers/Errors.php(10): Module\core\Controllers\CoreController->__construct()
 4 SYSTEMPATH/CodeIgniter.php(915): Module\core\Controllers\Errors->__construct()
 5 SYSTEMPATH/CodeIgniter.php(971): CodeIgniter\CodeIgniter->createController()
 6 SYSTEMPATH/CodeIgniter.php(370): CodeIgniter\CodeIgniter->display404errors(Object(CodeIgniter\Exceptions\PageNotFoundException))
 7 FCPATH/index.php(79): CodeIgniter\CodeIgniter->run()
CRITICAL - 2024-05-08 23:43:58 --> ErrorException: Attempt to read property "saveData" on null
in APPPATH/Libraries/OwensView.php on line 43.
 1 APPPATH/Libraries/OwensView.php(43): CodeIgniter\Debug\Exceptions->errorHandler()
 2 APPPATH/Libraries/OwensView.php(336): App\Libraries\OwensView->view()
 3 ROOTPATH/modules/core/Controllers/Errors.php(19): App\Libraries\OwensView->loadLayoutView()
 4 SYSTEMPATH/CodeIgniter.php(943): Module\core\Controllers\Errors->show404()
 5 SYSTEMPATH/CodeIgniter.php(972): CodeIgniter\CodeIgniter->runController()
 6 SYSTEMPATH/CodeIgniter.php(370): CodeIgniter\CodeIgniter->display404errors()
 7 FCPATH/index.php(79): CodeIgniter\CodeIgniter->run()
INFO - 2024-05-08 23:44:00 --> Session: Class initialized using 'CodeIgniter\Session\Handlers\FileHandler' driver.
WARNING - 2024-05-08 23:44:00 --> [DEPRECATED] Creation of dynamic property App\Libraries\OwensView::$session is deprecated in APPPATH/Libraries/OwensView.php on line 36.
 1 ROOTPATH/modules/core/Controllers/CoreController.php(48): App\Libraries\OwensView->__construct(Object(Config\View))
 2 ROOTPATH/modules/core/Controllers/CoreController.php(28): Module\core\Controllers\CoreController->loadLibrary()
 3 ROOTPATH/modules/core/Controllers/Errors.php(10): Module\core\Controllers\CoreController->__construct()
 4 SYSTEMPATH/CodeIgniter.php(915): Module\core\Controllers\Errors->__construct()
 5 SYSTEMPATH/CodeIgniter.php(971): CodeIgniter\CodeIgniter->createController()
 6 SYSTEMPATH/CodeIgniter.php(370): CodeIgniter\CodeIgniter->display404errors(Object(CodeIgniter\Exceptions\PageNotFoundException))
 7 FCPATH/index.php(79): CodeIgniter\CodeIgniter->run()
CRITICAL - 2024-05-08 23:44:00 --> ErrorException: Attempt to read property "saveData" on null
in APPPATH/Libraries/OwensView.php on line 43.
 1 APPPATH/Libraries/OwensView.php(43): CodeIgniter\Debug\Exceptions->errorHandler()
 2 APPPATH/Libraries/OwensView.php(336): App\Libraries\OwensView->view()
 3 ROOTPATH/modules/core/Controllers/Errors.php(19): App\Libraries\OwensView->loadLayoutView()
 4 SYSTEMPATH/CodeIgniter.php(943): Module\core\Controllers\Errors->show404()
 5 SYSTEMPATH/CodeIgniter.php(972): CodeIgniter\CodeIgniter->runController()
 6 SYSTEMPATH/CodeIgniter.php(370): CodeIgniter\CodeIgniter->display404errors()
 7 FCPATH/index.php(79): CodeIgniter\CodeIgniter->run()
