INFO - 2024-04-28 02:19:44 --> Session: Class initialized using 'CodeIgniter\Session\Handlers\FileHandler' driver.
WARNING - 2024-04-28 02:19:44 --> [DEPRECATED] Creation of dynamic property App\Libraries\OwensView::$session is deprecated in APPPATH/Libraries/OwensView.php on line 36.
 1 ROOTPATH/modules/core/Controllers/CoreController.php(48): App\Libraries\OwensView->__construct(Object(Config\View))
 2 ROOTPATH/modules/core/Controllers/CoreController.php(28): Module\core\Controllers\CoreController->loadLibrary()
 3 ROOTPATH/modules/core/Controllers/Errors.php(10): Module\core\Controllers\CoreController->__construct()
 4 SYSTEMPATH/CodeIgniter.php(915): Module\core\Controllers\Errors->__construct()
 5 SYSTEMPATH/CodeIgniter.php(971): CodeIgniter\CodeIgniter->createController()
 6 SYSTEMPATH/CodeIgniter.php(370): CodeIgniter\CodeIgniter->display404errors(Object(CodeIgniter\Exceptions\PageNotFoundException))
 7 FCPATH/index.php(79): CodeIgniter\CodeIgniter->run()
CRITICAL - 2024-04-28 02:19:44 --> ErrorException: Attempt to read property "saveData" on null
in APPPATH/Libraries/OwensView.php on line 43.
 1 APPPATH/Libraries/OwensView.php(43): CodeIgniter\Debug\Exceptions->errorHandler()
 2 APPPATH/Libraries/OwensView.php(336): App\Libraries\OwensView->view()
 3 ROOTPATH/modules/core/Controllers/Errors.php(19): App\Libraries\OwensView->loadLayoutView()
 4 SYSTEMPATH/CodeIgniter.php(943): Module\core\Controllers\Errors->show404()
 5 SYSTEMPATH/CodeIgniter.php(972): CodeIgniter\CodeIgniter->runController()
 6 SYSTEMPATH/CodeIgniter.php(370): CodeIgniter\CodeIgniter->display404errors()
 7 FCPATH/index.php(79): CodeIgniter\CodeIgniter->run()
INFO - 2024-04-28 02:29:01 --> Session: Class initialized using 'CodeIgniter\Session\Handlers\FileHandler' driver.
WARNING - 2024-04-28 02:29:01 --> [DEPRECATED] Creation of dynamic property App\Libraries\OwensView::$session is deprecated in APPPATH/Libraries/OwensView.php on line 36.
 1 ROOTPATH/modules/core/Controllers/CoreController.php(48): App\Libraries\OwensView->__construct(Object(Config\View))
 2 ROOTPATH/modules/core/Controllers/CoreController.php(28): Module\core\Controllers\CoreController->loadLibrary()
 3 ROOTPATH/modules/core/Controllers/Errors.php(10): Module\core\Controllers\CoreController->__construct()
 4 SYSTEMPATH/CodeIgniter.php(915): Module\core\Controllers\Errors->__construct()
 5 SYSTEMPATH/CodeIgniter.php(971): CodeIgniter\CodeIgniter->createController()
 6 SYSTEMPATH/CodeIgniter.php(370): CodeIgniter\CodeIgniter->display404errors(Object(CodeIgniter\Exceptions\PageNotFoundException))
 7 FCPATH/index.php(79): CodeIgniter\CodeIgniter->run()
CRITICAL - 2024-04-28 02:29:01 --> ErrorException: Attempt to read property "saveData" on null
in APPPATH/Libraries/OwensView.php on line 43.
 1 APPPATH/Libraries/OwensView.php(43): CodeIgniter\Debug\Exceptions->errorHandler()
 2 APPPATH/Libraries/OwensView.php(336): App\Libraries\OwensView->view()
 3 ROOTPATH/modules/core/Controllers/Errors.php(19): App\Libraries\OwensView->loadLayoutView()
 4 SYSTEMPATH/CodeIgniter.php(943): Module\core\Controllers\Errors->show404()
 5 SYSTEMPATH/CodeIgniter.php(972): CodeIgniter\CodeIgniter->runController()
 6 SYSTEMPATH/CodeIgniter.php(370): CodeIgniter\CodeIgniter->display404errors()
 7 FCPATH/index.php(79): CodeIgniter\CodeIgniter->run()
CRITICAL - 2024-04-28 03:18:25 --> CodeIgniter\HTTP\Exceptions\BadRequestException: The URI you submitted has disallowed characters: ";stok="
in SYSTEMPATH/Router/Router.php on line 704.
 1 SYSTEMPATH/Router/Router.php(195): CodeIgniter\Router\Router->checkDisallowedChars()
 2 SYSTEMPATH/CodeIgniter.php(825): CodeIgniter\Router\Router->handle()
 3 SYSTEMPATH/CodeIgniter.php(450): CodeIgniter\CodeIgniter->tryToRouteIt()
 4 SYSTEMPATH/CodeIgniter.php(361): CodeIgniter\CodeIgniter->handleRequest()
 5 FCPATH/index.php(79): CodeIgniter\CodeIgniter->run()
CRITICAL - 2024-04-28 03:18:25 --> CodeIgniter\HTTP\Exceptions\BadRequestException: The URI you submitted has disallowed characters: ";stok="
in SYSTEMPATH/Router/Router.php on line 704.
 1 SYSTEMPATH/Router/Router.php(195): CodeIgniter\Router\Router->checkDisallowedChars()
 2 SYSTEMPATH/CodeIgniter.php(825): CodeIgniter\Router\Router->handle()
 3 SYSTEMPATH/CodeIgniter.php(450): CodeIgniter\CodeIgniter->tryToRouteIt()
 4 SYSTEMPATH/CodeIgniter.php(361): CodeIgniter\CodeIgniter->handleRequest()
 5 FCPATH/index.php(79): CodeIgniter\CodeIgniter->run()
CRITICAL - 2024-04-28 03:44:43 --> CodeIgniter\HTTP\Exceptions\BadRequestException: The URI you submitted has disallowed characters: ";stok="
in SYSTEMPATH/Router/Router.php on line 704.
 1 SYSTEMPATH/Router/Router.php(195): CodeIgniter\Router\Router->checkDisallowedChars()
 2 SYSTEMPATH/CodeIgniter.php(825): CodeIgniter\Router\Router->handle()
 3 SYSTEMPATH/CodeIgniter.php(450): CodeIgniter\CodeIgniter->tryToRouteIt()
 4 SYSTEMPATH/CodeIgniter.php(361): CodeIgniter\CodeIgniter->handleRequest()
 5 FCPATH/index.php(79): CodeIgniter\CodeIgniter->run()
INFO - 2024-04-28 05:53:32 --> Session: Class initialized using 'CodeIgniter\Session\Handlers\FileHandler' driver.
WARNING - 2024-04-28 05:53:32 --> [DEPRECATED] Creation of dynamic property App\Libraries\OwensView::$session is deprecated in APPPATH/Libraries/OwensView.php on line 36.
 1 ROOTPATH/modules/core/Controllers/CoreController.php(48): App\Libraries\OwensView->__construct(Object(Config\View))
 2 ROOTPATH/modules/core/Controllers/CoreController.php(28): Module\core\Controllers\CoreController->loadLibrary()
 3 ROOTPATH/modules/core/Controllers/Errors.php(10): Module\core\Controllers\CoreController->__construct()
 4 SYSTEMPATH/CodeIgniter.php(915): Module\core\Controllers\Errors->__construct()
 5 SYSTEMPATH/CodeIgniter.php(971): CodeIgniter\CodeIgniter->createController()
 6 SYSTEMPATH/CodeIgniter.php(370): CodeIgniter\CodeIgniter->display404errors(Object(CodeIgniter\Exceptions\PageNotFoundException))
 7 FCPATH/index.php(79): CodeIgniter\CodeIgniter->run()
CRITICAL - 2024-04-28 05:53:32 --> ErrorException: Attempt to read property "saveData" on null
in APPPATH/Libraries/OwensView.php on line 43.
 1 APPPATH/Libraries/OwensView.php(43): CodeIgniter\Debug\Exceptions->errorHandler()
 2 APPPATH/Libraries/OwensView.php(336): App\Libraries\OwensView->view()
 3 ROOTPATH/modules/core/Controllers/Errors.php(19): App\Libraries\OwensView->loadLayoutView()
 4 SYSTEMPATH/CodeIgniter.php(943): Module\core\Controllers\Errors->show404()
 5 SYSTEMPATH/CodeIgniter.php(972): CodeIgniter\CodeIgniter->runController()
 6 SYSTEMPATH/CodeIgniter.php(370): CodeIgniter\CodeIgniter->display404errors()
 7 FCPATH/index.php(79): CodeIgniter\CodeIgniter->run()
INFO - 2024-04-28 05:53:34 --> Session: Class initialized using 'CodeIgniter\Session\Handlers\FileHandler' driver.
WARNING - 2024-04-28 05:53:34 --> [DEPRECATED] Creation of dynamic property App\Libraries\OwensView::$session is deprecated in APPPATH/Libraries/OwensView.php on line 36.
 1 ROOTPATH/modules/core/Controllers/CoreController.php(48): App\Libraries\OwensView->__construct(Object(Config\View))
 2 ROOTPATH/modules/core/Controllers/CoreController.php(28): Module\core\Controllers\CoreController->loadLibrary()
 3 ROOTPATH/modules/core/Controllers/Errors.php(10): Module\core\Controllers\CoreController->__construct()
 4 SYSTEMPATH/CodeIgniter.php(915): Module\core\Controllers\Errors->__construct()
 5 SYSTEMPATH/CodeIgniter.php(971): CodeIgniter\CodeIgniter->createController()
 6 SYSTEMPATH/CodeIgniter.php(370): CodeIgniter\CodeIgniter->display404errors(Object(CodeIgniter\Exceptions\PageNotFoundException))
 7 FCPATH/index.php(79): CodeIgniter\CodeIgniter->run()
CRITICAL - 2024-04-28 05:53:34 --> ErrorException: Attempt to read property "saveData" on null
in APPPATH/Libraries/OwensView.php on line 43.
 1 APPPATH/Libraries/OwensView.php(43): CodeIgniter\Debug\Exceptions->errorHandler()
 2 APPPATH/Libraries/OwensView.php(336): App\Libraries\OwensView->view()
 3 ROOTPATH/modules/core/Controllers/Errors.php(19): App\Libraries\OwensView->loadLayoutView()
 4 SYSTEMPATH/CodeIgniter.php(943): Module\core\Controllers\Errors->show404()
 5 SYSTEMPATH/CodeIgniter.php(972): CodeIgniter\CodeIgniter->runController()
 6 SYSTEMPATH/CodeIgniter.php(370): CodeIgniter\CodeIgniter->display404errors()
 7 FCPATH/index.php(79): CodeIgniter\CodeIgniter->run()
INFO - 2024-04-28 05:53:36 --> Session: Class initialized using 'CodeIgniter\Session\Handlers\FileHandler' driver.
WARNING - 2024-04-28 05:53:36 --> [DEPRECATED] Creation of dynamic property App\Libraries\OwensView::$session is deprecated in APPPATH/Libraries/OwensView.php on line 36.
 1 ROOTPATH/modules/core/Controllers/CoreController.php(48): App\Libraries\OwensView->__construct(Object(Config\View))
 2 ROOTPATH/modules/core/Controllers/CoreController.php(28): Module\core\Controllers\CoreController->loadLibrary()
 3 ROOTPATH/modules/core/Controllers/Errors.php(10): Module\core\Controllers\CoreController->__construct()
 4 SYSTEMPATH/CodeIgniter.php(915): Module\core\Controllers\Errors->__construct()
 5 SYSTEMPATH/CodeIgniter.php(971): CodeIgniter\CodeIgniter->createController()
 6 SYSTEMPATH/CodeIgniter.php(370): CodeIgniter\CodeIgniter->display404errors(Object(CodeIgniter\Exceptions\PageNotFoundException))
 7 FCPATH/index.php(79): CodeIgniter\CodeIgniter->run()
CRITICAL - 2024-04-28 05:53:36 --> ErrorException: Attempt to read property "saveData" on null
in APPPATH/Libraries/OwensView.php on line 43.
 1 APPPATH/Libraries/OwensView.php(43): CodeIgniter\Debug\Exceptions->errorHandler()
 2 APPPATH/Libraries/OwensView.php(336): App\Libraries\OwensView->view()
 3 ROOTPATH/modules/core/Controllers/Errors.php(19): App\Libraries\OwensView->loadLayoutView()
 4 SYSTEMPATH/CodeIgniter.php(943): Module\core\Controllers\Errors->show404()
 5 SYSTEMPATH/CodeIgniter.php(972): CodeIgniter\CodeIgniter->runController()
 6 SYSTEMPATH/CodeIgniter.php(370): CodeIgniter\CodeIgniter->display404errors()
 7 FCPATH/index.php(79): CodeIgniter\CodeIgniter->run()
CRITICAL - 2024-04-28 07:32:07 --> CodeIgniter\HTTP\Exceptions\BadRequestException: The URI you submitted has disallowed characters: ";stok="
in SYSTEMPATH/Router/Router.php on line 704.
 1 SYSTEMPATH/Router/Router.php(195): CodeIgniter\Router\Router->checkDisallowedChars()
 2 SYSTEMPATH/CodeIgniter.php(825): CodeIgniter\Router\Router->handle()
 3 SYSTEMPATH/CodeIgniter.php(450): CodeIgniter\CodeIgniter->tryToRouteIt()
 4 SYSTEMPATH/CodeIgniter.php(361): CodeIgniter\CodeIgniter->handleRequest()
 5 FCPATH/index.php(79): CodeIgniter\CodeIgniter->run()
CRITICAL - 2024-04-28 07:32:07 --> CodeIgniter\HTTP\Exceptions\BadRequestException: The URI you submitted has disallowed characters: ";stok="
in SYSTEMPATH/Router/Router.php on line 704.
 1 SYSTEMPATH/Router/Router.php(195): CodeIgniter\Router\Router->checkDisallowedChars()
 2 SYSTEMPATH/CodeIgniter.php(825): CodeIgniter\Router\Router->handle()
 3 SYSTEMPATH/CodeIgniter.php(450): CodeIgniter\CodeIgniter->tryToRouteIt()
 4 SYSTEMPATH/CodeIgniter.php(361): CodeIgniter\CodeIgniter->handleRequest()
 5 FCPATH/index.php(79): CodeIgniter\CodeIgniter->run()
INFO - 2024-04-28 08:29:53 --> Session: Class initialized using 'CodeIgniter\Session\Handlers\FileHandler' driver.
WARNING - 2024-04-28 08:29:53 --> [DEPRECATED] Creation of dynamic property App\Libraries\OwensView::$session is deprecated in APPPATH/Libraries/OwensView.php on line 36.
 1 ROOTPATH/modules/core/Controllers/CoreController.php(48): App\Libraries\OwensView->__construct(Object(Config\View))
 2 ROOTPATH/modules/core/Controllers/CoreController.php(28): Module\core\Controllers\CoreController->loadLibrary()
 3 ROOTPATH/modules/core/Controllers/Errors.php(10): Module\core\Controllers\CoreController->__construct()
 4 SYSTEMPATH/CodeIgniter.php(915): Module\core\Controllers\Errors->__construct()
 5 SYSTEMPATH/CodeIgniter.php(971): CodeIgniter\CodeIgniter->createController()
 6 SYSTEMPATH/CodeIgniter.php(370): CodeIgniter\CodeIgniter->display404errors(Object(CodeIgniter\Exceptions\PageNotFoundException))
 7 FCPATH/index.php(79): CodeIgniter\CodeIgniter->run()
CRITICAL - 2024-04-28 08:29:53 --> ErrorException: Attempt to read property "saveData" on null
in APPPATH/Libraries/OwensView.php on line 43.
 1 APPPATH/Libraries/OwensView.php(43): CodeIgniter\Debug\Exceptions->errorHandler()
 2 APPPATH/Libraries/OwensView.php(336): App\Libraries\OwensView->view()
 3 ROOTPATH/modules/core/Controllers/Errors.php(19): App\Libraries\OwensView->loadLayoutView()
 4 SYSTEMPATH/CodeIgniter.php(943): Module\core\Controllers\Errors->show404()
 5 SYSTEMPATH/CodeIgniter.php(972): CodeIgniter\CodeIgniter->runController()
 6 SYSTEMPATH/CodeIgniter.php(370): CodeIgniter\CodeIgniter->display404errors()
 7 FCPATH/index.php(79): CodeIgniter\CodeIgniter->run()
INFO - 2024-04-28 08:29:53 --> Session: Class initialized using 'CodeIgniter\Session\Handlers\FileHandler' driver.
WARNING - 2024-04-28 08:29:53 --> [DEPRECATED] Creation of dynamic property App\Libraries\OwensView::$session is deprecated in APPPATH/Libraries/OwensView.php on line 36.
 1 ROOTPATH/modules/core/Controllers/CoreController.php(48): App\Libraries\OwensView->__construct(Object(Config\View))
 2 ROOTPATH/modules/core/Controllers/CoreController.php(28): Module\core\Controllers\CoreController->loadLibrary()
 3 ROOTPATH/modules/core/Controllers/Errors.php(10): Module\core\Controllers\CoreController->__construct()
 4 SYSTEMPATH/CodeIgniter.php(915): Module\core\Controllers\Errors->__construct()
 5 SYSTEMPATH/CodeIgniter.php(971): CodeIgniter\CodeIgniter->createController()
 6 SYSTEMPATH/CodeIgniter.php(370): CodeIgniter\CodeIgniter->display404errors(Object(CodeIgniter\Exceptions\PageNotFoundException))
 7 FCPATH/index.php(79): CodeIgniter\CodeIgniter->run()
CRITICAL - 2024-04-28 08:29:53 --> ErrorException: Attempt to read property "saveData" on null
in APPPATH/Libraries/OwensView.php on line 43.
 1 APPPATH/Libraries/OwensView.php(43): CodeIgniter\Debug\Exceptions->errorHandler()
 2 APPPATH/Libraries/OwensView.php(336): App\Libraries\OwensView->view()
 3 ROOTPATH/modules/core/Controllers/Errors.php(19): App\Libraries\OwensView->loadLayoutView()
 4 SYSTEMPATH/CodeIgniter.php(943): Module\core\Controllers\Errors->show404()
 5 SYSTEMPATH/CodeIgniter.php(972): CodeIgniter\CodeIgniter->runController()
 6 SYSTEMPATH/CodeIgniter.php(370): CodeIgniter\CodeIgniter->display404errors()
 7 FCPATH/index.php(79): CodeIgniter\CodeIgniter->run()
INFO - 2024-04-28 08:29:54 --> Session: Class initialized using 'CodeIgniter\Session\Handlers\FileHandler' driver.
WARNING - 2024-04-28 08:29:54 --> [DEPRECATED] Creation of dynamic property App\Libraries\OwensView::$session is deprecated in APPPATH/Libraries/OwensView.php on line 36.
 1 ROOTPATH/modules/core/Controllers/CoreController.php(48): App\Libraries\OwensView->__construct(Object(Config\View))
 2 ROOTPATH/modules/core/Controllers/CoreController.php(28): Module\core\Controllers\CoreController->loadLibrary()
 3 ROOTPATH/modules/core/Controllers/Errors.php(10): Module\core\Controllers\CoreController->__construct()
 4 SYSTEMPATH/CodeIgniter.php(915): Module\core\Controllers\Errors->__construct()
 5 SYSTEMPATH/CodeIgniter.php(971): CodeIgniter\CodeIgniter->createController()
 6 SYSTEMPATH/CodeIgniter.php(370): CodeIgniter\CodeIgniter->display404errors(Object(CodeIgniter\Exceptions\PageNotFoundException))
 7 FCPATH/index.php(79): CodeIgniter\CodeIgniter->run()
CRITICAL - 2024-04-28 08:29:54 --> ErrorException: Attempt to read property "saveData" on null
in APPPATH/Libraries/OwensView.php on line 43.
 1 APPPATH/Libraries/OwensView.php(43): CodeIgniter\Debug\Exceptions->errorHandler()
 2 APPPATH/Libraries/OwensView.php(336): App\Libraries\OwensView->view()
 3 ROOTPATH/modules/core/Controllers/Errors.php(19): App\Libraries\OwensView->loadLayoutView()
 4 SYSTEMPATH/CodeIgniter.php(943): Module\core\Controllers\Errors->show404()
 5 SYSTEMPATH/CodeIgniter.php(972): CodeIgniter\CodeIgniter->runController()
 6 SYSTEMPATH/CodeIgniter.php(370): CodeIgniter\CodeIgniter->display404errors()
 7 FCPATH/index.php(79): CodeIgniter\CodeIgniter->run()
INFO - 2024-04-28 08:29:54 --> Session: Class initialized using 'CodeIgniter\Session\Handlers\FileHandler' driver.
WARNING - 2024-04-28 08:29:54 --> [DEPRECATED] Creation of dynamic property App\Libraries\OwensView::$session is deprecated in APPPATH/Libraries/OwensView.php on line 36.
 1 ROOTPATH/modules/core/Controllers/CoreController.php(48): App\Libraries\OwensView->__construct(Object(Config\View))
 2 ROOTPATH/modules/core/Controllers/CoreController.php(28): Module\core\Controllers\CoreController->loadLibrary()
 3 ROOTPATH/modules/core/Controllers/Errors.php(10): Module\core\Controllers\CoreController->__construct()
 4 SYSTEMPATH/CodeIgniter.php(915): Module\core\Controllers\Errors->__construct()
 5 SYSTEMPATH/CodeIgniter.php(971): CodeIgniter\CodeIgniter->createController()
 6 SYSTEMPATH/CodeIgniter.php(370): CodeIgniter\CodeIgniter->display404errors(Object(CodeIgniter\Exceptions\PageNotFoundException))
 7 FCPATH/index.php(79): CodeIgniter\CodeIgniter->run()
CRITICAL - 2024-04-28 08:29:54 --> ErrorException: Attempt to read property "saveData" on null
in APPPATH/Libraries/OwensView.php on line 43.
 1 APPPATH/Libraries/OwensView.php(43): CodeIgniter\Debug\Exceptions->errorHandler()
 2 APPPATH/Libraries/OwensView.php(336): App\Libraries\OwensView->view()
 3 ROOTPATH/modules/core/Controllers/Errors.php(19): App\Libraries\OwensView->loadLayoutView()
 4 SYSTEMPATH/CodeIgniter.php(943): Module\core\Controllers\Errors->show404()
 5 SYSTEMPATH/CodeIgniter.php(972): CodeIgniter\CodeIgniter->runController()
 6 SYSTEMPATH/CodeIgniter.php(370): CodeIgniter\CodeIgniter->display404errors()
 7 FCPATH/index.php(79): CodeIgniter\CodeIgniter->run()
INFO - 2024-04-28 08:29:55 --> Session: Class initialized using 'CodeIgniter\Session\Handlers\FileHandler' driver.
WARNING - 2024-04-28 08:29:55 --> [DEPRECATED] Creation of dynamic property App\Libraries\OwensView::$session is deprecated in APPPATH/Libraries/OwensView.php on line 36.
 1 ROOTPATH/modules/core/Controllers/CoreController.php(48): App\Libraries\OwensView->__construct(Object(Config\View))
 2 ROOTPATH/modules/core/Controllers/CoreController.php(28): Module\core\Controllers\CoreController->loadLibrary()
 3 ROOTPATH/modules/core/Controllers/Errors.php(10): Module\core\Controllers\CoreController->__construct()
 4 SYSTEMPATH/CodeIgniter.php(915): Module\core\Controllers\Errors->__construct()
 5 SYSTEMPATH/CodeIgniter.php(971): CodeIgniter\CodeIgniter->createController()
 6 SYSTEMPATH/CodeIgniter.php(370): CodeIgniter\CodeIgniter->display404errors(Object(CodeIgniter\Exceptions\PageNotFoundException))
 7 FCPATH/index.php(79): CodeIgniter\CodeIgniter->run()
CRITICAL - 2024-04-28 08:29:55 --> ErrorException: Attempt to read property "saveData" on null
in APPPATH/Libraries/OwensView.php on line 43.
 1 APPPATH/Libraries/OwensView.php(43): CodeIgniter\Debug\Exceptions->errorHandler()
 2 APPPATH/Libraries/OwensView.php(336): App\Libraries\OwensView->view()
 3 ROOTPATH/modules/core/Controllers/Errors.php(19): App\Libraries\OwensView->loadLayoutView()
 4 SYSTEMPATH/CodeIgniter.php(943): Module\core\Controllers\Errors->show404()
 5 SYSTEMPATH/CodeIgniter.php(972): CodeIgniter\CodeIgniter->runController()
 6 SYSTEMPATH/CodeIgniter.php(370): CodeIgniter\CodeIgniter->display404errors()
 7 FCPATH/index.php(79): CodeIgniter\CodeIgniter->run()
INFO - 2024-04-28 08:29:55 --> Session: Class initialized using 'CodeIgniter\Session\Handlers\FileHandler' driver.
WARNING - 2024-04-28 08:29:55 --> [DEPRECATED] Creation of dynamic property App\Libraries\OwensView::$session is deprecated in APPPATH/Libraries/OwensView.php on line 36.
 1 ROOTPATH/modules/core/Controllers/CoreController.php(48): App\Libraries\OwensView->__construct(Object(Config\View))
 2 ROOTPATH/modules/core/Controllers/CoreController.php(28): Module\core\Controllers\CoreController->loadLibrary()
 3 ROOTPATH/modules/core/Controllers/Errors.php(10): Module\core\Controllers\CoreController->__construct()
 4 SYSTEMPATH/CodeIgniter.php(915): Module\core\Controllers\Errors->__construct()
 5 SYSTEMPATH/CodeIgniter.php(971): CodeIgniter\CodeIgniter->createController()
 6 SYSTEMPATH/CodeIgniter.php(370): CodeIgniter\CodeIgniter->display404errors(Object(CodeIgniter\Exceptions\PageNotFoundException))
 7 FCPATH/index.php(79): CodeIgniter\CodeIgniter->run()
CRITICAL - 2024-04-28 08:29:55 --> ErrorException: Attempt to read property "saveData" on null
in APPPATH/Libraries/OwensView.php on line 43.
 1 APPPATH/Libraries/OwensView.php(43): CodeIgniter\Debug\Exceptions->errorHandler()
 2 APPPATH/Libraries/OwensView.php(336): App\Libraries\OwensView->view()
 3 ROOTPATH/modules/core/Controllers/Errors.php(19): App\Libraries\OwensView->loadLayoutView()
 4 SYSTEMPATH/CodeIgniter.php(943): Module\core\Controllers\Errors->show404()
 5 SYSTEMPATH/CodeIgniter.php(972): CodeIgniter\CodeIgniter->runController()
 6 SYSTEMPATH/CodeIgniter.php(370): CodeIgniter\CodeIgniter->display404errors()
 7 FCPATH/index.php(79): CodeIgniter\CodeIgniter->run()
CRITICAL - 2024-04-28 09:20:57 --> CodeIgniter\HTTP\Exceptions\BadRequestException: The URI you submitted has disallowed characters: ";stok="
in SYSTEMPATH/Router/Router.php on line 704.
 1 SYSTEMPATH/Router/Router.php(195): CodeIgniter\Router\Router->checkDisallowedChars()
 2 SYSTEMPATH/CodeIgniter.php(825): CodeIgniter\Router\Router->handle()
 3 SYSTEMPATH/CodeIgniter.php(450): CodeIgniter\CodeIgniter->tryToRouteIt()
 4 SYSTEMPATH/CodeIgniter.php(361): CodeIgniter\CodeIgniter->handleRequest()
 5 FCPATH/index.php(79): CodeIgniter\CodeIgniter->run()
INFO - 2024-04-28 09:53:00 --> Session: Class initialized using 'CodeIgniter\Session\Handlers\FileHandler' driver.
WARNING - 2024-04-28 09:53:00 --> [DEPRECATED] Creation of dynamic property App\Libraries\OwensView::$session is deprecated in APPPATH/Libraries/OwensView.php on line 36.
 1 ROOTPATH/modules/core/Controllers/CoreController.php(48): App\Libraries\OwensView->__construct(Object(Config\View))
 2 ROOTPATH/modules/core/Controllers/CoreController.php(28): Module\core\Controllers\CoreController->loadLibrary()
 3 ROOTPATH/modules/core/Controllers/Errors.php(10): Module\core\Controllers\CoreController->__construct()
 4 SYSTEMPATH/CodeIgniter.php(915): Module\core\Controllers\Errors->__construct()
 5 SYSTEMPATH/CodeIgniter.php(971): CodeIgniter\CodeIgniter->createController()
 6 SYSTEMPATH/CodeIgniter.php(370): CodeIgniter\CodeIgniter->display404errors(Object(CodeIgniter\Exceptions\PageNotFoundException))
 7 FCPATH/index.php(79): CodeIgniter\CodeIgniter->run()
CRITICAL - 2024-04-28 09:53:00 --> ErrorException: Attempt to read property "saveData" on null
in APPPATH/Libraries/OwensView.php on line 43.
 1 APPPATH/Libraries/OwensView.php(43): CodeIgniter\Debug\Exceptions->errorHandler()
 2 APPPATH/Libraries/OwensView.php(336): App\Libraries\OwensView->view()
 3 ROOTPATH/modules/core/Controllers/Errors.php(19): App\Libraries\OwensView->loadLayoutView()
 4 SYSTEMPATH/CodeIgniter.php(943): Module\core\Controllers\Errors->show404()
 5 SYSTEMPATH/CodeIgniter.php(972): CodeIgniter\CodeIgniter->runController()
 6 SYSTEMPATH/CodeIgniter.php(370): CodeIgniter\CodeIgniter->display404errors()
 7 FCPATH/index.php(79): CodeIgniter\CodeIgniter->run()
INFO - 2024-04-28 09:56:48 --> Session: Class initialized using 'CodeIgniter\Session\Handlers\FileHandler' driver.
WARNING - 2024-04-28 09:56:48 --> [DEPRECATED] Creation of dynamic property App\Libraries\OwensView::$session is deprecated in APPPATH/Libraries/OwensView.php on line 36.
 1 ROOTPATH/modules/core/Controllers/CoreController.php(48): App\Libraries\OwensView->__construct(Object(Config\View))
 2 ROOTPATH/modules/core/Controllers/CoreController.php(28): Module\core\Controllers\CoreController->loadLibrary()
 3 ROOTPATH/modules/core/Controllers/Errors.php(10): Module\core\Controllers\CoreController->__construct()
 4 SYSTEMPATH/CodeIgniter.php(915): Module\core\Controllers\Errors->__construct()
 5 SYSTEMPATH/CodeIgniter.php(971): CodeIgniter\CodeIgniter->createController()
 6 SYSTEMPATH/CodeIgniter.php(370): CodeIgniter\CodeIgniter->display404errors(Object(CodeIgniter\Exceptions\PageNotFoundException))
 7 FCPATH/index.php(79): CodeIgniter\CodeIgniter->run()
CRITICAL - 2024-04-28 09:56:48 --> ErrorException: Attempt to read property "saveData" on null
in APPPATH/Libraries/OwensView.php on line 43.
 1 APPPATH/Libraries/OwensView.php(43): CodeIgniter\Debug\Exceptions->errorHandler()
 2 APPPATH/Libraries/OwensView.php(336): App\Libraries\OwensView->view()
 3 ROOTPATH/modules/core/Controllers/Errors.php(19): App\Libraries\OwensView->loadLayoutView()
 4 SYSTEMPATH/CodeIgniter.php(943): Module\core\Controllers\Errors->show404()
 5 SYSTEMPATH/CodeIgniter.php(972): CodeIgniter\CodeIgniter->runController()
 6 SYSTEMPATH/CodeIgniter.php(370): CodeIgniter\CodeIgniter->display404errors()
 7 FCPATH/index.php(79): CodeIgniter\CodeIgniter->run()
CRITICAL - 2024-04-28 10:23:03 --> CodeIgniter\HTTP\Exceptions\BadRequestException: The URI you submitted has disallowed characters: ";stok="
in SYSTEMPATH/Router/Router.php on line 704.
 1 SYSTEMPATH/Router/Router.php(195): CodeIgniter\Router\Router->checkDisallowedChars()
 2 SYSTEMPATH/CodeIgniter.php(825): CodeIgniter\Router\Router->handle()
 3 SYSTEMPATH/CodeIgniter.php(450): CodeIgniter\CodeIgniter->tryToRouteIt()
 4 SYSTEMPATH/CodeIgniter.php(361): CodeIgniter\CodeIgniter->handleRequest()
 5 FCPATH/index.php(79): CodeIgniter\CodeIgniter->run()
CRITICAL - 2024-04-28 10:23:03 --> CodeIgniter\HTTP\Exceptions\BadRequestException: The URI you submitted has disallowed characters: ";stok="
in SYSTEMPATH/Router/Router.php on line 704.
 1 SYSTEMPATH/Router/Router.php(195): CodeIgniter\Router\Router->checkDisallowedChars()
 2 SYSTEMPATH/CodeIgniter.php(825): CodeIgniter\Router\Router->handle()
 3 SYSTEMPATH/CodeIgniter.php(450): CodeIgniter\CodeIgniter->tryToRouteIt()
 4 SYSTEMPATH/CodeIgniter.php(361): CodeIgniter\CodeIgniter->handleRequest()
 5 FCPATH/index.php(79): CodeIgniter\CodeIgniter->run()
INFO - 2024-04-28 11:06:50 --> Session: Class initialized using 'CodeIgniter\Session\Handlers\FileHandler' driver.
WARNING - 2024-04-28 11:06:50 --> [DEPRECATED] Creation of dynamic property App\Libraries\OwensView::$session is deprecated in APPPATH/Libraries/OwensView.php on line 36.
 1 ROOTPATH/modules/core/Controllers/CoreController.php(48): App\Libraries\OwensView->__construct(Object(Config\View))
 2 ROOTPATH/modules/core/Controllers/CoreController.php(28): Module\core\Controllers\CoreController->loadLibrary()
 3 ROOTPATH/modules/core/Controllers/Errors.php(10): Module\core\Controllers\CoreController->__construct()
 4 SYSTEMPATH/CodeIgniter.php(915): Module\core\Controllers\Errors->__construct()
 5 SYSTEMPATH/CodeIgniter.php(971): CodeIgniter\CodeIgniter->createController()
 6 SYSTEMPATH/CodeIgniter.php(370): CodeIgniter\CodeIgniter->display404errors(Object(CodeIgniter\Exceptions\PageNotFoundException))
 7 FCPATH/index.php(79): CodeIgniter\CodeIgniter->run()
CRITICAL - 2024-04-28 11:06:50 --> ErrorException: Attempt to read property "saveData" on null
in APPPATH/Libraries/OwensView.php on line 43.
 1 APPPATH/Libraries/OwensView.php(43): CodeIgniter\Debug\Exceptions->errorHandler()
 2 APPPATH/Libraries/OwensView.php(336): App\Libraries\OwensView->view()
 3 ROOTPATH/modules/core/Controllers/Errors.php(19): App\Libraries\OwensView->loadLayoutView()
 4 SYSTEMPATH/CodeIgniter.php(943): Module\core\Controllers\Errors->show404()
 5 SYSTEMPATH/CodeIgniter.php(972): CodeIgniter\CodeIgniter->runController()
 6 SYSTEMPATH/CodeIgniter.php(370): CodeIgniter\CodeIgniter->display404errors()
 7 FCPATH/index.php(79): CodeIgniter\CodeIgniter->run()
INFO - 2024-04-28 11:41:49 --> Session: Class initialized using 'CodeIgniter\Session\Handlers\FileHandler' driver.
WARNING - 2024-04-28 11:41:49 --> [DEPRECATED] Creation of dynamic property App\Libraries\OwensView::$session is deprecated in APPPATH/Libraries/OwensView.php on line 36.
 1 ROOTPATH/modules/core/Controllers/CoreController.php(48): App\Libraries\OwensView->__construct(Object(Config\View))
 2 ROOTPATH/modules/core/Controllers/CoreController.php(28): Module\core\Controllers\CoreController->loadLibrary()
 3 ROOTPATH/modules/core/Controllers/Errors.php(10): Module\core\Controllers\CoreController->__construct()
 4 SYSTEMPATH/CodeIgniter.php(915): Module\core\Controllers\Errors->__construct()
 5 SYSTEMPATH/CodeIgniter.php(971): CodeIgniter\CodeIgniter->createController()
 6 SYSTEMPATH/CodeIgniter.php(370): CodeIgniter\CodeIgniter->display404errors(Object(CodeIgniter\Exceptions\PageNotFoundException))
 7 FCPATH/index.php(79): CodeIgniter\CodeIgniter->run()
CRITICAL - 2024-04-28 11:41:49 --> ErrorException: Attempt to read property "saveData" on null
in APPPATH/Libraries/OwensView.php on line 43.
 1 APPPATH/Libraries/OwensView.php(43): CodeIgniter\Debug\Exceptions->errorHandler()
 2 APPPATH/Libraries/OwensView.php(336): App\Libraries\OwensView->view()
 3 ROOTPATH/modules/core/Controllers/Errors.php(19): App\Libraries\OwensView->loadLayoutView()
 4 SYSTEMPATH/CodeIgniter.php(943): Module\core\Controllers\Errors->show404()
 5 SYSTEMPATH/CodeIgniter.php(972): CodeIgniter\CodeIgniter->runController()
 6 SYSTEMPATH/CodeIgniter.php(370): CodeIgniter\CodeIgniter->display404errors()
 7 FCPATH/index.php(79): CodeIgniter\CodeIgniter->run()
INFO - 2024-04-28 11:55:27 --> Session: Class initialized using 'CodeIgniter\Session\Handlers\FileHandler' driver.
WARNING - 2024-04-28 11:55:27 --> [DEPRECATED] Creation of dynamic property App\Libraries\OwensView::$session is deprecated in APPPATH/Libraries/OwensView.php on line 36.
 1 ROOTPATH/modules/core/Controllers/CoreController.php(48): App\Libraries\OwensView->__construct(Object(Config\View))
 2 ROOTPATH/modules/core/Controllers/CoreController.php(28): Module\core\Controllers\CoreController->loadLibrary()
 3 ROOTPATH/modules/core/Controllers/Errors.php(10): Module\core\Controllers\CoreController->__construct()
 4 SYSTEMPATH/CodeIgniter.php(915): Module\core\Controllers\Errors->__construct()
 5 SYSTEMPATH/CodeIgniter.php(971): CodeIgniter\CodeIgniter->createController()
 6 SYSTEMPATH/CodeIgniter.php(370): CodeIgniter\CodeIgniter->display404errors(Object(CodeIgniter\Exceptions\PageNotFoundException))
 7 FCPATH/index.php(79): CodeIgniter\CodeIgniter->run()
CRITICAL - 2024-04-28 11:55:27 --> ErrorException: Attempt to read property "saveData" on null
in APPPATH/Libraries/OwensView.php on line 43.
 1 APPPATH/Libraries/OwensView.php(43): CodeIgniter\Debug\Exceptions->errorHandler()
 2 APPPATH/Libraries/OwensView.php(336): App\Libraries\OwensView->view()
 3 ROOTPATH/modules/core/Controllers/Errors.php(19): App\Libraries\OwensView->loadLayoutView()
 4 SYSTEMPATH/CodeIgniter.php(943): Module\core\Controllers\Errors->show404()
 5 SYSTEMPATH/CodeIgniter.php(972): CodeIgniter\CodeIgniter->runController()
 6 SYSTEMPATH/CodeIgniter.php(370): CodeIgniter\CodeIgniter->display404errors()
 7 FCPATH/index.php(79): CodeIgniter\CodeIgniter->run()
INFO - 2024-04-28 12:00:38 --> Session: Class initialized using 'CodeIgniter\Session\Handlers\FileHandler' driver.
WARNING - 2024-04-28 12:00:38 --> [DEPRECATED] Creation of dynamic property App\Libraries\OwensView::$session is deprecated in APPPATH/Libraries/OwensView.php on line 36.
 1 ROOTPATH/modules/core/Controllers/CoreController.php(48): App\Libraries\OwensView->__construct(Object(Config\View))
 2 ROOTPATH/modules/core/Controllers/CoreController.php(28): Module\core\Controllers\CoreController->loadLibrary()
 3 ROOTPATH/modules/core/Controllers/Errors.php(10): Module\core\Controllers\CoreController->__construct()
 4 SYSTEMPATH/CodeIgniter.php(915): Module\core\Controllers\Errors->__construct()
 5 SYSTEMPATH/CodeIgniter.php(971): CodeIgniter\CodeIgniter->createController()
 6 SYSTEMPATH/CodeIgniter.php(370): CodeIgniter\CodeIgniter->display404errors(Object(CodeIgniter\Exceptions\PageNotFoundException))
 7 FCPATH/index.php(79): CodeIgniter\CodeIgniter->run()
CRITICAL - 2024-04-28 12:00:38 --> ErrorException: Attempt to read property "saveData" on null
in APPPATH/Libraries/OwensView.php on line 43.
 1 APPPATH/Libraries/OwensView.php(43): CodeIgniter\Debug\Exceptions->errorHandler()
 2 APPPATH/Libraries/OwensView.php(336): App\Libraries\OwensView->view()
 3 ROOTPATH/modules/core/Controllers/Errors.php(19): App\Libraries\OwensView->loadLayoutView()
 4 SYSTEMPATH/CodeIgniter.php(943): Module\core\Controllers\Errors->show404()
 5 SYSTEMPATH/CodeIgniter.php(972): CodeIgniter\CodeIgniter->runController()
 6 SYSTEMPATH/CodeIgniter.php(370): CodeIgniter\CodeIgniter->display404errors()
 7 FCPATH/index.php(79): CodeIgniter\CodeIgniter->run()
CRITICAL - 2024-04-28 15:14:55 --> CodeIgniter\HTTP\Exceptions\BadRequestException: The URI you submitted has disallowed characters: ";stok="
in SYSTEMPATH/Router/Router.php on line 704.
 1 SYSTEMPATH/Router/Router.php(195): CodeIgniter\Router\Router->checkDisallowedChars()
 2 SYSTEMPATH/CodeIgniter.php(825): CodeIgniter\Router\Router->handle()
 3 SYSTEMPATH/CodeIgniter.php(450): CodeIgniter\CodeIgniter->tryToRouteIt()
 4 SYSTEMPATH/CodeIgniter.php(361): CodeIgniter\CodeIgniter->handleRequest()
 5 FCPATH/index.php(79): CodeIgniter\CodeIgniter->run()
INFO - 2024-04-28 15:36:52 --> Session: Class initialized using 'CodeIgniter\Session\Handlers\FileHandler' driver.
WARNING - 2024-04-28 15:36:52 --> [DEPRECATED] Creation of dynamic property App\Libraries\OwensView::$session is deprecated in APPPATH/Libraries/OwensView.php on line 36.
 1 ROOTPATH/modules/core/Controllers/CoreController.php(48): App\Libraries\OwensView->__construct(Object(Config\View))
 2 ROOTPATH/modules/core/Controllers/CoreController.php(28): Module\core\Controllers\CoreController->loadLibrary()
 3 ROOTPATH/modules/core/Controllers/Errors.php(10): Module\core\Controllers\CoreController->__construct()
 4 SYSTEMPATH/CodeIgniter.php(915): Module\core\Controllers\Errors->__construct()
 5 SYSTEMPATH/CodeIgniter.php(971): CodeIgniter\CodeIgniter->createController()
 6 SYSTEMPATH/CodeIgniter.php(370): CodeIgniter\CodeIgniter->display404errors(Object(CodeIgniter\Exceptions\PageNotFoundException))
 7 FCPATH/index.php(79): CodeIgniter\CodeIgniter->run()
CRITICAL - 2024-04-28 15:36:52 --> ErrorException: Attempt to read property "saveData" on null
in APPPATH/Libraries/OwensView.php on line 43.
 1 APPPATH/Libraries/OwensView.php(43): CodeIgniter\Debug\Exceptions->errorHandler()
 2 APPPATH/Libraries/OwensView.php(336): App\Libraries\OwensView->view()
 3 ROOTPATH/modules/core/Controllers/Errors.php(19): App\Libraries\OwensView->loadLayoutView()
 4 SYSTEMPATH/CodeIgniter.php(943): Module\core\Controllers\Errors->show404()
 5 SYSTEMPATH/CodeIgniter.php(972): CodeIgniter\CodeIgniter->runController()
 6 SYSTEMPATH/CodeIgniter.php(370): CodeIgniter\CodeIgniter->display404errors()
 7 FCPATH/index.php(79): CodeIgniter\CodeIgniter->run()
CRITICAL - 2024-04-28 16:45:48 --> CodeIgniter\HTTP\Exceptions\BadRequestException: The URI you submitted has disallowed characters: ";stok="
in SYSTEMPATH/Router/Router.php on line 704.
 1 SYSTEMPATH/Router/Router.php(195): CodeIgniter\Router\Router->checkDisallowedChars()
 2 SYSTEMPATH/CodeIgniter.php(825): CodeIgniter\Router\Router->handle()
 3 SYSTEMPATH/CodeIgniter.php(450): CodeIgniter\CodeIgniter->tryToRouteIt()
 4 SYSTEMPATH/CodeIgniter.php(361): CodeIgniter\CodeIgniter->handleRequest()
 5 FCPATH/index.php(79): CodeIgniter\CodeIgniter->run()
INFO - 2024-04-28 17:18:21 --> Session: Class initialized using 'CodeIgniter\Session\Handlers\FileHandler' driver.
WARNING - 2024-04-28 17:18:21 --> [DEPRECATED] Creation of dynamic property App\Libraries\OwensView::$session is deprecated in APPPATH/Libraries/OwensView.php on line 36.
 1 ROOTPATH/modules/core/Controllers/CoreController.php(48): App\Libraries\OwensView->__construct(Object(Config\View))
 2 ROOTPATH/modules/core/Controllers/CoreController.php(28): Module\core\Controllers\CoreController->loadLibrary()
 3 ROOTPATH/modules/core/Controllers/Errors.php(10): Module\core\Controllers\CoreController->__construct()
 4 SYSTEMPATH/CodeIgniter.php(915): Module\core\Controllers\Errors->__construct()
 5 SYSTEMPATH/CodeIgniter.php(971): CodeIgniter\CodeIgniter->createController()
 6 SYSTEMPATH/CodeIgniter.php(370): CodeIgniter\CodeIgniter->display404errors(Object(CodeIgniter\Exceptions\PageNotFoundException))
 7 FCPATH/index.php(79): CodeIgniter\CodeIgniter->run()
CRITICAL - 2024-04-28 17:18:21 --> ErrorException: Attempt to read property "saveData" on null
in APPPATH/Libraries/OwensView.php on line 43.
 1 APPPATH/Libraries/OwensView.php(43): CodeIgniter\Debug\Exceptions->errorHandler()
 2 APPPATH/Libraries/OwensView.php(336): App\Libraries\OwensView->view()
 3 ROOTPATH/modules/core/Controllers/Errors.php(19): App\Libraries\OwensView->loadLayoutView()
 4 SYSTEMPATH/CodeIgniter.php(943): Module\core\Controllers\Errors->show404()
 5 SYSTEMPATH/CodeIgniter.php(972): CodeIgniter\CodeIgniter->runController()
 6 SYSTEMPATH/CodeIgniter.php(370): CodeIgniter\CodeIgniter->display404errors()
 7 FCPATH/index.php(79): CodeIgniter\CodeIgniter->run()
INFO - 2024-04-28 20:08:44 --> Session: Class initialized using 'CodeIgniter\Session\Handlers\FileHandler' driver.
WARNING - 2024-04-28 20:08:44 --> [DEPRECATED] Creation of dynamic property App\Libraries\OwensView::$session is deprecated in APPPATH/Libraries/OwensView.php on line 36.
 1 ROOTPATH/modules/core/Controllers/CoreController.php(48): App\Libraries\OwensView->__construct(Object(Config\View))
 2 ROOTPATH/modules/core/Controllers/CoreController.php(28): Module\core\Controllers\CoreController->loadLibrary()
 3 ROOTPATH/modules/core/Controllers/Errors.php(10): Module\core\Controllers\CoreController->__construct()
 4 SYSTEMPATH/CodeIgniter.php(915): Module\core\Controllers\Errors->__construct()
 5 SYSTEMPATH/CodeIgniter.php(971): CodeIgniter\CodeIgniter->createController()
 6 SYSTEMPATH/CodeIgniter.php(370): CodeIgniter\CodeIgniter->display404errors(Object(CodeIgniter\Exceptions\PageNotFoundException))
 7 FCPATH/index.php(79): CodeIgniter\CodeIgniter->run()
CRITICAL - 2024-04-28 20:08:44 --> ErrorException: Attempt to read property "saveData" on null
in APPPATH/Libraries/OwensView.php on line 43.
 1 APPPATH/Libraries/OwensView.php(43): CodeIgniter\Debug\Exceptions->errorHandler()
 2 APPPATH/Libraries/OwensView.php(336): App\Libraries\OwensView->view()
 3 ROOTPATH/modules/core/Controllers/Errors.php(19): App\Libraries\OwensView->loadLayoutView()
 4 SYSTEMPATH/CodeIgniter.php(943): Module\core\Controllers\Errors->show404()
 5 SYSTEMPATH/CodeIgniter.php(972): CodeIgniter\CodeIgniter->runController()
 6 SYSTEMPATH/CodeIgniter.php(370): CodeIgniter\CodeIgniter->display404errors()
 7 FCPATH/index.php(79): CodeIgniter\CodeIgniter->run()
INFO - 2024-04-28 20:08:45 --> Session: Class initialized using 'CodeIgniter\Session\Handlers\FileHandler' driver.
WARNING - 2024-04-28 20:08:45 --> [DEPRECATED] Creation of dynamic property App\Libraries\OwensView::$session is deprecated in APPPATH/Libraries/OwensView.php on line 36.
 1 ROOTPATH/modules/core/Controllers/CoreController.php(48): App\Libraries\OwensView->__construct(Object(Config\View))
 2 ROOTPATH/modules/core/Controllers/CoreController.php(28): Module\core\Controllers\CoreController->loadLibrary()
 3 ROOTPATH/modules/core/Controllers/Errors.php(10): Module\core\Controllers\CoreController->__construct()
 4 SYSTEMPATH/CodeIgniter.php(915): Module\core\Controllers\Errors->__construct()
 5 SYSTEMPATH/CodeIgniter.php(971): CodeIgniter\CodeIgniter->createController()
 6 SYSTEMPATH/CodeIgniter.php(370): CodeIgniter\CodeIgniter->display404errors(Object(CodeIgniter\Exceptions\PageNotFoundException))
 7 FCPATH/index.php(79): CodeIgniter\CodeIgniter->run()
CRITICAL - 2024-04-28 20:08:45 --> ErrorException: Attempt to read property "saveData" on null
in APPPATH/Libraries/OwensView.php on line 43.
 1 APPPATH/Libraries/OwensView.php(43): CodeIgniter\Debug\Exceptions->errorHandler()
 2 APPPATH/Libraries/OwensView.php(336): App\Libraries\OwensView->view()
 3 ROOTPATH/modules/core/Controllers/Errors.php(19): App\Libraries\OwensView->loadLayoutView()
 4 SYSTEMPATH/CodeIgniter.php(943): Module\core\Controllers\Errors->show404()
 5 SYSTEMPATH/CodeIgniter.php(972): CodeIgniter\CodeIgniter->runController()
 6 SYSTEMPATH/CodeIgniter.php(370): CodeIgniter\CodeIgniter->display404errors()
 7 FCPATH/index.php(79): CodeIgniter\CodeIgniter->run()
INFO - 2024-04-28 20:08:46 --> Session: Class initialized using 'CodeIgniter\Session\Handlers\FileHandler' driver.
WARNING - 2024-04-28 20:08:46 --> [DEPRECATED] Creation of dynamic property App\Libraries\OwensView::$session is deprecated in APPPATH/Libraries/OwensView.php on line 36.
 1 ROOTPATH/modules/core/Controllers/CoreController.php(48): App\Libraries\OwensView->__construct(Object(Config\View))
 2 ROOTPATH/modules/core/Controllers/CoreController.php(28): Module\core\Controllers\CoreController->loadLibrary()
 3 ROOTPATH/modules/core/Controllers/Errors.php(10): Module\core\Controllers\CoreController->__construct()
 4 SYSTEMPATH/CodeIgniter.php(915): Module\core\Controllers\Errors->__construct()
 5 SYSTEMPATH/CodeIgniter.php(971): CodeIgniter\CodeIgniter->createController()
 6 SYSTEMPATH/CodeIgniter.php(370): CodeIgniter\CodeIgniter->display404errors(Object(CodeIgniter\Exceptions\PageNotFoundException))
 7 FCPATH/index.php(79): CodeIgniter\CodeIgniter->run()
CRITICAL - 2024-04-28 20:08:46 --> ErrorException: Attempt to read property "saveData" on null
in APPPATH/Libraries/OwensView.php on line 43.
 1 APPPATH/Libraries/OwensView.php(43): CodeIgniter\Debug\Exceptions->errorHandler()
 2 APPPATH/Libraries/OwensView.php(336): App\Libraries\OwensView->view()
 3 ROOTPATH/modules/core/Controllers/Errors.php(19): App\Libraries\OwensView->loadLayoutView()
 4 SYSTEMPATH/CodeIgniter.php(943): Module\core\Controllers\Errors->show404()
 5 SYSTEMPATH/CodeIgniter.php(972): CodeIgniter\CodeIgniter->runController()
 6 SYSTEMPATH/CodeIgniter.php(370): CodeIgniter\CodeIgniter->display404errors()
 7 FCPATH/index.php(79): CodeIgniter\CodeIgniter->run()
INFO - 2024-04-28 20:08:47 --> Session: Class initialized using 'CodeIgniter\Session\Handlers\FileHandler' driver.
WARNING - 2024-04-28 20:08:47 --> [DEPRECATED] Creation of dynamic property App\Libraries\OwensView::$session is deprecated in APPPATH/Libraries/OwensView.php on line 36.
 1 ROOTPATH/modules/core/Controllers/CoreController.php(48): App\Libraries\OwensView->__construct(Object(Config\View))
 2 ROOTPATH/modules/core/Controllers/CoreController.php(28): Module\core\Controllers\CoreController->loadLibrary()
 3 ROOTPATH/modules/core/Controllers/Errors.php(10): Module\core\Controllers\CoreController->__construct()
 4 SYSTEMPATH/CodeIgniter.php(915): Module\core\Controllers\Errors->__construct()
 5 SYSTEMPATH/CodeIgniter.php(971): CodeIgniter\CodeIgniter->createController()
 6 SYSTEMPATH/CodeIgniter.php(370): CodeIgniter\CodeIgniter->display404errors(Object(CodeIgniter\Exceptions\PageNotFoundException))
 7 FCPATH/index.php(79): CodeIgniter\CodeIgniter->run()
CRITICAL - 2024-04-28 20:08:47 --> ErrorException: Attempt to read property "saveData" on null
in APPPATH/Libraries/OwensView.php on line 43.
 1 APPPATH/Libraries/OwensView.php(43): CodeIgniter\Debug\Exceptions->errorHandler()
 2 APPPATH/Libraries/OwensView.php(336): App\Libraries\OwensView->view()
 3 ROOTPATH/modules/core/Controllers/Errors.php(19): App\Libraries\OwensView->loadLayoutView()
 4 SYSTEMPATH/CodeIgniter.php(943): Module\core\Controllers\Errors->show404()
 5 SYSTEMPATH/CodeIgniter.php(972): CodeIgniter\CodeIgniter->runController()
 6 SYSTEMPATH/CodeIgniter.php(370): CodeIgniter\CodeIgniter->display404errors()
 7 FCPATH/index.php(79): CodeIgniter\CodeIgniter->run()
INFO - 2024-04-28 20:08:48 --> Session: Class initialized using 'CodeIgniter\Session\Handlers\FileHandler' driver.
WARNING - 2024-04-28 20:08:48 --> [DEPRECATED] Creation of dynamic property App\Libraries\OwensView::$session is deprecated in APPPATH/Libraries/OwensView.php on line 36.
 1 ROOTPATH/modules/core/Controllers/CoreController.php(48): App\Libraries\OwensView->__construct(Object(Config\View))
 2 ROOTPATH/modules/core/Controllers/CoreController.php(28): Module\core\Controllers\CoreController->loadLibrary()
 3 ROOTPATH/modules/core/Controllers/Errors.php(10): Module\core\Controllers\CoreController->__construct()
 4 SYSTEMPATH/CodeIgniter.php(915): Module\core\Controllers\Errors->__construct()
 5 SYSTEMPATH/CodeIgniter.php(971): CodeIgniter\CodeIgniter->createController()
 6 SYSTEMPATH/CodeIgniter.php(370): CodeIgniter\CodeIgniter->display404errors(Object(CodeIgniter\Exceptions\PageNotFoundException))
 7 FCPATH/index.php(79): CodeIgniter\CodeIgniter->run()
CRITICAL - 2024-04-28 20:08:48 --> ErrorException: Attempt to read property "saveData" on null
in APPPATH/Libraries/OwensView.php on line 43.
 1 APPPATH/Libraries/OwensView.php(43): CodeIgniter\Debug\Exceptions->errorHandler()
 2 APPPATH/Libraries/OwensView.php(336): App\Libraries\OwensView->view()
 3 ROOTPATH/modules/core/Controllers/Errors.php(19): App\Libraries\OwensView->loadLayoutView()
 4 SYSTEMPATH/CodeIgniter.php(943): Module\core\Controllers\Errors->show404()
 5 SYSTEMPATH/CodeIgniter.php(972): CodeIgniter\CodeIgniter->runController()
 6 SYSTEMPATH/CodeIgniter.php(370): CodeIgniter\CodeIgniter->display404errors()
 7 FCPATH/index.php(79): CodeIgniter\CodeIgniter->run()
INFO - 2024-04-28 20:08:49 --> Session: Class initialized using 'CodeIgniter\Session\Handlers\FileHandler' driver.
WARNING - 2024-04-28 20:08:49 --> [DEPRECATED] Creation of dynamic property App\Libraries\OwensView::$session is deprecated in APPPATH/Libraries/OwensView.php on line 36.
 1 ROOTPATH/modules/core/Controllers/CoreController.php(48): App\Libraries\OwensView->__construct(Object(Config\View))
 2 ROOTPATH/modules/core/Controllers/CoreController.php(28): Module\core\Controllers\CoreController->loadLibrary()
 3 ROOTPATH/modules/core/Controllers/Errors.php(10): Module\core\Controllers\CoreController->__construct()
 4 SYSTEMPATH/CodeIgniter.php(915): Module\core\Controllers\Errors->__construct()
 5 SYSTEMPATH/CodeIgniter.php(971): CodeIgniter\CodeIgniter->createController()
 6 SYSTEMPATH/CodeIgniter.php(370): CodeIgniter\CodeIgniter->display404errors(Object(CodeIgniter\Exceptions\PageNotFoundException))
 7 FCPATH/index.php(79): CodeIgniter\CodeIgniter->run()
CRITICAL - 2024-04-28 20:08:49 --> ErrorException: Attempt to read property "saveData" on null
in APPPATH/Libraries/OwensView.php on line 43.
 1 APPPATH/Libraries/OwensView.php(43): CodeIgniter\Debug\Exceptions->errorHandler()
 2 APPPATH/Libraries/OwensView.php(336): App\Libraries\OwensView->view()
 3 ROOTPATH/modules/core/Controllers/Errors.php(19): App\Libraries\OwensView->loadLayoutView()
 4 SYSTEMPATH/CodeIgniter.php(943): Module\core\Controllers\Errors->show404()
 5 SYSTEMPATH/CodeIgniter.php(972): CodeIgniter\CodeIgniter->runController()
 6 SYSTEMPATH/CodeIgniter.php(370): CodeIgniter\CodeIgniter->display404errors()
 7 FCPATH/index.php(79): CodeIgniter\CodeIgniter->run()
INFO - 2024-04-28 20:08:50 --> Session: Class initialized using 'CodeIgniter\Session\Handlers\FileHandler' driver.
WARNING - 2024-04-28 20:08:50 --> [DEPRECATED] Creation of dynamic property App\Libraries\OwensView::$session is deprecated in APPPATH/Libraries/OwensView.php on line 36.
 1 ROOTPATH/modules/core/Controllers/CoreController.php(48): App\Libraries\OwensView->__construct(Object(Config\View))
 2 ROOTPATH/modules/core/Controllers/CoreController.php(28): Module\core\Controllers\CoreController->loadLibrary()
 3 ROOTPATH/modules/core/Controllers/Errors.php(10): Module\core\Controllers\CoreController->__construct()
 4 SYSTEMPATH/CodeIgniter.php(915): Module\core\Controllers\Errors->__construct()
 5 SYSTEMPATH/CodeIgniter.php(971): CodeIgniter\CodeIgniter->createController()
 6 SYSTEMPATH/CodeIgniter.php(370): CodeIgniter\CodeIgniter->display404errors(Object(CodeIgniter\Exceptions\PageNotFoundException))
 7 FCPATH/index.php(79): CodeIgniter\CodeIgniter->run()
CRITICAL - 2024-04-28 20:08:50 --> ErrorException: Attempt to read property "saveData" on null
in APPPATH/Libraries/OwensView.php on line 43.
 1 APPPATH/Libraries/OwensView.php(43): CodeIgniter\Debug\Exceptions->errorHandler()
 2 APPPATH/Libraries/OwensView.php(336): App\Libraries\OwensView->view()
 3 ROOTPATH/modules/core/Controllers/Errors.php(19): App\Libraries\OwensView->loadLayoutView()
 4 SYSTEMPATH/CodeIgniter.php(943): Module\core\Controllers\Errors->show404()
 5 SYSTEMPATH/CodeIgniter.php(972): CodeIgniter\CodeIgniter->runController()
 6 SYSTEMPATH/CodeIgniter.php(370): CodeIgniter\CodeIgniter->display404errors()
 7 FCPATH/index.php(79): CodeIgniter\CodeIgniter->run()
INFO - 2024-04-28 20:08:51 --> Session: Class initialized using 'CodeIgniter\Session\Handlers\FileHandler' driver.
WARNING - 2024-04-28 20:08:51 --> [DEPRECATED] Creation of dynamic property App\Libraries\OwensView::$session is deprecated in APPPATH/Libraries/OwensView.php on line 36.
 1 ROOTPATH/modules/core/Controllers/CoreController.php(48): App\Libraries\OwensView->__construct(Object(Config\View))
 2 ROOTPATH/modules/core/Controllers/CoreController.php(28): Module\core\Controllers\CoreController->loadLibrary()
 3 ROOTPATH/modules/core/Controllers/Errors.php(10): Module\core\Controllers\CoreController->__construct()
 4 SYSTEMPATH/CodeIgniter.php(915): Module\core\Controllers\Errors->__construct()
 5 SYSTEMPATH/CodeIgniter.php(971): CodeIgniter\CodeIgniter->createController()
 6 SYSTEMPATH/CodeIgniter.php(370): CodeIgniter\CodeIgniter->display404errors(Object(CodeIgniter\Exceptions\PageNotFoundException))
 7 FCPATH/index.php(79): CodeIgniter\CodeIgniter->run()
CRITICAL - 2024-04-28 20:08:51 --> ErrorException: Attempt to read property "saveData" on null
in APPPATH/Libraries/OwensView.php on line 43.
 1 APPPATH/Libraries/OwensView.php(43): CodeIgniter\Debug\Exceptions->errorHandler()
 2 APPPATH/Libraries/OwensView.php(336): App\Libraries\OwensView->view()
 3 ROOTPATH/modules/core/Controllers/Errors.php(19): App\Libraries\OwensView->loadLayoutView()
 4 SYSTEMPATH/CodeIgniter.php(943): Module\core\Controllers\Errors->show404()
 5 SYSTEMPATH/CodeIgniter.php(972): CodeIgniter\CodeIgniter->runController()
 6 SYSTEMPATH/CodeIgniter.php(370): CodeIgniter\CodeIgniter->display404errors()
 7 FCPATH/index.php(79): CodeIgniter\CodeIgniter->run()
INFO - 2024-04-28 20:08:52 --> Session: Class initialized using 'CodeIgniter\Session\Handlers\FileHandler' driver.
WARNING - 2024-04-28 20:08:52 --> [DEPRECATED] Creation of dynamic property App\Libraries\OwensView::$session is deprecated in APPPATH/Libraries/OwensView.php on line 36.
 1 ROOTPATH/modules/core/Controllers/CoreController.php(48): App\Libraries\OwensView->__construct(Object(Config\View))
 2 ROOTPATH/modules/core/Controllers/CoreController.php(28): Module\core\Controllers\CoreController->loadLibrary()
 3 ROOTPATH/modules/core/Controllers/Errors.php(10): Module\core\Controllers\CoreController->__construct()
 4 SYSTEMPATH/CodeIgniter.php(915): Module\core\Controllers\Errors->__construct()
 5 SYSTEMPATH/CodeIgniter.php(971): CodeIgniter\CodeIgniter->createController()
 6 SYSTEMPATH/CodeIgniter.php(370): CodeIgniter\CodeIgniter->display404errors(Object(CodeIgniter\Exceptions\PageNotFoundException))
 7 FCPATH/index.php(79): CodeIgniter\CodeIgniter->run()
CRITICAL - 2024-04-28 20:08:52 --> ErrorException: Attempt to read property "saveData" on null
in APPPATH/Libraries/OwensView.php on line 43.
 1 APPPATH/Libraries/OwensView.php(43): CodeIgniter\Debug\Exceptions->errorHandler()
 2 APPPATH/Libraries/OwensView.php(336): App\Libraries\OwensView->view()
 3 ROOTPATH/modules/core/Controllers/Errors.php(19): App\Libraries\OwensView->loadLayoutView()
 4 SYSTEMPATH/CodeIgniter.php(943): Module\core\Controllers\Errors->show404()
 5 SYSTEMPATH/CodeIgniter.php(972): CodeIgniter\CodeIgniter->runController()
 6 SYSTEMPATH/CodeIgniter.php(370): CodeIgniter\CodeIgniter->display404errors()
 7 FCPATH/index.php(79): CodeIgniter\CodeIgniter->run()
INFO - 2024-04-28 20:08:54 --> Session: Class initialized using 'CodeIgniter\Session\Handlers\FileHandler' driver.
WARNING - 2024-04-28 20:08:54 --> [DEPRECATED] Creation of dynamic property App\Libraries\OwensView::$session is deprecated in APPPATH/Libraries/OwensView.php on line 36.
 1 ROOTPATH/modules/core/Controllers/CoreController.php(48): App\Libraries\OwensView->__construct(Object(Config\View))
 2 ROOTPATH/modules/core/Controllers/CoreController.php(28): Module\core\Controllers\CoreController->loadLibrary()
 3 ROOTPATH/modules/core/Controllers/Errors.php(10): Module\core\Controllers\CoreController->__construct()
 4 SYSTEMPATH/CodeIgniter.php(915): Module\core\Controllers\Errors->__construct()
 5 SYSTEMPATH/CodeIgniter.php(971): CodeIgniter\CodeIgniter->createController()
 6 SYSTEMPATH/CodeIgniter.php(370): CodeIgniter\CodeIgniter->display404errors(Object(CodeIgniter\Exceptions\PageNotFoundException))
 7 FCPATH/index.php(79): CodeIgniter\CodeIgniter->run()
CRITICAL - 2024-04-28 20:08:54 --> ErrorException: Attempt to read property "saveData" on null
in APPPATH/Libraries/OwensView.php on line 43.
 1 APPPATH/Libraries/OwensView.php(43): CodeIgniter\Debug\Exceptions->errorHandler()
 2 APPPATH/Libraries/OwensView.php(336): App\Libraries\OwensView->view()
 3 ROOTPATH/modules/core/Controllers/Errors.php(19): App\Libraries\OwensView->loadLayoutView()
 4 SYSTEMPATH/CodeIgniter.php(943): Module\core\Controllers\Errors->show404()
 5 SYSTEMPATH/CodeIgniter.php(972): CodeIgniter\CodeIgniter->runController()
 6 SYSTEMPATH/CodeIgniter.php(370): CodeIgniter\CodeIgniter->display404errors()
 7 FCPATH/index.php(79): CodeIgniter\CodeIgniter->run()
INFO - 2024-04-28 20:08:54 --> Session: Class initialized using 'CodeIgniter\Session\Handlers\FileHandler' driver.
WARNING - 2024-04-28 20:08:54 --> [DEPRECATED] Creation of dynamic property App\Libraries\OwensView::$session is deprecated in APPPATH/Libraries/OwensView.php on line 36.
 1 ROOTPATH/modules/core/Controllers/CoreController.php(48): App\Libraries\OwensView->__construct(Object(Config\View))
 2 ROOTPATH/modules/core/Controllers/CoreController.php(28): Module\core\Controllers\CoreController->loadLibrary()
 3 ROOTPATH/modules/core/Controllers/Errors.php(10): Module\core\Controllers\CoreController->__construct()
 4 SYSTEMPATH/CodeIgniter.php(915): Module\core\Controllers\Errors->__construct()
 5 SYSTEMPATH/CodeIgniter.php(971): CodeIgniter\CodeIgniter->createController()
 6 SYSTEMPATH/CodeIgniter.php(370): CodeIgniter\CodeIgniter->display404errors(Object(CodeIgniter\Exceptions\PageNotFoundException))
 7 FCPATH/index.php(79): CodeIgniter\CodeIgniter->run()
CRITICAL - 2024-04-28 20:08:54 --> ErrorException: Attempt to read property "saveData" on null
in APPPATH/Libraries/OwensView.php on line 43.
 1 APPPATH/Libraries/OwensView.php(43): CodeIgniter\Debug\Exceptions->errorHandler()
 2 APPPATH/Libraries/OwensView.php(336): App\Libraries\OwensView->view()
 3 ROOTPATH/modules/core/Controllers/Errors.php(19): App\Libraries\OwensView->loadLayoutView()
 4 SYSTEMPATH/CodeIgniter.php(943): Module\core\Controllers\Errors->show404()
 5 SYSTEMPATH/CodeIgniter.php(972): CodeIgniter\CodeIgniter->runController()
 6 SYSTEMPATH/CodeIgniter.php(370): CodeIgniter\CodeIgniter->display404errors()
 7 FCPATH/index.php(79): CodeIgniter\CodeIgniter->run()
INFO - 2024-04-28 20:08:56 --> Session: Class initialized using 'CodeIgniter\Session\Handlers\FileHandler' driver.
WARNING - 2024-04-28 20:08:56 --> [DEPRECATED] Creation of dynamic property App\Libraries\OwensView::$session is deprecated in APPPATH/Libraries/OwensView.php on line 36.
 1 ROOTPATH/modules/core/Controllers/CoreController.php(48): App\Libraries\OwensView->__construct(Object(Config\View))
 2 ROOTPATH/modules/core/Controllers/CoreController.php(28): Module\core\Controllers\CoreController->loadLibrary()
 3 ROOTPATH/modules/core/Controllers/Errors.php(10): Module\core\Controllers\CoreController->__construct()
 4 SYSTEMPATH/CodeIgniter.php(915): Module\core\Controllers\Errors->__construct()
 5 SYSTEMPATH/CodeIgniter.php(971): CodeIgniter\CodeIgniter->createController()
 6 SYSTEMPATH/CodeIgniter.php(370): CodeIgniter\CodeIgniter->display404errors(Object(CodeIgniter\Exceptions\PageNotFoundException))
 7 FCPATH/index.php(79): CodeIgniter\CodeIgniter->run()
CRITICAL - 2024-04-28 20:08:56 --> ErrorException: Attempt to read property "saveData" on null
in APPPATH/Libraries/OwensView.php on line 43.
 1 APPPATH/Libraries/OwensView.php(43): CodeIgniter\Debug\Exceptions->errorHandler()
 2 APPPATH/Libraries/OwensView.php(336): App\Libraries\OwensView->view()
 3 ROOTPATH/modules/core/Controllers/Errors.php(19): App\Libraries\OwensView->loadLayoutView()
 4 SYSTEMPATH/CodeIgniter.php(943): Module\core\Controllers\Errors->show404()
 5 SYSTEMPATH/CodeIgniter.php(972): CodeIgniter\CodeIgniter->runController()
 6 SYSTEMPATH/CodeIgniter.php(370): CodeIgniter\CodeIgniter->display404errors()
 7 FCPATH/index.php(79): CodeIgniter\CodeIgniter->run()
INFO - 2024-04-28 20:08:57 --> Session: Class initialized using 'CodeIgniter\Session\Handlers\FileHandler' driver.
WARNING - 2024-04-28 20:08:57 --> [DEPRECATED] Creation of dynamic property App\Libraries\OwensView::$session is deprecated in APPPATH/Libraries/OwensView.php on line 36.
 1 ROOTPATH/modules/core/Controllers/CoreController.php(48): App\Libraries\OwensView->__construct(Object(Config\View))
 2 ROOTPATH/modules/core/Controllers/CoreController.php(28): Module\core\Controllers\CoreController->loadLibrary()
 3 ROOTPATH/modules/core/Controllers/Errors.php(10): Module\core\Controllers\CoreController->__construct()
 4 SYSTEMPATH/CodeIgniter.php(915): Module\core\Controllers\Errors->__construct()
 5 SYSTEMPATH/CodeIgniter.php(971): CodeIgniter\CodeIgniter->createController()
 6 SYSTEMPATH/CodeIgniter.php(370): CodeIgniter\CodeIgniter->display404errors(Object(CodeIgniter\Exceptions\PageNotFoundException))
 7 FCPATH/index.php(79): CodeIgniter\CodeIgniter->run()
CRITICAL - 2024-04-28 20:08:57 --> ErrorException: Attempt to read property "saveData" on null
in APPPATH/Libraries/OwensView.php on line 43.
 1 APPPATH/Libraries/OwensView.php(43): CodeIgniter\Debug\Exceptions->errorHandler()
 2 APPPATH/Libraries/OwensView.php(336): App\Libraries\OwensView->view()
 3 ROOTPATH/modules/core/Controllers/Errors.php(19): App\Libraries\OwensView->loadLayoutView()
 4 SYSTEMPATH/CodeIgniter.php(943): Module\core\Controllers\Errors->show404()
 5 SYSTEMPATH/CodeIgniter.php(972): CodeIgniter\CodeIgniter->runController()
 6 SYSTEMPATH/CodeIgniter.php(370): CodeIgniter\CodeIgniter->display404errors()
 7 FCPATH/index.php(79): CodeIgniter\CodeIgniter->run()
INFO - 2024-04-28 20:08:58 --> Session: Class initialized using 'CodeIgniter\Session\Handlers\FileHandler' driver.
WARNING - 2024-04-28 20:08:58 --> [DEPRECATED] Creation of dynamic property App\Libraries\OwensView::$session is deprecated in APPPATH/Libraries/OwensView.php on line 36.
 1 ROOTPATH/modules/core/Controllers/CoreController.php(48): App\Libraries\OwensView->__construct(Object(Config\View))
 2 ROOTPATH/modules/core/Controllers/CoreController.php(28): Module\core\Controllers\CoreController->loadLibrary()
 3 ROOTPATH/modules/core/Controllers/Errors.php(10): Module\core\Controllers\CoreController->__construct()
 4 SYSTEMPATH/CodeIgniter.php(915): Module\core\Controllers\Errors->__construct()
 5 SYSTEMPATH/CodeIgniter.php(971): CodeIgniter\CodeIgniter->createController()
 6 SYSTEMPATH/CodeIgniter.php(370): CodeIgniter\CodeIgniter->display404errors(Object(CodeIgniter\Exceptions\PageNotFoundException))
 7 FCPATH/index.php(79): CodeIgniter\CodeIgniter->run()
CRITICAL - 2024-04-28 20:08:58 --> ErrorException: Attempt to read property "saveData" on null
in APPPATH/Libraries/OwensView.php on line 43.
 1 APPPATH/Libraries/OwensView.php(43): CodeIgniter\Debug\Exceptions->errorHandler()
 2 APPPATH/Libraries/OwensView.php(336): App\Libraries\OwensView->view()
 3 ROOTPATH/modules/core/Controllers/Errors.php(19): App\Libraries\OwensView->loadLayoutView()
 4 SYSTEMPATH/CodeIgniter.php(943): Module\core\Controllers\Errors->show404()
 5 SYSTEMPATH/CodeIgniter.php(972): CodeIgniter\CodeIgniter->runController()
 6 SYSTEMPATH/CodeIgniter.php(370): CodeIgniter\CodeIgniter->display404errors()
 7 FCPATH/index.php(79): CodeIgniter\CodeIgniter->run()
INFO - 2024-04-28 20:09:00 --> Session: Class initialized using 'CodeIgniter\Session\Handlers\FileHandler' driver.
WARNING - 2024-04-28 20:09:00 --> [DEPRECATED] Creation of dynamic property App\Libraries\OwensView::$session is deprecated in APPPATH/Libraries/OwensView.php on line 36.
 1 ROOTPATH/modules/core/Controllers/CoreController.php(48): App\Libraries\OwensView->__construct(Object(Config\View))
 2 ROOTPATH/modules/core/Controllers/CoreController.php(28): Module\core\Controllers\CoreController->loadLibrary()
 3 ROOTPATH/modules/core/Controllers/Errors.php(10): Module\core\Controllers\CoreController->__construct()
 4 SYSTEMPATH/CodeIgniter.php(915): Module\core\Controllers\Errors->__construct()
 5 SYSTEMPATH/CodeIgniter.php(971): CodeIgniter\CodeIgniter->createController()
 6 SYSTEMPATH/CodeIgniter.php(370): CodeIgniter\CodeIgniter->display404errors(Object(CodeIgniter\Exceptions\PageNotFoundException))
 7 FCPATH/index.php(79): CodeIgniter\CodeIgniter->run()
CRITICAL - 2024-04-28 20:09:00 --> ErrorException: Attempt to read property "saveData" on null
in APPPATH/Libraries/OwensView.php on line 43.
 1 APPPATH/Libraries/OwensView.php(43): CodeIgniter\Debug\Exceptions->errorHandler()
 2 APPPATH/Libraries/OwensView.php(336): App\Libraries\OwensView->view()
 3 ROOTPATH/modules/core/Controllers/Errors.php(19): App\Libraries\OwensView->loadLayoutView()
 4 SYSTEMPATH/CodeIgniter.php(943): Module\core\Controllers\Errors->show404()
 5 SYSTEMPATH/CodeIgniter.php(972): CodeIgniter\CodeIgniter->runController()
 6 SYSTEMPATH/CodeIgniter.php(370): CodeIgniter\CodeIgniter->display404errors()
 7 FCPATH/index.php(79): CodeIgniter\CodeIgniter->run()
INFO - 2024-04-28 20:09:01 --> Session: Class initialized using 'CodeIgniter\Session\Handlers\FileHandler' driver.
WARNING - 2024-04-28 20:09:01 --> [DEPRECATED] Creation of dynamic property App\Libraries\OwensView::$session is deprecated in APPPATH/Libraries/OwensView.php on line 36.
 1 ROOTPATH/modules/core/Controllers/CoreController.php(48): App\Libraries\OwensView->__construct(Object(Config\View))
 2 ROOTPATH/modules/core/Controllers/CoreController.php(28): Module\core\Controllers\CoreController->loadLibrary()
 3 ROOTPATH/modules/core/Controllers/Errors.php(10): Module\core\Controllers\CoreController->__construct()
 4 SYSTEMPATH/CodeIgniter.php(915): Module\core\Controllers\Errors->__construct()
 5 SYSTEMPATH/CodeIgniter.php(971): CodeIgniter\CodeIgniter->createController()
 6 SYSTEMPATH/CodeIgniter.php(370): CodeIgniter\CodeIgniter->display404errors(Object(CodeIgniter\Exceptions\PageNotFoundException))
 7 FCPATH/index.php(79): CodeIgniter\CodeIgniter->run()
CRITICAL - 2024-04-28 20:09:01 --> ErrorException: Attempt to read property "saveData" on null
in APPPATH/Libraries/OwensView.php on line 43.
 1 APPPATH/Libraries/OwensView.php(43): CodeIgniter\Debug\Exceptions->errorHandler()
 2 APPPATH/Libraries/OwensView.php(336): App\Libraries\OwensView->view()
 3 ROOTPATH/modules/core/Controllers/Errors.php(19): App\Libraries\OwensView->loadLayoutView()
 4 SYSTEMPATH/CodeIgniter.php(943): Module\core\Controllers\Errors->show404()
 5 SYSTEMPATH/CodeIgniter.php(972): CodeIgniter\CodeIgniter->runController()
 6 SYSTEMPATH/CodeIgniter.php(370): CodeIgniter\CodeIgniter->display404errors()
 7 FCPATH/index.php(79): CodeIgniter\CodeIgniter->run()
INFO - 2024-04-28 20:09:02 --> Session: Class initialized using 'CodeIgniter\Session\Handlers\FileHandler' driver.
WARNING - 2024-04-28 20:09:02 --> [DEPRECATED] Creation of dynamic property App\Libraries\OwensView::$session is deprecated in APPPATH/Libraries/OwensView.php on line 36.
 1 ROOTPATH/modules/core/Controllers/CoreController.php(48): App\Libraries\OwensView->__construct(Object(Config\View))
 2 ROOTPATH/modules/core/Controllers/CoreController.php(28): Module\core\Controllers\CoreController->loadLibrary()
 3 ROOTPATH/modules/core/Controllers/Errors.php(10): Module\core\Controllers\CoreController->__construct()
 4 SYSTEMPATH/CodeIgniter.php(915): Module\core\Controllers\Errors->__construct()
 5 SYSTEMPATH/CodeIgniter.php(971): CodeIgniter\CodeIgniter->createController()
 6 SYSTEMPATH/CodeIgniter.php(370): CodeIgniter\CodeIgniter->display404errors(Object(CodeIgniter\Exceptions\PageNotFoundException))
 7 FCPATH/index.php(79): CodeIgniter\CodeIgniter->run()
CRITICAL - 2024-04-28 20:09:02 --> ErrorException: Attempt to read property "saveData" on null
in APPPATH/Libraries/OwensView.php on line 43.
 1 APPPATH/Libraries/OwensView.php(43): CodeIgniter\Debug\Exceptions->errorHandler()
 2 APPPATH/Libraries/OwensView.php(336): App\Libraries\OwensView->view()
 3 ROOTPATH/modules/core/Controllers/Errors.php(19): App\Libraries\OwensView->loadLayoutView()
 4 SYSTEMPATH/CodeIgniter.php(943): Module\core\Controllers\Errors->show404()
 5 SYSTEMPATH/CodeIgniter.php(972): CodeIgniter\CodeIgniter->runController()
 6 SYSTEMPATH/CodeIgniter.php(370): CodeIgniter\CodeIgniter->display404errors()
 7 FCPATH/index.php(79): CodeIgniter\CodeIgniter->run()
INFO - 2024-04-28 20:09:03 --> Session: Class initialized using 'CodeIgniter\Session\Handlers\FileHandler' driver.
WARNING - 2024-04-28 20:09:03 --> [DEPRECATED] Creation of dynamic property App\Libraries\OwensView::$session is deprecated in APPPATH/Libraries/OwensView.php on line 36.
 1 ROOTPATH/modules/core/Controllers/CoreController.php(48): App\Libraries\OwensView->__construct(Object(Config\View))
 2 ROOTPATH/modules/core/Controllers/CoreController.php(28): Module\core\Controllers\CoreController->loadLibrary()
 3 ROOTPATH/modules/core/Controllers/Errors.php(10): Module\core\Controllers\CoreController->__construct()
 4 SYSTEMPATH/CodeIgniter.php(915): Module\core\Controllers\Errors->__construct()
 5 SYSTEMPATH/CodeIgniter.php(971): CodeIgniter\CodeIgniter->createController()
 6 SYSTEMPATH/CodeIgniter.php(370): CodeIgniter\CodeIgniter->display404errors(Object(CodeIgniter\Exceptions\PageNotFoundException))
 7 FCPATH/index.php(79): CodeIgniter\CodeIgniter->run()
CRITICAL - 2024-04-28 20:09:03 --> ErrorException: Attempt to read property "saveData" on null
in APPPATH/Libraries/OwensView.php on line 43.
 1 APPPATH/Libraries/OwensView.php(43): CodeIgniter\Debug\Exceptions->errorHandler()
 2 APPPATH/Libraries/OwensView.php(336): App\Libraries\OwensView->view()
 3 ROOTPATH/modules/core/Controllers/Errors.php(19): App\Libraries\OwensView->loadLayoutView()
 4 SYSTEMPATH/CodeIgniter.php(943): Module\core\Controllers\Errors->show404()
 5 SYSTEMPATH/CodeIgniter.php(972): CodeIgniter\CodeIgniter->runController()
 6 SYSTEMPATH/CodeIgniter.php(370): CodeIgniter\CodeIgniter->display404errors()
 7 FCPATH/index.php(79): CodeIgniter\CodeIgniter->run()
INFO - 2024-04-28 20:24:12 --> Session: Class initialized using 'CodeIgniter\Session\Handlers\FileHandler' driver.
WARNING - 2024-04-28 20:24:12 --> [DEPRECATED] Creation of dynamic property App\Libraries\OwensView::$session is deprecated in APPPATH/Libraries/OwensView.php on line 36.
 1 ROOTPATH/modules/core/Controllers/CoreController.php(48): App\Libraries\OwensView->__construct(Object(Config\View))
 2 ROOTPATH/modules/core/Controllers/CoreController.php(28): Module\core\Controllers\CoreController->loadLibrary()
 3 ROOTPATH/modules/core/Controllers/Errors.php(10): Module\core\Controllers\CoreController->__construct()
 4 SYSTEMPATH/CodeIgniter.php(915): Module\core\Controllers\Errors->__construct()
 5 SYSTEMPATH/CodeIgniter.php(971): CodeIgniter\CodeIgniter->createController()
 6 SYSTEMPATH/CodeIgniter.php(370): CodeIgniter\CodeIgniter->display404errors(Object(CodeIgniter\Exceptions\PageNotFoundException))
 7 FCPATH/index.php(79): CodeIgniter\CodeIgniter->run()
CRITICAL - 2024-04-28 20:24:12 --> ErrorException: Attempt to read property "saveData" on null
in APPPATH/Libraries/OwensView.php on line 43.
 1 APPPATH/Libraries/OwensView.php(43): CodeIgniter\Debug\Exceptions->errorHandler()
 2 APPPATH/Libraries/OwensView.php(336): App\Libraries\OwensView->view()
 3 ROOTPATH/modules/core/Controllers/Errors.php(19): App\Libraries\OwensView->loadLayoutView()
 4 SYSTEMPATH/CodeIgniter.php(943): Module\core\Controllers\Errors->show404()
 5 SYSTEMPATH/CodeIgniter.php(972): CodeIgniter\CodeIgniter->runController()
 6 SYSTEMPATH/CodeIgniter.php(370): CodeIgniter\CodeIgniter->display404errors()
 7 FCPATH/index.php(79): CodeIgniter\CodeIgniter->run()
INFO - 2024-04-28 20:24:18 --> Session: Class initialized using 'CodeIgniter\Session\Handlers\FileHandler' driver.
WARNING - 2024-04-28 20:24:18 --> [DEPRECATED] Creation of dynamic property App\Libraries\OwensView::$session is deprecated in APPPATH/Libraries/OwensView.php on line 36.
 1 ROOTPATH/modules/core/Controllers/CoreController.php(48): App\Libraries\OwensView->__construct(Object(Config\View))
 2 ROOTPATH/modules/core/Controllers/CoreController.php(28): Module\core\Controllers\CoreController->loadLibrary()
 3 ROOTPATH/modules/core/Controllers/Errors.php(10): Module\core\Controllers\CoreController->__construct()
 4 SYSTEMPATH/CodeIgniter.php(915): Module\core\Controllers\Errors->__construct()
 5 SYSTEMPATH/CodeIgniter.php(971): CodeIgniter\CodeIgniter->createController()
 6 SYSTEMPATH/CodeIgniter.php(370): CodeIgniter\CodeIgniter->display404errors(Object(CodeIgniter\Exceptions\PageNotFoundException))
 7 FCPATH/index.php(79): CodeIgniter\CodeIgniter->run()
CRITICAL - 2024-04-28 20:24:18 --> ErrorException: Attempt to read property "saveData" on null
in APPPATH/Libraries/OwensView.php on line 43.
 1 APPPATH/Libraries/OwensView.php(43): CodeIgniter\Debug\Exceptions->errorHandler()
 2 APPPATH/Libraries/OwensView.php(336): App\Libraries\OwensView->view()
 3 ROOTPATH/modules/core/Controllers/Errors.php(19): App\Libraries\OwensView->loadLayoutView()
 4 SYSTEMPATH/CodeIgniter.php(943): Module\core\Controllers\Errors->show404()
 5 SYSTEMPATH/CodeIgniter.php(972): CodeIgniter\CodeIgniter->runController()
 6 SYSTEMPATH/CodeIgniter.php(370): CodeIgniter\CodeIgniter->display404errors()
 7 FCPATH/index.php(79): CodeIgniter\CodeIgniter->run()
INFO - 2024-04-28 20:24:22 --> Session: Class initialized using 'CodeIgniter\Session\Handlers\FileHandler' driver.
WARNING - 2024-04-28 20:24:22 --> [DEPRECATED] Creation of dynamic property App\Libraries\OwensView::$session is deprecated in APPPATH/Libraries/OwensView.php on line 36.
 1 ROOTPATH/modules/core/Controllers/CoreController.php(48): App\Libraries\OwensView->__construct(Object(Config\View))
 2 ROOTPATH/modules/core/Controllers/CoreController.php(28): Module\core\Controllers\CoreController->loadLibrary()
 3 ROOTPATH/modules/core/Controllers/Errors.php(10): Module\core\Controllers\CoreController->__construct()
 4 SYSTEMPATH/CodeIgniter.php(915): Module\core\Controllers\Errors->__construct()
 5 SYSTEMPATH/CodeIgniter.php(971): CodeIgniter\CodeIgniter->createController()
 6 SYSTEMPATH/CodeIgniter.php(370): CodeIgniter\CodeIgniter->display404errors(Object(CodeIgniter\Exceptions\PageNotFoundException))
 7 FCPATH/index.php(79): CodeIgniter\CodeIgniter->run()
CRITICAL - 2024-04-28 20:24:22 --> ErrorException: Attempt to read property "saveData" on null
in APPPATH/Libraries/OwensView.php on line 43.
 1 APPPATH/Libraries/OwensView.php(43): CodeIgniter\Debug\Exceptions->errorHandler()
 2 APPPATH/Libraries/OwensView.php(336): App\Libraries\OwensView->view()
 3 ROOTPATH/modules/core/Controllers/Errors.php(19): App\Libraries\OwensView->loadLayoutView()
 4 SYSTEMPATH/CodeIgniter.php(943): Module\core\Controllers\Errors->show404()
 5 SYSTEMPATH/CodeIgniter.php(972): CodeIgniter\CodeIgniter->runController()
 6 SYSTEMPATH/CodeIgniter.php(370): CodeIgniter\CodeIgniter->display404errors()
 7 FCPATH/index.php(79): CodeIgniter\CodeIgniter->run()
INFO - 2024-04-28 20:24:26 --> Session: Class initialized using 'CodeIgniter\Session\Handlers\FileHandler' driver.
WARNING - 2024-04-28 20:24:26 --> [DEPRECATED] Creation of dynamic property App\Libraries\OwensView::$session is deprecated in APPPATH/Libraries/OwensView.php on line 36.
 1 ROOTPATH/modules/core/Controllers/CoreController.php(48): App\Libraries\OwensView->__construct(Object(Config\View))
 2 ROOTPATH/modules/core/Controllers/CoreController.php(28): Module\core\Controllers\CoreController->loadLibrary()
 3 ROOTPATH/modules/core/Controllers/Errors.php(10): Module\core\Controllers\CoreController->__construct()
 4 SYSTEMPATH/CodeIgniter.php(915): Module\core\Controllers\Errors->__construct()
 5 SYSTEMPATH/CodeIgniter.php(971): CodeIgniter\CodeIgniter->createController()
 6 SYSTEMPATH/CodeIgniter.php(370): CodeIgniter\CodeIgniter->display404errors(Object(CodeIgniter\Exceptions\PageNotFoundException))
 7 FCPATH/index.php(79): CodeIgniter\CodeIgniter->run()
CRITICAL - 2024-04-28 20:24:26 --> ErrorException: Attempt to read property "saveData" on null
in APPPATH/Libraries/OwensView.php on line 43.
 1 APPPATH/Libraries/OwensView.php(43): CodeIgniter\Debug\Exceptions->errorHandler()
 2 APPPATH/Libraries/OwensView.php(336): App\Libraries\OwensView->view()
 3 ROOTPATH/modules/core/Controllers/Errors.php(19): App\Libraries\OwensView->loadLayoutView()
 4 SYSTEMPATH/CodeIgniter.php(943): Module\core\Controllers\Errors->show404()
 5 SYSTEMPATH/CodeIgniter.php(972): CodeIgniter\CodeIgniter->runController()
 6 SYSTEMPATH/CodeIgniter.php(370): CodeIgniter\CodeIgniter->display404errors()
 7 FCPATH/index.php(79): CodeIgniter\CodeIgniter->run()
INFO - 2024-04-28 20:24:29 --> Session: Class initialized using 'CodeIgniter\Session\Handlers\FileHandler' driver.
WARNING - 2024-04-28 20:24:29 --> [DEPRECATED] Creation of dynamic property App\Libraries\OwensView::$session is deprecated in APPPATH/Libraries/OwensView.php on line 36.
 1 ROOTPATH/modules/core/Controllers/CoreController.php(48): App\Libraries\OwensView->__construct(Object(Config\View))
 2 ROOTPATH/modules/core/Controllers/CoreController.php(28): Module\core\Controllers\CoreController->loadLibrary()
 3 ROOTPATH/modules/core/Controllers/Errors.php(10): Module\core\Controllers\CoreController->__construct()
 4 SYSTEMPATH/CodeIgniter.php(915): Module\core\Controllers\Errors->__construct()
 5 SYSTEMPATH/CodeIgniter.php(971): CodeIgniter\CodeIgniter->createController()
 6 SYSTEMPATH/CodeIgniter.php(370): CodeIgniter\CodeIgniter->display404errors(Object(CodeIgniter\Exceptions\PageNotFoundException))
 7 FCPATH/index.php(79): CodeIgniter\CodeIgniter->run()
CRITICAL - 2024-04-28 20:24:29 --> ErrorException: Attempt to read property "saveData" on null
in APPPATH/Libraries/OwensView.php on line 43.
 1 APPPATH/Libraries/OwensView.php(43): CodeIgniter\Debug\Exceptions->errorHandler()
 2 APPPATH/Libraries/OwensView.php(336): App\Libraries\OwensView->view()
 3 ROOTPATH/modules/core/Controllers/Errors.php(19): App\Libraries\OwensView->loadLayoutView()
 4 SYSTEMPATH/CodeIgniter.php(943): Module\core\Controllers\Errors->show404()
 5 SYSTEMPATH/CodeIgniter.php(972): CodeIgniter\CodeIgniter->runController()
 6 SYSTEMPATH/CodeIgniter.php(370): CodeIgniter\CodeIgniter->display404errors()
 7 FCPATH/index.php(79): CodeIgniter\CodeIgniter->run()
INFO - 2024-04-28 22:19:16 --> Session: Class initialized using 'CodeIgniter\Session\Handlers\FileHandler' driver.
WARNING - 2024-04-28 22:19:16 --> [DEPRECATED] Creation of dynamic property App\Libraries\OwensView::$session is deprecated in APPPATH/Libraries/OwensView.php on line 36.
 1 ROOTPATH/modules/core/Controllers/CoreController.php(48): App\Libraries\OwensView->__construct(Object(Config\View))
 2 ROOTPATH/modules/core/Controllers/CoreController.php(28): Module\core\Controllers\CoreController->loadLibrary()
 3 ROOTPATH/modules/core/Controllers/Errors.php(10): Module\core\Controllers\CoreController->__construct()
 4 SYSTEMPATH/CodeIgniter.php(915): Module\core\Controllers\Errors->__construct()
 5 SYSTEMPATH/CodeIgniter.php(971): CodeIgniter\CodeIgniter->createController()
 6 SYSTEMPATH/CodeIgniter.php(370): CodeIgniter\CodeIgniter->display404errors(Object(CodeIgniter\Exceptions\PageNotFoundException))
 7 FCPATH/index.php(79): CodeIgniter\CodeIgniter->run()
CRITICAL - 2024-04-28 22:19:16 --> ErrorException: Attempt to read property "saveData" on null
in APPPATH/Libraries/OwensView.php on line 43.
 1 APPPATH/Libraries/OwensView.php(43): CodeIgniter\Debug\Exceptions->errorHandler()
 2 APPPATH/Libraries/OwensView.php(336): App\Libraries\OwensView->view()
 3 ROOTPATH/modules/core/Controllers/Errors.php(19): App\Libraries\OwensView->loadLayoutView()
 4 SYSTEMPATH/CodeIgniter.php(943): Module\core\Controllers\Errors->show404()
 5 SYSTEMPATH/CodeIgniter.php(972): CodeIgniter\CodeIgniter->runController()
 6 SYSTEMPATH/CodeIgniter.php(370): CodeIgniter\CodeIgniter->display404errors()
 7 FCPATH/index.php(79): CodeIgniter\CodeIgniter->run()
CRITICAL - 2024-04-28 22:24:42 --> CodeIgniter\HTTP\Exceptions\BadRequestException: The URI you submitted has disallowed characters: ";stok="
in SYSTEMPATH/Router/Router.php on line 704.
 1 SYSTEMPATH/Router/Router.php(195): CodeIgniter\Router\Router->checkDisallowedChars()
 2 SYSTEMPATH/CodeIgniter.php(825): CodeIgniter\Router\Router->handle()
 3 SYSTEMPATH/CodeIgniter.php(450): CodeIgniter\CodeIgniter->tryToRouteIt()
 4 SYSTEMPATH/CodeIgniter.php(361): CodeIgniter\CodeIgniter->handleRequest()
 5 FCPATH/index.php(79): CodeIgniter\CodeIgniter->run()
